#
# There is insufficient memory for the Java Runtime Environment to continue.
# Native memory allocation (mmap) failed to map 13631488 bytes for G1 virtual space
# Possible reasons:
#   The system is out of physical RAM or swap space
#   The process is running with CompressedOops enabled, and the Java Heap may be blocking the growth of the native heap
# Possible solutions:
#   Reduce memory load on the system
#   Increase physical memory or swap space
#   Check if swap backing store is full
#   Decrease Java heap size (-Xmx/-Xms)
#   Decrease number of Java threads
#   Decrease Java thread stack sizes (-Xss)
#   Set larger code cache with -XX:ReservedCodeCacheSize=
#   JVM is running with Unscaled Compressed Oops mode in which the Java heap is
#     placed in the first 4GB address space. The Java Heap base address is the
#     maximum limit for the native heap growth. Please use -XX:HeapBaseMinAddress
#     to set the Java Heap base and to place the Java Heap above 4GB virtual address.
# This output file may be truncated or incomplete.
#
#  Out of Memory Error (os_windows.cpp:3771), pid=16888, tid=2112
#
# JRE version: OpenJDK Runtime Environment (17.0.7) (build 17.0.7+0-b2043.56-10550314)
# Java VM: OpenJDK 64-Bit Server VM (17.0.7+0-b2043.56-10550314, mixed mode, tiered, compressed oops, compressed class ptrs, g1 gc, windows-amd64)
# No core dump will be written. Minidumps are not enabled by default on client versions of Windows
#

---------------  S U M M A R Y ------------

Command Line: --add-opens=java.base/java.util=ALL-UNNAMED --add-opens=java.base/java.lang=ALL-UNNAMED --add-opens=java.base/java.lang.invoke=ALL-UNNAMED --add-opens=java.prefs/java.util.prefs=ALL-UNNAMED --add-opens=java.base/java.nio.charset=ALL-UNNAMED --add-opens=java.base/java.net=ALL-UNNAMED --add-opens=java.base/java.util.concurrent.atomic=ALL-UNNAMED -Xmx2048m -Dfile.encoding=UTF-8 -Duser.country=US -Duser.language=en -Duser.variant -javaagent:C:\Users\Admin\.gradle\wrapper\dists\gradle-8.2-bin\bbg7u40eoinfdyxsxr3z4i7ta\gradle-8.2\lib\agents\gradle-instrumentation-agent-8.2.jar org.gradle.launcher.daemon.bootstrap.GradleDaemon 8.2

Host: Intel(R) Core(TM) i5-8265U CPU @ 1.60GHz, 8 cores, 7G,  Windows 10 , 64 bit Build 19041 (10.0.19041.3636)
Time: Sun Mar 10 17:26:58 2024 SE Asia Standard Time elapsed time: 4.591980 seconds (0d 0h 0m 4s)

---------------  T H R E A D  ---------------

Current thread (0x000001df7e0d8b70):  VMThread "VM Thread" [stack: 0x000000a5c4700000,0x000000a5c4800000] [id=2112]

Stack: [0x000000a5c4700000,0x000000a5c4800000]
Native frames: (J=compiled Java code, j=interpreted, Vv=VM code, C=native code)
V  [jvm.dll+0x683bfa]
V  [jvm.dll+0x8430a4]
V  [jvm.dll+0x8449be]
V  [jvm.dll+0x845023]
V  [jvm.dll+0x24ad2f]
V  [jvm.dll+0x680ac9]
V  [jvm.dll+0x67519a]
V  [jvm.dll+0x30b3cb]
V  [jvm.dll+0x312876]
V  [jvm.dll+0x36221e]
V  [jvm.dll+0x36244f]
V  [jvm.dll+0x2e14a8]
V  [jvm.dll+0x2df684]
V  [jvm.dll+0x2dec8c]
V  [jvm.dll+0x32382b]
V  [jvm.dll+0x8496eb]
V  [jvm.dll+0x84a424]
V  [jvm.dll+0x84a93d]
V  [jvm.dll+0x84ad14]
V  [jvm.dll+0x84ade0]
V  [jvm.dll+0x7f2aea]
V  [jvm.dll+0x682a35]
C  [ucrtbase.dll+0x21bb2]
C  [KERNEL32.DLL+0x17344]
C  [ntdll.dll+0x526b1]

VM_Operation (0x000000a5c5ff63a0): G1CollectForAllocation, mode: safepoint, requested by thread 0x000001df045136e0


---------------  P R O C E S S  ---------------

Threads class SMR info:
_java_thread_list=0x000001df05f39590, length=40, elements={
0x000001df622b64a0, 0x000001df7e0db690, 0x000001df7e0dc410, 0x000001df7e0fdcd0,
0x000001df7e0fe790, 0x000001df7e101060, 0x000001df7e101920, 0x000001df7e102510,
0x000001df7e102ec0, 0x000001df7e1057d0, 0x000001df7e312190, 0x000001df7e494d00,
0x000001df04192390, 0x000001df04285af0, 0x000001df047e4c30, 0x000001df04514080,
0x000001df045123a0, 0x000001df04512870, 0x000001df045136e0, 0x000001df04514a20,
0x000001df045153c0, 0x000001df04514ef0, 0x000001df045181e0, 0x000001df04512d40,
0x000001df04514550, 0x000001df04511a00, 0x000001df04511ed0, 0x000001df04513210,
0x000001df04513bb0, 0x000001df04cceaf0, 0x000001df04cd2980, 0x000001df04ccf960,
0x000001df04ccdc80, 0x000001df04ccf490, 0x000001df04cd24b0, 0x000001df04ccc940,
0x000001df04cd0300, 0x000001df04ccd7b0, 0x000001df04cd1640, 0x000001df04cce150
}

Java Threads: ( => current thread )
  0x000001df622b64a0 JavaThread "main" [_thread_blocked, id=15428, stack(0x000000a5c4100000,0x000000a5c4200000)]
  0x000001df7e0db690 JavaThread "Reference Handler" daemon [_thread_blocked, id=5876, stack(0x000000a5c4800000,0x000000a5c4900000)]
  0x000001df7e0dc410 JavaThread "Finalizer" daemon [_thread_blocked, id=18996, stack(0x000000a5c4900000,0x000000a5c4a00000)]
  0x000001df7e0fdcd0 JavaThread "Signal Dispatcher" daemon [_thread_blocked, id=17336, stack(0x000000a5c4a00000,0x000000a5c4b00000)]
  0x000001df7e0fe790 JavaThread "Attach Listener" daemon [_thread_blocked, id=19972, stack(0x000000a5c4b00000,0x000000a5c4c00000)]
  0x000001df7e101060 JavaThread "Service Thread" daemon [_thread_blocked, id=10812, stack(0x000000a5c4c00000,0x000000a5c4d00000)]
  0x000001df7e101920 JavaThread "Monitor Deflation Thread" daemon [_thread_blocked, id=4012, stack(0x000000a5c4d00000,0x000000a5c4e00000)]
  0x000001df7e102510 JavaThread "C2 CompilerThread0" daemon [_thread_blocked, id=15460, stack(0x000000a5c4e00000,0x000000a5c4f00000)]
  0x000001df7e102ec0 JavaThread "C1 CompilerThread0" daemon [_thread_blocked, id=13508, stack(0x000000a5c4f00000,0x000000a5c5000000)]
  0x000001df7e1057d0 JavaThread "Sweeper thread" daemon [_thread_blocked, id=7728, stack(0x000000a5c5000000,0x000000a5c5100000)]
  0x000001df7e312190 JavaThread "Common-Cleaner" daemon [_thread_blocked, id=17684, stack(0x000000a5c5100000,0x000000a5c5200000)]
  0x000001df7e494d00 JavaThread "Notification Thread" daemon [_thread_blocked, id=17100, stack(0x000000a5c5200000,0x000000a5c5300000)]
  0x000001df04192390 JavaThread "Daemon health stats" [_thread_blocked, id=16320, stack(0x000000a5c5900000,0x000000a5c5a00000)]
  0x000001df04285af0 JavaThread "Incoming local TCP Connector on port 58769" [_thread_in_native, id=7080, stack(0x000000a5c5400000,0x000000a5c5500000)]
  0x000001df047e4c30 JavaThread "Daemon periodic checks" [_thread_blocked, id=9660, stack(0x000000a5c5b00000,0x000000a5c5c00000)]
  0x000001df04514080 JavaThread "Daemon" [_thread_blocked, id=20204, stack(0x000000a5c5c00000,0x000000a5c5d00000)]
  0x000001df045123a0 JavaThread "Handler for socket connection from /127.0.0.1:58769 to /127.0.0.1:58770" [_thread_in_native, id=10936, stack(0x000000a5c5d00000,0x000000a5c5e00000)]
  0x000001df04512870 JavaThread "Cancel handler" [_thread_blocked, id=9464, stack(0x000000a5c5e00000,0x000000a5c5f00000)]
  0x000001df045136e0 JavaThread "Daemon worker" [_thread_blocked, id=5016, stack(0x000000a5c5f00000,0x000000a5c6000000)]
  0x000001df04514a20 JavaThread "Asynchronous log dispatcher for DefaultDaemonConnection: socket connection from /127.0.0.1:58769 to /127.0.0.1:58770" [_thread_blocked, id=15912, stack(0x000000a5c6000000,0x000000a5c6100000)]
  0x000001df045153c0 JavaThread "Stdin handler" [_thread_blocked, id=2136, stack(0x000000a5c6100000,0x000000a5c6200000)]
  0x000001df04514ef0 JavaThread "Daemon client event forwarder" [_thread_blocked, id=11560, stack(0x000000a5c6200000,0x000000a5c6300000)]
  0x000001df045181e0 JavaThread "C2 CompilerThread1" daemon [_thread_blocked, id=10460, stack(0x000000a5c6600000,0x000000a5c6700000)]
  0x000001df04512d40 JavaThread "Cache worker for journal cache (C:\Users\Admin\.gradle\caches\journal-1)" [_thread_blocked, id=12948, stack(0x000000a5c6700000,0x000000a5c6800000)]
  0x000001df04514550 JavaThread "File lock request listener" [_thread_in_native, id=19688, stack(0x000000a5c6800000,0x000000a5c6900000)]
  0x000001df04511a00 JavaThread "Cache worker for file hash cache (C:\Users\Admin\.gradle\caches\8.2\fileHashes)" [_thread_blocked, id=17952, stack(0x000000a5c6900000,0x000000a5c6a00000)]
  0x000001df04511ed0 JavaThread "File watcher server" daemon [_thread_in_native, id=8680, stack(0x000000a5c6a00000,0x000000a5c6b00000)]
  0x000001df04513210 JavaThread "File watcher consumer" daemon [_thread_blocked, id=4752, stack(0x000000a5c6b00000,0x000000a5c6c00000)]
  0x000001df04513bb0 JavaThread "jar transforms" [_thread_blocked, id=1752, stack(0x000000a5c6c00000,0x000000a5c6d00000)]
  0x000001df04cceaf0 JavaThread "jar transforms Thread 2" [_thread_blocked, id=16348, stack(0x000000a5c6d00000,0x000000a5c6e00000)]
  0x000001df04cd2980 JavaThread "jar transforms Thread 3" [_thread_blocked, id=3308, stack(0x000000a5c6e00000,0x000000a5c6f00000)]
  0x000001df04ccf960 JavaThread "jar transforms Thread 4" [_thread_blocked, id=12608, stack(0x000000a5c6f00000,0x000000a5c7000000)]
  0x000001df04ccdc80 JavaThread "jar transforms Thread 5" [_thread_blocked, id=15116, stack(0x000000a5c7000000,0x000000a5c7100000)]
  0x000001df04ccf490 JavaThread "jar transforms Thread 6" [_thread_blocked, id=15068, stack(0x000000a5c7100000,0x000000a5c7200000)]
  0x000001df04cd24b0 JavaThread "Cache worker for checksums cache (D:\Ki_7\PRM392\EasyLicence\.gradle\8.2\checksums)" [_thread_blocked, id=13740, stack(0x000000a5c7200000,0x000000a5c7300000)]
  0x000001df04ccc940 JavaThread "Cache worker for cache directory md-rule (C:\Users\Admin\.gradle\caches\8.2\md-rule)" [_thread_blocked, id=6132, stack(0x000000a5c7300000,0x000000a5c7400000)]
  0x000001df04cd0300 JavaThread "Cache worker for file content cache (C:\Users\Admin\.gradle\caches\8.2\fileContent)" [_thread_blocked, id=17188, stack(0x000000a5c7400000,0x000000a5c7500000)]
  0x000001df04ccd7b0 JavaThread "Cache worker for file hash cache (D:\Ki_7\PRM392\EasyLicence\.gradle\8.2\fileHashes)" [_thread_blocked, id=19284, stack(0x000000a5c7500000,0x000000a5c7600000)]
  0x000001df04cd1640 JavaThread "Cache worker for cache directory md-supplier (C:\Users\Admin\.gradle\caches\8.2\md-supplier)" [_thread_blocked, id=3576, stack(0x000000a5c7600000,0x000000a5c7700000)]
  0x000001df04cce150 JavaThread "Cache worker for execution history cache (C:\Users\Admin\.gradle\caches\8.2\executionHistory)" [_thread_blocked, id=10888, stack(0x000000a5c7700000,0x000000a5c7800000)]

Other Threads:
=>0x000001df7e0d8b70 VMThread "VM Thread" [stack: 0x000000a5c4700000,0x000000a5c4800000] [id=2112]
  0x000001df62337770 WatcherThread [stack: 0x000000a5c5300000,0x000000a5c5400000] [id=18904]
  0x000001df62310220 GCTaskThread "GC Thread#0" [stack: 0x000000a5c4200000,0x000000a5c4300000] [id=15308]
  0x000001df7f39f0c0 GCTaskThread "GC Thread#1" [stack: 0x000000a5c5500000,0x000000a5c5600000] [id=6116]
  0x000001df7e7e6930 GCTaskThread "GC Thread#2" [stack: 0x000000a5c5600000,0x000000a5c5700000] [id=12620]
  0x000001df7f1d9320 GCTaskThread "GC Thread#3" [stack: 0x000000a5c5700000,0x000000a5c5800000] [id=9380]
  0x000001df7ecb4700 GCTaskThread "GC Thread#4" [stack: 0x000000a5c5800000,0x000000a5c5900000] [id=1144]
  0x000001df04726ea0 GCTaskThread "GC Thread#5" [stack: 0x000000a5c5a00000,0x000000a5c5b00000] [id=972]
  0x000001df046ae170 GCTaskThread "GC Thread#6" [stack: 0x000000a5c6300000,0x000000a5c6400000] [id=932]
  0x000001df7f74d3f0 GCTaskThread "GC Thread#7" [stack: 0x000000a5c6400000,0x000000a5c6500000] [id=15256]
  0x000001df62321070 ConcurrentGCThread "G1 Main Marker" [stack: 0x000000a5c4300000,0x000000a5c4400000] [id=5216]
  0x000001df62321990 ConcurrentGCThread "G1 Conc#0" [stack: 0x000000a5c4400000,0x000000a5c4500000] [id=9096]
  0x000001df7f5bd4f0 ConcurrentGCThread "G1 Conc#1" [stack: 0x000000a5c6500000,0x000000a5c6600000] [id=12660]
  0x000001df7df420c0 ConcurrentGCThread "G1 Refine#0" [stack: 0x000000a5c4500000,0x000000a5c4600000] [id=14828]
  0x000001df7df43a00 ConcurrentGCThread "G1 Service" [stack: 0x000000a5c4600000,0x000000a5c4700000] [id=9772]

Threads with active compile tasks:
C2 CompilerThread0     4607 3433       4       java.lang.String::<init> (828 bytes)

VM state: at safepoint (normal execution)

VM Mutex/Monitor currently owned by a thread:  ([mutex/lock_event])
[0x000001df622b0340] Threads_lock - owner thread: 0x000001df7e0d8b70
[0x000001df622b1930] Heap_lock - owner thread: 0x000001df045136e0

Heap address: 0x0000000080000000, size: 2048 MB, Compressed Oops mode: 32-bit

CDS archive(s) not mapped
Compressed class space mapped at: 0x0000000100000000-0x0000000140000000, reserved size: 1073741824
Narrow klass base: 0x0000000000000000, Narrow klass shift: 3, Narrow klass range: 0x140000000

GC Precious Log:
 CPUs: 8 total, 8 available
 Memory: 7967M
 Large Page Support: Disabled
 NUMA Support: Disabled
 Compressed Oops: Enabled (32-bit)
 Heap Region Size: 1M
 Heap Min Capacity: 8M
 Heap Initial Capacity: 126M
 Heap Max Capacity: 2G
 Pre-touch: Disabled
 Parallel Workers: 8
 Concurrent Workers: 2
 Concurrent Refinement Workers: 8
 Periodic GC: Disabled

Heap:
 garbage-first heap   total 68608K, used 37531K [0x0000000080000000, 0x0000000100000000)
  region size 1024K, 3 young (3072K), 3 survivors (3072K)
 Metaspace       used 41304K, committed 41728K, reserved 1114112K
  class space    used 5482K, committed 5696K, reserved 1048576K

Heap Regions: E=young(eden), S=young(survivor), O=old, HS=humongous(starts), HC=humongous(continues), CS=collection set, F=free, OA=open archive, CA=closed archive, TAMS=top-at-mark-start (previous, next)
|   0|0x0000000080000000, 0x0000000080100000, 0x0000000080100000|100%|HS|  |TAMS 0x0000000080100000, 0x0000000080100000| Complete 
|   1|0x0000000080100000, 0x0000000080200000, 0x0000000080200000|100%|HC|  |TAMS 0x0000000080200000, 0x0000000080200000| Complete 
|   2|0x0000000080200000, 0x0000000080300000, 0x0000000080300000|100%|HC|  |TAMS 0x0000000080300000, 0x0000000080300000| Complete 
|   3|0x0000000080300000, 0x0000000080400000, 0x0000000080400000|100%|HC|  |TAMS 0x0000000080400000, 0x0000000080400000| Complete 
|   4|0x0000000080400000, 0x0000000080500000, 0x0000000080500000|100%| O|  |TAMS 0x0000000080500000, 0x0000000080500000| Untracked 
|   5|0x0000000080500000, 0x0000000080600000, 0x0000000080600000|100%| O|  |TAMS 0x0000000080600000, 0x0000000080600000| Untracked 
|   6|0x0000000080600000, 0x0000000080700000, 0x0000000080700000|100%| O|  |TAMS 0x0000000080700000, 0x0000000080700000| Untracked 
|   7|0x0000000080700000, 0x0000000080800000, 0x0000000080800000|100%| O|  |TAMS 0x0000000080800000, 0x0000000080800000| Untracked 
|   8|0x0000000080800000, 0x0000000080900000, 0x0000000080900000|100%| O|  |TAMS 0x0000000080900000, 0x0000000080900000| Untracked 
|   9|0x0000000080900000, 0x0000000080a00000, 0x0000000080a00000|100%| O|  |TAMS 0x0000000080a00000, 0x0000000080a00000| Untracked 
|  10|0x0000000080a00000, 0x0000000080b00000, 0x0000000080b00000|100%| O|  |TAMS 0x0000000080b00000, 0x0000000080b00000| Untracked 
|  11|0x0000000080b00000, 0x0000000080b65a00, 0x0000000080c00000| 39%| O|  |TAMS 0x0000000080b65a00, 0x0000000080b65a00| Untracked 
|  12|0x0000000080c00000, 0x0000000080d00000, 0x0000000080d00000|100%| O|  |TAMS 0x0000000080d00000, 0x0000000080d00000| Untracked 
|  13|0x0000000080d00000, 0x0000000080e00000, 0x0000000080e00000|100%| O|  |TAMS 0x0000000080e00000, 0x0000000080e00000| Untracked 
|  14|0x0000000080e00000, 0x0000000080f00000, 0x0000000080f00000|100%| O|  |TAMS 0x0000000080f00000, 0x0000000080f00000| Untracked 
|  15|0x0000000080f00000, 0x0000000081000000, 0x0000000081000000|100%| O|  |TAMS 0x0000000081000000, 0x0000000081000000| Untracked 
|  16|0x0000000081000000, 0x0000000081100000, 0x0000000081100000|100%| O|  |TAMS 0x0000000081100000, 0x0000000081100000| Untracked 
|  17|0x0000000081100000, 0x0000000081200000, 0x0000000081200000|100%| O|  |TAMS 0x0000000081200000, 0x0000000081200000| Untracked 
|  18|0x0000000081200000, 0x0000000081300000, 0x0000000081300000|100%| O|  |TAMS 0x0000000081300000, 0x0000000081300000| Untracked 
|  19|0x0000000081300000, 0x0000000081400000, 0x0000000081400000|100%|HS|  |TAMS 0x0000000081400000, 0x0000000081400000| Complete 
|  20|0x0000000081400000, 0x0000000081500000, 0x0000000081500000|100%|HC|  |TAMS 0x0000000081500000, 0x0000000081500000| Complete 
|  21|0x0000000081500000, 0x0000000081600000, 0x0000000081600000|100%|HS|  |TAMS 0x0000000081600000, 0x0000000081600000| Complete 
|  22|0x0000000081600000, 0x0000000081700000, 0x0000000081700000|100%|HC|  |TAMS 0x0000000081700000, 0x0000000081700000| Complete 
|  23|0x0000000081700000, 0x0000000081800000, 0x0000000081800000|100%|HC|  |TAMS 0x0000000081800000, 0x0000000081800000| Complete 
|  24|0x0000000081800000, 0x0000000081900000, 0x0000000081900000|100%| O|  |TAMS 0x0000000081900000, 0x0000000081900000| Untracked 
|  25|0x0000000081900000, 0x0000000081a00000, 0x0000000081a00000|100%| O|  |TAMS 0x0000000081a00000, 0x0000000081a00000| Untracked 
|  26|0x0000000081a00000, 0x0000000081b00000, 0x0000000081b00000|100%| O|  |TAMS 0x0000000081b00000, 0x0000000081b00000| Untracked 
|  27|0x0000000081b00000, 0x0000000081c00000, 0x0000000081c00000|100%|HS|  |TAMS 0x0000000081c00000, 0x0000000081c00000| Complete 
|  28|0x0000000081c00000, 0x0000000081d00000, 0x0000000081d00000|100%|HC|  |TAMS 0x0000000081d00000, 0x0000000081d00000| Complete 
|  29|0x0000000081d00000, 0x0000000081e00000, 0x0000000081e00000|100%| O|  |TAMS 0x0000000081e00000, 0x0000000081e00000| Untracked 
|  30|0x0000000081e00000, 0x0000000081f00000, 0x0000000081f00000|100%| O|  |TAMS 0x0000000081ebaa00, 0x0000000081f00000| Untracked 
|  31|0x0000000081f00000, 0x0000000082000000, 0x0000000082000000|100%| O|  |TAMS 0x0000000081f00000, 0x0000000081fb8a00| Untracked 
|  32|0x0000000082000000, 0x0000000082100000, 0x0000000082100000|100%| O|  |TAMS 0x0000000082000000, 0x0000000082000000| Untracked 
|  33|0x0000000082100000, 0x0000000082200000, 0x0000000082200000|100%| O|  |TAMS 0x0000000082100000, 0x0000000082100000| Untracked 
|  34|0x0000000082200000, 0x00000000822ab400, 0x0000000082300000| 66%| O|  |TAMS 0x0000000082200000, 0x0000000082200000| Untracked 
|  35|0x0000000082300000, 0x0000000082300000, 0x0000000082400000|  0%| F|  |TAMS 0x0000000082300000, 0x0000000082300000| Untracked 
|  36|0x0000000082400000, 0x0000000082400000, 0x0000000082500000|  0%| F|  |TAMS 0x0000000082400000, 0x0000000082400000| Untracked 
|  37|0x0000000082500000, 0x0000000082500000, 0x0000000082600000|  0%| F|  |TAMS 0x0000000082500000, 0x0000000082500000| Untracked 
|  38|0x0000000082600000, 0x0000000082600000, 0x0000000082700000|  0%| F|  |TAMS 0x0000000082600000, 0x0000000082600000| Untracked 
|  39|0x0000000082700000, 0x0000000082700000, 0x0000000082800000|  0%| F|  |TAMS 0x0000000082700000, 0x0000000082700000| Untracked 
|  40|0x0000000082800000, 0x0000000082800000, 0x0000000082900000|  0%| F|  |TAMS 0x0000000082800000, 0x0000000082800000| Untracked 
|  41|0x0000000082900000, 0x0000000082900000, 0x0000000082a00000|  0%| F|  |TAMS 0x0000000082900000, 0x0000000082900000| Untracked 
|  42|0x0000000082a00000, 0x0000000082a00000, 0x0000000082b00000|  0%| F|  |TAMS 0x0000000082a00000, 0x0000000082a00000| Untracked 
|  43|0x0000000082b00000, 0x0000000082b00000, 0x0000000082c00000|  0%| F|  |TAMS 0x0000000082b00000, 0x0000000082b00000| Untracked 
|  44|0x0000000082c00000, 0x0000000082c00000, 0x0000000082d00000|  0%| F|  |TAMS 0x0000000082c00000, 0x0000000082c00000| Untracked 
|  45|0x0000000082d00000, 0x0000000082d95ff8, 0x0000000082e00000| 58%| S|CS|TAMS 0x0000000082d00000, 0x0000000082d00000| Complete 
|  46|0x0000000082e00000, 0x0000000082e00000, 0x0000000082f00000|  0%| F|  |TAMS 0x0000000082e00000, 0x0000000082e00000| Untracked 
|  47|0x0000000082f00000, 0x0000000083000000, 0x0000000083000000|100%| S|CS|TAMS 0x0000000082f00000, 0x0000000082f00000| Complete 
|  48|0x0000000083000000, 0x0000000083100000, 0x0000000083100000|100%| S|CS|TAMS 0x0000000083000000, 0x0000000083000000| Complete 
|  49|0x0000000083100000, 0x0000000083100000, 0x0000000083200000|  0%| F|  |TAMS 0x0000000083100000, 0x0000000083100000| Untracked 
|  50|0x0000000083200000, 0x0000000083200000, 0x0000000083300000|  0%| F|  |TAMS 0x0000000083200000, 0x0000000083200000| Untracked 
|  51|0x0000000083300000, 0x0000000083300000, 0x0000000083400000|  0%| F|  |TAMS 0x0000000083300000, 0x0000000083300000| Untracked 
|  52|0x0000000083400000, 0x0000000083400000, 0x0000000083500000|  0%| F|  |TAMS 0x0000000083400000, 0x0000000083400000| Untracked 
|  53|0x0000000083500000, 0x0000000083500000, 0x0000000083600000|  0%| F|  |TAMS 0x0000000083500000, 0x0000000083500000| Untracked 
|  54|0x0000000083600000, 0x0000000083600000, 0x0000000083700000|  0%| F|  |TAMS 0x0000000083600000, 0x0000000083600000| Untracked 
|  55|0x0000000083700000, 0x0000000083700000, 0x0000000083800000|  0%| F|  |TAMS 0x0000000083700000, 0x0000000083700000| Untracked 
|  56|0x0000000083800000, 0x0000000083800000, 0x0000000083900000|  0%| F|  |TAMS 0x0000000083800000, 0x0000000083800000| Untracked 
|  57|0x0000000083900000, 0x0000000083900000, 0x0000000083a00000|  0%| F|  |TAMS 0x0000000083900000, 0x0000000083900000| Untracked 
|  71|0x0000000084700000, 0x0000000084700000, 0x0000000084800000|  0%| F|  |TAMS 0x0000000084700000, 0x0000000084700000| Untracked 
|  72|0x0000000084800000, 0x0000000084800000, 0x0000000084900000|  0%| F|  |TAMS 0x0000000084800000, 0x0000000084800000| Untracked 
|  73|0x0000000084900000, 0x0000000084900000, 0x0000000084a00000|  0%| F|  |TAMS 0x0000000084900000, 0x0000000084900000| Untracked 
|  74|0x0000000084a00000, 0x0000000084a00000, 0x0000000084b00000|  0%| F|  |TAMS 0x0000000084a00000, 0x0000000084a00000| Untracked 
|  75|0x0000000084b00000, 0x0000000084b00000, 0x0000000084c00000|  0%| F|  |TAMS 0x0000000084b00000, 0x0000000084b00000| Untracked 
|  76|0x0000000084c00000, 0x0000000084c00000, 0x0000000084d00000|  0%| F|  |TAMS 0x0000000084c00000, 0x0000000084c00000| Untracked 
|  77|0x0000000084d00000, 0x0000000084d00000, 0x0000000084e00000|  0%| F|  |TAMS 0x0000000084d00000, 0x0000000084d00000| Untracked 
|  78|0x0000000084e00000, 0x0000000084e00000, 0x0000000084f00000|  0%| F|  |TAMS 0x0000000084e00000, 0x0000000084e00000| Untracked 
| 125|0x0000000087d00000, 0x0000000087d00000, 0x0000000087e00000|  0%| F|  |TAMS 0x0000000087d00000, 0x0000000087d00000| Untracked 

Card table byte_map: [0x000001df76e00000,0x000001df77200000] _byte_map_base: 0x000001df76a00000

Marking Bits (Prev, Next): (CMBitMap*) 0x000001df62310740, (CMBitMap*) 0x000001df62310780
 Prev Bits: [0x000001df77600000, 0x000001df79600000)
 Next Bits: [0x000001df79600000, 0x000001df7b600000)

Polling page: 0x000001df62380000

Metaspace:

Usage:
  Non-class:     34.98 MB used.
      Class:      5.35 MB used.
       Both:     40.34 MB used.

Virtual space:
  Non-class space:       64.00 MB reserved,      35.19 MB ( 55%) committed,  1 nodes.
      Class space:        1.00 GB reserved,       5.56 MB ( <1%) committed,  1 nodes.
             Both:        1.06 GB reserved,      40.75 MB (  4%) committed. 

Chunk freelists:
   Non-Class:  12.30 MB
       Class:  10.42 MB
        Both:  22.72 MB

MaxMetaspaceSize: unlimited
CompressedClassSpaceSize: 1.00 GB
Initial GC threshold: 21.00 MB
Current GC threshold: 57.94 MB
CDS: off
MetaspaceReclaimPolicy: balanced
 - commit_granule_bytes: 65536.
 - commit_granule_words: 8192.
 - virtual_space_node_default_size: 8388608.
 - enlarge_chunks_in_place: 1.
 - new_chunks_are_fully_committed: 0.
 - uncommit_free_chunks: 1.
 - use_allocation_guard: 0.
 - handle_deallocations: 1.


Internal statistics:

num_allocs_failed_limit: 3.
num_arena_births: 360.
num_arena_deaths: 0.
num_vsnodes_births: 2.
num_vsnodes_deaths: 0.
num_space_committed: 652.
num_space_uncommitted: 0.
num_chunks_returned_to_freelist: 3.
num_chunks_taken_from_freelist: 1511.
num_chunk_merges: 3.
num_chunk_splits: 1012.
num_chunks_enlarged: 711.
num_inconsistent_stats: 0.

CodeHeap 'non-profiled nmethods': size=120000Kb used=1782Kb max_used=1782Kb free=118217Kb
 bounds [0x000001df6ea70000, 0x000001df6ece0000, 0x000001df75fa0000]
CodeHeap 'profiled nmethods': size=120000Kb used=7021Kb max_used=7021Kb free=112978Kb
 bounds [0x000001df66fa0000, 0x000001df67680000, 0x000001df6e4d0000]
CodeHeap 'non-nmethods': size=5760Kb used=1594Kb max_used=1653Kb free=4165Kb
 bounds [0x000001df6e4d0000, 0x000001df6e740000, 0x000001df6ea70000]
 total_blobs=4110 nmethods=3458 adapters=563
 compilation: enabled
              stopped_count=0, restarted_count=0
 full_count=0

Compilation events (20 events):
Event: 4.526 Thread 0x000001df7e102ec0 nmethod 3470 0x000001df67679990 code [0x000001df67679b40, 0x000001df67679d08]
Event: 4.526 Thread 0x000001df7e102ec0 3370       3       java.lang.invoke.InnerClassLambdaMetafactory$ForwardingMethodGenerator::<init> (11 bytes)
Event: 4.526 Thread 0x000001df7e102ec0 nmethod 3370 0x000001df67679e10 code [0x000001df67679fc0, 0x000001df6767a1c8]
Event: 4.529 Thread 0x000001df7e102ec0 3478       3       java.nio.ByteBuffer::wrap (8 bytes)
Event: 4.530 Thread 0x000001df7e102ec0 nmethod 3478 0x000001df6767a290 code [0x000001df6767a420, 0x000001df6767a548]
Event: 4.534 Thread 0x000001df045181e0 nmethod 3474 0x000001df6ec28910 code [0x000001df6ec28aa0, 0x000001df6ec28db8]
Event: 4.534 Thread 0x000001df045181e0 3475       4       jdk.internal.jimage.ImageLocation::readValue (61 bytes)
Event: 4.536 Thread 0x000001df7e102ec0 3481       3       java.util.concurrent.locks.ReentrantLock::lockInterruptibly (8 bytes)
Event: 4.537 Thread 0x000001df7e102510 

Event: 4.537 Thread 0x000001df7e102510 3433       4       java.lang.String::<init> (828 bytes)
Event: 4.537 Thread 0x000001df7e102ec0 nmethod 3481 0x000001df6767a610 code [0x000001df6767a800, 0x000001df6767acb8]
Event: 4.537 Thread 0x000001df7e102ec0 3482       3       java.util.concurrent.locks.ReentrantLock$Sync::lockInterruptibly (27 bytes)
Event: 4.538 Thread 0x000001df7e102ec0 nmethod 3482 0x000001df6767ae90 code [0x000001df6767b080, 0x000001df6767b4b8]
Event: 4.540 Thread 0x000001df045181e0 nmethod 3475 0x000001df6ec29010 code [0x000001df6ec291a0, 0x000001df6ec29518]
Event: 4.540 Thread 0x000001df045181e0 3477       4       jdk.internal.jimage.BasicImageReader::getString (35 bytes)
Event: 4.557 Thread 0x000001df045181e0 nmethod 3477 0x000001df6ec29710 code [0x000001df6ec298c0, 0x000001df6ec2a1e8]
Event: 4.557 Thread 0x000001df045181e0 3483       4       jdk.internal.jrtfs.JrtPath::normalize (97 bytes)
Event: 4.560 Thread 0x000001df045181e0 nmethod 3483 0x000001df6ec2a710 code [0x000001df6ec2a8a0, 0x000001df6ec2aa88]
Event: 4.561 Thread 0x000001df045181e0 3480       4       java.lang.String::subSequence (7 bytes)
Event: 4.566 Thread 0x000001df045181e0 nmethod 3480 0x000001df6ec2ac90 code [0x000001df6ec2ae20, 0x000001df6ec2b378]

GC Heap History (17 events):
Event: 0.762 GC heap before
{Heap before GC invocations=0 (full 0):
 garbage-first heap   total 129024K, used 26624K [0x0000000080000000, 0x0000000100000000)
  region size 1024K, 23 young (23552K), 0 survivors (0K)
 Metaspace       used 10430K, committed 10688K, reserved 1114112K
  class space    used 1086K, committed 1216K, reserved 1048576K
}
Event: 0.768 GC heap after
{Heap after GC invocations=1 (full 0):
 garbage-first heap   total 129024K, used 10419K [0x0000000080000000, 0x0000000100000000)
  region size 1024K, 3 young (3072K), 3 survivors (3072K)
 Metaspace       used 10430K, committed 10688K, reserved 1114112K
  class space    used 1086K, committed 1216K, reserved 1048576K
}
Event: 1.140 GC heap before
{Heap before GC invocations=1 (full 0):
 garbage-first heap   total 129024K, used 39091K [0x0000000080000000, 0x0000000100000000)
  region size 1024K, 31 young (31744K), 3 survivors (3072K)
 Metaspace       used 11416K, committed 11584K, reserved 1114112K
  class space    used 1193K, committed 1280K, reserved 1048576K
}
Event: 1.146 GC heap after
{Heap after GC invocations=2 (full 0):
 garbage-first heap   total 129024K, used 13231K [0x0000000080000000, 0x0000000100000000)
  region size 1024K, 3 young (3072K), 3 survivors (3072K)
 Metaspace       used 11416K, committed 11584K, reserved 1114112K
  class space    used 1193K, committed 1280K, reserved 1048576K
}
Event: 2.294 GC heap before
{Heap before GC invocations=2 (full 0):
 garbage-first heap   total 129024K, used 57263K [0x0000000080000000, 0x0000000100000000)
  region size 1024K, 47 young (48128K), 3 survivors (3072K)
 Metaspace       used 21284K, committed 21504K, reserved 1114112K
  class space    used 2568K, committed 2688K, reserved 1048576K
}
Event: 2.303 GC heap after
{Heap after GC invocations=3 (full 0):
 garbage-first heap   total 129024K, used 18752K [0x0000000080000000, 0x0000000100000000)
  region size 1024K, 8 young (8192K), 8 survivors (8192K)
 Metaspace       used 21284K, committed 21504K, reserved 1114112K
  class space    used 2568K, committed 2688K, reserved 1048576K
}
Event: 2.839 GC heap before
{Heap before GC invocations=4 (full 0):
 garbage-first heap   total 68608K, used 50496K [0x0000000080000000, 0x0000000100000000)
  region size 1024K, 40 young (40960K), 8 survivors (8192K)
 Metaspace       used 26037K, committed 26304K, reserved 1114112K
  class space    used 3394K, committed 3520K, reserved 1048576K
}
Event: 2.848 GC heap after
{Heap after GC invocations=5 (full 0):
 garbage-first heap   total 68608K, used 20990K [0x0000000080000000, 0x0000000100000000)
  region size 1024K, 3 young (3072K), 3 survivors (3072K)
 Metaspace       used 26037K, committed 26304K, reserved 1114112K
  class space    used 3394K, committed 3520K, reserved 1048576K
}
Event: 3.307 GC heap before
{Heap before GC invocations=5 (full 0):
 garbage-first heap   total 68608K, used 53758K [0x0000000080000000, 0x0000000100000000)
  region size 1024K, 29 young (29696K), 3 survivors (3072K)
 Metaspace       used 29767K, committed 30144K, reserved 1114112K
  class space    used 4040K, committed 4224K, reserved 1048576K
}
Event: 3.312 GC heap after
{Heap after GC invocations=6 (full 0):
 garbage-first heap   total 68608K, used 30721K [0x0000000080000000, 0x0000000100000000)
  region size 1024K, 4 young (4096K), 4 survivors (4096K)
 Metaspace       used 29767K, committed 30144K, reserved 1114112K
  class space    used 4040K, committed 4224K, reserved 1048576K
}
Event: 3.650 GC heap before
{Heap before GC invocations=6 (full 0):
 garbage-first heap   total 68608K, used 51201K [0x0000000080000000, 0x0000000100000000)
  region size 1024K, 24 young (24576K), 4 survivors (4096K)
 Metaspace       used 32352K, committed 32704K, reserved 1114112K
  class space    used 4435K, committed 4608K, reserved 1048576K
}
Event: 3.655 GC heap after
{Heap after GC invocations=7 (full 0):
 garbage-first heap   total 68608K, used 31697K [0x0000000080000000, 0x0000000100000000)
  region size 1024K, 1 young (1024K), 1 survivors (1024K)
 Metaspace       used 32352K, committed 32704K, reserved 1114112K
  class space    used 4435K, committed 4608K, reserved 1048576K
}
Event: 3.981 GC heap before
{Heap before GC invocations=7 (full 0):
 garbage-first heap   total 68608K, used 52177K [0x0000000080000000, 0x0000000100000000)
  region size 1024K, 21 young (21504K), 1 survivors (1024K)
 Metaspace       used 35037K, committed 35392K, reserved 1114112K
  class space    used 4831K, committed 4992K, reserved 1048576K
}
Event: 3.984 GC heap after
{Heap after GC invocations=8 (full 0):
 garbage-first heap   total 68608K, used 32567K [0x0000000080000000, 0x0000000100000000)
  region size 1024K, 2 young (2048K), 2 survivors (2048K)
 Metaspace       used 35037K, committed 35392K, reserved 1114112K
  class space    used 4831K, committed 4992K, reserved 1048576K
}
Event: 4.355 GC heap before
{Heap before GC invocations=9 (full 0):
 garbage-first heap   total 68608K, used 53047K [0x0000000080000000, 0x0000000100000000)
  region size 1024K, 22 young (22528K), 2 survivors (2048K)
 Metaspace       used 40160K, committed 40512K, reserved 1114112K
  class space    used 5394K, committed 5568K, reserved 1048576K
}
Event: 4.361 GC heap after
{Heap after GC invocations=10 (full 0):
 garbage-first heap   total 68608K, used 34937K [0x0000000080000000, 0x0000000100000000)
  region size 1024K, 3 young (3072K), 3 survivors (3072K)
 Metaspace       used 40160K, committed 40512K, reserved 1114112K
  class space    used 5394K, committed 5568K, reserved 1048576K
}
Event: 4.566 GC heap before
{Heap before GC invocations=10 (full 0):
 garbage-first heap   total 68608K, used 52345K [0x0000000080000000, 0x0000000100000000)
  region size 1024K, 21 young (21504K), 3 survivors (3072K)
 Metaspace       used 41304K, committed 41728K, reserved 1114112K
  class space    used 5482K, committed 5696K, reserved 1048576K
}

Dll operation events (3 events):
Event: 0.006 Loaded shared library C:\Users\Admin\AppData\Local\Programs\Android Studio\jbr\bin\java.dll
Event: 0.153 Loaded shared library C:\Users\Admin\AppData\Local\Programs\Android Studio\jbr\bin\zip.dll
Event: 0.498 Loaded shared library C:\Users\Admin\AppData\Local\Programs\Android Studio\jbr\bin\verify.dll

Deoptimization events (20 events):
Event: 4.040 Thread 0x000001df045136e0 Uncommon trap: trap_request=0xffffffc6 fr.pc=0x000001df6ebbf1c0 relative=0x0000000000000920
Event: 4.040 Thread 0x000001df045136e0 Uncommon trap: reason=bimorphic_or_optimized_type_check action=maybe_recompile pc=0x000001df6ebbf1c0 method=java.io.BufferedInputStream.read([BII)I @ 101 c2
Event: 4.040 Thread 0x000001df045136e0 DEOPT PACKING pc=0x000001df6ebbf1c0 sp=0x000000a5c5ff8190
Event: 4.040 Thread 0x000001df045136e0 DEOPT UNPACKING pc=0x000001df6e5269a3 sp=0x000000a5c5ff8148 mode 2
Event: 4.041 Thread 0x000001df045136e0 Uncommon trap: trap_request=0xffffffc6 fr.pc=0x000001df6ebbf1c0 relative=0x0000000000000920
Event: 4.041 Thread 0x000001df045136e0 Uncommon trap: reason=bimorphic_or_optimized_type_check action=maybe_recompile pc=0x000001df6ebbf1c0 method=java.io.BufferedInputStream.read([BII)I @ 101 c2
Event: 4.041 Thread 0x000001df045136e0 DEOPT PACKING pc=0x000001df6ebbf1c0 sp=0x000000a5c5ff8190
Event: 4.041 Thread 0x000001df045136e0 DEOPT UNPACKING pc=0x000001df6e5269a3 sp=0x000000a5c5ff8148 mode 2
Event: 4.313 Thread 0x000001df045136e0 Uncommon trap: trap_request=0xffffff54 fr.pc=0x000001df6eb1b058 relative=0x0000000000001398
Event: 4.313 Thread 0x000001df045136e0 Uncommon trap: reason=speculate_null_assert action=make_not_entrant pc=0x000001df6eb1b058 method=jdk.internal.loader.URLClassPath$JarLoader.getResource(Ljava/lang/String;ZLjava/util/Set;)Ljdk/internal/loader/Resource; @ 17 c2
Event: 4.313 Thread 0x000001df045136e0 DEOPT PACKING pc=0x000001df6eb1b058 sp=0x000000a5c5ff70d0
Event: 4.313 Thread 0x000001df045136e0 DEOPT UNPACKING pc=0x000001df6e5269a3 sp=0x000000a5c5ff7068 mode 2
Event: 4.373 Thread 0x000001df045136e0 Uncommon trap: trap_request=0xffffff45 fr.pc=0x000001df6ebefa24 relative=0x0000000000005d64
Event: 4.373 Thread 0x000001df045136e0 Uncommon trap: reason=unstable_if action=reinterpret pc=0x000001df6ebefa24 method=java.lang.ClassLoader.getClassLoadingLock(Ljava/lang/String;)Ljava/lang/Object; @ 6 c2
Event: 4.373 Thread 0x000001df045136e0 DEOPT PACKING pc=0x000001df6ebefa24 sp=0x000000a5c5ff81d0
Event: 4.373 Thread 0x000001df045136e0 DEOPT UNPACKING pc=0x000001df6e5269a3 sp=0x000000a5c5ff81e0 mode 2
Event: 4.461 Thread 0x000001df045136e0 Uncommon trap: trap_request=0xffffff45 fr.pc=0x000001df6eb6500c relative=0x00000000000000ec
Event: 4.461 Thread 0x000001df045136e0 Uncommon trap: reason=unstable_if action=reinterpret pc=0x000001df6eb6500c method=java.lang.ClassLoader.getClassLoadingLock(Ljava/lang/String;)Ljava/lang/Object; @ 6 c2
Event: 4.461 Thread 0x000001df045136e0 DEOPT PACKING pc=0x000001df6eb6500c sp=0x000000a5c5ff8210
Event: 4.461 Thread 0x000001df045136e0 DEOPT UNPACKING pc=0x000001df6e5269a3 sp=0x000000a5c5ff81a0 mode 2

Classes unloaded (0 events):
No events

Classes redefined (0 events):
No events

Internal exceptions (20 events):
Event: 3.666 Thread 0x000001df045136e0 Exception <a 'java/lang/NoSuchMethodError'{0x0000000087dc62e8}: 'java.lang.Object java.lang.invoke.DirectMethodHandle$Holder.newInvokeSpecial(java.lang.Object, java.lang.Object, java.lang.Object, java.lang.Object, java.lang.Object, java.lang.Object, java.lang.Object, java.lang.Object, java.lang.Object, java.lang.Object, java.lang.Object, java.lang.Object)'> (0x0000000087dc62e8) 
thrown [s\src\hotspot\share\interpreter\linkResolver.cpp, line 771]
Event: 3.666 Thread 0x000001df045136e0 Exception <a 'java/lang/NoSuchMethodError'{0x0000000087dcbf28}: 'java.lang.Object java.lang.invoke.Invokers$Holder.linkToTargetMethod(java.lang.Object, java.lang.Object, java.lang.Object, java.lang.Object, java.lang.Object, java.lang.Object, java.lang.Object, java.lang.Object, java.lang.Object, java.lang.Object, java.lang.Object, java.lang.Object)'> (0x0000000087dcbf28) 
thrown [s\src\hotspot\share\interpreter\linkResolver.cpp, line 771]
Event: 3.670 Thread 0x000001df045136e0 Exception <a 'java/lang/NoSuchMethodError'{0x0000000084e0a378}: 'java.lang.Object java.lang.invoke.DirectMethodHandle$Holder.newInvokeSpecial(java.lang.Object, java.lang.Object, java.lang.Object, java.lang.Object, java.lang.Object, java.lang.Object, java.lang.Object, java.lang.Object, java.lang.Object, java.lang.Object)'> (0x0000000084e0a378) 
thrown [s\src\hotspot\share\interpreter\linkResolver.cpp, line 771]
Event: 3.670 Thread 0x000001df045136e0 Exception <a 'java/lang/NoSuchMethodError'{0x0000000084e0f508}: 'java.lang.Object java.lang.invoke.Invokers$Holder.linkToTargetMethod(java.lang.Object, java.lang.Object, java.lang.Object, java.lang.Object, java.lang.Object, java.lang.Object, java.lang.Object, java.lang.Object, java.lang.Object, java.lang.Object)'> (0x0000000084e0f508) 
thrown [s\src\hotspot\share\interpreter\linkResolver.cpp, line 771]
Event: 3.685 Thread 0x000001df045136e0 Exception <a 'java/lang/NoSuchMethodError'{0x0000000084e75548}: 'java.lang.Object java.lang.invoke.DirectMethodHandle$Holder.invokeStaticInit(java.lang.Object, java.lang.Object, java.lang.Object, java.lang.Object)'> (0x0000000084e75548) 
thrown [s\src\hotspot\share\interpreter\linkResolver.cpp, line 771]
Event: 3.883 Thread 0x000001df045136e0 Exception <a 'java/lang/NoSuchMethodError'{0x0000000083585b80}: 'java.lang.Object java.lang.invoke.DirectMethodHandle$Holder.newInvokeSpecial(java.lang.Object, java.lang.Object, java.lang.Object, java.lang.Object, java.lang.Object, java.lang.Object, java.lang.Object, java.lang.Object)'> (0x0000000083585b80) 
thrown [s\src\hotspot\share\interpreter\linkResolver.cpp, line 771]
Event: 3.883 Thread 0x000001df045136e0 Exception <a 'java/lang/NoSuchMethodError'{0x000000008358b8a0}: 'java.lang.Object java.lang.invoke.Invokers$Holder.linkToTargetMethod(java.lang.Object, java.lang.Object, java.lang.Object, java.lang.Object, java.lang.Object, java.lang.Object, java.lang.Object, java.lang.Object)'> (0x000000008358b8a0) 
thrown [s\src\hotspot\share\interpreter\linkResolver.cpp, line 771]
Event: 3.890 Thread 0x000001df045136e0 Exception <a 'java/lang/IncompatibleClassChangeError'{0x00000000835ff620}: Found class java.lang.Object, but interface was expected> (0x00000000835ff620) 
thrown [s\src\hotspot\share\interpreter\linkResolver.cpp, line 838]
Event: 3.980 Thread 0x000001df045136e0 Exception <a 'java/lang/NoSuchMethodError'{0x0000000082fe9620}: 'java.lang.Object java.lang.invoke.DirectMethodHandle$Holder.newInvokeSpecial(java.lang.Object, java.lang.Object, int, int)'> (0x0000000082fe9620) 
thrown [s\src\hotspot\share\interpreter\linkResolver.cpp, line 771]
Event: 4.100 Thread 0x000001df045136e0 Exception <a 'java/lang/NoSuchMethodError'{0x000000008499b030}: 'void java.lang.invoke.DirectMethodHandle$Holder.invokeStaticInit(java.lang.Object, java.lang.Object, java.lang.Object)'> (0x000000008499b030) 
thrown [s\src\hotspot\share\interpreter\linkResolver.cpp, line 771]
Event: 4.101 Thread 0x000001df045136e0 Exception <a 'java/lang/NoSuchMethodError'{0x00000000849a2778}: 'void java.lang.invoke.DirectMethodHandle$Holder.invokeStaticInit(java.lang.Object, java.lang.Object, java.lang.Object, java.lang.Object)'> (0x00000000849a2778) 
thrown [s\src\hotspot\share\interpreter\linkResolver.cpp, line 771]
Event: 4.104 Thread 0x000001df045136e0 Exception <a 'java/lang/NoSuchMethodError'{0x00000000849c4940}: 'void java.lang.invoke.DirectMethodHandle$Holder.invokeStaticInit(java.lang.Object, java.lang.Object, java.lang.Object, java.lang.Object, java.lang.Object)'> (0x00000000849c4940) 
thrown [s\src\hotspot\share\interpreter\linkResolver.cpp, line 771]
Event: 4.120 Thread 0x000001df045136e0 Exception <a 'java/lang/NoSuchMethodError'{0x000000008481f890}: 'int java.lang.invoke.DirectMethodHandle$Holder.invokeStaticInit(java.lang.Object, java.lang.Object, java.lang.Object, java.lang.Object)'> (0x000000008481f890) 
thrown [s\src\hotspot\share\interpreter\linkResolver.cpp, line 771]
Event: 4.314 Thread 0x000001df045136e0 Exception <a 'java/lang/ClassNotFoundException'{0x00000000832e0918}: groovy/lang/ExpandoMetaClassBeanInfo> (0x00000000832e0918) 
thrown [s\src\hotspot\share\classfile\systemDictionary.cpp, line 256]
Event: 4.315 Thread 0x000001df045136e0 Exception <a 'java/lang/ClassNotFoundException'{0x00000000832f8238}: groovy/lang/MetaClassImplBeanInfo> (0x00000000832f8238) 
thrown [s\src\hotspot\share\classfile\systemDictionary.cpp, line 256]
Event: 4.315 Thread 0x000001df045136e0 Exception <a 'java/lang/ClassNotFoundException'{0x00000000832fdb68}: java/lang/ObjectBeanInfo> (0x00000000832fdb68) 
thrown [s\src\hotspot\share\classfile\systemDictionary.cpp, line 256]
Event: 4.316 Thread 0x000001df045136e0 Exception <a 'java/lang/ClassNotFoundException'{0x0000000083104e58}: java/lang/ObjectCustomizer> (0x0000000083104e58) 
thrown [s\src\hotspot\share\classfile\systemDictionary.cpp, line 256]
Event: 4.319 Thread 0x000001df045136e0 Exception <a 'java/lang/IncompatibleClassChangeError'{0x0000000083114888}: Found class java.lang.Object, but interface was expected> (0x0000000083114888) 
thrown [s\src\hotspot\share\interpreter\linkResolver.cpp, line 838]
Event: 4.322 Thread 0x000001df045136e0 Exception <a 'java/lang/ClassNotFoundException'{0x000000008313a4e8}: groovy/lang/MetaClassImplCustomizer> (0x000000008313a4e8) 
thrown [s\src\hotspot\share\classfile\systemDictionary.cpp, line 256]
Event: 4.325 Thread 0x000001df045136e0 Exception <a 'java/lang/ClassNotFoundException'{0x0000000083170928}: groovy/lang/ExpandoMetaClassCustomizer> (0x0000000083170928) 
thrown [s\src\hotspot\share\classfile\systemDictionary.cpp, line 256]

VM Operations (20 events):
Event: 4.059 Executing VM operation: HandshakeAllThreads done
Event: 4.230 Executing VM operation: HandshakeAllThreads
Event: 4.230 Executing VM operation: HandshakeAllThreads done
Event: 4.265 Executing VM operation: HandshakeAllThreads
Event: 4.265 Executing VM operation: HandshakeAllThreads done
Event: 4.355 Executing VM operation: G1CollectForAllocation
Event: 4.361 Executing VM operation: G1CollectForAllocation done
Event: 4.382 Executing VM operation: HandshakeAllThreads
Event: 4.382 Executing VM operation: HandshakeAllThreads done
Event: 4.382 Executing VM operation: HandshakeAllThreads
Event: 4.382 Executing VM operation: HandshakeAllThreads done
Event: 4.388 Executing VM operation: HandshakeAllThreads
Event: 4.388 Executing VM operation: HandshakeAllThreads done
Event: 4.392 Executing VM operation: HandshakeAllThreads
Event: 4.392 Executing VM operation: HandshakeAllThreads done
Event: 4.399 Executing VM operation: HandshakeAllThreads
Event: 4.400 Executing VM operation: HandshakeAllThreads done
Event: 4.468 Executing VM operation: HandshakeAllThreads
Event: 4.468 Executing VM operation: HandshakeAllThreads done
Event: 4.566 Executing VM operation: G1CollectForAllocation

Events (20 events):
Event: 4.467 loading class jdk/internal/jimage/ImageReader$Directory
Event: 4.467 loading class jdk/internal/jimage/ImageReader$Node
Event: 4.467 loading class jdk/internal/jimage/ImageReader$Node done
Event: 4.467 loading class jdk/internal/jimage/ImageReader$Directory done
Event: 4.467 loading class jdk/internal/jrtfs/SystemImage$1
Event: 4.467 loading class jdk/internal/jrtfs/SystemImage$1 done
Event: 4.467 loading class jdk/internal/jimage/ImageReader$SharedImageReader$LocationVisitor
Event: 4.467 loading class jdk/internal/jimage/ImageReader$SharedImageReader$LocationVisitor done
Event: 4.468 loading class java/nio/ByteBufferAsIntBufferL
Event: 4.468 loading class java/nio/ByteBufferAsIntBufferL done
Event: 4.468 loading class jdk/internal/jrtfs/JrtFileAttributes
Event: 4.469 loading class jdk/internal/jrtfs/JrtFileAttributes done
Event: 4.469 loading class jdk/internal/jrtfs/JrtDirectoryStream
Event: 4.469 loading class jdk/internal/jrtfs/JrtDirectoryStream done
Event: 4.470 loading class jdk/internal/jrtfs/JrtDirectoryStream$1
Event: 4.470 loading class jdk/internal/jrtfs/JrtDirectoryStream$1 done
Event: 4.470 loading class java/util/function/BooleanSupplier
Event: 4.470 loading class java/util/function/BooleanSupplier done
Event: 4.471 loading class jdk/internal/jimage/ImageReader$Resource
Event: 4.471 loading class jdk/internal/jimage/ImageReader$Resource done


Dynamic libraries:
0x00007ff74da90000 - 0x00007ff74da9a000 	C:\Users\Admin\AppData\Local\Programs\Android Studio\jbr\bin\java.exe
0x00007ff998a30000 - 0x00007ff998c28000 	C:\WINDOWS\SYSTEM32\ntdll.dll
0x00007ff996bd0000 - 0x00007ff996c8d000 	C:\WINDOWS\System32\KERNEL32.DLL
0x00007ff9966d0000 - 0x00007ff9969c6000 	C:\WINDOWS\System32\KERNELBASE.dll
0x00007ff9965d0000 - 0x00007ff9966d0000 	C:\WINDOWS\System32\ucrtbase.dll
0x00007ff98dd60000 - 0x00007ff98dd7b000 	C:\Users\Admin\AppData\Local\Programs\Android Studio\jbr\bin\VCRUNTIME140.dll
0x00007ff964520000 - 0x00007ff964537000 	C:\Users\Admin\AppData\Local\Programs\Android Studio\jbr\bin\jli.dll
0x00007ff997be0000 - 0x00007ff997d7e000 	C:\WINDOWS\System32\USER32.dll
0x00007ff996520000 - 0x00007ff996542000 	C:\WINDOWS\System32\win32u.dll
0x00007ff9954d0000 - 0x00007ff99576a000 	C:\WINDOWS\WinSxS\amd64_microsoft.windows.common-controls_6595b64144ccf1df_6.0.19041.3636_none_60b6a03d71f818d5\COMCTL32.dll
0x00007ff9987b0000 - 0x00007ff9987dc000 	C:\WINDOWS\System32\GDI32.dll
0x00007ff9977d0000 - 0x00007ff99786e000 	C:\WINDOWS\System32\msvcrt.dll
0x00007ff996200000 - 0x00007ff99631a000 	C:\WINDOWS\System32\gdi32full.dll
0x00007ff996480000 - 0x00007ff99651d000 	C:\WINDOWS\System32\msvcp_win.dll
0x00007ff997f20000 - 0x00007ff997f50000 	C:\WINDOWS\System32\IMM32.DLL
0x00007ff991f10000 - 0x00007ff991f1c000 	C:\Users\Admin\AppData\Local\Programs\Android Studio\jbr\bin\vcruntime140_1.dll
0x00007ff959230000 - 0x00007ff9592bd000 	C:\Users\Admin\AppData\Local\Programs\Android Studio\jbr\bin\msvcp140.dll
0x00007ff93aa90000 - 0x00007ff93b710000 	C:\Users\Admin\AppData\Local\Programs\Android Studio\jbr\bin\server\jvm.dll
0x00007ff9987e0000 - 0x00007ff998893000 	C:\WINDOWS\System32\ADVAPI32.dll
0x00007ff998500000 - 0x00007ff99859f000 	C:\WINDOWS\System32\sechost.dll
0x00007ff998680000 - 0x00007ff9987a6000 	C:\WINDOWS\System32\RPCRT4.dll
0x00007ff9965a0000 - 0x00007ff9965c7000 	C:\WINDOWS\System32\bcrypt.dll
0x00007ff98dd50000 - 0x00007ff98dd59000 	C:\WINDOWS\SYSTEM32\WSOCK32.dll
0x00007ff983080000 - 0x00007ff9830a7000 	C:\WINDOWS\SYSTEM32\WINMM.dll
0x00007ff9988a0000 - 0x00007ff99890b000 	C:\WINDOWS\System32\WS2_32.dll
0x00007ff993b40000 - 0x00007ff993b4a000 	C:\WINDOWS\SYSTEM32\VERSION.dll
0x00007ff993200000 - 0x00007ff993212000 	C:\WINDOWS\SYSTEM32\kernel.appcore.dll
0x00007ff98e0c0000 - 0x00007ff98e0ca000 	C:\Users\Admin\AppData\Local\Programs\Android Studio\jbr\bin\jimage.dll
0x00007ff995a90000 - 0x00007ff995c74000 	C:\WINDOWS\SYSTEM32\DBGHELP.DLL
0x00007ff995a50000 - 0x00007ff995a84000 	C:\WINDOWS\SYSTEM32\dbgcore.DLL
0x00007ff996170000 - 0x00007ff9961f2000 	C:\WINDOWS\System32\bcryptPrimitives.dll
0x00007ff98fd30000 - 0x00007ff98fd3e000 	C:\Users\Admin\AppData\Local\Programs\Android Studio\jbr\bin\instrument.dll
0x00007ff974020000 - 0x00007ff974045000 	C:\Users\Admin\AppData\Local\Programs\Android Studio\jbr\bin\java.dll
0x00007ff97f630000 - 0x00007ff97f648000 	C:\Users\Admin\AppData\Local\Programs\Android Studio\jbr\bin\zip.dll
0x00007ff996d50000 - 0x00007ff997495000 	C:\WINDOWS\System32\SHELL32.dll
0x00007ff993390000 - 0x00007ff993b2b000 	C:\WINDOWS\SYSTEM32\windows.storage.dll
0x00007ff997870000 - 0x00007ff997bc4000 	C:\WINDOWS\System32\combase.dll
0x00007ff995430000 - 0x00007ff99545d000 	C:\WINDOWS\SYSTEM32\Wldp.dll
0x00007ff996c90000 - 0x00007ff996d3d000 	C:\WINDOWS\System32\SHCORE.dll
0x00007ff998620000 - 0x00007ff998675000 	C:\WINDOWS\System32\shlwapi.dll
0x00007ff996030000 - 0x00007ff996055000 	C:\WINDOWS\SYSTEM32\profapi.dll
0x00007ff97f5f0000 - 0x00007ff97f609000 	C:\Users\Admin\AppData\Local\Programs\Android Studio\jbr\bin\net.dll
0x00007ff98f530000 - 0x00007ff98f63a000 	C:\WINDOWS\SYSTEM32\WINHTTP.dll
0x00007ff9952d0000 - 0x00007ff99533a000 	C:\WINDOWS\system32\mswsock.dll
0x00007ff97f500000 - 0x00007ff97f516000 	C:\Users\Admin\AppData\Local\Programs\Android Studio\jbr\bin\nio.dll
0x00007ff981a50000 - 0x00007ff981a60000 	C:\Users\Admin\AppData\Local\Programs\Android Studio\jbr\bin\verify.dll
0x00007ff97ff40000 - 0x00007ff97ff67000 	C:\Users\Admin\.gradle\native\68d5fa5c4cc2d200863cafc0d521ce42e7d3e7ee720ec0a83991735586a16f82\windows-amd64\native-platform.dll
0x00007ff950f60000 - 0x00007ff9510a4000 	C:\Users\Admin\.gradle\native\e376f236ea51e6404a007f0833ffe2c6e607c4080706a723a18a27aeea778392\windows-amd64\native-platform-file-events.dll
0x00007ff980a60000 - 0x00007ff980a69000 	C:\Users\Admin\AppData\Local\Programs\Android Studio\jbr\bin\management.dll
0x00007ff97f810000 - 0x00007ff97f81b000 	C:\Users\Admin\AppData\Local\Programs\Android Studio\jbr\bin\management_ext.dll
0x00007ff996d40000 - 0x00007ff996d48000 	C:\WINDOWS\System32\PSAPI.DLL
0x00007ff995e70000 - 0x00007ff995e88000 	C:\WINDOWS\SYSTEM32\CRYPTSP.dll
0x00007ff994ac0000 - 0x00007ff994af4000 	C:\WINDOWS\system32\rsaenh.dll
0x00007ff995fb0000 - 0x00007ff995fde000 	C:\WINDOWS\SYSTEM32\USERENV.dll
0x00007ff9953f0000 - 0x00007ff9953fc000 	C:\WINDOWS\SYSTEM32\CRYPTBASE.dll
0x00007ff994e80000 - 0x00007ff994ebb000 	C:\WINDOWS\SYSTEM32\IPHLPAPI.DLL
0x00007ff9989e0000 - 0x00007ff9989e8000 	C:\WINDOWS\System32\NSI.dll
0x00007ff98bfe0000 - 0x00007ff98bff7000 	C:\WINDOWS\SYSTEM32\dhcpcsvc6.DLL
0x00007ff98bfc0000 - 0x00007ff98bfdd000 	C:\WINDOWS\SYSTEM32\dhcpcsvc.DLL
0x00007ff994ec0000 - 0x00007ff994f8a000 	C:\WINDOWS\SYSTEM32\DNSAPI.dll
0x00007ff972cb0000 - 0x00007ff972cb7000 	C:\WINDOWS\system32\wshunix.dll

dbghelp: loaded successfully - version: 4.0.5 - missing functions: none
symbol engine: initialized successfully - sym options: 0x614 - pdb path: .;C:\Users\Admin\AppData\Local\Programs\Android Studio\jbr\bin;C:\WINDOWS\SYSTEM32;C:\WINDOWS\WinSxS\amd64_microsoft.windows.common-controls_6595b64144ccf1df_6.0.19041.3636_none_60b6a03d71f818d5;C:\Users\Admin\AppData\Local\Programs\Android Studio\jbr\bin\server;C:\Users\Admin\.gradle\native\68d5fa5c4cc2d200863cafc0d521ce42e7d3e7ee720ec0a83991735586a16f82\windows-amd64;C:\Users\Admin\.gradle\native\e376f236ea51e6404a007f0833ffe2c6e607c4080706a723a18a27aeea778392\windows-amd64

VM Arguments:
jvm_args: --add-opens=java.base/java.util=ALL-UNNAMED --add-opens=java.base/java.lang=ALL-UNNAMED --add-opens=java.base/java.lang.invoke=ALL-UNNAMED --add-opens=java.prefs/java.util.prefs=ALL-UNNAMED --add-opens=java.base/java.nio.charset=ALL-UNNAMED --add-opens=java.base/java.net=ALL-UNNAMED --add-opens=java.base/java.util.concurrent.atomic=ALL-UNNAMED -Xmx2048m -Dfile.encoding=UTF-8 -Duser.country=US -Duser.language=en -Duser.variant -javaagent:C:\Users\Admin\.gradle\wrapper\dists\gradle-8.2-bin\bbg7u40eoinfdyxsxr3z4i7ta\gradle-8.2\lib\agents\gradle-instrumentation-agent-8.2.jar 
java_command: org.gradle.launcher.daemon.bootstrap.GradleDaemon 8.2
java_class_path (initial): C:\Users\Admin\.gradle\wrapper\dists\gradle-8.2-bin\bbg7u40eoinfdyxsxr3z4i7ta\gradle-8.2\lib\gradle-launcher-8.2.jar
Launcher Type: SUN_STANDARD

[Global flags]
     intx CICompilerCount                          = 4                                         {product} {ergonomic}
     uint ConcGCThreads                            = 2                                         {product} {ergonomic}
     uint G1ConcRefinementThreads                  = 8                                         {product} {ergonomic}
   size_t G1HeapRegionSize                         = 1048576                                   {product} {ergonomic}
    uintx GCDrainStackTargetSize                   = 64                                        {product} {ergonomic}
   size_t InitialHeapSize                          = 132120576                                 {product} {ergonomic}
   size_t MarkStackSize                            = 4194304                                   {product} {ergonomic}
   size_t MaxHeapSize                              = 2147483648                                {product} {command line}
   size_t MaxNewSize                               = 1287651328                                {product} {ergonomic}
   size_t MinHeapDeltaBytes                        = 1048576                                   {product} {ergonomic}
   size_t MinHeapSize                              = 8388608                                   {product} {ergonomic}
    uintx NonNMethodCodeHeapSize                   = 5839372                                {pd product} {ergonomic}
    uintx NonProfiledCodeHeapSize                  = 122909434                              {pd product} {ergonomic}
    uintx ProfiledCodeHeapSize                     = 122909434                              {pd product} {ergonomic}
    uintx ReservedCodeCacheSize                    = 251658240                              {pd product} {ergonomic}
     bool SegmentedCodeCache                       = true                                      {product} {ergonomic}
   size_t SoftMaxHeapSize                          = 2147483648                             {manageable} {ergonomic}
     bool UseCompressedClassPointers               = true                           {product lp64_product} {ergonomic}
     bool UseCompressedOops                        = true                           {product lp64_product} {ergonomic}
     bool UseG1GC                                  = true                                      {product} {ergonomic}
     bool UseLargePagesIndividualAllocation        = false                                  {pd product} {ergonomic}

Logging:
Log output configuration:
 #0: stdout all=warning uptime,level,tags
 #1: stderr all=off uptime,level,tags

Environment Variables:
PATH=C:\Program Files\Microsoft\jdk-11.0.16.101-hotspot\bin;C:\Program Files (x86)\Common Files\Oracle\Java\javapath;C:\Program Files\Microsoft MPI\Bin\;C:\Program Files (x86)\VMWare1\bin\;C:\ProgramData\Oracle\Java\javapath;C:\WINDOWS\system32;C:\WINDOWS;C:\WINDOWS\System32\Wbem;C:\WINDOWS\System32\WindowsPowerShell\v1.0\;C:\WINDOWS\System32\OpenSSH\;C:\Program Files\Cloudflare\Cloudflare WARP;C:\Program Files (x86)\Microsoft SQL Server\150\Tools\Binn\;C:\Program Files\Microsoft SQL Server\150\Tools\Binn\;C:\Program Files (x86)\Microsoft SQL Server\150\DTS\Binn\;C:\Program Files\Microsoft SQL Server\150\DTS\Binn\;C:\Program Files\Microsoft SQL Server\Client SDK\ODBC\170\Tools\Binn\;C:\Program Files\Azure Data Studio\bin;C:\Program Files\dotnet\;C:\Program Files\Git\cmd;C:\Program Files\MySQL\MySQL Shell 8.0\bin\;C:\Users\Admin\AppData\Local\Microsoft\WindowsApps;C:\Program Files\Azure Data Studio\bin;C:\Users\Admin\AppData\Local\Programs\Microsoft VS Code\bin;C:\Users\Admin\.dotnet\tools;C:\Users\Admin\AppData\Local\JetBrains\Toolbox\scripts;;%USERPROFILE%\AppData\Local\Microsoft\WindowsApps
USERNAME=Admin
OS=Windows_NT
PROCESSOR_IDENTIFIER=Intel64 Family 6 Model 142 Stepping 11, GenuineIntel
TMP=C:\Users\Admin\AppData\Local\Temp
TEMP=C:\Users\Admin\AppData\Local\Temp


JNI global refs:
JNI global refs: 25, weak refs: 0

JNI global refs memory usage: 843, weak refs: 841

OOME stack traces (most recent first):
Classloader memory used:
Loader org.gradle.internal.classloader.VisitableURLClassLoader                         : 2296K
Loader bootstrap                                                                       : 2281K
Loader org.gradle.initialization.MixInLegacyTypesClassLoader                           : 458K
Loader jdk.internal.loader.ClassLoaders$PlatformClassLoader                            : 65417B
Loader jdk.internal.loader.ClassLoaders$AppClassLoader                                 : 28352B
Loader org.gradle.internal.classloader.VisitableURLClassLoader                         : 24377B
Loader jdk.internal.reflect.DelegatingClassLoader                                      : 11994B

Classes loaded by more than one classloader:
Class org.gradle.api.GradleException                                                  : loaded 3 times (x 80B)
Class org.gradle.util.GradleVersion                                                   : loaded 2 times (x 81B)
Class org.gradle.internal.classpath.ClassPath                                         : loaded 2 times (x 68B)
Class org.gradle.api.internal.classpath.DefaultModuleRegistry                         : loaded 2 times (x 84B)
Class org.gradle.api.Action                                                           : loaded 2 times (x 68B)
Class org.gradle.api.internal.DefaultClassPathProvider                                : loaded 2 times (x 74B)
Class org.gradle.internal.installation.GradleInstallation$1                           : loaded 2 times (x 73B)
Class org.gradle.internal.exceptions.DefaultMultiCauseException                       : loaded 2 times (x 85B)
Class org.gradle.internal.time.MonotonicClock                                         : loaded 2 times (x 75B)
Class org.gradle.internal.classloader.FilteringClassLoader                            : loaded 2 times (x 102B)
Class org.gradle.internal.classpath.DefaultClassPath$ImmutableUniqueList$Builder      : loaded 2 times (x 73B)
Class kotlin.UninitializedPropertyAccessException                                     : loaded 2 times (x 80B)
Class org.gradle.internal.classloader.ClassLoaderVisitor                              : loaded 2 times (x 74B)
Class org.gradle.internal.time.DefaultCountdownTimer                                  : loaded 2 times (x 86B)
Class org.gradle.internal.service.DefaultServiceLocator                               : loaded 2 times (x 81B)
Class org.gradle.internal.service.UnknownServiceException                             : loaded 2 times (x 81B)
Class org.gradle.internal.classloader.DefaultClassLoaderFactory                       : loaded 2 times (x 80B)
Class org.gradle.internal.classloader.VisitableURLClassLoader$Spec                    : loaded 2 times (x 72B)
Class org.gradle.tooling.model.ProjectModel                                           : loaded 2 times (x 68B)
Class org.gradle.internal.installation.GradleInstallation                             : loaded 2 times (x 73B)
Class org.gradle.api.internal.classpath.ModuleRegistry                                : loaded 2 times (x 68B)
Class org.gradle.api.internal.ClassPathProvider                                       : loaded 2 times (x 68B)
Class org.gradle.internal.classloader.ClasspathUtil$1                                 : loaded 2 times (x 74B)
Class org.gradle.internal.classloader.ClassLoaderFactory                              : loaded 2 times (x 68B)
Class org.gradle.api.internal.classpath.ManifestUtil                                  : loaded 2 times (x 69B)
Class org.gradle.api.specs.Spec                                                       : loaded 2 times (x 68B)
Class kotlin.jvm.internal.Intrinsics                                                  : loaded 2 times (x 69B)
Class org.gradle.internal.IoActions                                                   : loaded 2 times (x 69B)
Class org.gradle.api.internal.classpath.EffectiveClassPath                            : loaded 2 times (x 88B)
Class org.gradle.internal.installation.CurrentGradleInstallation                      : loaded 2 times (x 71B)
Class org.gradle.internal.agents.InstrumentingClassLoader                             : loaded 2 times (x 68B)
Class org.gradle.internal.installation.CurrentGradleInstallationLocator               : loaded 2 times (x 69B)
Class org.gradle.api.internal.classpath.Module                                        : loaded 2 times (x 68B)
Class org.gradle.internal.service.CachingServiceLocator                               : loaded 2 times (x 80B)
Class org.gradle.internal.time.Timer                                                  : loaded 2 times (x 68B)
Class org.gradle.internal.classpath.DefaultClassPath                                  : loaded 2 times (x 88B)
Class org.gradle.internal.time.Time                                                   : loaded 2 times (x 69B)
Class org.gradle.internal.time.TimeSource$1                                           : loaded 2 times (x 75B)
Class kotlin.KotlinNullPointerException                                               : loaded 2 times (x 81B)
Class org.gradle.internal.classloader.SystemClassLoaderSpec                           : loaded 2 times (x 69B)
Class org.gradle.api.UncheckedIOException                                             : loaded 2 times (x 80B)
Class org.gradle.internal.time.CountdownTimer                                         : loaded 2 times (x 68B)
Class org.gradle.internal.time.Clock                                                  : loaded 2 times (x 68B)
Class org.gradle.internal.classloader.ClasspathUtil                                   : loaded 2 times (x 69B)
Class org.gradle.api.internal.DefaultClassPathRegistry                                : loaded 2 times (x 74B)
Class org.gradle.api.internal.classpath.DefaultModuleRegistry$DefaultModule           : loaded 2 times (x 84B)
Class org.gradle.internal.time.TimeSource                                             : loaded 2 times (x 68B)
Class org.gradle.api.internal.classpath.UnknownModuleException                        : loaded 2 times (x 80B)
Class org.gradle.internal.service.ServiceLookupException                              : loaded 2 times (x 80B)
Class org.gradle.cache.GlobalCache                                                    : loaded 2 times (x 68B)
Class [Lorg.gradle.api.internal.ClassPathProvider;                                    : loaded 2 times (x 67B)
Class org.gradle.internal.operations.MultipleBuildOperationFailures                   : loaded 2 times (x 85B)
Class org.gradle.util.internal.GUtil                                                  : loaded 2 times (x 69B)
Class org.gradle.internal.classloader.ClassLoaderSpec                                 : loaded 2 times (x 69B)
Class org.gradle.internal.classloader.VisitableURLClassLoader                         : loaded 2 times (x 114B)
Class org.gradle.internal.Cast                                                        : loaded 2 times (x 69B)
Class org.gradle.api.internal.ClassPathRegistry                                       : loaded 2 times (x 68B)
Class org.gradle.internal.classloader.VisitableURLClassLoader$InstrumentingVisitableURLClassLoader: loaded 2 times (x 120B)
Class org.gradle.internal.classloader.ClassLoaderHierarchy                            : loaded 2 times (x 68B)
Class org.gradle.internal.exceptions.MultiCauseException                              : loaded 2 times (x 68B)
Class org.gradle.internal.InternalTransformer                                         : loaded 2 times (x 68B)
Class org.gradle.internal.service.ServiceLocator                                      : loaded 2 times (x 68B)
Class org.gradle.internal.classpath.DefaultClassPath$ImmutableUniqueList              : loaded 2 times (x 159B)
Class org.gradle.internal.time.DefaultTimer                                           : loaded 2 times (x 78B)
Class org.gradle.internal.classpath.TransformedClassPath                              : loaded 2 times (x 94B)


---------------  S Y S T E M  ---------------

OS:
 Windows 10 , 64 bit Build 19041 (10.0.19041.3636)
OS uptime: 3 days 9:39 hours

CPU: total 8 (initial active 8) (4 cores per cpu, 2 threads per core) family 6 model 142 stepping 11 microcode 0xae, cx8, cmov, fxsr, ht, mmx, 3dnowpref, sse, sse2, sse3, ssse3, sse4.1, sse4.2, popcnt, lzcnt, tsc, tscinvbit, avx, avx2, aes, erms, clmul, bmi1, bmi2, adx, fma, vzeroupper, clflush, clflushopt

Memory: 4k page, system-wide physical 7967M (450M free)
TotalPageFile size 24351M (AvailPageFile size 12M)
current process WorkingSet (physical memory assigned to process): 216M, peak: 222M
current process commit charge ("private bytes"): 255M, peak: 269M

vm_info: OpenJDK 64-Bit Server VM (17.0.7+0-b2043.56-10550314) for windows-amd64 JRE (17.0.7+0-b2043.56-10550314), built on Jul 24 2023 18:27:45 by "androidbuild" with MS VC++ 16.10 / 16.11 (VS2019)

END.
