#
# There is insufficient memory for the Java Runtime Environment to continue.
# Native memory allocation (malloc) failed to allocate 1043168 bytes for Chunk::new
# Possible reasons:
#   The system is out of physical RAM or swap space
#   The process is running with CompressedOops enabled, and the Java Heap may be blocking the growth of the native heap
# Possible solutions:
#   Reduce memory load on the system
#   Increase physical memory or swap space
#   Check if swap backing store is full
#   Decrease Java heap size (-Xmx/-Xms)
#   Decrease number of Java threads
#   Decrease Java thread stack sizes (-Xss)
#   Set larger code cache with -XX:ReservedCodeCacheSize=
#   JVM is running with Unscaled Compressed Oops mode in which the Java heap is
#     placed in the first 4GB address space. The Java Heap base address is the
#     maximum limit for the native heap growth. Please use -XX:HeapBaseMinAddress
#     to set the Java Heap base and to place the Java Heap above 4GB virtual address.
# This output file may be truncated or incomplete.
#
#  Out of Memory Error (arena.cpp:189), pid=19176, tid=14184
#
# JRE version: OpenJDK Runtime Environment (17.0.7) (build 17.0.7+0-b2043.56-10550314)
# Java VM: OpenJDK 64-Bit Server VM (17.0.7+0-b2043.56-10550314, mixed mode, tiered, compressed oops, compressed class ptrs, g1 gc, windows-amd64)
# No core dump will be written. Minidumps are not enabled by default on client versions of Windows
#

---------------  S U M M A R Y ------------

Command Line: --add-opens=java.base/java.util=ALL-UNNAMED --add-opens=java.base/java.lang=ALL-UNNAMED --add-opens=java.base/java.lang.invoke=ALL-UNNAMED --add-opens=java.prefs/java.util.prefs=ALL-UNNAMED --add-opens=java.base/java.nio.charset=ALL-UNNAMED --add-opens=java.base/java.net=ALL-UNNAMED --add-opens=java.base/java.util.concurrent.atomic=ALL-UNNAMED -Xmx2048m -Dfile.encoding=UTF-8 -Duser.country=US -Duser.language=en -Duser.variant -javaagent:C:\Users\Admin\.gradle\wrapper\dists\gradle-8.2-bin\bbg7u40eoinfdyxsxr3z4i7ta\gradle-8.2\lib\agents\gradle-instrumentation-agent-8.2.jar org.gradle.launcher.daemon.bootstrap.GradleDaemon 8.2

Host: Intel(R) Core(TM) i5-8265U CPU @ 1.60GHz, 8 cores, 7G,  Windows 10 , 64 bit Build 19041 (10.0.19041.3636)
Time: Sun Mar 10 17:26:53 2024 SE Asia Standard Time elapsed time: 5.451193 seconds (0d 0h 0m 5s)

---------------  T H R E A D  ---------------

Current thread (0x000001b5654580b0):  JavaThread "C2 CompilerThread1" daemon [_thread_in_native, id=14184, stack(0x00000038add00000,0x00000038ade00000)]


Current CompileTask:
C2:   5451 3863       4       org.objectweb.asm.Frame::execute (2318 bytes)

Stack: [0x00000038add00000,0x00000038ade00000]
Native frames: (J=compiled Java code, j=interpreted, Vv=VM code, C=native code)
V  [jvm.dll+0x683bfa]
V  [jvm.dll+0x8430a4]
V  [jvm.dll+0x8449be]
V  [jvm.dll+0x845023]
V  [jvm.dll+0x24ad2f]
V  [jvm.dll+0xac25c]
V  [jvm.dll+0xac82c]
V  [jvm.dll+0x36a187]
V  [jvm.dll+0x1be138]
V  [jvm.dll+0x21d3a9]
V  [jvm.dll+0x21c671]
V  [jvm.dll+0x1a605d]
V  [jvm.dll+0x22c148]
V  [jvm.dll+0x22a209]
V  [jvm.dll+0x7f858c]
V  [jvm.dll+0x7f2aea]
V  [jvm.dll+0x682a35]
C  [ucrtbase.dll+0x21bb2]
C  [KERNEL32.DLL+0x17344]
C  [ntdll.dll+0x526b1]


---------------  P R O C E S S  ---------------

Threads class SMR info:
_java_thread_list=0x000001b567f516a0, length=44, elements={
0x000001b54686adb0, 0x000001b5606c8930, 0x000001b5606c9cc0, 0x000001b5606f99e0,
0x000001b56085f3e0, 0x000001b56085fca0, 0x000001b560870930, 0x000001b5608711f0,
0x000001b560871af0, 0x000001b560874400, 0x000001b5608a46d0, 0x000001b560adbea0,
0x000001b56702a300, 0x000001b5675aaac0, 0x000001b5669b12f0, 0x000001b5654580b0,
0x000001b56555e420, 0x000001b56555e8f0, 0x000001b56670f530, 0x000001b566712a20,
0x000001b566712080, 0x000001b56670fa00, 0x000001b566711bb0, 0x000001b566710870,
0x000001b5667116e0, 0x000001b5667103a0, 0x000001b566710d40, 0x000001b566711210,
0x000001b566712550, 0x000001b56670f060, 0x000001b56805da40, 0x000001b56805b890,
0x000001b56805bd60, 0x000001b568058870, 0x000001b568057a00, 0x000001b56805df10,
0x000001b56805e3e0, 0x000001b56805cbd0, 0x000001b568059210, 0x000001b56805e8b0,
0x000001b56805d0a0, 0x000001b56805d570, 0x000001b568057ed0, 0x000001b568059bb0
}

Java Threads: ( => current thread )
  0x000001b54686adb0 JavaThread "main" [_thread_blocked, id=1640, stack(0x00000038ac300000,0x00000038ac400000)]
  0x000001b5606c8930 JavaThread "Reference Handler" daemon [_thread_blocked, id=18560, stack(0x00000038aca00000,0x00000038acb00000)]
  0x000001b5606c9cc0 JavaThread "Finalizer" daemon [_thread_blocked, id=5984, stack(0x00000038acb00000,0x00000038acc00000)]
  0x000001b5606f99e0 JavaThread "Signal Dispatcher" daemon [_thread_blocked, id=7908, stack(0x00000038acc00000,0x00000038acd00000)]
  0x000001b56085f3e0 JavaThread "Attach Listener" daemon [_thread_blocked, id=17760, stack(0x00000038acd00000,0x00000038ace00000)]
  0x000001b56085fca0 JavaThread "Service Thread" daemon [_thread_blocked, id=11640, stack(0x00000038ace00000,0x00000038acf00000)]
  0x000001b560870930 JavaThread "Monitor Deflation Thread" daemon [_thread_blocked, id=20092, stack(0x00000038acf00000,0x00000038ad000000)]
  0x000001b5608711f0 JavaThread "C2 CompilerThread0" daemon [_thread_in_native, id=5040, stack(0x00000038ad000000,0x00000038ad100000)]
  0x000001b560871af0 JavaThread "C1 CompilerThread0" daemon [_thread_blocked, id=11288, stack(0x00000038ad100000,0x00000038ad200000)]
  0x000001b560874400 JavaThread "Sweeper thread" daemon [_thread_blocked, id=4272, stack(0x00000038ad200000,0x00000038ad300000)]
  0x000001b5608a46d0 JavaThread "Common-Cleaner" daemon [_thread_blocked, id=18576, stack(0x00000038ad300000,0x00000038ad400000)]
  0x000001b560adbea0 JavaThread "Notification Thread" daemon [_thread_blocked, id=20024, stack(0x00000038ad400000,0x00000038ad500000)]
  0x000001b56702a300 JavaThread "Daemon health stats" [_thread_blocked, id=20260, stack(0x00000038adb00000,0x00000038adc00000)]
  0x000001b5675aaac0 JavaThread "Incoming local TCP Connector on port 58767" [_thread_in_native, id=14432, stack(0x00000038adc00000,0x00000038add00000)]
  0x000001b5669b12f0 JavaThread "Daemon periodic checks" [_thread_blocked, id=13080, stack(0x00000038ada00000,0x00000038adb00000)]
=>0x000001b5654580b0 JavaThread "C2 CompilerThread1" daemon [_thread_in_native, id=14184, stack(0x00000038add00000,0x00000038ade00000)]
  0x000001b56555e420 JavaThread "Daemon" [_thread_blocked, id=9968, stack(0x00000038ade00000,0x00000038adf00000)]
  0x000001b56555e8f0 JavaThread "Handler for socket connection from /127.0.0.1:58767 to /127.0.0.1:58768" [_thread_in_native, id=19800, stack(0x00000038adf00000,0x00000038ae000000)]
  0x000001b56670f530 JavaThread "Cancel handler" [_thread_blocked, id=16300, stack(0x00000038ae000000,0x00000038ae100000)]
  0x000001b566712a20 JavaThread "Daemon worker" [_thread_in_vm, id=20200, stack(0x00000038ae100000,0x00000038ae200000)]
  0x000001b566712080 JavaThread "Asynchronous log dispatcher for DefaultDaemonConnection: socket connection from /127.0.0.1:58767 to /127.0.0.1:58768" [_thread_blocked, id=3736, stack(0x00000038ae200000,0x00000038ae300000)]
  0x000001b56670fa00 JavaThread "Stdin handler" [_thread_blocked, id=17280, stack(0x00000038ae300000,0x00000038ae400000)]
  0x000001b566711bb0 JavaThread "Daemon client event forwarder" [_thread_blocked, id=5224, stack(0x00000038ae400000,0x00000038ae500000)]
  0x000001b566710870 JavaThread "Cache worker for journal cache (C:\Users\Admin\.gradle\caches\journal-1)" [_thread_blocked, id=4576, stack(0x00000038ae900000,0x00000038aea00000)]
  0x000001b5667116e0 JavaThread "File lock request listener" [_thread_in_native, id=8992, stack(0x00000038aea00000,0x00000038aeb00000)]
  0x000001b5667103a0 JavaThread "Cache worker for file hash cache (C:\Users\Admin\.gradle\caches\8.2\fileHashes)" [_thread_blocked, id=6976, stack(0x00000038aeb00000,0x00000038aec00000)]
  0x000001b566710d40 JavaThread "File watcher server" daemon [_thread_in_native, id=5776, stack(0x00000038aec00000,0x00000038aed00000)]
  0x000001b566711210 JavaThread "File watcher consumer" daemon [_thread_blocked, id=16580, stack(0x00000038aed00000,0x00000038aee00000)]
  0x000001b566712550 JavaThread "jar transforms" [_thread_blocked, id=8728, stack(0x00000038aee00000,0x00000038aef00000)]
  0x000001b56670f060 JavaThread "jar transforms Thread 2" [_thread_blocked, id=10060, stack(0x00000038aef00000,0x00000038af000000)]
  0x000001b56805da40 JavaThread "jar transforms Thread 3" [_thread_blocked, id=4680, stack(0x00000038af000000,0x00000038af100000)]
  0x000001b56805b890 JavaThread "jar transforms Thread 4" [_thread_blocked, id=1180, stack(0x00000038af100000,0x00000038af200000)]
  0x000001b56805bd60 JavaThread "jar transforms Thread 5" [_thread_blocked, id=18000, stack(0x00000038af200000,0x00000038af300000)]
  0x000001b568058870 JavaThread "jar transforms Thread 6" [_thread_blocked, id=1040, stack(0x00000038af300000,0x00000038af400000)]
  0x000001b568057a00 JavaThread "Cache worker for checksums cache (D:\Ki_7\PRM392\EasyLicence\.gradle\8.2\checksums)" [_thread_blocked, id=3892, stack(0x00000038af400000,0x00000038af500000)]
  0x000001b56805df10 JavaThread "Cache worker for cache directory md-rule (C:\Users\Admin\.gradle\caches\8.2\md-rule)" [_thread_blocked, id=15516, stack(0x00000038af500000,0x00000038af600000)]
  0x000001b56805e3e0 JavaThread "Cache worker for file content cache (C:\Users\Admin\.gradle\caches\8.2\fileContent)" [_thread_blocked, id=18164, stack(0x00000038af600000,0x00000038af700000)]
  0x000001b56805cbd0 JavaThread "Cache worker for file hash cache (D:\Ki_7\PRM392\EasyLicence\.gradle\8.2\fileHashes)" [_thread_blocked, id=14796, stack(0x00000038af700000,0x00000038af800000)]
  0x000001b568059210 JavaThread "Cache worker for cache directory md-supplier (C:\Users\Admin\.gradle\caches\8.2\md-supplier)" [_thread_blocked, id=20436, stack(0x00000038af800000,0x00000038af900000)]
  0x000001b56805e8b0 JavaThread "Cache worker for execution history cache (C:\Users\Admin\.gradle\caches\8.2\executionHistory)" [_thread_blocked, id=5952, stack(0x00000038af900000,0x00000038afa00000)]
  0x000001b56805d0a0 JavaThread "Cache worker for kotlin-dsl (C:\Users\Admin\.gradle\caches\8.2\kotlin-dsl)" [_thread_blocked, id=18484, stack(0x00000038afa00000,0x00000038afb00000)]
  0x000001b56805d570 JavaThread "jar transforms Thread 7" [_thread_blocked, id=11056, stack(0x00000038afb00000,0x00000038afc00000)]
  0x000001b568057ed0 JavaThread "jar transforms Thread 8" [_thread_blocked, id=20160, stack(0x00000038afc00000,0x00000038afd00000)]
  0x000001b568059bb0 JavaThread "Cache worker for dependencies-accessors (D:\Ki_7\PRM392\EasyLicence\.gradle\8.2\dependencies-accessors)" [_thread_blocked, id=13896, stack(0x00000038afd00000,0x00000038afe00000)]

Other Threads:
  0x000001b5606c5d10 VMThread "VM Thread" [stack: 0x00000038ac900000,0x00000038aca00000] [id=5988]
  0x000001b54686bc70 WatcherThread [stack: 0x00000038ad500000,0x00000038ad600000] [id=14428]
  0x000001b54482e7d0 GCTaskThread "GC Thread#0" [stack: 0x00000038ac400000,0x00000038ac500000] [id=11272]
  0x000001b565d4a920 GCTaskThread "GC Thread#1" [stack: 0x00000038ad700000,0x00000038ad800000] [id=15080]
  0x000001b5652b8be0 GCTaskThread "GC Thread#2" [stack: 0x00000038ad800000,0x00000038ad900000] [id=9640]
  0x000001b565bd27f0 GCTaskThread "GC Thread#3" [stack: 0x00000038ad900000,0x00000038ada00000] [id=6384]
  0x000001b565228c90 GCTaskThread "GC Thread#4" [stack: 0x00000038ad600000,0x00000038ad700000] [id=2336]
  0x000001b565c850f0 GCTaskThread "GC Thread#5" [stack: 0x00000038ae500000,0x00000038ae600000] [id=700]
  0x000001b567798d10 GCTaskThread "GC Thread#6" [stack: 0x00000038ae600000,0x00000038ae700000] [id=11656]
  0x000001b565789aa0 GCTaskThread "GC Thread#7" [stack: 0x00000038ae700000,0x00000038ae800000] [id=10964]
  0x000001b5468d2c70 ConcurrentGCThread "G1 Main Marker" [stack: 0x00000038ac500000,0x00000038ac600000] [id=4348]
  0x000001b5468d3d30 ConcurrentGCThread "G1 Conc#0" [stack: 0x00000038ac600000,0x00000038ac700000] [id=8956]
  0x000001b5658e1850 ConcurrentGCThread "G1 Conc#1" [stack: 0x00000038ae800000,0x00000038ae900000] [id=16896]
  0x000001b54692e640 ConcurrentGCThread "G1 Refine#0" [stack: 0x00000038ac700000,0x00000038ac800000] [id=11416]
  0x000001b5605330d0 ConcurrentGCThread "G1 Service" [stack: 0x00000038ac800000,0x00000038ac900000] [id=1584]

Threads with active compile tasks:
C2 CompilerThread0     5477 3889       4       jdk.internal.loader.URLClassPath::getResource (74 bytes)
C2 CompilerThread1     5477 3863       4       org.objectweb.asm.Frame::execute (2318 bytes)

VM state: not at safepoint (normal execution)

VM Mutex/Monitor currently owned by a thread: None

Heap address: 0x0000000080000000, size: 2048 MB, Compressed Oops mode: 32-bit

CDS archive(s) not mapped
Compressed class space mapped at: 0x0000000100000000-0x0000000140000000, reserved size: 1073741824
Narrow klass base: 0x0000000000000000, Narrow klass shift: 3, Narrow klass range: 0x140000000

GC Precious Log:
 CPUs: 8 total, 8 available
 Memory: 7967M
 Large Page Support: Disabled
 NUMA Support: Disabled
 Compressed Oops: Enabled (32-bit)
 Heap Region Size: 1M
 Heap Min Capacity: 8M
 Heap Initial Capacity: 126M
 Heap Max Capacity: 2G
 Pre-touch: Disabled
 Parallel Workers: 8
 Concurrent Workers: 2
 Concurrent Refinement Workers: 8
 Periodic GC: Disabled

Heap:
 garbage-first heap   total 91136K, used 52007K [0x0000000080000000, 0x0000000100000000)
  region size 1024K, 17 young (17408K), 2 survivors (2048K)
 Metaspace       used 47338K, committed 47744K, reserved 1114112K
  class space    used 6341K, committed 6528K, reserved 1048576K

Heap Regions: E=young(eden), S=young(survivor), O=old, HS=humongous(starts), HC=humongous(continues), CS=collection set, F=free, OA=open archive, CA=closed archive, TAMS=top-at-mark-start (previous, next)
|   0|0x0000000080000000, 0x0000000080100000, 0x0000000080100000|100%|HS|  |TAMS 0x0000000080100000, 0x0000000080000000| Complete 
|   1|0x0000000080100000, 0x0000000080200000, 0x0000000080200000|100%|HC|  |TAMS 0x0000000080200000, 0x0000000080100000| Complete 
|   2|0x0000000080200000, 0x0000000080300000, 0x0000000080300000|100%|HC|  |TAMS 0x0000000080300000, 0x0000000080200000| Complete 
|   3|0x0000000080300000, 0x0000000080400000, 0x0000000080400000|100%|HC|  |TAMS 0x0000000080400000, 0x0000000080300000| Complete 
|   4|0x0000000080400000, 0x0000000080500000, 0x0000000080500000|100%| O|  |TAMS 0x0000000080500000, 0x0000000080400000| Untracked 
|   5|0x0000000080500000, 0x0000000080600000, 0x0000000080600000|100%| O|  |TAMS 0x0000000080600000, 0x0000000080500000| Untracked 
|   6|0x0000000080600000, 0x0000000080700000, 0x0000000080700000|100%| O|  |TAMS 0x0000000080700000, 0x0000000080600000| Untracked 
|   7|0x0000000080700000, 0x0000000080800000, 0x0000000080800000|100%| O|  |TAMS 0x0000000080800000, 0x0000000080700000| Untracked 
|   8|0x0000000080800000, 0x0000000080900000, 0x0000000080900000|100%| O|  |TAMS 0x0000000080900000, 0x0000000080800000| Untracked 
|   9|0x0000000080900000, 0x0000000080a00000, 0x0000000080a00000|100%| O|  |TAMS 0x0000000080a00000, 0x0000000080900000| Untracked 
|  10|0x0000000080a00000, 0x0000000080b00000, 0x0000000080b00000|100%| O|  |TAMS 0x0000000080b00000, 0x0000000080a00000| Untracked 
|  11|0x0000000080b00000, 0x0000000080c00000, 0x0000000080c00000|100%| O|  |TAMS 0x0000000080c00000, 0x0000000080b00000| Untracked 
|  12|0x0000000080c00000, 0x0000000080d00000, 0x0000000080d00000|100%| O|  |TAMS 0x0000000080d00000, 0x0000000080c00000| Untracked 
|  13|0x0000000080d00000, 0x0000000080e00000, 0x0000000080e00000|100%| O|  |TAMS 0x0000000080e00000, 0x0000000080d00000| Untracked 
|  14|0x0000000080e00000, 0x0000000080f00000, 0x0000000080f00000|100%| O|  |TAMS 0x0000000080f00000, 0x0000000080e00000| Untracked 
|  15|0x0000000080f00000, 0x0000000081000000, 0x0000000081000000|100%| O|  |TAMS 0x0000000081000000, 0x0000000080f00000| Untracked 
|  16|0x0000000081000000, 0x0000000081100000, 0x0000000081100000|100%| O|  |TAMS 0x0000000081100000, 0x0000000081000000| Untracked 
|  17|0x0000000081100000, 0x0000000081200000, 0x0000000081200000|100%| O|  |TAMS 0x0000000081200000, 0x0000000081100000| Untracked 
|  18|0x0000000081200000, 0x0000000081300000, 0x0000000081300000|100%| O|  |TAMS 0x0000000081300000, 0x0000000081200000| Untracked 
|  19|0x0000000081300000, 0x0000000081400000, 0x0000000081400000|100%| O|  |TAMS 0x0000000081400000, 0x0000000081300000| Untracked 
|  20|0x0000000081400000, 0x0000000081400000, 0x0000000081500000|  0%| F|  |TAMS 0x0000000081400000, 0x0000000081400000| Untracked 
|  21|0x0000000081500000, 0x0000000081600000, 0x0000000081600000|100%|HS|  |TAMS 0x0000000081600000, 0x0000000081500000| Complete 
|  22|0x0000000081600000, 0x0000000081700000, 0x0000000081700000|100%|HC|  |TAMS 0x0000000081700000, 0x0000000081600000| Complete 
|  23|0x0000000081700000, 0x0000000081800000, 0x0000000081800000|100%|HS|  |TAMS 0x0000000081800000, 0x0000000081700000| Complete 
|  24|0x0000000081800000, 0x0000000081900000, 0x0000000081900000|100%|HC|  |TAMS 0x0000000081900000, 0x0000000081800000| Complete 
|  25|0x0000000081900000, 0x0000000081a00000, 0x0000000081a00000|100%|HC|  |TAMS 0x0000000081a00000, 0x0000000081900000| Complete 
|  26|0x0000000081a00000, 0x0000000081b00000, 0x0000000081b00000|100%|HS|  |TAMS 0x0000000081b00000, 0x0000000081a00000| Complete 
|  27|0x0000000081b00000, 0x0000000081c00000, 0x0000000081c00000|100%|HC|  |TAMS 0x0000000081c00000, 0x0000000081b00000| Complete 
|  28|0x0000000081c00000, 0x0000000081d00000, 0x0000000081d00000|100%| O|  |TAMS 0x0000000081d00000, 0x0000000081c00000| Untracked 
|  29|0x0000000081d00000, 0x0000000081e00000, 0x0000000081e00000|100%| O|  |TAMS 0x0000000081d44000, 0x0000000081d00000| Untracked 
|  30|0x0000000081e00000, 0x0000000081f00000, 0x0000000081f00000|100%| O|  |TAMS 0x0000000081e00000, 0x0000000081e00000| Untracked 
|  31|0x0000000081f00000, 0x0000000082000000, 0x0000000082000000|100%| O|  |TAMS 0x0000000081f00000, 0x0000000081f00000| Untracked 
|  32|0x0000000082000000, 0x0000000082100000, 0x0000000082100000|100%| O|  |TAMS 0x0000000082000000, 0x0000000082000000| Untracked 
|  33|0x0000000082100000, 0x0000000082200000, 0x0000000082200000|100%| O|  |TAMS 0x0000000082100000, 0x0000000082100000| Untracked 
|  34|0x0000000082200000, 0x0000000082300000, 0x0000000082300000|100%| O|  |TAMS 0x0000000082200000, 0x0000000082200000| Untracked 
|  35|0x0000000082300000, 0x00000000823e6c00, 0x0000000082400000| 90%| O|  |TAMS 0x0000000082300000, 0x0000000082300000| Untracked 
|  36|0x0000000082400000, 0x0000000082400000, 0x0000000082500000|  0%| F|  |TAMS 0x0000000082400000, 0x0000000082400000| Untracked 
|  37|0x0000000082500000, 0x0000000082500000, 0x0000000082600000|  0%| F|  |TAMS 0x0000000082500000, 0x0000000082500000| Untracked 
|  38|0x0000000082600000, 0x0000000082600000, 0x0000000082700000|  0%| F|  |TAMS 0x0000000082600000, 0x0000000082600000| Untracked 
|  39|0x0000000082700000, 0x0000000082700000, 0x0000000082800000|  0%| F|  |TAMS 0x0000000082700000, 0x0000000082700000| Untracked 
|  40|0x0000000082800000, 0x0000000082800000, 0x0000000082900000|  0%| F|  |TAMS 0x0000000082800000, 0x0000000082800000| Untracked 
|  41|0x0000000082900000, 0x0000000082900000, 0x0000000082a00000|  0%| F|  |TAMS 0x0000000082900000, 0x0000000082900000| Untracked 
|  42|0x0000000082a00000, 0x0000000082a00000, 0x0000000082b00000|  0%| F|  |TAMS 0x0000000082a00000, 0x0000000082a00000| Untracked 
|  43|0x0000000082b00000, 0x0000000082b00000, 0x0000000082c00000|  0%| F|  |TAMS 0x0000000082b00000, 0x0000000082b00000| Untracked 
|  44|0x0000000082c00000, 0x0000000082c00000, 0x0000000082d00000|  0%| F|  |TAMS 0x0000000082c00000, 0x0000000082c00000| Untracked 
|  45|0x0000000082d00000, 0x0000000082d00000, 0x0000000082e00000|  0%| F|  |TAMS 0x0000000082d00000, 0x0000000082d00000| Untracked 
|  46|0x0000000082e00000, 0x0000000082e00000, 0x0000000082f00000|  0%| F|  |TAMS 0x0000000082e00000, 0x0000000082e00000| Untracked 
|  47|0x0000000082f00000, 0x0000000082f00000, 0x0000000083000000|  0%| F|  |TAMS 0x0000000082f00000, 0x0000000082f00000| Untracked 
|  48|0x0000000083000000, 0x0000000083000000, 0x0000000083100000|  0%| F|  |TAMS 0x0000000083000000, 0x0000000083000000| Untracked 
|  49|0x0000000083100000, 0x0000000083100000, 0x0000000083200000|  0%| F|  |TAMS 0x0000000083100000, 0x0000000083100000| Untracked 
|  50|0x0000000083200000, 0x0000000083200000, 0x0000000083300000|  0%| F|  |TAMS 0x0000000083200000, 0x0000000083200000| Untracked 
|  51|0x0000000083300000, 0x00000000833e31c8, 0x0000000083400000| 88%| S|CS|TAMS 0x0000000083300000, 0x0000000083300000| Complete 
|  52|0x0000000083400000, 0x0000000083500000, 0x0000000083500000|100%| S|CS|TAMS 0x0000000083400000, 0x0000000083400000| Complete 
|  53|0x0000000083500000, 0x0000000083500000, 0x0000000083600000|  0%| F|  |TAMS 0x0000000083500000, 0x0000000083500000| Untracked 
|  54|0x0000000083600000, 0x0000000083600000, 0x0000000083700000|  0%| F|  |TAMS 0x0000000083600000, 0x0000000083600000| Untracked 
|  55|0x0000000083700000, 0x0000000083700000, 0x0000000083800000|  0%| F|  |TAMS 0x0000000083700000, 0x0000000083700000| Untracked 
|  56|0x0000000083800000, 0x0000000083800000, 0x0000000083900000|  0%| F|  |TAMS 0x0000000083800000, 0x0000000083800000| Untracked 
|  57|0x0000000083900000, 0x0000000083900000, 0x0000000083a00000|  0%| F|  |TAMS 0x0000000083900000, 0x0000000083900000| Untracked 
|  58|0x0000000083a00000, 0x0000000083a00000, 0x0000000083b00000|  0%| F|  |TAMS 0x0000000083a00000, 0x0000000083a00000| Untracked 
|  59|0x0000000083b00000, 0x0000000083b00000, 0x0000000083c00000|  0%| F|  |TAMS 0x0000000083b00000, 0x0000000083b00000| Untracked 
|  60|0x0000000083c00000, 0x0000000083c00000, 0x0000000083d00000|  0%| F|  |TAMS 0x0000000083c00000, 0x0000000083c00000| Untracked 
|  61|0x0000000083d00000, 0x0000000083d00000, 0x0000000083e00000|  0%| F|  |TAMS 0x0000000083d00000, 0x0000000083d00000| Untracked 
|  62|0x0000000083e00000, 0x0000000083e00000, 0x0000000083f00000|  0%| F|  |TAMS 0x0000000083e00000, 0x0000000083e00000| Untracked 
|  63|0x0000000083f00000, 0x0000000083f00000, 0x0000000084000000|  0%| F|  |TAMS 0x0000000083f00000, 0x0000000083f00000| Untracked 
|  64|0x0000000084000000, 0x0000000084000000, 0x0000000084100000|  0%| F|  |TAMS 0x0000000084000000, 0x0000000084000000| Untracked 
|  65|0x0000000084100000, 0x0000000084100000, 0x0000000084200000|  0%| F|  |TAMS 0x0000000084100000, 0x0000000084100000| Untracked 
|  66|0x0000000084200000, 0x0000000084200000, 0x0000000084300000|  0%| F|  |TAMS 0x0000000084200000, 0x0000000084200000| Untracked 
|  67|0x0000000084300000, 0x0000000084300000, 0x0000000084400000|  0%| F|  |TAMS 0x0000000084300000, 0x0000000084300000| Untracked 
|  68|0x0000000084400000, 0x0000000084400000, 0x0000000084500000|  0%| F|  |TAMS 0x0000000084400000, 0x0000000084400000| Untracked 
|  69|0x0000000084500000, 0x0000000084500000, 0x0000000084600000|  0%| F|  |TAMS 0x0000000084500000, 0x0000000084500000| Untracked 
|  70|0x0000000084600000, 0x0000000084600000, 0x0000000084700000|  0%| F|  |TAMS 0x0000000084600000, 0x0000000084600000| Untracked 
|  71|0x0000000084700000, 0x0000000084700000, 0x0000000084800000|  0%| F|  |TAMS 0x0000000084700000, 0x0000000084700000| Untracked 
|  72|0x0000000084800000, 0x0000000084800000, 0x0000000084900000|  0%| F|  |TAMS 0x0000000084800000, 0x0000000084800000| Untracked 
|  73|0x0000000084900000, 0x0000000084980800, 0x0000000084a00000| 50%| E|  |TAMS 0x0000000084900000, 0x0000000084900000| Complete 
|  74|0x0000000084a00000, 0x0000000084b00000, 0x0000000084b00000|100%| E|CS|TAMS 0x0000000084a00000, 0x0000000084a00000| Complete 
|  75|0x0000000084b00000, 0x0000000084c00000, 0x0000000084c00000|100%| E|CS|TAMS 0x0000000084b00000, 0x0000000084b00000| Complete 
|  76|0x0000000084c00000, 0x0000000084d00000, 0x0000000084d00000|100%| E|CS|TAMS 0x0000000084c00000, 0x0000000084c00000| Complete 
|  77|0x0000000084d00000, 0x0000000084e00000, 0x0000000084e00000|100%| E|CS|TAMS 0x0000000084d00000, 0x0000000084d00000| Complete 
|  78|0x0000000084e00000, 0x0000000084f00000, 0x0000000084f00000|100%| E|CS|TAMS 0x0000000084e00000, 0x0000000084e00000| Complete 
|  79|0x0000000084f00000, 0x0000000085000000, 0x0000000085000000|100%| E|CS|TAMS 0x0000000084f00000, 0x0000000084f00000| Complete 
|  80|0x0000000085000000, 0x0000000085100000, 0x0000000085100000|100%| E|CS|TAMS 0x0000000085000000, 0x0000000085000000| Complete 
|  81|0x0000000085100000, 0x0000000085200000, 0x0000000085200000|100%| E|CS|TAMS 0x0000000085100000, 0x0000000085100000| Complete 
|  82|0x0000000085200000, 0x0000000085300000, 0x0000000085300000|100%| E|CS|TAMS 0x0000000085200000, 0x0000000085200000| Complete 
|  83|0x0000000085300000, 0x0000000085400000, 0x0000000085400000|100%| E|CS|TAMS 0x0000000085300000, 0x0000000085300000| Complete 
|  84|0x0000000085400000, 0x0000000085500000, 0x0000000085500000|100%| E|CS|TAMS 0x0000000085400000, 0x0000000085400000| Complete 
|  85|0x0000000085500000, 0x0000000085600000, 0x0000000085600000|100%| E|CS|TAMS 0x0000000085500000, 0x0000000085500000| Complete 
|  86|0x0000000085600000, 0x0000000085700000, 0x0000000085700000|100%| E|CS|TAMS 0x0000000085600000, 0x0000000085600000| Complete 
|  87|0x0000000085700000, 0x0000000085800000, 0x0000000085800000|100%| E|CS|TAMS 0x0000000085700000, 0x0000000085700000| Complete 
| 125|0x0000000087d00000, 0x0000000087e00000, 0x0000000087e00000|100%| E|CS|TAMS 0x0000000087d00000, 0x0000000087d00000| Complete 

Card table byte_map: [0x000001b559470000,0x000001b559870000] _byte_map_base: 0x000001b559070000

Marking Bits (Prev, Next): (CMBitMap*) 0x000001b5468c2580, (CMBitMap*) 0x000001b5468c25c0
 Prev Bits: [0x000001b559c70000, 0x000001b55bc70000)
 Next Bits: [0x000001b55bc70000, 0x000001b55dc70000)

Polling page: 0x000001b544860000

Metaspace:

Usage:
  Non-class:     40.06 MB used.
      Class:      6.20 MB used.
       Both:     46.25 MB used.

Virtual space:
  Non-class space:       64.00 MB reserved,      40.25 MB ( 63%) committed,  1 nodes.
      Class space:        1.00 GB reserved,       6.38 MB ( <1%) committed,  1 nodes.
             Both:        1.06 GB reserved,      46.62 MB (  4%) committed. 

Chunk freelists:
   Non-Class:  7.38 MB
       Class:  9.58 MB
        Both:  16.95 MB

MaxMetaspaceSize: unlimited
CompressedClassSpaceSize: 1.00 GB
Initial GC threshold: 21.00 MB
Current GC threshold: 58.88 MB
CDS: off
MetaspaceReclaimPolicy: balanced
 - commit_granule_bytes: 65536.
 - commit_granule_words: 8192.
 - virtual_space_node_default_size: 8388608.
 - enlarge_chunks_in_place: 1.
 - new_chunks_are_fully_committed: 0.
 - uncommit_free_chunks: 1.
 - use_allocation_guard: 0.
 - handle_deallocations: 1.


Internal statistics:

num_allocs_failed_limit: 6.
num_arena_births: 510.
num_arena_deaths: 0.
num_vsnodes_births: 2.
num_vsnodes_deaths: 0.
num_space_committed: 747.
num_space_uncommitted: 0.
num_chunks_returned_to_freelist: 6.
num_chunks_taken_from_freelist: 1973.
num_chunk_merges: 6.
num_chunk_splits: 1302.
num_chunks_enlarged: 883.
num_inconsistent_stats: 0.

CodeHeap 'non-profiled nmethods': size=120000Kb used=2118Kb max_used=2118Kb free=117882Kb
 bounds [0x000001b551810000, 0x000001b551a80000, 0x000001b558d40000]
CodeHeap 'profiled nmethods': size=120000Kb used=8220Kb max_used=8220Kb free=111779Kb
 bounds [0x000001b549d40000, 0x000001b54a550000, 0x000001b551270000]
CodeHeap 'non-nmethods': size=5760Kb used=1600Kb max_used=1689Kb free=4160Kb
 bounds [0x000001b551270000, 0x000001b5514e0000, 0x000001b551810000]
 total_blobs=4623 nmethods=3957 adapters=578
 compilation: enabled
              stopped_count=0, restarted_count=0
 full_count=0

Compilation events (20 events):
Event: 5.402 Thread 0x000001b560871af0 nmethod 3978 0x000001b551a20f10 code [0x000001b551a210a0, 0x000001b551a21178]
Event: 5.407 Thread 0x000001b560871af0 3980       3       org.gradle.internal.util.Trie::find (135 bytes)
Event: 5.408 Thread 0x000001b560871af0 nmethod 3980 0x000001b54a538590 code [0x000001b54a5387a0, 0x000001b54a538f58]
Event: 5.408 Thread 0x000001b560871af0 3979       3       org.gradle.internal.classloader.FilteringClassLoader$TrieSet::find (9 bytes)
Event: 5.408 Thread 0x000001b560871af0 nmethod 3979 0x000001b54a539210 code [0x000001b54a5393c0, 0x000001b54a539528]
Event: 5.412 Thread 0x000001b560871af0 3981       3       java.lang.reflect.ProxyGenerator::checkReturnTypes (281 bytes)
Event: 5.414 Thread 0x000001b560871af0 nmethod 3981 0x000001b54a539610 code [0x000001b54a539b20, 0x000001b54a53c1f8]
Event: 5.414 Thread 0x000001b560871af0 3982       3       java.lang.reflect.ProxyGenerator$ProxyMethod::generateMethod (548 bytes)
Event: 5.417 Thread 0x000001b560871af0 nmethod 3982 0x000001b54a53cf10 code [0x000001b54a53d4a0, 0x000001b54a540518]
Event: 5.417 Thread 0x000001b560871af0 3983       3       java.lang.reflect.ProxyGenerator::computeUniqueCatchList (163 bytes)
Event: 5.419 Thread 0x000001b560871af0 nmethod 3983 0x000001b54a541490 code [0x000001b54a5417e0, 0x000001b54a542dd8]
Event: 5.419 Thread 0x000001b560871af0 3985       3       jdk.internal.org.objectweb.asm.SymbolTable$Entry::<init> (18 bytes)
Event: 5.419 Thread 0x000001b560871af0 nmethod 3985 0x000001b54a543690 code [0x000001b54a543840, 0x000001b54a5439c8]
Event: 5.419 Thread 0x000001b560871af0 3984       3       java.util.concurrent.locks.AbstractQueuedSynchronizer$Node::setStatusRelaxed (12 bytes)
Event: 5.419 Thread 0x000001b560871af0 nmethod 3984 0x000001b54a543a90 code [0x000001b54a543c20, 0x000001b54a543d38]
Event: 5.434 Thread 0x000001b560871af0 3987       3       java.util.zip.ZipFile$Source$Key::hashCode (46 bytes)
Event: 5.435 Thread 0x000001b560871af0 nmethod 3987 0x000001b54a543e10 code [0x000001b54a544000, 0x000001b54a544418]
Event: 5.435 Thread 0x000001b560871af0 3988   !   3       jdk.internal.loader.URLClassPath::getLoader (29 bytes)
Event: 5.435 Thread 0x000001b560871af0 nmethod 3988 0x000001b54a544610 code [0x000001b54a544800, 0x000001b54a544fe8]
Event: 5.449 Thread 0x000001b560871af0 3990       3       org.gradle.api.internal.classpath.DefaultModuleRegistry::findJar (192 bytes)

GC Heap History (20 events):
Event: 2.339 GC heap before
{Heap before GC invocations=2 (full 0):
 garbage-first heap   total 129024K, used 55978K [0x0000000080000000, 0x0000000100000000)
  region size 1024K, 47 young (48128K), 3 survivors (3072K)
 Metaspace       used 21308K, committed 21504K, reserved 1114112K
  class space    used 2571K, committed 2688K, reserved 1048576K
}
Event: 2.345 GC heap after
{Heap after GC invocations=3 (full 0):
 garbage-first heap   total 129024K, used 18401K [0x0000000080000000, 0x0000000100000000)
  region size 1024K, 8 young (8192K), 8 survivors (8192K)
 Metaspace       used 21308K, committed 21504K, reserved 1114112K
  class space    used 2571K, committed 2688K, reserved 1048576K
}
Event: 2.918 GC heap before
{Heap before GC invocations=4 (full 0):
 garbage-first heap   total 68608K, used 50145K [0x0000000080000000, 0x0000000100000000)
  region size 1024K, 40 young (40960K), 8 survivors (8192K)
 Metaspace       used 26009K, committed 26368K, reserved 1114112K
  class space    used 3385K, committed 3584K, reserved 1048576K
}
Event: 2.923 GC heap after
{Heap after GC invocations=5 (full 0):
 garbage-first heap   total 68608K, used 20407K [0x0000000080000000, 0x0000000100000000)
  region size 1024K, 3 young (3072K), 3 survivors (3072K)
 Metaspace       used 26009K, committed 26368K, reserved 1114112K
  class space    used 3385K, committed 3584K, reserved 1048576K
}
Event: 2.943 GC heap before
{Heap before GC invocations=5 (full 0):
 garbage-first heap   total 68608K, used 21431K [0x0000000080000000, 0x0000000100000000)
  region size 1024K, 4 young (4096K), 3 survivors (3072K)
 Metaspace       used 26186K, committed 26496K, reserved 1114112K
  class space    used 3407K, committed 3584K, reserved 1048576K
}
Event: 2.946 GC heap after
{Heap after GC invocations=6 (full 0):
 garbage-first heap   total 68608K, used 20669K [0x0000000080000000, 0x0000000100000000)
  region size 1024K, 1 young (1024K), 1 survivors (1024K)
 Metaspace       used 26186K, committed 26496K, reserved 1114112K
  class space    used 3407K, committed 3584K, reserved 1048576K
}
Event: 3.426 GC heap before
{Heap before GC invocations=6 (full 0):
 garbage-first heap   total 68608K, used 54461K [0x0000000080000000, 0x0000000100000000)
  region size 1024K, 28 young (28672K), 1 survivors (1024K)
 Metaspace       used 30023K, committed 30336K, reserved 1114112K
  class space    used 4062K, committed 4224K, reserved 1048576K
}
Event: 3.430 GC heap after
{Heap after GC invocations=7 (full 0):
 garbage-first heap   total 68608K, used 29979K [0x0000000080000000, 0x0000000100000000)
  region size 1024K, 3 young (3072K), 3 survivors (3072K)
 Metaspace       used 30023K, committed 30336K, reserved 1114112K
  class space    used 4062K, committed 4224K, reserved 1048576K
}
Event: 3.747 GC heap before
{Heap before GC invocations=7 (full 0):
 garbage-first heap   total 68608K, used 49435K [0x0000000080000000, 0x0000000100000000)
  region size 1024K, 23 young (23552K), 3 survivors (3072K)
 Metaspace       used 32550K, committed 32832K, reserved 1114112K
  class space    used 4464K, committed 4608K, reserved 1048576K
}
Event: 3.751 GC heap after
{Heap after GC invocations=8 (full 0):
 garbage-first heap   total 68608K, used 30832K [0x0000000080000000, 0x0000000100000000)
  region size 1024K, 1 young (1024K), 1 survivors (1024K)
 Metaspace       used 32550K, committed 32832K, reserved 1114112K
  class space    used 4464K, committed 4608K, reserved 1048576K
}
Event: 4.107 GC heap before
{Heap before GC invocations=8 (full 0):
 garbage-first heap   total 68608K, used 52336K [0x0000000080000000, 0x0000000100000000)
  region size 1024K, 22 young (22528K), 1 survivors (1024K)
 Metaspace       used 35566K, committed 35904K, reserved 1114112K
  class space    used 4897K, committed 5056K, reserved 1048576K
}
Event: 4.110 GC heap after
{Heap after GC invocations=9 (full 0):
 garbage-first heap   total 91136K, used 31715K [0x0000000080000000, 0x0000000100000000)
  region size 1024K, 2 young (2048K), 2 survivors (2048K)
 Metaspace       used 35566K, committed 35904K, reserved 1114112K
  class space    used 4897K, committed 5056K, reserved 1048576K
}
Event: 4.118 GC heap before
{Heap before GC invocations=9 (full 0):
 garbage-first heap   total 91136K, used 31715K [0x0000000080000000, 0x0000000100000000)
  region size 1024K, 3 young (3072K), 2 survivors (2048K)
 Metaspace       used 35647K, committed 35968K, reserved 1114112K
  class space    used 4907K, committed 5056K, reserved 1048576K
}
Event: 4.121 GC heap after
{Heap after GC invocations=10 (full 0):
 garbage-first heap   total 91136K, used 31787K [0x0000000080000000, 0x0000000100000000)
  region size 1024K, 2 young (2048K), 2 survivors (2048K)
 Metaspace       used 35647K, committed 35968K, reserved 1114112K
  class space    used 4907K, committed 5056K, reserved 1048576K
}
Event: 4.715 GC heap before
{Heap before GC invocations=11 (full 0):
 garbage-first heap   total 91136K, used 71723K [0x0000000080000000, 0x0000000100000000)
  region size 1024K, 42 young (43008K), 2 survivors (2048K)
 Metaspace       used 41582K, committed 41920K, reserved 1114112K
  class space    used 5529K, committed 5696K, reserved 1048576K
}
Event: 4.722 GC heap after
{Heap after GC invocations=12 (full 0):
 garbage-first heap   total 91136K, used 36584K [0x0000000080000000, 0x0000000100000000)
  region size 1024K, 6 young (6144K), 6 survivors (6144K)
 Metaspace       used 41582K, committed 41920K, reserved 1114112K
  class space    used 5529K, committed 5696K, reserved 1048576K
}
Event: 4.738 GC heap before
{Heap before GC invocations=12 (full 0):
 garbage-first heap   total 91136K, used 37608K [0x0000000080000000, 0x0000000100000000)
  region size 1024K, 7 young (7168K), 6 survivors (6144K)
 Metaspace       used 41714K, committed 42112K, reserved 1114112K
  class space    used 5558K, committed 5760K, reserved 1048576K
}
Event: 4.745 GC heap after
{Heap after GC invocations=13 (full 0):
 garbage-first heap   total 91136K, used 36363K [0x0000000080000000, 0x0000000100000000)
  region size 1024K, 1 young (1024K), 1 survivors (1024K)
 Metaspace       used 41714K, committed 42112K, reserved 1114112K
  class space    used 5558K, committed 5760K, reserved 1048576K
}
Event: 5.228 GC heap before
{Heap before GC invocations=13 (full 0):
 garbage-first heap   total 91136K, used 74251K [0x0000000080000000, 0x0000000100000000)
  region size 1024K, 36 young (36864K), 1 survivors (1024K)
 Metaspace       used 45381K, committed 45760K, reserved 1114112K
  class space    used 6050K, committed 6208K, reserved 1048576K
}
Event: 5.231 GC heap after
{Heap after GC invocations=14 (full 0):
 garbage-first heap   total 91136K, used 37671K [0x0000000080000000, 0x0000000100000000)
  region size 1024K, 2 young (2048K), 2 survivors (2048K)
 Metaspace       used 45381K, committed 45760K, reserved 1114112K
  class space    used 6050K, committed 6208K, reserved 1048576K
}

Dll operation events (3 events):
Event: 0.005 Loaded shared library C:\Users\Admin\AppData\Local\Programs\Android Studio\jbr\bin\java.dll
Event: 0.105 Loaded shared library C:\Users\Admin\AppData\Local\Programs\Android Studio\jbr\bin\zip.dll
Event: 0.304 Loaded shared library C:\Users\Admin\AppData\Local\Programs\Android Studio\jbr\bin\verify.dll

Deoptimization events (20 events):
Event: 5.218 Thread 0x000001b566712a20 Uncommon trap: trap_request=0xffffffde fr.pc=0x000001b5519f0d64 relative=0x0000000000000544
Event: 5.218 Thread 0x000001b566712a20 Uncommon trap: reason=class_check action=maybe_recompile pc=0x000001b5519f0d64 method=jdk.internal.loader.URLClassPath.getResource(Ljava/lang/String;Z)Ljdk/internal/loader/Resource; @ 53 c2
Event: 5.218 Thread 0x000001b566712a20 DEOPT PACKING pc=0x000001b5519f0d64 sp=0x00000038ae1f87e0
Event: 5.218 Thread 0x000001b566712a20 DEOPT UNPACKING pc=0x000001b5512c69a3 sp=0x00000038ae1f87a0 mode 2
Event: 5.328 Thread 0x000001b566712a20 Uncommon trap: trap_request=0xffffffde fr.pc=0x000001b5519803a4 relative=0x0000000000000084
Event: 5.328 Thread 0x000001b566712a20 Uncommon trap: reason=class_check action=maybe_recompile pc=0x000001b5519803a4 method=java.util.Collections$SetFromMap.remove(Ljava/lang/Object;)Z @ 5 c2
Event: 5.328 Thread 0x000001b566712a20 DEOPT PACKING pc=0x000001b5519803a4 sp=0x00000038ae1f88f0
Event: 5.328 Thread 0x000001b566712a20 DEOPT UNPACKING pc=0x000001b5512c69a3 sp=0x00000038ae1f8888 mode 2
Event: 5.387 Thread 0x000001b566712a20 Uncommon trap: trap_request=0xffffffde fr.pc=0x000001b5519803a4 relative=0x0000000000000084
Event: 5.387 Thread 0x000001b566712a20 Uncommon trap: reason=class_check action=maybe_recompile pc=0x000001b5519803a4 method=java.util.Collections$SetFromMap.remove(Ljava/lang/Object;)Z @ 5 c2
Event: 5.387 Thread 0x000001b566712a20 DEOPT PACKING pc=0x000001b5519803a4 sp=0x00000038ae1fa4e0
Event: 5.387 Thread 0x000001b566712a20 DEOPT UNPACKING pc=0x000001b5512c69a3 sp=0x00000038ae1fa478 mode 2
Event: 5.400 Thread 0x000001b566712a20 Uncommon trap: trap_request=0xffffff76 fr.pc=0x000001b5519f2e40 relative=0x0000000000000180
Event: 5.400 Thread 0x000001b566712a20 Uncommon trap: reason=predicate action=maybe_recompile pc=0x000001b5519f2e40 method=java.util.AbstractCollection.addAll(Ljava/util/Collection;)Z @ 15 c2
Event: 5.400 Thread 0x000001b566712a20 DEOPT PACKING pc=0x000001b5519f2e40 sp=0x00000038ae1fbbb0
Event: 5.400 Thread 0x000001b566712a20 DEOPT UNPACKING pc=0x000001b5512c69a3 sp=0x00000038ae1fbb48 mode 2
Event: 5.401 Thread 0x000001b566712a20 Uncommon trap: trap_request=0xffffffde fr.pc=0x000001b5519803a4 relative=0x0000000000000084
Event: 5.401 Thread 0x000001b566712a20 Uncommon trap: reason=class_check action=maybe_recompile pc=0x000001b5519803a4 method=java.util.Collections$SetFromMap.remove(Ljava/lang/Object;)Z @ 5 c2
Event: 5.401 Thread 0x000001b566712a20 DEOPT PACKING pc=0x000001b5519803a4 sp=0x00000038ae1fbd10
Event: 5.401 Thread 0x000001b566712a20 DEOPT UNPACKING pc=0x000001b5512c69a3 sp=0x00000038ae1fbca8 mode 2

Classes unloaded (0 events):
No events

Classes redefined (0 events):
No events

Internal exceptions (20 events):
Event: 4.759 Thread 0x000001b566712a20 Exception <a 'java/lang/NoSuchMethodError'{0x0000000087d29018}: 'java.lang.Object java.lang.invoke.DelegatingMethodHandle$Holder.reinvoke_L(java.lang.Object, java.lang.Object, java.lang.Object, java.lang.Object, java.lang.Object, java.lang.Object, java.lang.Object, java.lang.Object, java.lang.Object, java.lang.Object, java.lang.Object, java.lang.Object, java.lang.Object, java.lang.Object, java.lang.Object, java.lang.Object, java.lang.Object, java.lang.Object, java.lang.Object, java.lang.Object, java.lang.O
Event: 4.759 Thread 0x000001b566712a20 Exception <a 'java/lang/NoSuchMethodError'{0x0000000087d34530}: 'java.lang.Object java.lang.invoke.Invokers$Holder.invoker(java.lang.Object, java.lang.Object, java.lang.Object, java.lang.Object, java.lang.Object, java.lang.Object, java.lang.Object, java.lang.Object, java.lang.Object, java.lang.Object, java.lang.Object, java.lang.Object, java.lang.Object, java.lang.Object, java.lang.Object, java.lang.Object, java.lang.Object, java.lang.Object, java.lang.Object, java.lang.Object, java.lang.Object, java.lang.
Event: 4.760 Thread 0x000001b566712a20 Exception <a 'java/lang/NoSuchMethodError'{0x0000000087d3b1b8}: 'java.lang.Object java.lang.invoke.DelegatingMethodHandle$Holder.delegate(java.lang.Object, java.lang.Object, java.lang.Object, java.lang.Object, java.lang.Object, java.lang.Object, java.lang.Object, java.lang.Object, java.lang.Object, java.lang.Object, java.lang.Object, java.lang.Object, java.lang.Object, java.lang.Object, java.lang.Object, java.lang.Object, java.lang.Object, java.lang.Object, java.lang.Object, java.lang.Object, java.lang.Obj
Event: 4.766 Thread 0x000001b566712a20 Exception <a 'java/lang/NoSuchMethodError'{0x0000000087de28e0}: 'java.lang.Object java.lang.invoke.DirectMethodHandle$Holder.invokeStatic(java.lang.Object, java.lang.Object, java.lang.Object, java.lang.Object, java.lang.Object, java.lang.Object, java.lang.Object, java.lang.Object, java.lang.Object, java.lang.Object, java.lang.Object, java.lang.Object, java.lang.Object, java.lang.Object, java.lang.Object, java.lang.Object, java.lang.Object)'> (0x0000000087de28e0) 
thrown [s\src\hotspot\share\interpreter\lin
Event: 4.768 Thread 0x000001b566712a20 Exception <a 'java/lang/NoSuchMethodError'{0x000000008560c140}: 'java.lang.Object java.lang.invoke.DirectMethodHandle$Holder.invokeStatic(java.lang.Object, java.lang.Object, java.lang.Object, java.lang.Object, java.lang.Object, java.lang.Object, java.lang.Object, java.lang.Object, java.lang.Object, java.lang.Object, java.lang.Object, java.lang.Object, java.lang.Object, java.lang.Object, java.lang.Object, java.lang.Object, java.lang.Object, java.lang.Object)'> (0x000000008560c140) 
thrown [s\src\hotspot\sha
Event: 4.770 Thread 0x000001b566712a20 Exception <a 'java/lang/NoSuchMethodError'{0x0000000085636620}: 'java.lang.Object java.lang.invoke.DirectMethodHandle$Holder.invokeStatic(java.lang.Object, java.lang.Object, java.lang.Object, java.lang.Object, java.lang.Object, java.lang.Object, java.lang.Object, java.lang.Object, java.lang.Object, java.lang.Object, java.lang.Object, java.lang.Object, java.lang.Object, java.lang.Object, java.lang.Object, java.lang.Object, java.lang.Object, java.lang.Object, java.lang.Object)'> (0x0000000085636620) 
thrown 
Event: 4.773 Thread 0x000001b566712a20 Exception <a 'java/lang/NoSuchMethodError'{0x00000000856618d0}: 'java.lang.Object java.lang.invoke.DirectMethodHandle$Holder.invokeStatic(java.lang.Object, java.lang.Object, java.lang.Object, java.lang.Object, java.lang.Object, java.lang.Object, java.lang.Object, java.lang.Object, java.lang.Object, java.lang.Object, java.lang.Object, java.lang.Object, java.lang.Object, java.lang.Object, java.lang.Object, java.lang.Object, java.lang.Object, java.lang.Object, java.lang.Object, java.lang.Object)'> (0x00000000
Event: 4.774 Thread 0x000001b566712a20 Exception <a 'java/lang/NoSuchMethodError'{0x000000008568de30}: 'java.lang.Object java.lang.invoke.DirectMethodHandle$Holder.invokeStatic(java.lang.Object, java.lang.Object, java.lang.Object, java.lang.Object, java.lang.Object, java.lang.Object, java.lang.Object, java.lang.Object, java.lang.Object, java.lang.Object, java.lang.Object, java.lang.Object, java.lang.Object, java.lang.Object, java.lang.Object, java.lang.Object, java.lang.Object, java.lang.Object, java.lang.Object, java.lang.Object, java.lang.Obj
Event: 4.776 Thread 0x000001b566712a20 Exception <a 'java/lang/NoSuchMethodError'{0x00000000856babb8}: 'java.lang.Object java.lang.invoke.DirectMethodHandle$Holder.invokeStatic(java.lang.Object, java.lang.Object, java.lang.Object, java.lang.Object, java.lang.Object, java.lang.Object, java.lang.Object, java.lang.Object, java.lang.Object, java.lang.Object, java.lang.Object, java.lang.Object, java.lang.Object, java.lang.Object, java.lang.Object, java.lang.Object, java.lang.Object, java.lang.Object, java.lang.Object, java.lang.Object, java.lang.Obj
Event: 4.779 Thread 0x000001b566712a20 Exception <a 'java/lang/NoSuchMethodError'{0x00000000856e8a98}: 'java.lang.Object java.lang.invoke.DirectMethodHandle$Holder.invokeStatic(java.lang.Object, java.lang.Object, java.lang.Object, java.lang.Object, java.lang.Object, java.lang.Object, java.lang.Object, java.lang.Object, java.lang.Object, java.lang.Object, java.lang.Object, java.lang.Object, java.lang.Object, java.lang.Object, java.lang.Object, java.lang.Object, java.lang.Object, java.lang.Object, java.lang.Object, java.lang.Object, java.lang.Obj
Event: 4.781 Thread 0x000001b566712a20 Exception <a 'java/lang/NoSuchMethodError'{0x0000000085519048}: 'java.lang.Object java.lang.invoke.DirectMethodHandle$Holder.invokeStatic(java.lang.Object, java.lang.Object, java.lang.Object, java.lang.Object, java.lang.Object, java.lang.Object, java.lang.Object, java.lang.Object, java.lang.Object, java.lang.Object, java.lang.Object, java.lang.Object, java.lang.Object, java.lang.Object, java.lang.Object, java.lang.Object, java.lang.Object, java.lang.Object, java.lang.Object, java.lang.Object, java.lang.Obj
Event: 4.783 Thread 0x000001b566712a20 Exception <a 'java/lang/NoSuchMethodError'{0x000000008554a6a8}: 'java.lang.Object java.lang.invoke.DirectMethodHandle$Holder.invokeStatic(java.lang.Object, java.lang.Object, java.lang.Object, java.lang.Object, java.lang.Object, java.lang.Object, java.lang.Object, java.lang.Object, java.lang.Object, java.lang.Object, java.lang.Object, java.lang.Object, java.lang.Object, java.lang.Object, java.lang.Object, java.lang.Object, java.lang.Object, java.lang.Object, java.lang.Object, java.lang.Object, java.lang.Obj
Event: 4.942 Thread 0x000001b566712a20 Exception <a 'java/lang/IncompatibleClassChangeError'{0x00000000846443b0}: Found class java.lang.Object, but interface was expected> (0x00000000846443b0) 
thrown [s\src\hotspot\share\interpreter\linkResolver.cpp, line 838]
Event: 5.009 Thread 0x000001b566712a20 Exception <a 'java/lang/IncompatibleClassChangeError'{0x0000000084230ba8}: Found class java.lang.Object, but interface was expected> (0x0000000084230ba8) 
thrown [s\src\hotspot\share\interpreter\linkResolver.cpp, line 838]
Event: 5.015 Thread 0x000001b566712a20 Exception <a 'java/lang/NoSuchMethodError'{0x00000000842a6a30}: 'void java.lang.invoke.DirectMethodHandle$Holder.invokeStatic(java.lang.Object, java.lang.Object, java.lang.Object, java.lang.Object, java.lang.Object, java.lang.Object)'> (0x00000000842a6a30) 
thrown [s\src\hotspot\share\interpreter\linkResolver.cpp, line 771]
Event: 5.027 Thread 0x000001b566712a20 Exception <a 'java/lang/NoSuchMethodError'{0x00000000841bcc30}: 'int java.lang.invoke.DirectMethodHandle$Holder.invokeStaticInit(java.lang.Object, java.lang.Object, java.lang.Object, java.lang.Object, java.lang.Object)'> (0x00000000841bcc30) 
thrown [s\src\hotspot\share\interpreter\linkResolver.cpp, line 771]
Event: 5.153 Thread 0x000001b566712a20 Implicit null exception at 0x000001b55199ba6c to 0x000001b55199bb20
Event: 5.258 Thread 0x000001b566712a20 Exception <a 'java/lang/NoSuchMethodError'{0x0000000085658a18}: 'void java.lang.invoke.DirectMethodHandle$Holder.invokeInterface(java.lang.Object, java.lang.Object)'> (0x0000000085658a18) 
thrown [s\src\hotspot\share\interpreter\linkResolver.cpp, line 771]
Event: 5.259 Thread 0x000001b566712a20 Exception <a 'java/lang/IncompatibleClassChangeError'{0x0000000085664170}: Found class java.lang.Object, but interface was expected> (0x0000000085664170) 
thrown [s\src\hotspot\share\interpreter\linkResolver.cpp, line 838]
Event: 5.293 Thread 0x000001b566712a20 Exception <a 'java/lang/NoSuchMethodError'{0x000000008549b818}: 'java.lang.Object java.lang.invoke.DirectMethodHandle$Holder.newInvokeSpecial(java.lang.Object, int, java.lang.Object)'> (0x000000008549b818) 
thrown [s\src\hotspot\share\interpreter\linkResolver.cpp, line 771]

VM Operations (20 events):
Event: 4.475 Executing VM operation: HandshakeAllThreads
Event: 4.475 Executing VM operation: HandshakeAllThreads done
Event: 4.480 Executing VM operation: HandshakeAllThreads
Event: 4.480 Executing VM operation: HandshakeAllThreads done
Event: 4.487 Executing VM operation: HandshakeAllThreads
Event: 4.487 Executing VM operation: HandshakeAllThreads done
Event: 4.568 Executing VM operation: HandshakeAllThreads
Event: 4.568 Executing VM operation: HandshakeAllThreads done
Event: 4.680 Executing VM operation: ICBufferFull
Event: 4.680 Executing VM operation: ICBufferFull done
Event: 4.715 Executing VM operation: G1CollectForAllocation
Event: 4.722 Executing VM operation: G1CollectForAllocation done
Event: 4.738 Executing VM operation: G1CollectForAllocation
Event: 4.745 Executing VM operation: G1CollectForAllocation done
Event: 4.944 Executing VM operation: HandshakeAllThreads
Event: 4.944 Executing VM operation: HandshakeAllThreads done
Event: 5.117 Executing VM operation: HandshakeAllThreads
Event: 5.117 Executing VM operation: HandshakeAllThreads done
Event: 5.227 Executing VM operation: G1CollectForAllocation
Event: 5.231 Executing VM operation: G1CollectForAllocation done

Events (20 events):
Event: 5.043 Thread 0x000001b568057ed0 Thread added: 0x000001b568057ed0
Event: 5.054 loading class jdk/internal/loader/URLClassPath$FileLoader
Event: 5.054 loading class jdk/internal/loader/URLClassPath$FileLoader done
Event: 5.055 loading class jdk/internal/loader/URLClassPath$FileLoader$1
Event: 5.055 loading class jdk/internal/loader/URLClassPath$FileLoader$1 done
Event: 5.100 loading class sun/reflect/generics/tree/BooleanSignature
Event: 5.101 loading class sun/reflect/generics/tree/BooleanSignature done
Event: 5.200 loading class java/util/concurrent/atomic/AtomicReferenceFieldUpdater
Event: 5.200 loading class java/util/concurrent/atomic/AtomicReferenceFieldUpdater done
Event: 5.200 loading class java/util/concurrent/atomic/AtomicReferenceFieldUpdater$AtomicReferenceFieldUpdaterImpl
Event: 5.200 loading class java/util/concurrent/atomic/AtomicReferenceFieldUpdater$AtomicReferenceFieldUpdaterImpl done
Event: 5.200 loading class java/util/concurrent/atomic/AtomicReferenceFieldUpdater$AtomicReferenceFieldUpdaterImpl$1
Event: 5.200 loading class java/util/concurrent/atomic/AtomicReferenceFieldUpdater$AtomicReferenceFieldUpdaterImpl$1 done
Event: 5.352 loading class jdk/internal/math/FDBigInteger
Event: 5.352 loading class jdk/internal/math/FDBigInteger done
Event: 5.373 loading class java/util/zip/GZIPOutputStream
Event: 5.373 loading class java/util/zip/GZIPOutputStream done
Event: 5.373 loading class java/util/zip/GZIPInputStream
Event: 5.374 loading class java/util/zip/GZIPInputStream done
Event: 5.439 Thread 0x000001b568059bb0 Thread added: 0x000001b568059bb0


Dynamic libraries:
0x00007ff74da90000 - 0x00007ff74da9a000 	C:\Users\Admin\AppData\Local\Programs\Android Studio\jbr\bin\java.exe
0x00007ff998a30000 - 0x00007ff998c28000 	C:\WINDOWS\SYSTEM32\ntdll.dll
0x00007ff996bd0000 - 0x00007ff996c8d000 	C:\WINDOWS\System32\KERNEL32.DLL
0x00007ff9966d0000 - 0x00007ff9969c6000 	C:\WINDOWS\System32\KERNELBASE.dll
0x00007ff9965d0000 - 0x00007ff9966d0000 	C:\WINDOWS\System32\ucrtbase.dll
0x00007ff964520000 - 0x00007ff964537000 	C:\Users\Admin\AppData\Local\Programs\Android Studio\jbr\bin\jli.dll
0x00007ff98dd60000 - 0x00007ff98dd7b000 	C:\Users\Admin\AppData\Local\Programs\Android Studio\jbr\bin\VCRUNTIME140.dll
0x00007ff997be0000 - 0x00007ff997d7e000 	C:\WINDOWS\System32\USER32.dll
0x00007ff996520000 - 0x00007ff996542000 	C:\WINDOWS\System32\win32u.dll
0x00007ff9954d0000 - 0x00007ff99576a000 	C:\WINDOWS\WinSxS\amd64_microsoft.windows.common-controls_6595b64144ccf1df_6.0.19041.3636_none_60b6a03d71f818d5\COMCTL32.dll
0x00007ff9987b0000 - 0x00007ff9987dc000 	C:\WINDOWS\System32\GDI32.dll
0x00007ff9977d0000 - 0x00007ff99786e000 	C:\WINDOWS\System32\msvcrt.dll
0x00007ff996200000 - 0x00007ff99631a000 	C:\WINDOWS\System32\gdi32full.dll
0x00007ff996480000 - 0x00007ff99651d000 	C:\WINDOWS\System32\msvcp_win.dll
0x00007ff997f20000 - 0x00007ff997f50000 	C:\WINDOWS\System32\IMM32.DLL
0x00007ff991f10000 - 0x00007ff991f1c000 	C:\Users\Admin\AppData\Local\Programs\Android Studio\jbr\bin\vcruntime140_1.dll
0x00007ff959230000 - 0x00007ff9592bd000 	C:\Users\Admin\AppData\Local\Programs\Android Studio\jbr\bin\msvcp140.dll
0x00007ff93aa90000 - 0x00007ff93b710000 	C:\Users\Admin\AppData\Local\Programs\Android Studio\jbr\bin\server\jvm.dll
0x00007ff9987e0000 - 0x00007ff998893000 	C:\WINDOWS\System32\ADVAPI32.dll
0x00007ff998500000 - 0x00007ff99859f000 	C:\WINDOWS\System32\sechost.dll
0x00007ff998680000 - 0x00007ff9987a6000 	C:\WINDOWS\System32\RPCRT4.dll
0x00007ff9965a0000 - 0x00007ff9965c7000 	C:\WINDOWS\System32\bcrypt.dll
0x00007ff98dd50000 - 0x00007ff98dd59000 	C:\WINDOWS\SYSTEM32\WSOCK32.dll
0x00007ff983080000 - 0x00007ff9830a7000 	C:\WINDOWS\SYSTEM32\WINMM.dll
0x00007ff993b40000 - 0x00007ff993b4a000 	C:\WINDOWS\SYSTEM32\VERSION.dll
0x00007ff9988a0000 - 0x00007ff99890b000 	C:\WINDOWS\System32\WS2_32.dll
0x00007ff993200000 - 0x00007ff993212000 	C:\WINDOWS\SYSTEM32\kernel.appcore.dll
0x00007ff98e0c0000 - 0x00007ff98e0ca000 	C:\Users\Admin\AppData\Local\Programs\Android Studio\jbr\bin\jimage.dll
0x00007ff995a90000 - 0x00007ff995c74000 	C:\WINDOWS\SYSTEM32\DBGHELP.DLL
0x00007ff995a50000 - 0x00007ff995a84000 	C:\WINDOWS\SYSTEM32\dbgcore.DLL
0x00007ff996170000 - 0x00007ff9961f2000 	C:\WINDOWS\System32\bcryptPrimitives.dll
0x00007ff98fd30000 - 0x00007ff98fd3e000 	C:\Users\Admin\AppData\Local\Programs\Android Studio\jbr\bin\instrument.dll
0x00007ff974020000 - 0x00007ff974045000 	C:\Users\Admin\AppData\Local\Programs\Android Studio\jbr\bin\java.dll
0x00007ff97f630000 - 0x00007ff97f648000 	C:\Users\Admin\AppData\Local\Programs\Android Studio\jbr\bin\zip.dll
0x00007ff996d50000 - 0x00007ff997495000 	C:\WINDOWS\System32\SHELL32.dll
0x00007ff993390000 - 0x00007ff993b2b000 	C:\WINDOWS\SYSTEM32\windows.storage.dll
0x00007ff997870000 - 0x00007ff997bc4000 	C:\WINDOWS\System32\combase.dll
0x00007ff995430000 - 0x00007ff99545d000 	C:\WINDOWS\SYSTEM32\Wldp.dll
0x00007ff996c90000 - 0x00007ff996d3d000 	C:\WINDOWS\System32\SHCORE.dll
0x00007ff998620000 - 0x00007ff998675000 	C:\WINDOWS\System32\shlwapi.dll
0x00007ff996030000 - 0x00007ff996055000 	C:\WINDOWS\SYSTEM32\profapi.dll
0x00007ff97f5f0000 - 0x00007ff97f609000 	C:\Users\Admin\AppData\Local\Programs\Android Studio\jbr\bin\net.dll
0x00007ff98f530000 - 0x00007ff98f63a000 	C:\WINDOWS\SYSTEM32\WINHTTP.dll
0x00007ff9952d0000 - 0x00007ff99533a000 	C:\WINDOWS\system32\mswsock.dll
0x00007ff97f500000 - 0x00007ff97f516000 	C:\Users\Admin\AppData\Local\Programs\Android Studio\jbr\bin\nio.dll
0x00007ff981a50000 - 0x00007ff981a60000 	C:\Users\Admin\AppData\Local\Programs\Android Studio\jbr\bin\verify.dll
0x00007ff97ff40000 - 0x00007ff97ff67000 	C:\Users\Admin\.gradle\native\68d5fa5c4cc2d200863cafc0d521ce42e7d3e7ee720ec0a83991735586a16f82\windows-amd64\native-platform.dll
0x00007ff950f60000 - 0x00007ff9510a4000 	C:\Users\Admin\.gradle\native\e376f236ea51e6404a007f0833ffe2c6e607c4080706a723a18a27aeea778392\windows-amd64\native-platform-file-events.dll
0x00007ff980a60000 - 0x00007ff980a69000 	C:\Users\Admin\AppData\Local\Programs\Android Studio\jbr\bin\management.dll
0x00007ff97f810000 - 0x00007ff97f81b000 	C:\Users\Admin\AppData\Local\Programs\Android Studio\jbr\bin\management_ext.dll
0x00007ff996d40000 - 0x00007ff996d48000 	C:\WINDOWS\System32\PSAPI.DLL
0x00007ff995e70000 - 0x00007ff995e88000 	C:\WINDOWS\SYSTEM32\CRYPTSP.dll
0x00007ff994ac0000 - 0x00007ff994af4000 	C:\WINDOWS\system32\rsaenh.dll
0x00007ff995fb0000 - 0x00007ff995fde000 	C:\WINDOWS\SYSTEM32\USERENV.dll
0x00007ff9953f0000 - 0x00007ff9953fc000 	C:\WINDOWS\SYSTEM32\CRYPTBASE.dll
0x00007ff994e80000 - 0x00007ff994ebb000 	C:\WINDOWS\SYSTEM32\IPHLPAPI.DLL
0x00007ff9989e0000 - 0x00007ff9989e8000 	C:\WINDOWS\System32\NSI.dll
0x00007ff98bfe0000 - 0x00007ff98bff7000 	C:\WINDOWS\SYSTEM32\dhcpcsvc6.DLL
0x00007ff98bfc0000 - 0x00007ff98bfdd000 	C:\WINDOWS\SYSTEM32\dhcpcsvc.DLL
0x00007ff994ec0000 - 0x00007ff994f8a000 	C:\WINDOWS\SYSTEM32\DNSAPI.dll
0x00007ff972cb0000 - 0x00007ff972cb7000 	C:\WINDOWS\system32\wshunix.dll

dbghelp: loaded successfully - version: 4.0.5 - missing functions: none
symbol engine: initialized successfully - sym options: 0x614 - pdb path: .;C:\Users\Admin\AppData\Local\Programs\Android Studio\jbr\bin;C:\WINDOWS\SYSTEM32;C:\WINDOWS\WinSxS\amd64_microsoft.windows.common-controls_6595b64144ccf1df_6.0.19041.3636_none_60b6a03d71f818d5;C:\Users\Admin\AppData\Local\Programs\Android Studio\jbr\bin\server;C:\Users\Admin\.gradle\native\68d5fa5c4cc2d200863cafc0d521ce42e7d3e7ee720ec0a83991735586a16f82\windows-amd64;C:\Users\Admin\.gradle\native\e376f236ea51e6404a007f0833ffe2c6e607c4080706a723a18a27aeea778392\windows-amd64

VM Arguments:
jvm_args: --add-opens=java.base/java.util=ALL-UNNAMED --add-opens=java.base/java.lang=ALL-UNNAMED --add-opens=java.base/java.lang.invoke=ALL-UNNAMED --add-opens=java.prefs/java.util.prefs=ALL-UNNAMED --add-opens=java.base/java.nio.charset=ALL-UNNAMED --add-opens=java.base/java.net=ALL-UNNAMED --add-opens=java.base/java.util.concurrent.atomic=ALL-UNNAMED -Xmx2048m -Dfile.encoding=UTF-8 -Duser.country=US -Duser.language=en -Duser.variant -javaagent:C:\Users\Admin\.gradle\wrapper\dists\gradle-8.2-bin\bbg7u40eoinfdyxsxr3z4i7ta\gradle-8.2\lib\agents\gradle-instrumentation-agent-8.2.jar 
java_command: org.gradle.launcher.daemon.bootstrap.GradleDaemon 8.2
java_class_path (initial): C:\Users\Admin\.gradle\wrapper\dists\gradle-8.2-bin\bbg7u40eoinfdyxsxr3z4i7ta\gradle-8.2\lib\gradle-launcher-8.2.jar
Launcher Type: SUN_STANDARD

[Global flags]
     intx CICompilerCount                          = 4                                         {product} {ergonomic}
     uint ConcGCThreads                            = 2                                         {product} {ergonomic}
     uint G1ConcRefinementThreads                  = 8                                         {product} {ergonomic}
   size_t G1HeapRegionSize                         = 1048576                                   {product} {ergonomic}
    uintx GCDrainStackTargetSize                   = 64                                        {product} {ergonomic}
   size_t InitialHeapSize                          = 132120576                                 {product} {ergonomic}
   size_t MarkStackSize                            = 4194304                                   {product} {ergonomic}
   size_t MaxHeapSize                              = 2147483648                                {product} {command line}
   size_t MaxNewSize                               = 1287651328                                {product} {ergonomic}
   size_t MinHeapDeltaBytes                        = 1048576                                   {product} {ergonomic}
   size_t MinHeapSize                              = 8388608                                   {product} {ergonomic}
    uintx NonNMethodCodeHeapSize                   = 5839372                                {pd product} {ergonomic}
    uintx NonProfiledCodeHeapSize                  = 122909434                              {pd product} {ergonomic}
    uintx ProfiledCodeHeapSize                     = 122909434                              {pd product} {ergonomic}
    uintx ReservedCodeCacheSize                    = 251658240                              {pd product} {ergonomic}
     bool SegmentedCodeCache                       = true                                      {product} {ergonomic}
   size_t SoftMaxHeapSize                          = 2147483648                             {manageable} {ergonomic}
     bool UseCompressedClassPointers               = true                           {product lp64_product} {ergonomic}
     bool UseCompressedOops                        = true                           {product lp64_product} {ergonomic}
     bool UseG1GC                                  = true                                      {product} {ergonomic}
     bool UseLargePagesIndividualAllocation        = false                                  {pd product} {ergonomic}

Logging:
Log output configuration:
 #0: stdout all=warning uptime,level,tags
 #1: stderr all=off uptime,level,tags

Environment Variables:
PATH=C:\Program Files\Microsoft\jdk-11.0.16.101-hotspot\bin;C:\Program Files (x86)\Common Files\Oracle\Java\javapath;C:\Program Files\Microsoft MPI\Bin\;C:\Program Files (x86)\VMWare1\bin\;C:\ProgramData\Oracle\Java\javapath;C:\WINDOWS\system32;C:\WINDOWS;C:\WINDOWS\System32\Wbem;C:\WINDOWS\System32\WindowsPowerShell\v1.0\;C:\WINDOWS\System32\OpenSSH\;C:\Program Files\Cloudflare\Cloudflare WARP;C:\Program Files (x86)\Microsoft SQL Server\150\Tools\Binn\;C:\Program Files\Microsoft SQL Server\150\Tools\Binn\;C:\Program Files (x86)\Microsoft SQL Server\150\DTS\Binn\;C:\Program Files\Microsoft SQL Server\150\DTS\Binn\;C:\Program Files\Microsoft SQL Server\Client SDK\ODBC\170\Tools\Binn\;C:\Program Files\Azure Data Studio\bin;C:\Program Files\dotnet\;C:\Program Files\Git\cmd;C:\Program Files\MySQL\MySQL Shell 8.0\bin\;C:\Users\Admin\AppData\Local\Microsoft\WindowsApps;C:\Program Files\Azure Data Studio\bin;C:\Users\Admin\AppData\Local\Programs\Microsoft VS Code\bin;C:\Users\Admin\.dotnet\tools;C:\Users\Admin\AppData\Local\JetBrains\Toolbox\scripts;;%USERPROFILE%\AppData\Local\Microsoft\WindowsApps
USERNAME=Admin
OS=Windows_NT
PROCESSOR_IDENTIFIER=Intel64 Family 6 Model 142 Stepping 11, GenuineIntel
TMP=C:\Users\Admin\AppData\Local\Temp
TEMP=C:\Users\Admin\AppData\Local\Temp


JNI global refs:
JNI global refs: 27, weak refs: 1

JNI global refs memory usage: 843, weak refs: 841

OOME stack traces (most recent first):
Classloader memory used:
Loader org.gradle.internal.classloader.VisitableURLClassLoader                         : 2803K
Loader bootstrap                                                                       : 2353K
Loader org.gradle.initialization.MixInLegacyTypesClassLoader                           : 587K
Loader org.gradle.internal.classloader.VisitableURLClassLoader                         : 80458B
Loader jdk.internal.loader.ClassLoaders$PlatformClassLoader                            : 65564B
Loader jdk.internal.loader.ClassLoaders$AppClassLoader                                 : 28073B
Loader jdk.internal.reflect.DelegatingClassLoader                                      : 12433B
Loader org.gradle.internal.classloader.VisitableURLClassLoader$InstrumentingVisitableURLClassLoader: 2917B

Classes loaded by more than one classloader:
Class org.gradle.internal.Cast                                                        : loaded 3 times (x 69B)
Class org.gradle.api.GradleException                                                  : loaded 3 times (x 80B)
Class org.gradle.internal.classpath.ClassPath                                         : loaded 2 times (x 68B)
Class org.gradle.api.internal.classpath.DefaultModuleRegistry                         : loaded 2 times (x 84B)
Class Settings_gradle$1$1                                                             : loaded 2 times (x 72B)
Class kotlin.io.FilesKt__FilePathComponentsKt                                         : loaded 2 times (x 69B)
Class kotlin.text.StringsKt__RegexExtensionsJVMKt                                     : loaded 2 times (x 69B)
Class org.gradle.api.Action                                                           : loaded 2 times (x 68B)
Class kotlin.text.StringsKt__AppendableKt                                             : loaded 2 times (x 69B)
Class org.gradle.api.internal.DefaultClassPathProvider                                : loaded 2 times (x 74B)
Class org.gradle.internal.installation.GradleInstallation$1                           : loaded 2 times (x 73B)
Class org.gradle.internal.exceptions.DefaultMultiCauseException                       : loaded 2 times (x 85B)
Class org.gradle.tooling.model.UnsupportedMethodException                             : loaded 2 times (x 80B)
Class kotlin.io.FilesKt                                                               : loaded 2 times (x 69B)
Class kotlin.io.FileSystemException                                                   : loaded 2 times (x 80B)
Class org.gradle.internal.time.MonotonicClock                                         : loaded 2 times (x 75B)
Class org.gradle.util.GradleVersion                                                   : loaded 2 times (x 81B)
Class org.gradle.internal.classloader.FilteringClassLoader                            : loaded 2 times (x 102B)
Class org.gradle.tooling.model.Model                                                  : loaded 2 times (x 68B)
Class org.gradle.internal.classpath.DefaultClassPath$ImmutableUniqueList$Builder      : loaded 2 times (x 73B)
Class kotlin.UninitializedPropertyAccessException                                     : loaded 2 times (x 80B)
Class org.gradle.internal.classloader.ClassLoaderVisitor                              : loaded 2 times (x 74B)
Class org.gradle.internal.time.DefaultCountdownTimer                                  : loaded 2 times (x 86B)
Class kotlin.text.StringsKt__RegexExtensionsKt                                        : loaded 2 times (x 69B)
Class org.gradle.internal.service.DefaultServiceLocator                               : loaded 2 times (x 81B)
Class kotlin.text.StringsKt__StringBuilderJVMKt                                       : loaded 2 times (x 69B)
Class org.gradle.internal.service.UnknownServiceException                             : loaded 2 times (x 81B)
Class kotlin.text.StringsKt__StringsJVMKt                                             : loaded 2 times (x 69B)
Class org.gradle.internal.classloader.DefaultClassLoaderFactory                       : loaded 2 times (x 80B)
Class kotlin.text.StringsKt__StringNumberConversionsKt                                : loaded 2 times (x 69B)
Class org.gradle.internal.classloader.VisitableURLClassLoader$Spec                    : loaded 2 times (x 72B)
Class org.gradle.tooling.model.ProjectModel                                           : loaded 2 times (x 68B)
Class kotlin.text.StringsKt                                                           : loaded 2 times (x 69B)
Class org.gradle.tooling.internal.gradle.DefaultProjectIdentifier                     : loaded 2 times (x 84B)
Class org.gradle.api.internal.classpath.ModuleRegistry                                : loaded 2 times (x 68B)
Class org.gradle.api.internal.ClassPathProvider                                       : loaded 2 times (x 68B)
Class org.gradle.internal.classloader.ClasspathUtil$1                                 : loaded 2 times (x 74B)
Class org.gradle.internal.classloader.ClassLoaderFactory                              : loaded 2 times (x 68B)
Class org.gradle.api.internal.classpath.ManifestUtil                                  : loaded 2 times (x 69B)
Class org.gradle.api.specs.Spec                                                       : loaded 2 times (x 68B)
Class kotlin.jvm.internal.Intrinsics                                                  : loaded 2 times (x 69B)
Class org.gradle.tooling.internal.gradle.GradleBuildIdentity                          : loaded 2 times (x 68B)
Class kotlin.text.StringsKt___StringsJvmKt                                            : loaded 2 times (x 69B)
Class org.gradle.internal.IoActions                                                   : loaded 2 times (x 69B)
Class org.gradle.api.internal.classpath.EffectiveClassPath                            : loaded 2 times (x 88B)
Class org.gradle.internal.installation.CurrentGradleInstallation                      : loaded 2 times (x 71B)
Class org.gradle.internal.agents.InstrumentingClassLoader                             : loaded 2 times (x 68B)
Class org.gradle.internal.installation.CurrentGradleInstallationLocator               : loaded 2 times (x 69B)
Class org.gradle.api.internal.classpath.Module                                        : loaded 2 times (x 68B)
Class org.gradle.internal.service.CachingServiceLocator                               : loaded 2 times (x 80B)
Class org.gradle.internal.time.Timer                                                  : loaded 2 times (x 68B)
Class kotlin.text.StringsKt__StringBuilderKt                                          : loaded 2 times (x 69B)
Class org.gradle.internal.classpath.DefaultClassPath                                  : loaded 2 times (x 88B)
Class org.gradle.internal.time.Time                                                   : loaded 2 times (x 69B)
Class org.gradle.internal.time.TimeSource$1                                           : loaded 2 times (x 75B)
Class kotlin.KotlinNullPointerException                                               : loaded 2 times (x 81B)
Class kotlin.io.NoSuchFileException                                                   : loaded 2 times (x 80B)
Class org.gradle.internal.classloader.SystemClassLoaderSpec                           : loaded 2 times (x 69B)
Class kotlin.io.FileAlreadyExistsException                                            : loaded 2 times (x 80B)
Class org.gradle.api.UncheckedIOException                                             : loaded 2 times (x 80B)
Class kotlin.io.FilesKt__FileReadWriteKt                                              : loaded 2 times (x 69B)
Class Program                                                                         : loaded 2 times (x 70B)
Class org.gradle.tooling.internal.gradle.GradleProjectIdentity                        : loaded 2 times (x 68B)
Class org.gradle.internal.time.CountdownTimer                                         : loaded 2 times (x 68B)
Class org.gradle.internal.time.Clock                                                  : loaded 2 times (x 68B)
Class org.gradle.internal.classloader.ClasspathUtil                                   : loaded 2 times (x 69B)
Class kotlin.NotImplementedError                                                      : loaded 2 times (x 80B)
Class org.gradle.tooling.model.BuildIdentifier                                        : loaded 2 times (x 68B)
Class org.gradle.api.internal.DefaultClassPathRegistry                                : loaded 2 times (x 74B)
Class org.gradle.api.internal.classpath.DefaultModuleRegistry$DefaultModule           : loaded 2 times (x 84B)
Class kotlin.text.StringsKt__StringsKt                                                : loaded 2 times (x 69B)
Class org.gradle.internal.time.TimeSource                                             : loaded 2 times (x 68B)
Class org.gradle.api.internal.classpath.UnknownModuleException                        : loaded 2 times (x 80B)
Class kotlin.text.StringsKt__StringNumberConversionsJVMKt                             : loaded 2 times (x 69B)
Class kotlin.text.StringsKt__IndentKt                                                 : loaded 2 times (x 69B)
Class org.gradle.internal.service.ServiceLookupException                              : loaded 2 times (x 80B)
Class org.gradle.cache.GlobalCache                                                    : loaded 2 times (x 68B)
Class org.gradle.tooling.model.ProjectIdentifier                                      : loaded 2 times (x 68B)
Class [Lorg.gradle.api.internal.ClassPathProvider;                                    : loaded 2 times (x 67B)
Class org.gradle.internal.operations.MultipleBuildOperationFailures                   : loaded 2 times (x 85B)
Class org.gradle.util.internal.GUtil                                                  : loaded 2 times (x 69B)
Class org.gradle.internal.classloader.ClassLoaderSpec                                 : loaded 2 times (x 69B)
Class kotlin.io.FilesKt__UtilsKt                                                      : loaded 2 times (x 69B)
Class org.gradle.internal.classloader.VisitableURLClassLoader                         : loaded 2 times (x 114B)
Class kotlin.io.FilesKt__FileTreeWalkKt                                               : loaded 2 times (x 69B)
Class org.gradle.internal.installation.GradleInstallation                             : loaded 2 times (x 73B)
Class org.gradle.api.internal.ClassPathRegistry                                       : loaded 2 times (x 68B)
Class org.gradle.internal.classloader.VisitableURLClassLoader$InstrumentingVisitableURLClassLoader: loaded 2 times (x 120B)
Class org.gradle.internal.classloader.ClassLoaderHierarchy                            : loaded 2 times (x 68B)
Class org.gradle.internal.exceptions.MultiCauseException                              : loaded 2 times (x 68B)
Class org.gradle.internal.InternalTransformer                                         : loaded 2 times (x 68B)
Class org.gradle.tooling.internal.gradle.DefaultBuildIdentifier                       : loaded 2 times (x 77B)
Class org.gradle.internal.service.ServiceLocator                                      : loaded 2 times (x 68B)
Class Settings_gradle$1                                                               : loaded 2 times (x 72B)
Class kotlin.io.TerminateException                                                    : loaded 2 times (x 80B)
Class org.gradle.internal.classpath.DefaultClassPath$ImmutableUniqueList              : loaded 2 times (x 159B)
Class org.gradle.internal.time.DefaultTimer                                           : loaded 2 times (x 78B)
Class org.gradle.internal.classpath.TransformedClassPath                              : loaded 2 times (x 94B)
Class Settings_gradle                                                                 : loaded 2 times (x 126B)
Class kotlin.text.StringsKt___StringsKt                                               : loaded 2 times (x 69B)


---------------  S Y S T E M  ---------------

OS:
 Windows 10 , 64 bit Build 19041 (10.0.19041.3636)
OS uptime: 3 days 9:39 hours

CPU: total 8 (initial active 8) (4 cores per cpu, 2 threads per core) family 6 model 142 stepping 11 microcode 0xae, cx8, cmov, fxsr, ht, mmx, 3dnowpref, sse, sse2, sse3, ssse3, sse4.1, sse4.2, popcnt, lzcnt, tsc, tscinvbit, avx, avx2, aes, erms, clmul, bmi1, bmi2, adx, fma, vzeroupper, clflush, clflushopt

Memory: 4k page, system-wide physical 7967M (364M free)
TotalPageFile size 24351M (AvailPageFile size 6M)
current process WorkingSet (physical memory assigned to process): 247M, peak: 247M
current process commit charge ("private bytes"): 284M, peak: 287M

vm_info: OpenJDK 64-Bit Server VM (17.0.7+0-b2043.56-10550314) for windows-amd64 JRE (17.0.7+0-b2043.56-10550314), built on Jul 24 2023 18:27:45 by "androidbuild" with MS VC++ 16.10 / 16.11 (VS2019)

END.
