#
# There is insufficient memory for the Java Runtime Environment to continue.
# Native memory allocation (mmap) failed to map 18874368 bytes for G1 virtual space
# Possible reasons:
#   The system is out of physical RAM or swap space
#   The process is running with CompressedOops enabled, and the Java Heap may be blocking the growth of the native heap
# Possible solutions:
#   Reduce memory load on the system
#   Increase physical memory or swap space
#   Check if swap backing store is full
#   Decrease Java heap size (-Xmx/-Xms)
#   Decrease number of Java threads
#   Decrease Java thread stack sizes (-Xss)
#   Set larger code cache with -XX:ReservedCodeCacheSize=
#   JVM is running with Unscaled Compressed Oops mode in which the Java heap is
#     placed in the first 4GB address space. The Java Heap base address is the
#     maximum limit for the native heap growth. Please use -XX:HeapBaseMinAddress
#     to set the Java Heap base and to place the Java Heap above 4GB virtual address.
# This output file may be truncated or incomplete.
#
#  Out of Memory Error (os_windows.cpp:3771), pid=6296, tid=12692
#
# JRE version: OpenJDK Runtime Environment (17.0.7) (build 17.0.7+0-b2043.56-10550314)
# Java VM: OpenJDK 64-Bit Server VM (17.0.7+0-b2043.56-10550314, mixed mode, tiered, compressed oops, compressed class ptrs, g1 gc, windows-amd64)
# No core dump will be written. Minidumps are not enabled by default on client versions of Windows
#

---------------  S U M M A R Y ------------

Command Line: --add-opens=java.base/java.util=ALL-UNNAMED --add-opens=java.base/java.lang=ALL-UNNAMED --add-opens=java.base/java.lang.invoke=ALL-UNNAMED --add-opens=java.prefs/java.util.prefs=ALL-UNNAMED --add-opens=java.base/java.nio.charset=ALL-UNNAMED --add-opens=java.base/java.net=ALL-UNNAMED --add-opens=java.base/java.util.concurrent.atomic=ALL-UNNAMED -Xmx2048m -Dfile.encoding=UTF-8 -Duser.country=US -Duser.language=en -Duser.variant -javaagent:C:\Users\Admin\.gradle\wrapper\dists\gradle-8.2-bin\bbg7u40eoinfdyxsxr3z4i7ta\gradle-8.2\lib\agents\gradle-instrumentation-agent-8.2.jar org.gradle.launcher.daemon.bootstrap.GradleDaemon 8.2

Host: Intel(R) Core(TM) i5-8265U CPU @ 1.60GHz, 8 cores, 7G,  Windows 10 , 64 bit Build 19041 (10.0.19041.3636)
Time: Sun Mar 10 17:27:02 2024 SE Asia Standard Time elapsed time: 3.239224 seconds (0d 0h 0m 3s)

---------------  T H R E A D  ---------------

Current thread (0x000001eada6f7a20):  VMThread "VM Thread" [stack: 0x000000c5e9700000,0x000000c5e9800000] [id=12692]

Stack: [0x000000c5e9700000,0x000000c5e9800000]
Native frames: (J=compiled Java code, j=interpreted, Vv=VM code, C=native code)
V  [jvm.dll+0x683bfa]
V  [jvm.dll+0x8430a4]
V  [jvm.dll+0x8449be]
V  [jvm.dll+0x845023]
V  [jvm.dll+0x24ad2f]
V  [jvm.dll+0x680ac9]
V  [jvm.dll+0x67519a]
V  [jvm.dll+0x30b3cb]
V  [jvm.dll+0x312876]
V  [jvm.dll+0x36221e]
V  [jvm.dll+0x36244f]
V  [jvm.dll+0x2e14a8]
V  [jvm.dll+0x2df684]
V  [jvm.dll+0x2dec8c]
V  [jvm.dll+0x32382b]
V  [jvm.dll+0x8496eb]
V  [jvm.dll+0x84a424]
V  [jvm.dll+0x84a93d]
V  [jvm.dll+0x84ad14]
V  [jvm.dll+0x84ade0]
V  [jvm.dll+0x7f2aea]
V  [jvm.dll+0x682a35]
C  [ucrtbase.dll+0x21bb2]
C  [KERNEL32.DLL+0x17344]
C  [ntdll.dll+0x526b1]

VM_Operation (0x000000c5eb0f8700): G1CollectForAllocation, mode: safepoint, requested by thread 0x000001eadfec52e0


---------------  P R O C E S S  ---------------

Threads class SMR info:
_java_thread_list=0x000001eae1993290, length=34, elements={
0x000001eac0883330, 0x000001eada719250, 0x000001eada8511f0, 0x000001eada867800,
0x000001eada8682c0, 0x000001eada868d70, 0x000001eada879fe0, 0x000001eada87ad70,
0x000001eada87d820, 0x000001eada886220, 0x000001eada97b920, 0x000001eadaab6c40,
0x000001eae075ffb0, 0x000001eadf1b3470, 0x000001eae0c3c8d0, 0x000001eadf5fce80,
0x000001eae1b28af0, 0x000001eae0d042a0, 0x000001eadfec6620, 0x000001eadfec52e0,
0x000001eadfec57b0, 0x000001eadfec5c80, 0x000001eadfec6150, 0x000001eae10f0010,
0x000001eae10e9fd0, 0x000001eae10ee330, 0x000001eae10ef670, 0x000001eae10ee800,
0x000001eae10ecb20, 0x000001eae10f09b0, 0x000001eae10f0e80, 0x000001eae10f1820,
0x000001eae10ea970, 0x000001eae10f1350
}

Java Threads: ( => current thread )
  0x000001eac0883330 JavaThread "main" [_thread_blocked, id=9296, stack(0x000000c5e9100000,0x000000c5e9200000)]
  0x000001eada719250 JavaThread "Reference Handler" daemon [_thread_blocked, id=2576, stack(0x000000c5e9800000,0x000000c5e9900000)]
  0x000001eada8511f0 JavaThread "Finalizer" daemon [_thread_blocked, id=4800, stack(0x000000c5e9900000,0x000000c5e9a00000)]
  0x000001eada867800 JavaThread "Signal Dispatcher" daemon [_thread_blocked, id=8756, stack(0x000000c5e9a00000,0x000000c5e9b00000)]
  0x000001eada8682c0 JavaThread "Attach Listener" daemon [_thread_blocked, id=14420, stack(0x000000c5e9b00000,0x000000c5e9c00000)]
  0x000001eada868d70 JavaThread "Service Thread" daemon [_thread_blocked, id=10080, stack(0x000000c5e9c00000,0x000000c5e9d00000)]
  0x000001eada879fe0 JavaThread "Monitor Deflation Thread" daemon [_thread_blocked, id=8040, stack(0x000000c5e9d00000,0x000000c5e9e00000)]
  0x000001eada87ad70 JavaThread "C2 CompilerThread0" daemon [_thread_in_native, id=16020, stack(0x000000c5e9e00000,0x000000c5e9f00000)]
  0x000001eada87d820 JavaThread "C1 CompilerThread0" daemon [_thread_blocked, id=7464, stack(0x000000c5e9f00000,0x000000c5ea000000)]
  0x000001eada886220 JavaThread "Sweeper thread" daemon [_thread_blocked, id=7692, stack(0x000000c5ea000000,0x000000c5ea100000)]
  0x000001eada97b920 JavaThread "Common-Cleaner" daemon [_thread_blocked, id=19824, stack(0x000000c5ea100000,0x000000c5ea200000)]
  0x000001eadaab6c40 JavaThread "Notification Thread" daemon [_thread_blocked, id=4792, stack(0x000000c5ea200000,0x000000c5ea300000)]
  0x000001eae075ffb0 JavaThread "Daemon health stats" [_thread_blocked, id=3848, stack(0x000000c5eab00000,0x000000c5eac00000)]
  0x000001eadf1b3470 JavaThread "Incoming local TCP Connector on port 58771" [_thread_in_native, id=10472, stack(0x000000c5ea400000,0x000000c5ea500000)]
  0x000001eae0c3c8d0 JavaThread "C2 CompilerThread1" daemon [_thread_in_native, id=9400, stack(0x000000c5ea500000,0x000000c5ea600000)]
  0x000001eadf5fce80 JavaThread "Daemon periodic checks" [_thread_blocked, id=10592, stack(0x000000c5eac00000,0x000000c5ead00000)]
  0x000001eae1b28af0 JavaThread "Daemon" [_thread_blocked, id=3272, stack(0x000000c5ead00000,0x000000c5eae00000)]
  0x000001eae0d042a0 JavaThread "Handler for socket connection from /127.0.0.1:58771 to /127.0.0.1:58772" [_thread_in_native, id=17556, stack(0x000000c5eae00000,0x000000c5eaf00000)]
  0x000001eadfec6620 JavaThread "Cancel handler" [_thread_blocked, id=18872, stack(0x000000c5eaf00000,0x000000c5eb000000)]
  0x000001eadfec52e0 JavaThread "Daemon worker" [_thread_blocked, id=5716, stack(0x000000c5eb000000,0x000000c5eb100000)]
  0x000001eadfec57b0 JavaThread "Asynchronous log dispatcher for DefaultDaemonConnection: socket connection from /127.0.0.1:58771 to /127.0.0.1:58772" [_thread_blocked, id=20084, stack(0x000000c5eb100000,0x000000c5eb200000)]
  0x000001eadfec5c80 JavaThread "Stdin handler" [_thread_blocked, id=3260, stack(0x000000c5eb200000,0x000000c5eb300000)]
  0x000001eadfec6150 JavaThread "Daemon client event forwarder" [_thread_blocked, id=17836, stack(0x000000c5eb300000,0x000000c5eb400000)]
  0x000001eae10f0010 JavaThread "Cache worker for journal cache (C:\Users\Admin\.gradle\caches\journal-1)" [_thread_blocked, id=5092, stack(0x000000c5eb800000,0x000000c5eb900000)]
  0x000001eae10e9fd0 JavaThread "File lock request listener" [_thread_in_native, id=18160, stack(0x000000c5eb900000,0x000000c5eba00000)]
  0x000001eae10ee330 JavaThread "Cache worker for file hash cache (C:\Users\Admin\.gradle\caches\8.2\fileHashes)" [_thread_blocked, id=12212, stack(0x000000c5eba00000,0x000000c5ebb00000)]
  0x000001eae10ef670 JavaThread "File watcher server" daemon [_thread_in_native, id=15412, stack(0x000000c5ebb00000,0x000000c5ebc00000)]
  0x000001eae10ee800 JavaThread "File watcher consumer" daemon [_thread_blocked, id=12440, stack(0x000000c5ebc00000,0x000000c5ebd00000)]
  0x000001eae10ecb20 JavaThread "jar transforms" [_thread_blocked, id=2332, stack(0x000000c5ebd00000,0x000000c5ebe00000)]
  0x000001eae10f09b0 JavaThread "jar transforms Thread 2" [_thread_blocked, id=19136, stack(0x000000c5ebe00000,0x000000c5ebf00000)]
  0x000001eae10f0e80 JavaThread "jar transforms Thread 3" [_thread_blocked, id=2368, stack(0x000000c5ebf00000,0x000000c5ec000000)]
  0x000001eae10f1820 JavaThread "jar transforms Thread 4" [_thread_blocked, id=3200, stack(0x000000c5ec000000,0x000000c5ec100000)]
  0x000001eae10ea970 JavaThread "jar transforms Thread 5" [_thread_blocked, id=3368, stack(0x000000c5ec100000,0x000000c5ec200000)]
  0x000001eae10f1350 JavaThread "jar transforms Thread 6" [_thread_blocked, id=4396, stack(0x000000c5ec200000,0x000000c5ec300000)]

Other Threads:
=>0x000001eada6f7a20 VMThread "VM Thread" [stack: 0x000000c5e9700000,0x000000c5e9800000] [id=12692]
  0x000001eac08fbb30 WatcherThread [stack: 0x000000c5ea300000,0x000000c5ea400000] [id=13656]
  0x000001eac08df220 GCTaskThread "GC Thread#0" [stack: 0x000000c5e9200000,0x000000c5e9300000] [id=3976]
  0x000001eadf0ab280 GCTaskThread "GC Thread#1" [stack: 0x000000c5ea600000,0x000000c5ea700000] [id=7608]
  0x000001eadf285b10 GCTaskThread "GC Thread#2" [stack: 0x000000c5ea700000,0x000000c5ea800000] [id=14492]
  0x000001eadf7c6960 GCTaskThread "GC Thread#3" [stack: 0x000000c5ea800000,0x000000c5ea900000] [id=10164]
  0x000001eadf91b7c0 GCTaskThread "GC Thread#4" [stack: 0x000000c5eaa00000,0x000000c5eab00000] [id=4968]
  0x000001eadffc0140 GCTaskThread "GC Thread#5" [stack: 0x000000c5eb400000,0x000000c5eb500000] [id=4584]
  0x000001eae1ca7830 GCTaskThread "GC Thread#6" [stack: 0x000000c5eb500000,0x000000c5eb600000] [id=15112]
  0x000001eae0d3a270 GCTaskThread "GC Thread#7" [stack: 0x000000c5eb600000,0x000000c5eb700000] [id=17108]
  0x000001eac08f0160 ConcurrentGCThread "G1 Main Marker" [stack: 0x000000c5e9300000,0x000000c5e9400000] [id=13964]
  0x000001eac08f0b70 ConcurrentGCThread "G1 Conc#0" [stack: 0x000000c5e9400000,0x000000c5e9500000] [id=1924]
  0x000001eadfc63960 ConcurrentGCThread "G1 Conc#1" [stack: 0x000000c5eb700000,0x000000c5eb800000] [id=15600]
  0x000001eada5530d0 ConcurrentGCThread "G1 Refine#0" [stack: 0x000000c5e9500000,0x000000c5e9600000] [id=14640]
  0x000001eae00a4e60 ConcurrentGCThread "G1 Refine#1" [stack: 0x000000c5ea900000,0x000000c5eaa00000] [id=16116]
  0x000001eada553af0 ConcurrentGCThread "G1 Service" [stack: 0x000000c5e9600000,0x000000c5e9700000] [id=19264]

Threads with active compile tasks:
C2 CompilerThread0     3253 2564 %     4       java.util.zip.ZipFile$Source::initCEN @ 240 (591 bytes)
C2 CompilerThread1     3253 2227       4       java.net.URLClassLoader$1::run (5 bytes)

VM state: at safepoint (normal execution)

VM Mutex/Monitor currently owned by a thread:  ([mutex/lock_event])
[0x000001eac087bd50] Threads_lock - owner thread: 0x000001eada6f7a20
[0x000001eac087c380] Heap_lock - owner thread: 0x000001eadfec52e0

Heap address: 0x0000000080000000, size: 2048 MB, Compressed Oops mode: 32-bit

CDS archive(s) not mapped
Compressed class space mapped at: 0x0000000100000000-0x0000000140000000, reserved size: 1073741824
Narrow klass base: 0x0000000000000000, Narrow klass shift: 3, Narrow klass range: 0x140000000

GC Precious Log:
 CPUs: 8 total, 8 available
 Memory: 7967M
 Large Page Support: Disabled
 NUMA Support: Disabled
 Compressed Oops: Enabled (32-bit)
 Heap Region Size: 1M
 Heap Min Capacity: 8M
 Heap Initial Capacity: 126M
 Heap Max Capacity: 2G
 Pre-touch: Disabled
 Parallel Workers: 8
 Concurrent Workers: 2
 Concurrent Refinement Workers: 8
 Periodic GC: Disabled

Heap:
 garbage-first heap   total 81920K, used 30056K [0x0000000080000000, 0x0000000100000000)
  region size 1024K, 3 young (3072K), 3 survivors (3072K)
 Metaspace       used 30040K, committed 30336K, reserved 1114112K
  class space    used 4062K, committed 4224K, reserved 1048576K

Heap Regions: E=young(eden), S=young(survivor), O=old, HS=humongous(starts), HC=humongous(continues), CS=collection set, F=free, OA=open archive, CA=closed archive, TAMS=top-at-mark-start (previous, next)
|   0|0x0000000080000000, 0x0000000080100000, 0x0000000080100000|100%|HS|  |TAMS 0x0000000080100000, 0x0000000080000000| Complete 
|   1|0x0000000080100000, 0x0000000080200000, 0x0000000080200000|100%|HC|  |TAMS 0x0000000080200000, 0x0000000080100000| Complete 
|   2|0x0000000080200000, 0x0000000080300000, 0x0000000080300000|100%|HC|  |TAMS 0x0000000080300000, 0x0000000080200000| Complete 
|   3|0x0000000080300000, 0x0000000080400000, 0x0000000080400000|100%|HC|  |TAMS 0x0000000080400000, 0x0000000080300000| Complete 
|   4|0x0000000080400000, 0x0000000080500000, 0x0000000080500000|100%| O|  |TAMS 0x0000000080500000, 0x0000000080400000| Untracked 
|   5|0x0000000080500000, 0x0000000080600000, 0x0000000080600000|100%| O|  |TAMS 0x0000000080600000, 0x0000000080500000| Untracked 
|   6|0x0000000080600000, 0x0000000080700000, 0x0000000080700000|100%| O|  |TAMS 0x0000000080700000, 0x0000000080600000| Untracked 
|   7|0x0000000080700000, 0x0000000080800000, 0x0000000080800000|100%| O|  |TAMS 0x0000000080800000, 0x0000000080700000| Untracked 
|   8|0x0000000080800000, 0x0000000080900000, 0x0000000080900000|100%| O|  |TAMS 0x0000000080900000, 0x0000000080800000| Untracked 
|   9|0x0000000080900000, 0x0000000080a00000, 0x0000000080a00000|100%| O|  |TAMS 0x0000000080a00000, 0x0000000080900000| Untracked 
|  10|0x0000000080a00000, 0x0000000080a00000, 0x0000000080b00000|  0%| F|  |TAMS 0x0000000080a00000, 0x0000000080a00000| Untracked 
|  11|0x0000000080b00000, 0x0000000080c00000, 0x0000000080c00000|100%| O|  |TAMS 0x0000000080b00000, 0x0000000080b00000| Untracked 
|  12|0x0000000080c00000, 0x0000000080d00000, 0x0000000080d00000|100%| O|  |TAMS 0x0000000080c00000, 0x0000000080c00000| Untracked 
|  13|0x0000000080d00000, 0x0000000080e00000, 0x0000000080e00000|100%| O|  |TAMS 0x0000000080d00000, 0x0000000080d00000| Untracked 
|  14|0x0000000080e00000, 0x0000000080f00000, 0x0000000080f00000|100%| O|  |TAMS 0x0000000080e00000, 0x0000000080e00000| Untracked 
|  15|0x0000000080f00000, 0x0000000081000000, 0x0000000081000000|100%| O|  |TAMS 0x0000000080f00000, 0x0000000080f00000| Untracked 
|  16|0x0000000081000000, 0x0000000081100000, 0x0000000081100000|100%| O|  |TAMS 0x0000000081000000, 0x0000000081000000| Untracked 
|  17|0x0000000081100000, 0x0000000081200000, 0x0000000081200000|100%| O|  |TAMS 0x0000000081100000, 0x0000000081100000| Untracked 
|  18|0x0000000081200000, 0x0000000081300000, 0x0000000081300000|100%| O|  |TAMS 0x0000000081200000, 0x0000000081200000| Untracked 
|  19|0x0000000081300000, 0x0000000081400000, 0x0000000081400000|100%| O|  |TAMS 0x0000000081300000, 0x0000000081300000| Untracked 
|  20|0x0000000081400000, 0x00000000814c9e00, 0x0000000081500000| 78%| O|  |TAMS 0x0000000081400000, 0x0000000081400000| Untracked 
|  21|0x0000000081500000, 0x0000000081600000, 0x0000000081600000|100%|HS|  |TAMS 0x0000000081500000, 0x0000000081500000| Complete 
|  22|0x0000000081600000, 0x0000000081700000, 0x0000000081700000|100%|HC|  |TAMS 0x0000000081600000, 0x0000000081600000| Complete 
|  23|0x0000000081700000, 0x0000000081800000, 0x0000000081800000|100%|HS|  |TAMS 0x0000000081700000, 0x0000000081700000| Complete 
|  24|0x0000000081800000, 0x0000000081900000, 0x0000000081900000|100%|HC|  |TAMS 0x0000000081800000, 0x0000000081800000| Complete 
|  25|0x0000000081900000, 0x0000000081a00000, 0x0000000081a00000|100%|HC|  |TAMS 0x0000000081900000, 0x0000000081900000| Complete 
|  26|0x0000000081a00000, 0x0000000081b00000, 0x0000000081b00000|100%|HS|  |TAMS 0x0000000081a00000, 0x0000000081a00000| Complete 
|  27|0x0000000081b00000, 0x0000000081c00000, 0x0000000081c00000|100%|HC|  |TAMS 0x0000000081b00000, 0x0000000081b00000| Complete 
|  28|0x0000000081c00000, 0x0000000081c00000, 0x0000000081d00000|  0%| F|  |TAMS 0x0000000081c00000, 0x0000000081c00000| Untracked 
|  29|0x0000000081d00000, 0x0000000081d00000, 0x0000000081e00000|  0%| F|  |TAMS 0x0000000081d00000, 0x0000000081d00000| Untracked 
|  30|0x0000000081e00000, 0x0000000081e00000, 0x0000000081f00000|  0%| F|  |TAMS 0x0000000081e00000, 0x0000000081e00000| Untracked 
|  31|0x0000000081f00000, 0x0000000081f00000, 0x0000000082000000|  0%| F|  |TAMS 0x0000000081f00000, 0x0000000081f00000| Untracked 
|  32|0x0000000082000000, 0x0000000082000000, 0x0000000082100000|  0%| F|  |TAMS 0x0000000082000000, 0x0000000082000000| Untracked 
|  33|0x0000000082100000, 0x0000000082100000, 0x0000000082200000|  0%| F|  |TAMS 0x0000000082100000, 0x0000000082100000| Untracked 
|  34|0x0000000082200000, 0x0000000082200000, 0x0000000082300000|  0%| F|  |TAMS 0x0000000082200000, 0x0000000082200000| Untracked 
|  35|0x0000000082300000, 0x0000000082300000, 0x0000000082400000|  0%| F|  |TAMS 0x0000000082300000, 0x0000000082300000| Untracked 
|  36|0x0000000082400000, 0x0000000082490250, 0x0000000082500000| 56%| S|CS|TAMS 0x0000000082400000, 0x0000000082400000| Complete 
|  37|0x0000000082500000, 0x0000000082600000, 0x0000000082600000|100%| S|CS|TAMS 0x0000000082500000, 0x0000000082500000| Complete 
|  38|0x0000000082600000, 0x0000000082700000, 0x0000000082700000|100%| S|CS|TAMS 0x0000000082600000, 0x0000000082600000| Complete 
|  39|0x0000000082700000, 0x0000000082700000, 0x0000000082800000|  0%| F|  |TAMS 0x0000000082700000, 0x0000000082700000| Untracked 
|  40|0x0000000082800000, 0x0000000082800000, 0x0000000082900000|  0%| F|  |TAMS 0x0000000082800000, 0x0000000082800000| Untracked 
|  41|0x0000000082900000, 0x0000000082900000, 0x0000000082a00000|  0%| F|  |TAMS 0x0000000082900000, 0x0000000082900000| Untracked 
|  42|0x0000000082a00000, 0x0000000082a00000, 0x0000000082b00000|  0%| F|  |TAMS 0x0000000082a00000, 0x0000000082a00000| Untracked 
|  43|0x0000000082b00000, 0x0000000082b00000, 0x0000000082c00000|  0%| F|  |TAMS 0x0000000082b00000, 0x0000000082b00000| Untracked 
|  44|0x0000000082c00000, 0x0000000082c00000, 0x0000000082d00000|  0%| F|  |TAMS 0x0000000082c00000, 0x0000000082c00000| Untracked 
|  45|0x0000000082d00000, 0x0000000082d00000, 0x0000000082e00000|  0%| F|  |TAMS 0x0000000082d00000, 0x0000000082d00000| Untracked 
|  46|0x0000000082e00000, 0x0000000082e00000, 0x0000000082f00000|  0%| F|  |TAMS 0x0000000082e00000, 0x0000000082e00000| Untracked 
|  47|0x0000000082f00000, 0x0000000082f00000, 0x0000000083000000|  0%| F|  |TAMS 0x0000000082f00000, 0x0000000082f00000| Untracked 
|  48|0x0000000083000000, 0x0000000083000000, 0x0000000083100000|  0%| F|  |TAMS 0x0000000083000000, 0x0000000083000000| Untracked 
|  49|0x0000000083100000, 0x0000000083100000, 0x0000000083200000|  0%| F|  |TAMS 0x0000000083100000, 0x0000000083100000| Untracked 
|  50|0x0000000083200000, 0x0000000083200000, 0x0000000083300000|  0%| F|  |TAMS 0x0000000083200000, 0x0000000083200000| Untracked 
|  51|0x0000000083300000, 0x0000000083300000, 0x0000000083400000|  0%| F|  |TAMS 0x0000000083300000, 0x0000000083300000| Untracked 
|  52|0x0000000083400000, 0x0000000083400000, 0x0000000083500000|  0%| F|  |TAMS 0x0000000083400000, 0x0000000083400000| Untracked 
|  53|0x0000000083500000, 0x0000000083500000, 0x0000000083600000|  0%| F|  |TAMS 0x0000000083500000, 0x0000000083500000| Untracked 
|  54|0x0000000083600000, 0x0000000083600000, 0x0000000083700000|  0%| F|  |TAMS 0x0000000083600000, 0x0000000083600000| Untracked 
|  55|0x0000000083700000, 0x0000000083700000, 0x0000000083800000|  0%| F|  |TAMS 0x0000000083700000, 0x0000000083700000| Untracked 
|  56|0x0000000083800000, 0x0000000083800000, 0x0000000083900000|  0%| F|  |TAMS 0x0000000083800000, 0x0000000083800000| Untracked 
|  57|0x0000000083900000, 0x0000000083900000, 0x0000000083a00000|  0%| F|  |TAMS 0x0000000083900000, 0x0000000083900000| Untracked 
|  58|0x0000000083a00000, 0x0000000083a00000, 0x0000000083b00000|  0%| F|  |TAMS 0x0000000083a00000, 0x0000000083a00000| Untracked 
|  59|0x0000000083b00000, 0x0000000083b00000, 0x0000000083c00000|  0%| F|  |TAMS 0x0000000083b00000, 0x0000000083b00000| Untracked 
|  60|0x0000000083c00000, 0x0000000083c00000, 0x0000000083d00000|  0%| F|  |TAMS 0x0000000083c00000, 0x0000000083c00000| Untracked 
|  61|0x0000000083d00000, 0x0000000083d00000, 0x0000000083e00000|  0%| F|  |TAMS 0x0000000083d00000, 0x0000000083d00000| Untracked 
|  62|0x0000000083e00000, 0x0000000083e00000, 0x0000000083f00000|  0%| F|  |TAMS 0x0000000083e00000, 0x0000000083e00000| Untracked 
|  63|0x0000000083f00000, 0x0000000083f00000, 0x0000000084000000|  0%| F|  |TAMS 0x0000000083f00000, 0x0000000083f00000| Untracked 
|  64|0x0000000084000000, 0x0000000084000000, 0x0000000084100000|  0%| F|  |TAMS 0x0000000084000000, 0x0000000084000000| Untracked 
|  65|0x0000000084100000, 0x0000000084100000, 0x0000000084200000|  0%| F|  |TAMS 0x0000000084100000, 0x0000000084100000| Untracked 
|  66|0x0000000084200000, 0x0000000084200000, 0x0000000084300000|  0%| F|  |TAMS 0x0000000084200000, 0x0000000084200000| Untracked 
|  67|0x0000000084300000, 0x0000000084300000, 0x0000000084400000|  0%| F|  |TAMS 0x0000000084300000, 0x0000000084300000| Untracked 
|  68|0x0000000084400000, 0x0000000084400000, 0x0000000084500000|  0%| F|  |TAMS 0x0000000084400000, 0x0000000084400000| Untracked 
|  69|0x0000000084500000, 0x0000000084500000, 0x0000000084600000|  0%| F|  |TAMS 0x0000000084500000, 0x0000000084500000| Untracked 
|  70|0x0000000084600000, 0x0000000084600000, 0x0000000084700000|  0%| F|  |TAMS 0x0000000084600000, 0x0000000084600000| Untracked 
|  71|0x0000000084700000, 0x0000000084700000, 0x0000000084800000|  0%| F|  |TAMS 0x0000000084700000, 0x0000000084700000| Untracked 
|  72|0x0000000084800000, 0x0000000084800000, 0x0000000084900000|  0%| F|  |TAMS 0x0000000084800000, 0x0000000084800000| Untracked 
|  73|0x0000000084900000, 0x0000000084900000, 0x0000000084a00000|  0%| F|  |TAMS 0x0000000084900000, 0x0000000084900000| Untracked 
|  74|0x0000000084a00000, 0x0000000084a00000, 0x0000000084b00000|  0%| F|  |TAMS 0x0000000084a00000, 0x0000000084a00000| Untracked 
|  75|0x0000000084b00000, 0x0000000084b00000, 0x0000000084c00000|  0%| F|  |TAMS 0x0000000084b00000, 0x0000000084b00000| Untracked 
|  76|0x0000000084c00000, 0x0000000084c00000, 0x0000000084d00000|  0%| F|  |TAMS 0x0000000084c00000, 0x0000000084c00000| Untracked 
|  77|0x0000000084d00000, 0x0000000084d00000, 0x0000000084e00000|  0%| F|  |TAMS 0x0000000084d00000, 0x0000000084d00000| Untracked 
|  78|0x0000000084e00000, 0x0000000084e00000, 0x0000000084f00000|  0%| F|  |TAMS 0x0000000084e00000, 0x0000000084e00000| Untracked 
| 125|0x0000000087d00000, 0x0000000087d00000, 0x0000000087e00000|  0%| F|  |TAMS 0x0000000087d00000, 0x0000000087d00000| Untracked 

Card table byte_map: [0x000001ead3490000,0x000001ead3890000] _byte_map_base: 0x000001ead3090000

Marking Bits (Prev, Next): (CMBitMap*) 0x000001eac08df870, (CMBitMap*) 0x000001eac08df830
 Prev Bits: [0x000001ead5c90000, 0x000001ead7c90000)
 Next Bits: [0x000001ead3c90000, 0x000001ead5c90000)

Polling page: 0x000001eabe890000

Metaspace:

Usage:
  Non-class:     25.37 MB used.
      Class:      3.97 MB used.
       Both:     29.34 MB used.

Virtual space:
  Non-class space:       64.00 MB reserved,      25.50 MB ( 40%) committed,  1 nodes.
      Class space:        1.00 GB reserved,       4.12 MB ( <1%) committed,  1 nodes.
             Both:        1.06 GB reserved,      29.62 MB (  3%) committed. 

Chunk freelists:
   Non-Class:  6.31 MB
       Class:  11.78 MB
        Both:  18.09 MB

MaxMetaspaceSize: unlimited
CompressedClassSpaceSize: 1.00 GB
Initial GC threshold: 21.00 MB
Current GC threshold: 35.25 MB
CDS: off
MetaspaceReclaimPolicy: balanced
 - commit_granule_bytes: 65536.
 - commit_granule_words: 8192.
 - virtual_space_node_default_size: 8388608.
 - enlarge_chunks_in_place: 1.
 - new_chunks_are_fully_committed: 0.
 - uncommit_free_chunks: 1.
 - use_allocation_guard: 0.
 - handle_deallocations: 1.


Internal statistics:

num_allocs_failed_limit: 3.
num_arena_births: 290.
num_arena_deaths: 0.
num_vsnodes_births: 2.
num_vsnodes_deaths: 0.
num_space_committed: 474.
num_space_uncommitted: 0.
num_chunks_returned_to_freelist: 3.
num_chunks_taken_from_freelist: 1077.
num_chunk_merges: 3.
num_chunk_splits: 703.
num_chunks_enlarged: 496.
num_inconsistent_stats: 0.

CodeHeap 'non-profiled nmethods': size=120000Kb used=1379Kb max_used=1379Kb free=118620Kb
 bounds [0x000001eacb830000, 0x000001eacbaa0000, 0x000001ead2d60000]
CodeHeap 'profiled nmethods': size=120000Kb used=5311Kb max_used=5311Kb free=114688Kb
 bounds [0x000001eac3d60000, 0x000001eac4290000, 0x000001eacb290000]
CodeHeap 'non-nmethods': size=5760Kb used=1230Kb max_used=1305Kb free=4529Kb
 bounds [0x000001eacb290000, 0x000001eacb500000, 0x000001eacb830000]
 total_blobs=3141 nmethods=2604 adapters=449
 compilation: enabled
              stopped_count=0, restarted_count=0
 full_count=0

Compilation events (20 events):
Event: 3.225 Thread 0x000001eada87d820 2608       3       org.objectweb.asm.MethodWriter::visitMethodInsn (191 bytes)
Event: 3.226 Thread 0x000001eada87d820 nmethod 2608 0x000001eac428b210 code [0x000001eac428b440, 0x000001eac428bc28]
Event: 3.226 Thread 0x000001eada87d820 2611       3       org.objectweb.asm.ByteVector::putInt (74 bytes)
Event: 3.226 Thread 0x000001eada87d820 nmethod 2611 0x000001eac428bf90 code [0x000001eac428c140, 0x000001eac428c3a8]
Event: 3.226 Thread 0x000001eada87d820 2609       3       org.objectweb.asm.ClassReader::readInt (52 bytes)
Event: 3.226 Thread 0x000001eada87d820 nmethod 2609 0x000001eac428c510 code [0x000001eac428c6a0, 0x000001eac428c878]
Event: 3.226 Thread 0x000001eada87d820 2610       3       org.objectweb.asm.MethodWriter::visitFrameStart (55 bytes)
Event: 3.226 Thread 0x000001eada87d820 nmethod 2610 0x000001eac428c990 code [0x000001eac428cb40, 0x000001eac428ce58]
Event: 3.227 Thread 0x000001eada87d820 2612       3       org.objectweb.asm.ClassReader::createDebugLabel (23 bytes)
Event: 3.228 Thread 0x000001eada87d820 nmethod 2612 0x000001eac428cf90 code [0x000001eac428d160, 0x000001eac428d618]
Event: 3.228 Thread 0x000001eada87d820 2613       3       org.objectweb.asm.ClassReader::readClass (7 bytes)
Event: 3.228 Thread 0x000001eada87d820 nmethod 2613 0x000001eac428d810 code [0x000001eac428d9e0, 0x000001eac428dd48]
Event: 3.228 Thread 0x000001eada87d820 2615       3       org.objectweb.asm.Frame::accept (264 bytes)
Event: 3.229 Thread 0x000001eada87d820 nmethod 2615 0x000001eac428df10 code [0x000001eac428e140, 0x000001eac428ea78]
Event: 3.229 Thread 0x000001eada87d820 2614       3       org.objectweb.asm.ClassReader::readStringish (16 bytes)
Event: 3.229 Thread 0x000001eada87d820 nmethod 2614 0x000001eac428ee10 code [0x000001eac428efe0, 0x000001eac428f2c8]
Event: 3.229 Thread 0x000001eada87d820 2617       3       org.objectweb.asm.ByteVector::putByteArray (49 bytes)
Event: 3.229 Thread 0x000001eada87d820 nmethod 2617 0x000001eac428f490 code [0x000001eac428f640, 0x000001eac428f918]
Event: 3.229 Thread 0x000001eada87d820 2616       3       org.objectweb.asm.Handler::getExceptionTableSize (10 bytes)
Event: 3.229 Thread 0x000001eada87d820 nmethod 2616 0x000001eac428fa10 code [0x000001eac428fbc0, 0x000001eac428fdb8]

GC Heap History (11 events):
Event: 0.710 GC heap before
{Heap before GC invocations=0 (full 0):
 garbage-first heap   total 129024K, used 26624K [0x0000000080000000, 0x0000000100000000)
  region size 1024K, 23 young (23552K), 0 survivors (0K)
 Metaspace       used 10454K, committed 10688K, reserved 1114112K
  class space    used 1088K, committed 1216K, reserved 1048576K
}
Event: 0.716 GC heap after
{Heap after GC invocations=1 (full 0):
 garbage-first heap   total 129024K, used 10773K [0x0000000080000000, 0x0000000100000000)
  region size 1024K, 3 young (3072K), 3 survivors (3072K)
 Metaspace       used 10454K, committed 10688K, reserved 1114112K
  class space    used 1088K, committed 1216K, reserved 1048576K
}
Event: 1.113 GC heap before
{Heap before GC invocations=1 (full 0):
 garbage-first heap   total 129024K, used 36373K [0x0000000080000000, 0x0000000100000000)
  region size 1024K, 28 young (28672K), 3 survivors (3072K)
 Metaspace       used 11395K, committed 11584K, reserved 1114112K
  class space    used 1193K, committed 1280K, reserved 1048576K
}
Event: 1.118 GC heap after
{Heap after GC invocations=2 (full 0):
 garbage-first heap   total 129024K, used 11389K [0x0000000080000000, 0x0000000100000000)
  region size 1024K, 1 young (1024K), 1 survivors (1024K)
 Metaspace       used 11395K, committed 11584K, reserved 1114112K
  class space    used 1193K, committed 1280K, reserved 1048576K
}
Event: 2.234 GC heap before
{Heap before GC invocations=2 (full 0):
 garbage-first heap   total 129024K, used 57469K [0x0000000080000000, 0x0000000100000000)
  region size 1024K, 47 young (48128K), 1 survivors (1024K)
 Metaspace       used 21318K, committed 21504K, reserved 1114112K
  class space    used 2569K, committed 2688K, reserved 1048576K
}
Event: 2.240 GC heap after
{Heap after GC invocations=3 (full 0):
 garbage-first heap   total 129024K, used 18651K [0x0000000080000000, 0x0000000100000000)
  region size 1024K, 8 young (8192K), 8 survivors (8192K)
 Metaspace       used 21318K, committed 21504K, reserved 1114112K
  class space    used 2569K, committed 2688K, reserved 1048576K
}
Event: 2.742 GC heap before
{Heap before GC invocations=4 (full 0):
 garbage-first heap   total 68608K, used 51419K [0x0000000080000000, 0x0000000100000000)
  region size 1024K, 40 young (40960K), 8 survivors (8192K)
 Metaspace       used 26015K, committed 26304K, reserved 1114112K
  class space    used 3382K, committed 3520K, reserved 1048576K
}
Event: 2.749 GC heap after
{Heap after GC invocations=5 (full 0):
 garbage-first heap   total 68608K, used 20397K [0x0000000080000000, 0x0000000100000000)
  region size 1024K, 3 young (3072K), 3 survivors (3072K)
 Metaspace       used 26015K, committed 26304K, reserved 1114112K
  class space    used 3382K, committed 3520K, reserved 1048576K
}
Event: 2.764 GC heap before
{Heap before GC invocations=5 (full 0):
 garbage-first heap   total 68608K, used 21421K [0x0000000080000000, 0x0000000100000000)
  region size 1024K, 4 young (4096K), 3 survivors (3072K)
 Metaspace       used 26194K, committed 26496K, reserved 1114112K
  class space    used 3408K, committed 3584K, reserved 1048576K
}
Event: 2.767 GC heap after
{Heap after GC invocations=6 (full 0):
 garbage-first heap   total 68608K, used 20715K [0x0000000080000000, 0x0000000100000000)
  region size 1024K, 1 young (1024K), 1 survivors (1024K)
 Metaspace       used 26194K, committed 26496K, reserved 1114112K
  class space    used 3408K, committed 3584K, reserved 1048576K
}
Event: 3.233 GC heap before
{Heap before GC invocations=6 (full 0):
 garbage-first heap   total 68608K, used 54507K [0x0000000080000000, 0x0000000100000000)
  region size 1024K, 28 young (28672K), 1 survivors (1024K)
 Metaspace       used 30040K, committed 30336K, reserved 1114112K
  class space    used 4062K, committed 4224K, reserved 1048576K
}

Dll operation events (3 events):
Event: 0.008 Loaded shared library C:\Users\Admin\AppData\Local\Programs\Android Studio\jbr\bin\java.dll
Event: 0.156 Loaded shared library C:\Users\Admin\AppData\Local\Programs\Android Studio\jbr\bin\zip.dll
Event: 0.430 Loaded shared library C:\Users\Admin\AppData\Local\Programs\Android Studio\jbr\bin\verify.dll

Deoptimization events (20 events):
Event: 3.126 Thread 0x000001eadfec52e0 Uncommon trap: trap_request=0xffffffc6 fr.pc=0x000001eacb966dfc relative=0x000000000000529c
Event: 3.126 Thread 0x000001eadfec52e0 Uncommon trap: reason=bimorphic_or_optimized_type_check action=maybe_recompile pc=0x000001eacb966dfc method=java.lang.ClassLoader.loadClass(Ljava/lang/String;Z)Ljava/lang/Class; @ 38 c2
Event: 3.126 Thread 0x000001eadfec52e0 DEOPT PACKING pc=0x000001eacb966dfc sp=0x000000c5eb0fbbf0
Event: 3.126 Thread 0x000001eadfec52e0 DEOPT UNPACKING pc=0x000001eacb2e69a3 sp=0x000000c5eb0fbc10 mode 2
Event: 3.135 Thread 0x000001eadfec52e0 Uncommon trap: trap_request=0xffffffc6 fr.pc=0x000001eacb966dfc relative=0x000000000000529c
Event: 3.135 Thread 0x000001eadfec52e0 Uncommon trap: reason=bimorphic_or_optimized_type_check action=maybe_recompile pc=0x000001eacb966dfc method=java.lang.ClassLoader.loadClass(Ljava/lang/String;Z)Ljava/lang/Class; @ 38 c2
Event: 3.135 Thread 0x000001eadfec52e0 DEOPT PACKING pc=0x000001eacb966dfc sp=0x000000c5eb0f9f90
Event: 3.135 Thread 0x000001eadfec52e0 DEOPT UNPACKING pc=0x000001eacb2e69a3 sp=0x000000c5eb0f9fb0 mode 2
Event: 3.136 Thread 0x000001eadfec52e0 Uncommon trap: trap_request=0xffffffc6 fr.pc=0x000001eacb966dfc relative=0x000000000000529c
Event: 3.136 Thread 0x000001eadfec52e0 Uncommon trap: reason=bimorphic_or_optimized_type_check action=maybe_recompile pc=0x000001eacb966dfc method=java.lang.ClassLoader.loadClass(Ljava/lang/String;Z)Ljava/lang/Class; @ 38 c2
Event: 3.136 Thread 0x000001eadfec52e0 DEOPT PACKING pc=0x000001eacb966dfc sp=0x000000c5eb0f9f90
Event: 3.136 Thread 0x000001eadfec52e0 DEOPT UNPACKING pc=0x000001eacb2e69a3 sp=0x000000c5eb0f9fb0 mode 2
Event: 3.136 Thread 0x000001eadfec52e0 Uncommon trap: trap_request=0xffffffc6 fr.pc=0x000001eacb966dfc relative=0x000000000000529c
Event: 3.136 Thread 0x000001eadfec52e0 Uncommon trap: reason=bimorphic_or_optimized_type_check action=maybe_recompile pc=0x000001eacb966dfc method=java.lang.ClassLoader.loadClass(Ljava/lang/String;Z)Ljava/lang/Class; @ 38 c2
Event: 3.137 Thread 0x000001eadfec52e0 DEOPT PACKING pc=0x000001eacb966dfc sp=0x000000c5eb0fa1d0
Event: 3.137 Thread 0x000001eadfec52e0 DEOPT UNPACKING pc=0x000001eacb2e69a3 sp=0x000000c5eb0fa1f0 mode 2
Event: 3.165 Thread 0x000001eadfec52e0 Uncommon trap: trap_request=0xffffff45 fr.pc=0x000001eacb97e0e4 relative=0x0000000000006264
Event: 3.165 Thread 0x000001eadfec52e0 Uncommon trap: reason=unstable_if action=reinterpret pc=0x000001eacb97e0e4 method=java.net.URLClassLoader.getAndVerifyPackage(Ljava/lang/String;Ljava/util/jar/Manifest;Ljava/net/URL;)Ljava/lang/Package; @ 62 c2
Event: 3.165 Thread 0x000001eadfec52e0 DEOPT PACKING pc=0x000001eacb97e0e4 sp=0x000000c5eb0f7de0
Event: 3.165 Thread 0x000001eadfec52e0 DEOPT UNPACKING pc=0x000001eacb2e69a3 sp=0x000000c5eb0f7b68 mode 2

Classes unloaded (0 events):
No events

Classes redefined (0 events):
No events

Internal exceptions (20 events):
Event: 3.027 Thread 0x000001eadfec52e0 Exception <a 'java/lang/NoSuchMethodError'{0x00000000831fce18}: 'int java.lang.invoke.DirectMethodHandle$Holder.invokeVirtual(java.lang.Object, java.lang.Object)'> (0x00000000831fce18) 
thrown [s\src\hotspot\share\interpreter\linkResolver.cpp, line 771]
Event: 3.029 Thread 0x000001eadfec52e0 Exception <a 'java/lang/NoSuchMethodError'{0x0000000083010170}: 'java.lang.Object java.lang.invoke.DirectMethodHandle$Holder.invokeStaticInit(java.lang.Object, java.lang.Object, java.lang.Object)'> (0x0000000083010170) 
thrown [s\src\hotspot\share\interpreter\linkResolver.cpp, line 771]
Event: 3.032 Thread 0x000001eadfec52e0 Exception <a 'java/lang/NoSuchMethodError'{0x00000000830372b0}: 'int java.lang.invoke.DirectMethodHandle$Holder.invokeVirtual(java.lang.Object, java.lang.Object, java.lang.Object)'> (0x00000000830372b0) 
thrown [s\src\hotspot\share\interpreter\linkResolver.cpp, line 771]
Event: 3.066 Thread 0x000001eadfec52e0 Exception <a 'java/lang/NoSuchMethodError'{0x0000000082fea060}: 'int java.lang.invoke.DirectMethodHandle$Holder.invokeStaticInit(java.lang.Object, java.lang.Object, java.lang.Object)'> (0x0000000082fea060) 
thrown [s\src\hotspot\share\interpreter\linkResolver.cpp, line 771]
Event: 3.069 Thread 0x000001eadfec52e0 Exception <a 'java/lang/NoSuchMethodError'{0x0000000082fff260}: 'java.lang.Object java.lang.invoke.DirectMethodHandle$Holder.newInvokeSpecial(java.lang.Object, java.lang.Object, long)'> (0x0000000082fff260) 
thrown [s\src\hotspot\share\interpreter\linkResolver.cpp, line 771]
Event: 3.069 Thread 0x000001eadfec52e0 Exception <a 'java/lang/NoSuchMethodError'{0x0000000082e03b48}: 'java.lang.Object java.lang.invoke.Invokers$Holder.linkToTargetMethod(java.lang.Object, long, java.lang.Object)'> (0x0000000082e03b48) 
thrown [s\src\hotspot\share\interpreter\linkResolver.cpp, line 771]
Event: 3.102 Thread 0x000001eadfec52e0 Exception <a 'java/lang/NoSuchMethodError'{0x0000000082d70ad8}: 'int java.lang.invoke.DirectMethodHandle$Holder.invokeInterface(java.lang.Object, java.lang.Object)'> (0x0000000082d70ad8) 
thrown [s\src\hotspot\share\interpreter\linkResolver.cpp, line 771]
Event: 3.106 Thread 0x000001eadfec52e0 Exception <a 'java/lang/NoSuchMethodError'{0x0000000082da1510}: 'java.lang.Object java.lang.invoke.DirectMethodHandle$Holder.invokeStatic(java.lang.Object, java.lang.Object, int, java.lang.Object)'> (0x0000000082da1510) 
thrown [s\src\hotspot\share\interpreter\linkResolver.cpp, line 771]
Event: 3.107 Thread 0x000001eadfec52e0 Exception <a 'java/lang/NoSuchMethodError'{0x0000000082da8b78}: 'java.lang.Object java.lang.invoke.DirectMethodHandle$Holder.newInvokeSpecial(java.lang.Object, java.lang.Object, int, java.lang.Object)'> (0x0000000082da8b78) 
thrown [s\src\hotspot\share\interpreter\linkResolver.cpp, line 771]
Event: 3.107 Thread 0x000001eadfec52e0 Exception <a 'java/lang/NoSuchMethodError'{0x0000000082dacf10}: 'java.lang.Object java.lang.invoke.DirectMethodHandle$Holder.invokeSpecial(java.lang.Object, java.lang.Object, java.lang.Object, int, java.lang.Object)'> (0x0000000082dacf10) 
thrown [s\src\hotspot\share\interpreter\linkResolver.cpp, line 771]
Event: 3.140 Thread 0x000001eadfec52e0 Exception <a 'java/lang/NoSuchMethodError'{0x0000000082b8e238}: static Lorg/gradle/tooling/internal/consumer/connection/InternalBuildActionAdapter;.<clinit>()V> (0x0000000082b8e238) 
thrown [s\src\hotspot\share\prims\jni.cpp, line 1108]
Event: 3.167 Thread 0x000001eadfec52e0 Exception <a 'java/lang/NoSuchMethodError'{0x0000000082a4dfd0}: static Ljava/lang/Object;.<clinit>()V> (0x0000000082a4dfd0) 
thrown [s\src\hotspot\share\prims\jni.cpp, line 1108]
Event: 3.180 Thread 0x000001eadfec52e0 Exception <a 'java/lang/NoSuchMethodError'{0x0000000082af6570}: static Lorg/gradle/tooling/internal/consumer/versioning/VersionDetails;.<clinit>()V> (0x0000000082af6570) 
thrown [s\src\hotspot\share\prims\jni.cpp, line 1108]
Event: 3.180 Thread 0x000001eadfec52e0 Exception <a 'java/lang/NoSuchMethodError'{0x0000000082af8f18}: static Lorg/gradle/tooling/internal/consumer/versioning/VersionDetails$R26VersionDetails;.<clinit>()V> (0x0000000082af8f18) 
thrown [s\src\hotspot\share\prims\jni.cpp, line 1108]
Event: 3.180 Thread 0x000001eadfec52e0 Exception <a 'java/lang/NoSuchMethodError'{0x0000000082afa490}: static Lorg/gradle/tooling/internal/consumer/versioning/VersionDetails$R28VersionDetails;.<clinit>()V> (0x0000000082afa490) 
thrown [s\src\hotspot\share\prims\jni.cpp, line 1108]
Event: 3.181 Thread 0x000001eadfec52e0 Exception <a 'java/lang/NoSuchMethodError'{0x0000000082afb998}: static Lorg/gradle/tooling/internal/consumer/versioning/VersionDetails$R35VersionDetails;.<clinit>()V> (0x0000000082afb998) 
thrown [s\src\hotspot\share\prims\jni.cpp, line 1108]
Event: 3.181 Thread 0x000001eadfec52e0 Exception <a 'java/lang/NoSuchMethodError'{0x0000000082afcdc0}: static Lorg/gradle/tooling/internal/consumer/versioning/VersionDetails$R44VersionDetails;.<clinit>()V> (0x0000000082afcdc0) 
thrown [s\src\hotspot\share\prims\jni.cpp, line 1108]
Event: 3.181 Thread 0x000001eadfec52e0 Exception <a 'java/lang/NoSuchMethodError'{0x0000000082afe120}: static Lorg/gradle/tooling/internal/consumer/versioning/VersionDetails$R48VersionDetails;.<clinit>()V> (0x0000000082afe120) 
thrown [s\src\hotspot\share\prims\jni.cpp, line 1108]
Event: 3.181 Thread 0x000001eadfec52e0 Exception <a 'java/lang/NoSuchMethodError'{0x0000000082aff320}: static Lorg/gradle/tooling/internal/consumer/versioning/VersionDetails$R51VersionDetails;.<clinit>()V> (0x0000000082aff320) 
thrown [s\src\hotspot\share\prims\jni.cpp, line 1108]
Event: 3.204 Thread 0x000001eadfec52e0 Exception <a 'java/lang/NoSuchMethodError'{0x00000000828280a0}: 'java.lang.Object java.lang.invoke.DirectMethodHandle$Holder.newInvokeSpecial(java.lang.Object, java.lang.Object, int)'> (0x00000000828280a0) 
thrown [s\src\hotspot\share\interpreter\linkResolver.cpp, line 771]

VM Operations (20 events):
Event: 2.240 Executing VM operation: CollectForMetadataAllocation done
Event: 2.250 Executing VM operation: G1Concurrent
Event: 2.252 Executing VM operation: G1Concurrent done
Event: 2.255 Executing VM operation: G1Concurrent
Event: 2.256 Executing VM operation: G1Concurrent done
Event: 2.257 Executing VM operation: HandshakeAllThreads
Event: 2.257 Executing VM operation: HandshakeAllThreads done
Event: 2.481 Executing VM operation: HandshakeAllThreads
Event: 2.481 Executing VM operation: HandshakeAllThreads done
Event: 2.481 Executing VM operation: HandshakeAllThreads
Event: 2.481 Executing VM operation: HandshakeAllThreads done
Event: 2.742 Executing VM operation: G1CollectForAllocation
Event: 2.749 Executing VM operation: G1CollectForAllocation done
Event: 2.764 Executing VM operation: G1CollectForAllocation
Event: 2.767 Executing VM operation: G1CollectForAllocation done
Event: 3.084 Executing VM operation: HandshakeAllThreads
Event: 3.085 Executing VM operation: HandshakeAllThreads done
Event: 3.086 Executing VM operation: HandshakeAllThreads
Event: 3.086 Executing VM operation: HandshakeAllThreads done
Event: 3.233 Executing VM operation: G1CollectForAllocation

Events (20 events):
Event: 3.122 Thread 0x000001eae10f0e80 Thread added: 0x000001eae10f0e80
Event: 3.122 Thread 0x000001eae10f1820 Thread added: 0x000001eae10f1820
Event: 3.122 loading class sun/nio/fs/WindowsPath$1
Event: 3.122 Thread 0x000001eae10ea970 Thread added: 0x000001eae10ea970
Event: 3.122 loading class sun/nio/fs/WindowsPath$1 done
Event: 3.122 Thread 0x000001eae10f1350 Thread added: 0x000001eae10f1350
Event: 3.191 loading class java/util/concurrent/locks/ReentrantReadWriteLock
Event: 3.191 loading class java/util/concurrent/locks/ReadWriteLock
Event: 3.191 loading class java/util/concurrent/locks/ReadWriteLock done
Event: 3.191 loading class java/util/concurrent/locks/ReentrantReadWriteLock done
Event: 3.191 loading class java/util/concurrent/locks/ReentrantReadWriteLock$NonfairSync
Event: 3.191 loading class java/util/concurrent/locks/ReentrantReadWriteLock$Sync
Event: 3.192 loading class java/util/concurrent/locks/ReentrantReadWriteLock$Sync done
Event: 3.192 loading class java/util/concurrent/locks/ReentrantReadWriteLock$NonfairSync done
Event: 3.192 loading class java/util/concurrent/locks/ReentrantReadWriteLock$Sync$ThreadLocalHoldCounter
Event: 3.192 loading class java/util/concurrent/locks/ReentrantReadWriteLock$Sync$ThreadLocalHoldCounter done
Event: 3.192 loading class java/util/concurrent/locks/ReentrantReadWriteLock$ReadLock
Event: 3.192 loading class java/util/concurrent/locks/ReentrantReadWriteLock$ReadLock done
Event: 3.192 loading class java/util/concurrent/locks/ReentrantReadWriteLock$WriteLock
Event: 3.192 loading class java/util/concurrent/locks/ReentrantReadWriteLock$WriteLock done


Dynamic libraries:
0x00007ff74da90000 - 0x00007ff74da9a000 	C:\Users\Admin\AppData\Local\Programs\Android Studio\jbr\bin\java.exe
0x00007ff998a30000 - 0x00007ff998c28000 	C:\WINDOWS\SYSTEM32\ntdll.dll
0x00007ff996bd0000 - 0x00007ff996c8d000 	C:\WINDOWS\System32\KERNEL32.DLL
0x00007ff9966d0000 - 0x00007ff9969c6000 	C:\WINDOWS\System32\KERNELBASE.dll
0x00007ff9965d0000 - 0x00007ff9966d0000 	C:\WINDOWS\System32\ucrtbase.dll
0x00007ff98dd60000 - 0x00007ff98dd7b000 	C:\Users\Admin\AppData\Local\Programs\Android Studio\jbr\bin\VCRUNTIME140.dll
0x00007ff964520000 - 0x00007ff964537000 	C:\Users\Admin\AppData\Local\Programs\Android Studio\jbr\bin\jli.dll
0x00007ff997be0000 - 0x00007ff997d7e000 	C:\WINDOWS\System32\USER32.dll
0x00007ff996520000 - 0x00007ff996542000 	C:\WINDOWS\System32\win32u.dll
0x00007ff9954d0000 - 0x00007ff99576a000 	C:\WINDOWS\WinSxS\amd64_microsoft.windows.common-controls_6595b64144ccf1df_6.0.19041.3636_none_60b6a03d71f818d5\COMCTL32.dll
0x00007ff9987b0000 - 0x00007ff9987dc000 	C:\WINDOWS\System32\GDI32.dll
0x00007ff996200000 - 0x00007ff99631a000 	C:\WINDOWS\System32\gdi32full.dll
0x00007ff9977d0000 - 0x00007ff99786e000 	C:\WINDOWS\System32\msvcrt.dll
0x00007ff996480000 - 0x00007ff99651d000 	C:\WINDOWS\System32\msvcp_win.dll
0x00007ff997f20000 - 0x00007ff997f50000 	C:\WINDOWS\System32\IMM32.DLL
0x00007ff991f10000 - 0x00007ff991f1c000 	C:\Users\Admin\AppData\Local\Programs\Android Studio\jbr\bin\vcruntime140_1.dll
0x00007ff959230000 - 0x00007ff9592bd000 	C:\Users\Admin\AppData\Local\Programs\Android Studio\jbr\bin\msvcp140.dll
0x00007ff93aa90000 - 0x00007ff93b710000 	C:\Users\Admin\AppData\Local\Programs\Android Studio\jbr\bin\server\jvm.dll
0x00007ff9987e0000 - 0x00007ff998893000 	C:\WINDOWS\System32\ADVAPI32.dll
0x00007ff998500000 - 0x00007ff99859f000 	C:\WINDOWS\System32\sechost.dll
0x00007ff998680000 - 0x00007ff9987a6000 	C:\WINDOWS\System32\RPCRT4.dll
0x00007ff9965a0000 - 0x00007ff9965c7000 	C:\WINDOWS\System32\bcrypt.dll
0x00007ff98dd50000 - 0x00007ff98dd59000 	C:\WINDOWS\SYSTEM32\WSOCK32.dll
0x00007ff983080000 - 0x00007ff9830a7000 	C:\WINDOWS\SYSTEM32\WINMM.dll
0x00007ff9988a0000 - 0x00007ff99890b000 	C:\WINDOWS\System32\WS2_32.dll
0x00007ff993b40000 - 0x00007ff993b4a000 	C:\WINDOWS\SYSTEM32\VERSION.dll
0x00007ff993200000 - 0x00007ff993212000 	C:\WINDOWS\SYSTEM32\kernel.appcore.dll
0x00007ff98e0c0000 - 0x00007ff98e0ca000 	C:\Users\Admin\AppData\Local\Programs\Android Studio\jbr\bin\jimage.dll
0x00007ff995a90000 - 0x00007ff995c74000 	C:\WINDOWS\SYSTEM32\DBGHELP.DLL
0x00007ff995a50000 - 0x00007ff995a84000 	C:\WINDOWS\SYSTEM32\dbgcore.DLL
0x00007ff996170000 - 0x00007ff9961f2000 	C:\WINDOWS\System32\bcryptPrimitives.dll
0x00007ff98fd30000 - 0x00007ff98fd3e000 	C:\Users\Admin\AppData\Local\Programs\Android Studio\jbr\bin\instrument.dll
0x00007ff974020000 - 0x00007ff974045000 	C:\Users\Admin\AppData\Local\Programs\Android Studio\jbr\bin\java.dll
0x00007ff97f630000 - 0x00007ff97f648000 	C:\Users\Admin\AppData\Local\Programs\Android Studio\jbr\bin\zip.dll
0x00007ff996d50000 - 0x00007ff997495000 	C:\WINDOWS\System32\SHELL32.dll
0x00007ff993390000 - 0x00007ff993b2b000 	C:\WINDOWS\SYSTEM32\windows.storage.dll
0x00007ff997870000 - 0x00007ff997bc4000 	C:\WINDOWS\System32\combase.dll
0x00007ff995430000 - 0x00007ff99545d000 	C:\WINDOWS\SYSTEM32\Wldp.dll
0x00007ff996c90000 - 0x00007ff996d3d000 	C:\WINDOWS\System32\SHCORE.dll
0x00007ff998620000 - 0x00007ff998675000 	C:\WINDOWS\System32\shlwapi.dll
0x00007ff996030000 - 0x00007ff996055000 	C:\WINDOWS\SYSTEM32\profapi.dll
0x00007ff97f5f0000 - 0x00007ff97f609000 	C:\Users\Admin\AppData\Local\Programs\Android Studio\jbr\bin\net.dll
0x00007ff98f530000 - 0x00007ff98f63a000 	C:\WINDOWS\SYSTEM32\WINHTTP.dll
0x00007ff9952d0000 - 0x00007ff99533a000 	C:\WINDOWS\system32\mswsock.dll
0x00007ff97f500000 - 0x00007ff97f516000 	C:\Users\Admin\AppData\Local\Programs\Android Studio\jbr\bin\nio.dll
0x00007ff981a50000 - 0x00007ff981a60000 	C:\Users\Admin\AppData\Local\Programs\Android Studio\jbr\bin\verify.dll
0x00007ff97ff40000 - 0x00007ff97ff67000 	C:\Users\Admin\.gradle\native\68d5fa5c4cc2d200863cafc0d521ce42e7d3e7ee720ec0a83991735586a16f82\windows-amd64\native-platform.dll
0x00007ff950f60000 - 0x00007ff9510a4000 	C:\Users\Admin\.gradle\native\e376f236ea51e6404a007f0833ffe2c6e607c4080706a723a18a27aeea778392\windows-amd64\native-platform-file-events.dll
0x00007ff980a60000 - 0x00007ff980a69000 	C:\Users\Admin\AppData\Local\Programs\Android Studio\jbr\bin\management.dll
0x00007ff97f810000 - 0x00007ff97f81b000 	C:\Users\Admin\AppData\Local\Programs\Android Studio\jbr\bin\management_ext.dll
0x00007ff996d40000 - 0x00007ff996d48000 	C:\WINDOWS\System32\PSAPI.DLL
0x00007ff995e70000 - 0x00007ff995e88000 	C:\WINDOWS\SYSTEM32\CRYPTSP.dll
0x00007ff994ac0000 - 0x00007ff994af4000 	C:\WINDOWS\system32\rsaenh.dll
0x00007ff995fb0000 - 0x00007ff995fde000 	C:\WINDOWS\SYSTEM32\USERENV.dll
0x00007ff9953f0000 - 0x00007ff9953fc000 	C:\WINDOWS\SYSTEM32\CRYPTBASE.dll
0x00007ff994e80000 - 0x00007ff994ebb000 	C:\WINDOWS\SYSTEM32\IPHLPAPI.DLL
0x00007ff9989e0000 - 0x00007ff9989e8000 	C:\WINDOWS\System32\NSI.dll
0x00007ff98bfe0000 - 0x00007ff98bff7000 	C:\WINDOWS\SYSTEM32\dhcpcsvc6.DLL
0x00007ff98bfc0000 - 0x00007ff98bfdd000 	C:\WINDOWS\SYSTEM32\dhcpcsvc.DLL
0x00007ff994ec0000 - 0x00007ff994f8a000 	C:\WINDOWS\SYSTEM32\DNSAPI.dll
0x00007ff972cb0000 - 0x00007ff972cb7000 	C:\WINDOWS\system32\wshunix.dll

dbghelp: loaded successfully - version: 4.0.5 - missing functions: none
symbol engine: initialized successfully - sym options: 0x614 - pdb path: .;C:\Users\Admin\AppData\Local\Programs\Android Studio\jbr\bin;C:\WINDOWS\SYSTEM32;C:\WINDOWS\WinSxS\amd64_microsoft.windows.common-controls_6595b64144ccf1df_6.0.19041.3636_none_60b6a03d71f818d5;C:\Users\Admin\AppData\Local\Programs\Android Studio\jbr\bin\server;C:\Users\Admin\.gradle\native\68d5fa5c4cc2d200863cafc0d521ce42e7d3e7ee720ec0a83991735586a16f82\windows-amd64;C:\Users\Admin\.gradle\native\e376f236ea51e6404a007f0833ffe2c6e607c4080706a723a18a27aeea778392\windows-amd64

VM Arguments:
jvm_args: --add-opens=java.base/java.util=ALL-UNNAMED --add-opens=java.base/java.lang=ALL-UNNAMED --add-opens=java.base/java.lang.invoke=ALL-UNNAMED --add-opens=java.prefs/java.util.prefs=ALL-UNNAMED --add-opens=java.base/java.nio.charset=ALL-UNNAMED --add-opens=java.base/java.net=ALL-UNNAMED --add-opens=java.base/java.util.concurrent.atomic=ALL-UNNAMED -Xmx2048m -Dfile.encoding=UTF-8 -Duser.country=US -Duser.language=en -Duser.variant -javaagent:C:\Users\Admin\.gradle\wrapper\dists\gradle-8.2-bin\bbg7u40eoinfdyxsxr3z4i7ta\gradle-8.2\lib\agents\gradle-instrumentation-agent-8.2.jar 
java_command: org.gradle.launcher.daemon.bootstrap.GradleDaemon 8.2
java_class_path (initial): C:\Users\Admin\.gradle\wrapper\dists\gradle-8.2-bin\bbg7u40eoinfdyxsxr3z4i7ta\gradle-8.2\lib\gradle-launcher-8.2.jar
Launcher Type: SUN_STANDARD

[Global flags]
     intx CICompilerCount                          = 4                                         {product} {ergonomic}
     uint ConcGCThreads                            = 2                                         {product} {ergonomic}
     uint G1ConcRefinementThreads                  = 8                                         {product} {ergonomic}
   size_t G1HeapRegionSize                         = 1048576                                   {product} {ergonomic}
    uintx GCDrainStackTargetSize                   = 64                                        {product} {ergonomic}
   size_t InitialHeapSize                          = 132120576                                 {product} {ergonomic}
   size_t MarkStackSize                            = 4194304                                   {product} {ergonomic}
   size_t MaxHeapSize                              = 2147483648                                {product} {command line}
   size_t MaxNewSize                               = 1287651328                                {product} {ergonomic}
   size_t MinHeapDeltaBytes                        = 1048576                                   {product} {ergonomic}
   size_t MinHeapSize                              = 8388608                                   {product} {ergonomic}
    uintx NonNMethodCodeHeapSize                   = 5839372                                {pd product} {ergonomic}
    uintx NonProfiledCodeHeapSize                  = 122909434                              {pd product} {ergonomic}
    uintx ProfiledCodeHeapSize                     = 122909434                              {pd product} {ergonomic}
    uintx ReservedCodeCacheSize                    = 251658240                              {pd product} {ergonomic}
     bool SegmentedCodeCache                       = true                                      {product} {ergonomic}
   size_t SoftMaxHeapSize                          = 2147483648                             {manageable} {ergonomic}
     bool UseCompressedClassPointers               = true                           {product lp64_product} {ergonomic}
     bool UseCompressedOops                        = true                           {product lp64_product} {ergonomic}
     bool UseG1GC                                  = true                                      {product} {ergonomic}
     bool UseLargePagesIndividualAllocation        = false                                  {pd product} {ergonomic}

Logging:
Log output configuration:
 #0: stdout all=warning uptime,level,tags
 #1: stderr all=off uptime,level,tags

Environment Variables:
PATH=C:\Program Files\Microsoft\jdk-11.0.16.101-hotspot\bin;C:\Program Files (x86)\Common Files\Oracle\Java\javapath;C:\Program Files\Microsoft MPI\Bin\;C:\Program Files (x86)\VMWare1\bin\;C:\ProgramData\Oracle\Java\javapath;C:\WINDOWS\system32;C:\WINDOWS;C:\WINDOWS\System32\Wbem;C:\WINDOWS\System32\WindowsPowerShell\v1.0\;C:\WINDOWS\System32\OpenSSH\;C:\Program Files\Cloudflare\Cloudflare WARP;C:\Program Files (x86)\Microsoft SQL Server\150\Tools\Binn\;C:\Program Files\Microsoft SQL Server\150\Tools\Binn\;C:\Program Files (x86)\Microsoft SQL Server\150\DTS\Binn\;C:\Program Files\Microsoft SQL Server\150\DTS\Binn\;C:\Program Files\Microsoft SQL Server\Client SDK\ODBC\170\Tools\Binn\;C:\Program Files\Azure Data Studio\bin;C:\Program Files\dotnet\;C:\Program Files\Git\cmd;C:\Program Files\MySQL\MySQL Shell 8.0\bin\;C:\Users\Admin\AppData\Local\Microsoft\WindowsApps;C:\Program Files\Azure Data Studio\bin;C:\Users\Admin\AppData\Local\Programs\Microsoft VS Code\bin;C:\Users\Admin\.dotnet\tools;C:\Users\Admin\AppData\Local\JetBrains\Toolbox\scripts;;%USERPROFILE%\AppData\Local\Microsoft\WindowsApps
USERNAME=Admin
OS=Windows_NT
PROCESSOR_IDENTIFIER=Intel64 Family 6 Model 142 Stepping 11, GenuineIntel
TMP=C:\Users\Admin\AppData\Local\Temp
TEMP=C:\Users\Admin\AppData\Local\Temp


JNI global refs:
JNI global refs: 25, weak refs: 1

JNI global refs memory usage: 843, weak refs: 841

OOME stack traces (most recent first):
Classloader memory used:
Loader bootstrap                                                                       : 1891K
Loader org.gradle.internal.classloader.VisitableURLClassLoader                         : 1582K
Loader org.gradle.initialization.MixInLegacyTypesClassLoader                           : 204K
Loader jdk.internal.loader.ClassLoaders$AppClassLoader                                 : 28073B
Loader org.gradle.internal.classloader.VisitableURLClassLoader                         : 24380B
Loader jdk.internal.loader.ClassLoaders$PlatformClassLoader                            : 14886B
Loader jdk.internal.reflect.DelegatingClassLoader                                      : 11137B

Classes loaded by more than one classloader:
Class org.gradle.api.GradleException                                                  : loaded 3 times (x 80B)
Class org.gradle.util.GradleVersion                                                   : loaded 2 times (x 81B)
Class org.gradle.internal.classpath.ClassPath                                         : loaded 2 times (x 68B)
Class org.gradle.api.internal.classpath.DefaultModuleRegistry                         : loaded 2 times (x 84B)
Class org.gradle.api.Action                                                           : loaded 2 times (x 68B)
Class org.gradle.api.internal.DefaultClassPathProvider                                : loaded 2 times (x 74B)
Class org.gradle.internal.installation.GradleInstallation$1                           : loaded 2 times (x 73B)
Class org.gradle.internal.exceptions.DefaultMultiCauseException                       : loaded 2 times (x 85B)
Class org.gradle.internal.time.MonotonicClock                                         : loaded 2 times (x 75B)
Class org.gradle.internal.classloader.FilteringClassLoader                            : loaded 2 times (x 102B)
Class org.gradle.internal.classpath.DefaultClassPath$ImmutableUniqueList$Builder      : loaded 2 times (x 73B)
Class kotlin.UninitializedPropertyAccessException                                     : loaded 2 times (x 80B)
Class org.gradle.internal.classloader.ClassLoaderVisitor                              : loaded 2 times (x 74B)
Class org.gradle.internal.time.DefaultCountdownTimer                                  : loaded 2 times (x 86B)
Class org.gradle.internal.service.DefaultServiceLocator                               : loaded 2 times (x 81B)
Class org.gradle.internal.service.UnknownServiceException                             : loaded 2 times (x 81B)
Class org.gradle.internal.classloader.DefaultClassLoaderFactory                       : loaded 2 times (x 80B)
Class org.gradle.internal.classloader.VisitableURLClassLoader$Spec                    : loaded 2 times (x 72B)
Class org.gradle.internal.installation.GradleInstallation                             : loaded 2 times (x 73B)
Class org.gradle.api.internal.classpath.ModuleRegistry                                : loaded 2 times (x 68B)
Class org.gradle.api.internal.ClassPathProvider                                       : loaded 2 times (x 68B)
Class org.gradle.internal.classloader.ClasspathUtil$1                                 : loaded 2 times (x 74B)
Class org.gradle.internal.classloader.ClassLoaderFactory                              : loaded 2 times (x 68B)
Class org.gradle.api.internal.classpath.ManifestUtil                                  : loaded 2 times (x 69B)
Class org.gradle.api.specs.Spec                                                       : loaded 2 times (x 68B)
Class kotlin.jvm.internal.Intrinsics                                                  : loaded 2 times (x 69B)
Class org.gradle.internal.IoActions                                                   : loaded 2 times (x 69B)
Class org.gradle.api.internal.classpath.EffectiveClassPath                            : loaded 2 times (x 88B)
Class org.gradle.internal.installation.CurrentGradleInstallation                      : loaded 2 times (x 71B)
Class org.gradle.internal.agents.InstrumentingClassLoader                             : loaded 2 times (x 68B)
Class org.gradle.internal.installation.CurrentGradleInstallationLocator               : loaded 2 times (x 69B)
Class org.gradle.api.internal.classpath.Module                                        : loaded 2 times (x 68B)
Class org.gradle.internal.service.CachingServiceLocator                               : loaded 2 times (x 80B)
Class org.gradle.internal.time.Timer                                                  : loaded 2 times (x 68B)
Class org.gradle.internal.classpath.DefaultClassPath                                  : loaded 2 times (x 88B)
Class org.gradle.internal.time.Time                                                   : loaded 2 times (x 69B)
Class org.gradle.internal.time.TimeSource$1                                           : loaded 2 times (x 75B)
Class kotlin.KotlinNullPointerException                                               : loaded 2 times (x 81B)
Class org.gradle.internal.classloader.SystemClassLoaderSpec                           : loaded 2 times (x 69B)
Class org.gradle.api.UncheckedIOException                                             : loaded 2 times (x 80B)
Class org.gradle.internal.time.CountdownTimer                                         : loaded 2 times (x 68B)
Class org.gradle.internal.time.Clock                                                  : loaded 2 times (x 68B)
Class org.gradle.internal.classloader.ClasspathUtil                                   : loaded 2 times (x 69B)
Class org.gradle.api.internal.DefaultClassPathRegistry                                : loaded 2 times (x 74B)
Class org.gradle.api.internal.classpath.DefaultModuleRegistry$DefaultModule           : loaded 2 times (x 84B)
Class org.gradle.internal.time.TimeSource                                             : loaded 2 times (x 68B)
Class org.gradle.api.internal.classpath.UnknownModuleException                        : loaded 2 times (x 80B)
Class org.gradle.internal.service.ServiceLookupException                              : loaded 2 times (x 80B)
Class org.gradle.cache.GlobalCache                                                    : loaded 2 times (x 68B)
Class [Lorg.gradle.api.internal.ClassPathProvider;                                    : loaded 2 times (x 67B)
Class org.gradle.internal.operations.MultipleBuildOperationFailures                   : loaded 2 times (x 85B)
Class org.gradle.util.internal.GUtil                                                  : loaded 2 times (x 69B)
Class org.gradle.internal.classloader.ClassLoaderSpec                                 : loaded 2 times (x 69B)
Class org.gradle.internal.classloader.VisitableURLClassLoader                         : loaded 2 times (x 114B)
Class org.gradle.internal.Cast                                                        : loaded 2 times (x 69B)
Class org.gradle.api.internal.ClassPathRegistry                                       : loaded 2 times (x 68B)
Class org.gradle.internal.classloader.VisitableURLClassLoader$InstrumentingVisitableURLClassLoader: loaded 2 times (x 120B)
Class org.gradle.internal.classloader.ClassLoaderHierarchy                            : loaded 2 times (x 68B)
Class org.gradle.internal.exceptions.MultiCauseException                              : loaded 2 times (x 68B)
Class org.gradle.internal.InternalTransformer                                         : loaded 2 times (x 68B)
Class org.gradle.internal.service.ServiceLocator                                      : loaded 2 times (x 68B)
Class org.gradle.internal.classpath.DefaultClassPath$ImmutableUniqueList              : loaded 2 times (x 159B)
Class org.gradle.internal.time.DefaultTimer                                           : loaded 2 times (x 78B)
Class org.gradle.internal.classpath.TransformedClassPath                              : loaded 2 times (x 94B)


---------------  S Y S T E M  ---------------

OS:
 Windows 10 , 64 bit Build 19041 (10.0.19041.3636)
OS uptime: 3 days 9:39 hours

CPU: total 8 (initial active 8) (4 cores per cpu, 2 threads per core) family 6 model 142 stepping 11 microcode 0xae, cx8, cmov, fxsr, ht, mmx, 3dnowpref, sse, sse2, sse3, ssse3, sse4.1, sse4.2, popcnt, lzcnt, tsc, tscinvbit, avx, avx2, aes, erms, clmul, bmi1, bmi2, adx, fma, vzeroupper, clflush, clflushopt

Memory: 4k page, system-wide physical 7967M (464M free)
TotalPageFile size 24351M (AvailPageFile size 11M)
current process WorkingSet (physical memory assigned to process): 199M, peak: 199M
current process commit charge ("private bytes"): 252M, peak: 270M

vm_info: OpenJDK 64-Bit Server VM (17.0.7+0-b2043.56-10550314) for windows-amd64 JRE (17.0.7+0-b2043.56-10550314), built on Jul 24 2023 18:27:45 by "androidbuild" with MS VC++ 16.10 / 16.11 (VS2019)

END.
