#
# There is insufficient memory for the Java Runtime Environment to continue.
# Native memory allocation (malloc) failed to allocate 2113072 bytes for Chunk::new
# Possible reasons:
#   The system is out of physical RAM or swap space
#   The process is running with CompressedOops enabled, and the Java Heap may be blocking the growth of the native heap
# Possible solutions:
#   Reduce memory load on the system
#   Increase physical memory or swap space
#   Check if swap backing store is full
#   Decrease Java heap size (-Xmx/-Xms)
#   Decrease number of Java threads
#   Decrease Java thread stack sizes (-Xss)
#   Set larger code cache with -XX:ReservedCodeCacheSize=
#   JVM is running with Unscaled Compressed Oops mode in which the Java heap is
#     placed in the first 4GB address space. The Java Heap base address is the
#     maximum limit for the native heap growth. Please use -XX:HeapBaseMinAddress
#     to set the Java Heap base and to place the Java Heap above 4GB virtual address.
# This output file may be truncated or incomplete.
#
#  Out of Memory Error (arena.cpp:189), pid=10444, tid=15436
#
# JRE version: OpenJDK Runtime Environment (17.0.7) (build 17.0.7+0-b2043.56-10550314)
# Java VM: OpenJDK 64-Bit Server VM (17.0.7+0-b2043.56-10550314, mixed mode, tiered, compressed oops, compressed class ptrs, g1 gc, windows-amd64)
# No core dump will be written. Minidumps are not enabled by default on client versions of Windows
#

---------------  S U M M A R Y ------------

Command Line: --add-opens=java.base/java.util=ALL-UNNAMED --add-opens=java.base/java.lang=ALL-UNNAMED --add-opens=java.base/java.lang.invoke=ALL-UNNAMED --add-opens=java.prefs/java.util.prefs=ALL-UNNAMED --add-opens=java.base/java.nio.charset=ALL-UNNAMED --add-opens=java.base/java.net=ALL-UNNAMED --add-opens=java.base/java.util.concurrent.atomic=ALL-UNNAMED -Xmx2048m -Dfile.encoding=UTF-8 -Duser.country=US -Duser.language=en -Duser.variant -javaagent:C:\Users\Admin\.gradle\wrapper\dists\gradle-8.2-bin\bbg7u40eoinfdyxsxr3z4i7ta\gradle-8.2\lib\agents\gradle-instrumentation-agent-8.2.jar org.gradle.launcher.daemon.bootstrap.GradleDaemon 8.2

Host: Intel(R) Core(TM) i5-8265U CPU @ 1.60GHz, 8 cores, 7G,  Windows 10 , 64 bit Build 19041 (10.0.19041.3636)
Time: Sun Mar 10 17:24:38 2024 SE Asia Standard Time elapsed time: 3.871319 seconds (0d 0h 0m 3s)

---------------  T H R E A D  ---------------

Current thread (0x0000015401bcb0f0):  JavaThread "C2 CompilerThread1" daemon [_thread_in_native, id=15436, stack(0x000000183bd00000,0x000000183be00000)]


Current CompileTask:
C2:   3871 2913       4       java.lang.invoke.MethodType::makeImpl (109 bytes)

Stack: [0x000000183bd00000,0x000000183be00000]
Native frames: (J=compiled Java code, j=interpreted, Vv=VM code, C=native code)
V  [jvm.dll+0x683bfa]
V  [jvm.dll+0x8430a4]
V  [jvm.dll+0x8449be]
V  [jvm.dll+0x845023]
V  [jvm.dll+0x24ad2f]
V  [jvm.dll+0xac25c]
V  [jvm.dll+0xac82c]
V  [jvm.dll+0x36a187]
V  [jvm.dll+0x334821]
V  [jvm.dll+0x333cca]
V  [jvm.dll+0x21d251]
V  [jvm.dll+0x21c671]
V  [jvm.dll+0x1a605d]
V  [jvm.dll+0x22c148]
V  [jvm.dll+0x22a209]
V  [jvm.dll+0x7f858c]
V  [jvm.dll+0x7f2aea]
V  [jvm.dll+0x682a35]
C  [ucrtbase.dll+0x21bb2]
C  [KERNEL32.DLL+0x17344]
C  [ntdll.dll+0x526b1]


---------------  P R O C E S S  ---------------

Threads class SMR info:
_java_thread_list=0x0000015402b23770, length=40, elements={
0x0000015460ec4400, 0x000001547f033260, 0x000001547f035ea0, 0x000001547ad5afb0,
0x000001547ad5d980, 0x000001547ad5e240, 0x000001547f053690, 0x000001547f054280,
0x000001547f056fa0, 0x000001547f0578a0, 0x000001547f10c5f0, 0x000001547f2f9c20,
0x00000154013ac030, 0x00000154011af1e0, 0x00000154011af6b0, 0x00000154011afb80,
0x00000154011b0050, 0x00000154011b1d30, 0x00000154011b0520, 0x00000154011b1390,
0x00000154011b1860, 0x00000154011b09f0, 0x00000154011ae370, 0x00000154011ae840,
0x00000154011aed10, 0x00000154037e9830, 0x00000154037e9d00, 0x00000154037ee060,
0x00000154037ecd20, 0x00000154037eb510, 0x00000154037eab70, 0x00000154037ef3a0,
0x00000154037ea1d0, 0x00000154037eb040, 0x00000154037eb9e0, 0x00000154037ebeb0,
0x00000154037f0bb0, 0x00000154037ec850, 0x0000015401bcb0f0, 0x00000154037ec380
}

Java Threads: ( => current thread )
  0x0000015460ec4400 JavaThread "main" [_thread_blocked, id=20272, stack(0x0000001838800000,0x0000001838900000)]
  0x000001547f033260 JavaThread "Reference Handler" daemon [_thread_blocked, id=15004, stack(0x0000001838f00000,0x0000001839000000)]
  0x000001547f035ea0 JavaThread "Finalizer" daemon [_thread_blocked, id=7760, stack(0x0000001839000000,0x0000001839100000)]
  0x000001547ad5afb0 JavaThread "Signal Dispatcher" daemon [_thread_blocked, id=14672, stack(0x0000001839100000,0x0000001839200000)]
  0x000001547ad5d980 JavaThread "Attach Listener" daemon [_thread_blocked, id=15572, stack(0x0000001839200000,0x0000001839300000)]
  0x000001547ad5e240 JavaThread "Service Thread" daemon [_thread_blocked, id=7900, stack(0x0000001839300000,0x0000001839400000)]
  0x000001547f053690 JavaThread "Monitor Deflation Thread" daemon [_thread_blocked, id=3632, stack(0x0000001839400000,0x0000001839500000)]
  0x000001547f054280 JavaThread "C2 CompilerThread0" daemon [_thread_in_native, id=11308, stack(0x0000001839500000,0x0000001839600000)]
  0x000001547f056fa0 JavaThread "C1 CompilerThread0" daemon [_thread_blocked, id=8160, stack(0x0000001839600000,0x0000001839700000)]
  0x000001547f0578a0 JavaThread "Sweeper thread" daemon [_thread_blocked, id=484, stack(0x0000001839700000,0x0000001839800000)]
  0x000001547f10c5f0 JavaThread "Common-Cleaner" daemon [_thread_blocked, id=14864, stack(0x0000001839800000,0x0000001839900000)]
  0x000001547f2f9c20 JavaThread "Notification Thread" daemon [_thread_blocked, id=17264, stack(0x0000001839900000,0x0000001839a00000)]
  0x00000154013ac030 JavaThread "Daemon health stats" [_thread_blocked, id=18844, stack(0x000000183a000000,0x000000183a100000)]
  0x00000154011af1e0 JavaThread "Incoming local TCP Connector on port 58739" [_thread_in_native, id=13076, stack(0x000000183a100000,0x000000183a200000)]
  0x00000154011af6b0 JavaThread "Daemon periodic checks" [_thread_blocked, id=9496, stack(0x000000183a200000,0x000000183a300000)]
  0x00000154011afb80 JavaThread "Daemon" [_thread_blocked, id=19600, stack(0x000000183a300000,0x000000183a400000)]
  0x00000154011b0050 JavaThread "Handler for socket connection from /127.0.0.1:58739 to /127.0.0.1:58740" [_thread_in_native, id=12228, stack(0x000000183a400000,0x000000183a500000)]
  0x00000154011b1d30 JavaThread "Cancel handler" [_thread_blocked, id=16780, stack(0x000000183a500000,0x000000183a600000)]
  0x00000154011b0520 JavaThread "Daemon worker" [_thread_in_vm, id=13048, stack(0x000000183a600000,0x000000183a700000)]
  0x00000154011b1390 JavaThread "Asynchronous log dispatcher for DefaultDaemonConnection: socket connection from /127.0.0.1:58739 to /127.0.0.1:58740" [_thread_blocked, id=19244, stack(0x000000183a700000,0x000000183a800000)]
  0x00000154011b1860 JavaThread "Stdin handler" [_thread_blocked, id=8428, stack(0x000000183a800000,0x000000183a900000)]
  0x00000154011b09f0 JavaThread "Daemon client event forwarder" [_thread_blocked, id=10904, stack(0x000000183a900000,0x000000183aa00000)]
  0x00000154011ae370 JavaThread "Cache worker for journal cache (C:\Users\Admin\.gradle\caches\journal-1)" [_thread_blocked, id=6156, stack(0x000000183ae00000,0x000000183af00000)]
  0x00000154011ae840 JavaThread "File lock request listener" [_thread_in_native, id=5188, stack(0x000000183af00000,0x000000183b000000)]
  0x00000154011aed10 JavaThread "Cache worker for file hash cache (C:\Users\Admin\.gradle\caches\8.2\fileHashes)" [_thread_blocked, id=744, stack(0x000000183b000000,0x000000183b100000)]
  0x00000154037e9830 JavaThread "File watcher server" daemon [_thread_in_native, id=14780, stack(0x000000183b100000,0x000000183b200000)]
  0x00000154037e9d00 JavaThread "File watcher consumer" daemon [_thread_blocked, id=14568, stack(0x000000183b200000,0x000000183b300000)]
  0x00000154037ee060 JavaThread "jar transforms" [_thread_blocked, id=20196, stack(0x000000183b300000,0x000000183b400000)]
  0x00000154037ecd20 JavaThread "jar transforms Thread 2" [_thread_blocked, id=17256, stack(0x000000183b400000,0x000000183b500000)]
  0x00000154037eb510 JavaThread "jar transforms Thread 3" [_thread_blocked, id=12136, stack(0x000000183b500000,0x000000183b600000)]
  0x00000154037eab70 JavaThread "jar transforms Thread 4" [_thread_blocked, id=12596, stack(0x000000183b600000,0x000000183b700000)]
  0x00000154037ef3a0 JavaThread "jar transforms Thread 5" [_thread_blocked, id=11828, stack(0x000000183b700000,0x000000183b800000)]
  0x00000154037ea1d0 JavaThread "jar transforms Thread 6" [_thread_blocked, id=4216, stack(0x000000183b800000,0x000000183b900000)]
  0x00000154037eb040 JavaThread "Cache worker for checksums cache (D:\Ki_7\PRM392\EasyLicence\.gradle\8.2\checksums)" [_thread_blocked, id=11552, stack(0x000000183b900000,0x000000183ba00000)]
  0x00000154037eb9e0 JavaThread "Cache worker for cache directory md-rule (C:\Users\Admin\.gradle\caches\8.2\md-rule)" [_thread_blocked, id=18256, stack(0x000000183ba00000,0x000000183bb00000)]
  0x00000154037ebeb0 JavaThread "Cache worker for file content cache (C:\Users\Admin\.gradle\caches\8.2\fileContent)" [_thread_blocked, id=18292, stack(0x000000183bb00000,0x000000183bc00000)]
  0x00000154037f0bb0 JavaThread "Cache worker for file hash cache (D:\Ki_7\PRM392\EasyLicence\.gradle\8.2\fileHashes)" [_thread_blocked, id=3620, stack(0x0000001839b00000,0x0000001839c00000)]
  0x00000154037ec850 JavaThread "Cache worker for cache directory md-supplier (C:\Users\Admin\.gradle\caches\8.2\md-supplier)" [_thread_blocked, id=17464, stack(0x000000183bc00000,0x000000183bd00000)]
=>0x0000015401bcb0f0 JavaThread "C2 CompilerThread1" daemon [_thread_in_native, id=15436, stack(0x000000183bd00000,0x000000183be00000)]
  0x00000154037ec380 JavaThread "Cache worker for execution history cache (C:\Users\Admin\.gradle\caches\8.2\executionHistory)" [_thread_blocked, id=19956, stack(0x000000183be00000,0x000000183bf00000)]

Other Threads:
  0x000001547f01f940 VMThread "VM Thread" [stack: 0x0000001838e00000,0x0000001838f00000] [id=7332]
  0x000001547f2e7890 WatcherThread [stack: 0x0000001839a00000,0x0000001839b00000] [id=19496]
  0x0000015460f210d0 GCTaskThread "GC Thread#0" [stack: 0x0000001838900000,0x0000001838a00000] [id=10772]
  0x000001547fa7ba30 GCTaskThread "GC Thread#1" [stack: 0x0000001839c00000,0x0000001839d00000] [id=4644]
  0x000001547fbbf600 GCTaskThread "GC Thread#2" [stack: 0x0000001839d00000,0x0000001839e00000] [id=8296]
  0x000001547fb9f270 GCTaskThread "GC Thread#3" [stack: 0x0000001839e00000,0x0000001839f00000] [id=17004]
  0x000001540036b500 GCTaskThread "GC Thread#4" [stack: 0x0000001839f00000,0x000000183a000000] [id=8860]
  0x000001540100b0c0 GCTaskThread "GC Thread#5" [stack: 0x000000183aa00000,0x000000183ab00000] [id=15348]
  0x000001540100b8d0 GCTaskThread "GC Thread#6" [stack: 0x000000183ab00000,0x000000183ac00000] [id=18752]
  0x000001540100ab60 GCTaskThread "GC Thread#7" [stack: 0x000000183ac00000,0x000000183ad00000] [id=9592]
  0x0000015460f31f20 ConcurrentGCThread "G1 Main Marker" [stack: 0x0000001838a00000,0x0000001838b00000] [id=3964]
  0x0000015460f32840 ConcurrentGCThread "G1 Conc#0" [stack: 0x0000001838b00000,0x0000001838c00000] [id=14080]
  0x000001540100a350 ConcurrentGCThread "G1 Conc#1" [stack: 0x000000183ad00000,0x000000183ae00000] [id=19172]
  0x000001547abba560 ConcurrentGCThread "G1 Refine#0" [stack: 0x0000001838c00000,0x0000001838d00000] [id=12192]
  0x000001547abbae90 ConcurrentGCThread "G1 Service" [stack: 0x0000001838d00000,0x0000001838e00000] [id=4816]

Threads with active compile tasks:
C2 CompilerThread0     3913 2994       4       jdk.internal.loader.URLClassPath::getResource (74 bytes)
C2 CompilerThread1     3913 2913       4       java.lang.invoke.MethodType::makeImpl (109 bytes)

VM state: not at safepoint (normal execution)

VM Mutex/Monitor currently owned by a thread:  ([mutex/lock_event])
[0x0000015460ebcfd0] Metaspace_lock - owner thread: 0x00000154011b0520

Heap address: 0x0000000080000000, size: 2048 MB, Compressed Oops mode: 32-bit

CDS archive(s) not mapped
Compressed class space mapped at: 0x0000000100000000-0x0000000140000000, reserved size: 1073741824
Narrow klass base: 0x0000000000000000, Narrow klass shift: 3, Narrow klass range: 0x140000000

GC Precious Log:
 CPUs: 8 total, 8 available
 Memory: 7967M
 Large Page Support: Disabled
 NUMA Support: Disabled
 Compressed Oops: Enabled (32-bit)
 Heap Region Size: 1M
 Heap Min Capacity: 8M
 Heap Initial Capacity: 126M
 Heap Max Capacity: 2G
 Pre-touch: Disabled
 Parallel Workers: 8
 Concurrent Workers: 2
 Concurrent Refinement Workers: 8
 Periodic GC: Disabled

Heap:
 garbage-first heap   total 82944K, used 41647K [0x0000000080000000, 0x0000000100000000)
  region size 1024K, 13 young (13312K), 2 survivors (2048K)
 Metaspace       used 38094K, committed 38464K, reserved 1114112K
  class space    used 5123K, committed 5312K, reserved 1048576K

Heap Regions: E=young(eden), S=young(survivor), O=old, HS=humongous(starts), HC=humongous(continues), CS=collection set, F=free, OA=open archive, CA=closed archive, TAMS=top-at-mark-start (previous, next)
|   0|0x0000000080000000, 0x0000000080100000, 0x0000000080100000|100%|HS|  |TAMS 0x0000000080100000, 0x0000000080000000| Complete 
|   1|0x0000000080100000, 0x0000000080200000, 0x0000000080200000|100%|HC|  |TAMS 0x0000000080200000, 0x0000000080100000| Complete 
|   2|0x0000000080200000, 0x0000000080300000, 0x0000000080300000|100%|HC|  |TAMS 0x0000000080300000, 0x0000000080200000| Complete 
|   3|0x0000000080300000, 0x0000000080400000, 0x0000000080400000|100%|HC|  |TAMS 0x0000000080400000, 0x0000000080300000| Complete 
|   4|0x0000000080400000, 0x0000000080500000, 0x0000000080500000|100%| O|  |TAMS 0x0000000080500000, 0x0000000080400000| Untracked 
|   5|0x0000000080500000, 0x0000000080600000, 0x0000000080600000|100%| O|  |TAMS 0x0000000080600000, 0x0000000080500000| Untracked 
|   6|0x0000000080600000, 0x0000000080700000, 0x0000000080700000|100%| O|  |TAMS 0x0000000080700000, 0x0000000080600000| Untracked 
|   7|0x0000000080700000, 0x0000000080800000, 0x0000000080800000|100%| O|  |TAMS 0x0000000080800000, 0x0000000080700000| Untracked 
|   8|0x0000000080800000, 0x0000000080900000, 0x0000000080900000|100%| O|  |TAMS 0x0000000080900000, 0x0000000080800000| Untracked 
|   9|0x0000000080900000, 0x0000000080a00000, 0x0000000080a00000|100%| O|  |TAMS 0x0000000080a00000, 0x0000000080900000| Untracked 
|  10|0x0000000080a00000, 0x0000000080b00000, 0x0000000080b00000|100%| O|  |TAMS 0x0000000080b00000, 0x0000000080a00000| Untracked 
|  11|0x0000000080b00000, 0x0000000080b96600, 0x0000000080c00000| 58%| O|  |TAMS 0x0000000080b96600, 0x0000000080b00000| Untracked 
|  12|0x0000000080c00000, 0x0000000080d00000, 0x0000000080d00000|100%| O|  |TAMS 0x0000000080d00000, 0x0000000080c00000| Untracked 
|  13|0x0000000080d00000, 0x0000000080e00000, 0x0000000080e00000|100%| O|  |TAMS 0x0000000080e00000, 0x0000000080d00000| Untracked 
|  14|0x0000000080e00000, 0x0000000080f00000, 0x0000000080f00000|100%| O|  |TAMS 0x0000000080f00000, 0x0000000080e00000| Untracked 
|  15|0x0000000080f00000, 0x0000000081000000, 0x0000000081000000|100%| O|  |TAMS 0x0000000081000000, 0x0000000080f00000| Untracked 
|  16|0x0000000081000000, 0x0000000081100000, 0x0000000081100000|100%| O|  |TAMS 0x0000000081100000, 0x0000000081000000| Untracked 
|  17|0x0000000081100000, 0x0000000081200000, 0x0000000081200000|100%| O|  |TAMS 0x0000000081200000, 0x0000000081100000| Untracked 
|  18|0x0000000081200000, 0x0000000081300000, 0x0000000081300000|100%| O|  |TAMS 0x0000000081300000, 0x0000000081200000| Untracked 
|  19|0x0000000081300000, 0x0000000081400000, 0x0000000081400000|100%|HS|  |TAMS 0x0000000081400000, 0x0000000081300000| Complete 
|  20|0x0000000081400000, 0x0000000081500000, 0x0000000081500000|100%|HC|  |TAMS 0x0000000081500000, 0x0000000081400000| Complete 
|  21|0x0000000081500000, 0x0000000081600000, 0x0000000081600000|100%|HS|  |TAMS 0x0000000081600000, 0x0000000081500000| Complete 
|  22|0x0000000081600000, 0x0000000081700000, 0x0000000081700000|100%|HC|  |TAMS 0x0000000081700000, 0x0000000081600000| Complete 
|  23|0x0000000081700000, 0x0000000081800000, 0x0000000081800000|100%|HC|  |TAMS 0x0000000081800000, 0x0000000081700000| Complete 
|  24|0x0000000081800000, 0x0000000081900000, 0x0000000081900000|100%| O|  |TAMS 0x0000000081900000, 0x0000000081800000| Untracked 
|  25|0x0000000081900000, 0x0000000081a00000, 0x0000000081a00000|100%| O|  |TAMS 0x0000000081a00000, 0x0000000081900000| Untracked 
|  26|0x0000000081a00000, 0x0000000081b00000, 0x0000000081b00000|100%| O|  |TAMS 0x0000000081b00000, 0x0000000081a00000| Untracked 
|  27|0x0000000081b00000, 0x0000000081c00000, 0x0000000081c00000|100%|HS|  |TAMS 0x0000000081c00000, 0x0000000081b00000| Complete 
|  28|0x0000000081c00000, 0x0000000081d00000, 0x0000000081d00000|100%|HC|  |TAMS 0x0000000081d00000, 0x0000000081c00000| Complete 
|  29|0x0000000081d00000, 0x0000000081e00000, 0x0000000081e00000|100%| O|  |TAMS 0x0000000081e00000, 0x0000000081d00000| Untracked 
|  30|0x0000000081e00000, 0x0000000081e5ec00, 0x0000000081f00000| 37%| O|  |TAMS 0x0000000081e5ec00, 0x0000000081e00000| Untracked 
|  31|0x0000000081f00000, 0x0000000081f00000, 0x0000000082000000|  0%| F|  |TAMS 0x0000000081f00000, 0x0000000081f00000| Untracked 
|  32|0x0000000082000000, 0x0000000082000000, 0x0000000082100000|  0%| F|  |TAMS 0x0000000082000000, 0x0000000082000000| Untracked 
|  33|0x0000000082100000, 0x0000000082100000, 0x0000000082200000|  0%| F|  |TAMS 0x0000000082100000, 0x0000000082100000| Untracked 
|  34|0x0000000082200000, 0x0000000082200000, 0x0000000082300000|  0%| F|  |TAMS 0x0000000082200000, 0x0000000082200000| Untracked 
|  35|0x0000000082300000, 0x0000000082300000, 0x0000000082400000|  0%| F|  |TAMS 0x0000000082300000, 0x0000000082300000| Untracked 
|  36|0x0000000082400000, 0x0000000082400000, 0x0000000082500000|  0%| F|  |TAMS 0x0000000082400000, 0x0000000082400000| Untracked 
|  37|0x0000000082500000, 0x0000000082500000, 0x0000000082600000|  0%| F|  |TAMS 0x0000000082500000, 0x0000000082500000| Untracked 
|  38|0x0000000082600000, 0x0000000082600000, 0x0000000082700000|  0%| F|  |TAMS 0x0000000082600000, 0x0000000082600000| Untracked 
|  39|0x0000000082700000, 0x0000000082700000, 0x0000000082800000|  0%| F|  |TAMS 0x0000000082700000, 0x0000000082700000| Untracked 
|  40|0x0000000082800000, 0x0000000082800000, 0x0000000082900000|  0%| F|  |TAMS 0x0000000082800000, 0x0000000082800000| Untracked 
|  41|0x0000000082900000, 0x0000000082900000, 0x0000000082a00000|  0%| F|  |TAMS 0x0000000082900000, 0x0000000082900000| Untracked 
|  42|0x0000000082a00000, 0x0000000082a00000, 0x0000000082b00000|  0%| F|  |TAMS 0x0000000082a00000, 0x0000000082a00000| Untracked 
|  43|0x0000000082b00000, 0x0000000082b00000, 0x0000000082c00000|  0%| F|  |TAMS 0x0000000082b00000, 0x0000000082b00000| Untracked 
|  44|0x0000000082c00000, 0x0000000082c00000, 0x0000000082d00000|  0%| F|  |TAMS 0x0000000082c00000, 0x0000000082c00000| Untracked 
|  45|0x0000000082d00000, 0x0000000082d00000, 0x0000000082e00000|  0%| F|  |TAMS 0x0000000082d00000, 0x0000000082d00000| Untracked 
|  46|0x0000000082e00000, 0x0000000082e00000, 0x0000000082f00000|  0%| F|  |TAMS 0x0000000082e00000, 0x0000000082e00000| Untracked 
|  47|0x0000000082f00000, 0x0000000082f00000, 0x0000000083000000|  0%| F|  |TAMS 0x0000000082f00000, 0x0000000082f00000| Untracked 
|  48|0x0000000083000000, 0x0000000083000000, 0x0000000083100000|  0%| F|  |TAMS 0x0000000083000000, 0x0000000083000000| Untracked 
|  49|0x0000000083100000, 0x0000000083100000, 0x0000000083200000|  0%| F|  |TAMS 0x0000000083100000, 0x0000000083100000| Untracked 
|  50|0x0000000083200000, 0x0000000083200000, 0x0000000083300000|  0%| F|  |TAMS 0x0000000083200000, 0x0000000083200000| Untracked 
|  51|0x0000000083300000, 0x0000000083300000, 0x0000000083400000|  0%| F|  |TAMS 0x0000000083300000, 0x0000000083300000| Untracked 
|  52|0x0000000083400000, 0x0000000083400000, 0x0000000083500000|  0%| F|  |TAMS 0x0000000083400000, 0x0000000083400000| Untracked 
|  53|0x0000000083500000, 0x0000000083500000, 0x0000000083600000|  0%| F|  |TAMS 0x0000000083500000, 0x0000000083500000| Untracked 
|  54|0x0000000083600000, 0x0000000083600000, 0x0000000083700000|  0%| F|  |TAMS 0x0000000083600000, 0x0000000083600000| Untracked 
|  55|0x0000000083700000, 0x00000000837b6bf0, 0x0000000083800000| 71%| S|CS|TAMS 0x0000000083700000, 0x0000000083700000| Complete 
|  56|0x0000000083800000, 0x0000000083900000, 0x0000000083900000|100%| S|CS|TAMS 0x0000000083800000, 0x0000000083800000| Complete 
|  57|0x0000000083900000, 0x0000000083900000, 0x0000000083a00000|  0%| F|  |TAMS 0x0000000083900000, 0x0000000083900000| Untracked 
|  58|0x0000000083a00000, 0x0000000083a00000, 0x0000000083b00000|  0%| F|  |TAMS 0x0000000083a00000, 0x0000000083a00000| Untracked 
|  59|0x0000000083b00000, 0x0000000083b00000, 0x0000000083c00000|  0%| F|  |TAMS 0x0000000083b00000, 0x0000000083b00000| Untracked 
|  60|0x0000000083c00000, 0x0000000083c00000, 0x0000000083d00000|  0%| F|  |TAMS 0x0000000083c00000, 0x0000000083c00000| Untracked 
|  61|0x0000000083d00000, 0x0000000083d00000, 0x0000000083e00000|  0%| F|  |TAMS 0x0000000083d00000, 0x0000000083d00000| Untracked 
|  62|0x0000000083e00000, 0x0000000083e00000, 0x0000000083f00000|  0%| F|  |TAMS 0x0000000083e00000, 0x0000000083e00000| Untracked 
|  63|0x0000000083f00000, 0x0000000083f00000, 0x0000000084000000|  0%| F|  |TAMS 0x0000000083f00000, 0x0000000083f00000| Untracked 
|  64|0x0000000084000000, 0x0000000084000000, 0x0000000084100000|  0%| F|  |TAMS 0x0000000084000000, 0x0000000084000000| Untracked 
|  65|0x0000000084100000, 0x0000000084100000, 0x0000000084200000|  0%| F|  |TAMS 0x0000000084100000, 0x0000000084100000| Untracked 
|  66|0x0000000084200000, 0x0000000084200000, 0x0000000084300000|  0%| F|  |TAMS 0x0000000084200000, 0x0000000084200000| Untracked 
|  67|0x0000000084300000, 0x0000000084300000, 0x0000000084400000|  0%| F|  |TAMS 0x0000000084300000, 0x0000000084300000| Untracked 
|  68|0x0000000084400000, 0x0000000084400000, 0x0000000084500000|  0%| F|  |TAMS 0x0000000084400000, 0x0000000084400000| Untracked 
|  69|0x0000000084500000, 0x0000000084500000, 0x0000000084600000|  0%| F|  |TAMS 0x0000000084500000, 0x0000000084500000| Untracked 
|  70|0x0000000084600000, 0x0000000084700000, 0x0000000084700000|100%| E|  |TAMS 0x0000000084600000, 0x0000000084600000| Complete 
|  71|0x0000000084700000, 0x0000000084800000, 0x0000000084800000|100%| E|CS|TAMS 0x0000000084700000, 0x0000000084700000| Complete 
|  72|0x0000000084800000, 0x0000000084900000, 0x0000000084900000|100%| E|CS|TAMS 0x0000000084800000, 0x0000000084800000| Complete 
|  73|0x0000000084900000, 0x0000000084a00000, 0x0000000084a00000|100%| E|CS|TAMS 0x0000000084900000, 0x0000000084900000| Complete 
|  74|0x0000000084a00000, 0x0000000084b00000, 0x0000000084b00000|100%| E|CS|TAMS 0x0000000084a00000, 0x0000000084a00000| Complete 
|  75|0x0000000084b00000, 0x0000000084c00000, 0x0000000084c00000|100%| E|  |TAMS 0x0000000084b00000, 0x0000000084b00000| Complete 
|  76|0x0000000084c00000, 0x0000000084d00000, 0x0000000084d00000|100%| E|CS|TAMS 0x0000000084c00000, 0x0000000084c00000| Complete 
|  77|0x0000000084d00000, 0x0000000084e00000, 0x0000000084e00000|100%| E|CS|TAMS 0x0000000084d00000, 0x0000000084d00000| Complete 
|  78|0x0000000084e00000, 0x0000000084f00000, 0x0000000084f00000|100%| E|CS|TAMS 0x0000000084e00000, 0x0000000084e00000| Complete 
|  79|0x0000000084f00000, 0x0000000085000000, 0x0000000085000000|100%| E|CS|TAMS 0x0000000084f00000, 0x0000000084f00000| Complete 
| 125|0x0000000087d00000, 0x0000000087e00000, 0x0000000087e00000|100%| E|CS|TAMS 0x0000000087d00000, 0x0000000087d00000| Complete 

Card table byte_map: [0x0000015473ad0000,0x0000015473ed0000] _byte_map_base: 0x00000154736d0000

Marking Bits (Prev, Next): (CMBitMap*) 0x0000015460f215f0, (CMBitMap*) 0x0000015460f21630
 Prev Bits: [0x00000154742d0000, 0x00000154762d0000)
 Next Bits: [0x00000154762d0000, 0x00000154782d0000)

Polling page: 0x000001545ee50000

Metaspace:

Usage:
  Non-class:     32.20 MB used.
      Class:      5.00 MB used.
       Both:     37.20 MB used.

Virtual space:
  Non-class space:       64.00 MB reserved,      32.38 MB ( 51%) committed,  1 nodes.
      Class space:        1.00 GB reserved,       5.19 MB ( <1%) committed,  1 nodes.
             Both:        1.06 GB reserved,      37.56 MB (  3%) committed. 

Chunk freelists:
   Non-Class:  14.66 MB
       Class:  10.80 MB
        Both:  25.45 MB

MaxMetaspaceSize: unlimited
CompressedClassSpaceSize: 1.00 GB
Initial GC threshold: 21.00 MB
Current GC threshold: 59.06 MB
CDS: off
MetaspaceReclaimPolicy: balanced
 - commit_granule_bytes: 65536.
 - commit_granule_words: 8192.
 - virtual_space_node_default_size: 8388608.
 - enlarge_chunks_in_place: 1.
 - new_chunks_are_fully_committed: 0.
 - uncommit_free_chunks: 1.
 - use_allocation_guard: 0.
 - handle_deallocations: 1.


Internal statistics:

num_allocs_failed_limit: 6.
num_arena_births: 360.
num_arena_deaths: 0.
num_vsnodes_births: 2.
num_vsnodes_deaths: 0.
num_space_committed: 601.
num_space_uncommitted: 0.
num_chunks_returned_to_freelist: 6.
num_chunks_taken_from_freelist: 1465.
num_chunk_merges: 6.
num_chunk_splits: 977.
num_chunks_enlarged: 676.
num_inconsistent_stats: 0.

CodeHeap 'non-profiled nmethods': size=120000Kb used=1637Kb max_used=1637Kb free=118362Kb
 bounds [0x000001546be70000, 0x000001546c0e0000, 0x00000154733a0000]
CodeHeap 'profiled nmethods': size=120000Kb used=6587Kb max_used=6587Kb free=113412Kb
 bounds [0x00000154643a0000, 0x0000015464a10000, 0x000001546b8d0000]
CodeHeap 'non-nmethods': size=5760Kb used=1239Kb max_used=1303Kb free=4520Kb
 bounds [0x000001546b8d0000, 0x000001546bb40000, 0x000001546be70000]
 total_blobs=3675 nmethods=3125 adapters=462
 compilation: enabled
              stopped_count=0, restarted_count=0
 full_count=0

Compilation events (20 events):
Event: 3.777 Thread 0x000001547f056fa0 3081       1       java.util.Collections$EmptySet::contains (2 bytes)
Event: 3.777 Thread 0x000001547f056fa0 nmethod 3081 0x000001546c006f90 code [0x000001546c007120, 0x000001546c0071f8]
Event: 3.778 Thread 0x000001547f056fa0 3082       3       java.util.concurrent.atomic.AtomicInteger::<init> (5 bytes)
Event: 3.778 Thread 0x000001547f056fa0 nmethod 3082 0x00000154649eb210 code [0x00000154649eb3c0, 0x00000154649eb578]
Event: 3.778 Thread 0x000001547f056fa0 3083       3       org.codehaus.groovy.util.LockableObject::lock (25 bytes)
Event: 3.778 Thread 0x000001547f056fa0 nmethod 3083 0x00000154649eb690 code [0x00000154649eb840, 0x00000154649ebab8]
Event: 3.778 Thread 0x000001547f056fa0 3084       3       org.codehaus.groovy.util.LockableObject::unlock (7 bytes)
Event: 3.778 Thread 0x000001547f056fa0 nmethod 3084 0x00000154649ebb90 code [0x00000154649ebd40, 0x00000154649ebff8]
Event: 3.781 Thread 0x000001547f056fa0 3085       1       java.lang.ClassValue$Version::promise (5 bytes)
Event: 3.781 Thread 0x000001547f056fa0 nmethod 3085 0x000001546c007290 code [0x000001546c007420, 0x000001546c0074f8]
Event: 3.781 Thread 0x000001547f056fa0 3086       3       java.lang.ClassValue$Entry::isPromise (14 bytes)
Event: 3.781 Thread 0x000001547f056fa0 nmethod 3086 0x00000154649ec110 code [0x00000154649ec2a0, 0x00000154649ec418]
Event: 3.781 Thread 0x000001547f056fa0 3087       3       org.codehaus.groovy.reflection.CachedClass::getInterfaces (11 bytes)
Event: 3.781 Thread 0x000001547f056fa0 nmethod 3087 0x00000154649ec490 code [0x00000154649ec640, 0x00000154649ec908]
Event: 3.782 Thread 0x000001547f056fa0 3088       3       org.codehaus.groovy.util.ReferenceType$1::createReference (11 bytes)
Event: 3.782 Thread 0x000001547f056fa0 nmethod 3088 0x00000154649eca10 code [0x00000154649ecbe0, 0x00000154649ed058]
Event: 3.782 Thread 0x000001547f056fa0 3089       3       org.codehaus.groovy.util.ReferenceType$SoftRef::<init> (12 bytes)
Event: 3.782 Thread 0x000001547f056fa0 nmethod 3089 0x00000154649ed210 code [0x00000154649ed3c0, 0x00000154649ed778]
Event: 3.783 Thread 0x000001547f056fa0 3090       3       java.util.stream.ReduceOps$3ReducingSink::accept (15 bytes)
Event: 3.783 Thread 0x000001547f056fa0 nmethod 3090 0x00000154649ed890 code [0x00000154649eda40, 0x00000154649edc28]

GC Heap History (14 events):
Event: 0.594 GC heap before
{Heap before GC invocations=0 (full 0):
 garbage-first heap   total 129024K, used 26624K [0x0000000080000000, 0x0000000100000000)
  region size 1024K, 23 young (23552K), 0 survivors (0K)
 Metaspace       used 10450K, committed 10688K, reserved 1114112K
  class space    used 1088K, committed 1216K, reserved 1048576K
}
Event: 0.600 GC heap after
{Heap after GC invocations=1 (full 0):
 garbage-first heap   total 129024K, used 10777K [0x0000000080000000, 0x0000000100000000)
  region size 1024K, 3 young (3072K), 3 survivors (3072K)
 Metaspace       used 10450K, committed 10688K, reserved 1114112K
  class space    used 1088K, committed 1216K, reserved 1048576K
}
Event: 0.946 GC heap before
{Heap before GC invocations=1 (full 0):
 garbage-first heap   total 129024K, used 39449K [0x0000000080000000, 0x0000000100000000)
  region size 1024K, 31 young (31744K), 3 survivors (3072K)
 Metaspace       used 11428K, committed 11648K, reserved 1114112K
  class space    used 1193K, committed 1280K, reserved 1048576K
}
Event: 0.952 GC heap after
{Heap after GC invocations=2 (full 0):
 garbage-first heap   total 129024K, used 13205K [0x0000000080000000, 0x0000000100000000)
  region size 1024K, 3 young (3072K), 3 survivors (3072K)
 Metaspace       used 11428K, committed 11648K, reserved 1114112K
  class space    used 1193K, committed 1280K, reserved 1048576K
}
Event: 1.987 GC heap before
{Heap before GC invocations=2 (full 0):
 garbage-first heap   total 129024K, used 55189K [0x0000000080000000, 0x0000000100000000)
  region size 1024K, 46 young (47104K), 3 survivors (3072K)
 Metaspace       used 21317K, committed 21504K, reserved 1114112K
  class space    used 2569K, committed 2688K, reserved 1048576K
}
Event: 1.993 GC heap after
{Heap after GC invocations=3 (full 0):
 garbage-first heap   total 129024K, used 18798K [0x0000000080000000, 0x0000000100000000)
  region size 1024K, 8 young (8192K), 8 survivors (8192K)
 Metaspace       used 21317K, committed 21504K, reserved 1114112K
  class space    used 2569K, committed 2688K, reserved 1048576K
}
Event: 2.478 GC heap before
{Heap before GC invocations=4 (full 0):
 garbage-first heap   total 68608K, used 50542K [0x0000000080000000, 0x0000000100000000)
  region size 1024K, 40 young (40960K), 8 survivors (8192K)
 Metaspace       used 25997K, committed 26304K, reserved 1114112K
  class space    used 3382K, committed 3520K, reserved 1048576K
}
Event: 2.485 GC heap after
{Heap after GC invocations=5 (full 0):
 garbage-first heap   total 68608K, used 20768K [0x0000000080000000, 0x0000000100000000)
  region size 1024K, 3 young (3072K), 3 survivors (3072K)
 Metaspace       used 25997K, committed 26304K, reserved 1114112K
  class space    used 3382K, committed 3520K, reserved 1048576K
}
Event: 2.977 GC heap before
{Heap before GC invocations=5 (full 0):
 garbage-first heap   total 68608K, used 53536K [0x0000000080000000, 0x0000000100000000)
  region size 1024K, 29 young (29696K), 3 survivors (3072K)
 Metaspace       used 29725K, committed 30016K, reserved 1114112K
  class space    used 4030K, committed 4160K, reserved 1048576K
}
Event: 2.983 GC heap after
{Heap after GC invocations=6 (full 0):
 garbage-first heap   total 68608K, used 30635K [0x0000000080000000, 0x0000000100000000)
  region size 1024K, 4 young (4096K), 4 survivors (4096K)
 Metaspace       used 29725K, committed 30016K, reserved 1114112K
  class space    used 4030K, committed 4160K, reserved 1048576K
}
Event: 3.279 GC heap before
{Heap before GC invocations=6 (full 0):
 garbage-first heap   total 68608K, used 51115K [0x0000000080000000, 0x0000000100000000)
  region size 1024K, 24 young (24576K), 4 survivors (4096K)
 Metaspace       used 32327K, committed 32704K, reserved 1114112K
  class space    used 4425K, committed 4608K, reserved 1048576K
}
Event: 3.284 GC heap after
{Heap after GC invocations=7 (full 0):
 garbage-first heap   total 82944K, used 31691K [0x0000000080000000, 0x0000000100000000)
  region size 1024K, 1 young (1024K), 1 survivors (1024K)
 Metaspace       used 32327K, committed 32704K, reserved 1114112K
  class space    used 4425K, committed 4608K, reserved 1048576K
}
Event: 3.680 GC heap before
{Heap before GC invocations=7 (full 0):
 garbage-first heap   total 82944K, used 54219K [0x0000000080000000, 0x0000000100000000)
  region size 1024K, 25 young (25600K), 1 survivors (1024K)
 Metaspace       used 35672K, committed 35968K, reserved 1114112K
  class space    used 4903K, committed 5056K, reserved 1048576K
}
Event: 3.684 GC heap after
{Heap after GC invocations=8 (full 0):
 garbage-first heap   total 82944K, used 32431K [0x0000000080000000, 0x0000000100000000)
  region size 1024K, 2 young (2048K), 2 survivors (2048K)
 Metaspace       used 35672K, committed 35968K, reserved 1114112K
  class space    used 4903K, committed 5056K, reserved 1048576K
}

Dll operation events (3 events):
Event: 0.007 Loaded shared library C:\Users\Admin\AppData\Local\Programs\Android Studio\jbr\bin\java.dll
Event: 0.125 Loaded shared library C:\Users\Admin\AppData\Local\Programs\Android Studio\jbr\bin\zip.dll
Event: 0.347 Loaded shared library C:\Users\Admin\AppData\Local\Programs\Android Studio\jbr\bin\verify.dll

Deoptimization events (20 events):
Event: 2.917 Thread 0x00000154011b0520 Uncommon trap: trap_request=0xffffffc6 fr.pc=0x000001546bf9ceb8 relative=0x00000000000052d8
Event: 2.917 Thread 0x00000154011b0520 Uncommon trap: reason=bimorphic_or_optimized_type_check action=maybe_recompile pc=0x000001546bf9ceb8 method=java.lang.ClassLoader.loadClass(Ljava/lang/String;Z)Ljava/lang/Class; @ 38 c2
Event: 2.917 Thread 0x00000154011b0520 DEOPT PACKING pc=0x000001546bf9ceb8 sp=0x000000183a6fbee0
Event: 2.917 Thread 0x00000154011b0520 DEOPT UNPACKING pc=0x000001546b9269a3 sp=0x000000183a6fbf00 mode 2
Event: 2.927 Thread 0x00000154011b0520 Uncommon trap: trap_request=0xffffffc6 fr.pc=0x000001546bf9ceb8 relative=0x00000000000052d8
Event: 2.927 Thread 0x00000154011b0520 Uncommon trap: reason=bimorphic_or_optimized_type_check action=maybe_recompile pc=0x000001546bf9ceb8 method=java.lang.ClassLoader.loadClass(Ljava/lang/String;Z)Ljava/lang/Class; @ 38 c2
Event: 2.927 Thread 0x00000154011b0520 DEOPT PACKING pc=0x000001546bf9ceb8 sp=0x000000183a6fa240
Event: 2.927 Thread 0x00000154011b0520 DEOPT UNPACKING pc=0x000001546b9269a3 sp=0x000000183a6fa260 mode 2
Event: 2.927 Thread 0x00000154011b0520 Uncommon trap: trap_request=0xffffffc6 fr.pc=0x000001546bf9ceb8 relative=0x00000000000052d8
Event: 2.927 Thread 0x00000154011b0520 Uncommon trap: reason=bimorphic_or_optimized_type_check action=maybe_recompile pc=0x000001546bf9ceb8 method=java.lang.ClassLoader.loadClass(Ljava/lang/String;Z)Ljava/lang/Class; @ 38 c2
Event: 2.927 Thread 0x00000154011b0520 DEOPT PACKING pc=0x000001546bf9ceb8 sp=0x000000183a6fa240
Event: 2.927 Thread 0x00000154011b0520 DEOPT UNPACKING pc=0x000001546b9269a3 sp=0x000000183a6fa260 mode 2
Event: 2.928 Thread 0x00000154011b0520 Uncommon trap: trap_request=0xffffffc6 fr.pc=0x000001546bf9ceb8 relative=0x00000000000052d8
Event: 2.928 Thread 0x00000154011b0520 Uncommon trap: reason=bimorphic_or_optimized_type_check action=maybe_recompile pc=0x000001546bf9ceb8 method=java.lang.ClassLoader.loadClass(Ljava/lang/String;Z)Ljava/lang/Class; @ 38 c2
Event: 2.928 Thread 0x00000154011b0520 DEOPT PACKING pc=0x000001546bf9ceb8 sp=0x000000183a6fa480
Event: 2.928 Thread 0x00000154011b0520 DEOPT UNPACKING pc=0x000001546b9269a3 sp=0x000000183a6fa4a0 mode 2
Event: 3.247 Thread 0x00000154011b0520 Uncommon trap: trap_request=0xffffff45 fr.pc=0x000001546bec4d2c relative=0x00000000000005ec
Event: 3.247 Thread 0x00000154011b0520 Uncommon trap: reason=unstable_if action=reinterpret pc=0x000001546bec4d2c method=java.util.HashMap.hash(Ljava/lang/Object;)I @ 1 c2
Event: 3.247 Thread 0x00000154011b0520 DEOPT PACKING pc=0x000001546bec4d2c sp=0x000000183a6f6d90
Event: 3.247 Thread 0x00000154011b0520 DEOPT UNPACKING pc=0x000001546b9269a3 sp=0x000000183a6f6c38 mode 2

Classes unloaded (0 events):
No events

Classes redefined (0 events):
No events

Internal exceptions (20 events):
Event: 3.161 Thread 0x00000154011b0520 Exception <a 'java/lang/NoSuchMethodError'{0x000000008363f048}: 'java.lang.Object java.lang.invoke.DirectMethodHandle$Holder.invokeSpecialIFC(java.lang.Object, java.lang.Object, java.lang.Object, java.lang.Object)'> (0x000000008363f048) 
thrown [s\src\hotspot\share\interpreter\linkResolver.cpp, line 771]
Event: 3.247 Thread 0x00000154011b0520 Implicit null exception at 0x000001546bec478f to 0x000001546bec4d0c
Event: 3.295 Thread 0x00000154011b0520 Exception <a 'java/lang/NoSuchMethodError'{0x0000000087d96c28}: 'java.lang.Object java.lang.invoke.DirectMethodHandle$Holder.invokeSpecial(java.lang.Object, java.lang.Object, java.lang.Object, java.lang.Object, java.lang.Object, java.lang.Object, java.lang.Object, java.lang.Object, java.lang.Object, java.lang.Object, java.lang.Object, java.lang.Object, java.lang.Object)'> (0x0000000087d96c28) 
thrown [s\src\hotspot\share\interpreter\linkResolver.cpp, line 771]
Event: 3.296 Thread 0x00000154011b0520 Exception <a 'java/lang/NoSuchMethodError'{0x0000000087da8590}: 'java.lang.Object java.lang.invoke.DirectMethodHandle$Holder.newInvokeSpecial(java.lang.Object, java.lang.Object, java.lang.Object, java.lang.Object, java.lang.Object, java.lang.Object, java.lang.Object, java.lang.Object, java.lang.Object, java.lang.Object, java.lang.Object)'> (0x0000000087da8590) 
thrown [s\src\hotspot\share\interpreter\linkResolver.cpp, line 771]
Event: 3.297 Thread 0x00000154011b0520 Exception <a 'java/lang/NoSuchMethodError'{0x0000000087dae370}: 'java.lang.Object java.lang.invoke.DirectMethodHandle$Holder.invokeSpecial(java.lang.Object, java.lang.Object, java.lang.Object, java.lang.Object, java.lang.Object, java.lang.Object, java.lang.Object, java.lang.Object, java.lang.Object, java.lang.Object, java.lang.Object, java.lang.Object)'> (0x0000000087dae370) 
thrown [s\src\hotspot\share\interpreter\linkResolver.cpp, line 771]
Event: 3.297 Thread 0x00000154011b0520 Exception <a 'java/lang/NoSuchMethodError'{0x0000000087db3a08}: 'java.lang.Object java.lang.invoke.Invokers$Holder.linkToTargetMethod(java.lang.Object, java.lang.Object, java.lang.Object, java.lang.Object, java.lang.Object, java.lang.Object, java.lang.Object, java.lang.Object, java.lang.Object, java.lang.Object, java.lang.Object)'> (0x0000000087db3a08) 
thrown [s\src\hotspot\share\interpreter\linkResolver.cpp, line 771]
Event: 3.302 Thread 0x00000154011b0520 Exception <a 'java/lang/NoSuchMethodError'{0x0000000084f072b8}: 'java.lang.Object java.lang.invoke.DirectMethodHandle$Holder.invokeSpecial(java.lang.Object, java.lang.Object, java.lang.Object, java.lang.Object, java.lang.Object, java.lang.Object, java.lang.Object, java.lang.Object, java.lang.Object, java.lang.Object, java.lang.Object, java.lang.Object, java.lang.Object, java.lang.Object)'> (0x0000000084f072b8) 
thrown [s\src\hotspot\share\interpreter\linkResolver.cpp, line 771]
Event: 3.303 Thread 0x00000154011b0520 Exception <a 'java/lang/NoSuchMethodError'{0x0000000084f19910}: 'java.lang.Object java.lang.invoke.DirectMethodHandle$Holder.newInvokeSpecial(java.lang.Object, java.lang.Object, java.lang.Object, java.lang.Object, java.lang.Object, java.lang.Object, java.lang.Object, java.lang.Object, java.lang.Object, java.lang.Object, java.lang.Object, java.lang.Object)'> (0x0000000084f19910) 
thrown [s\src\hotspot\share\interpreter\linkResolver.cpp, line 771]
Event: 3.303 Thread 0x00000154011b0520 Exception <a 'java/lang/NoSuchMethodError'{0x0000000084f1f550}: 'java.lang.Object java.lang.invoke.Invokers$Holder.linkToTargetMethod(java.lang.Object, java.lang.Object, java.lang.Object, java.lang.Object, java.lang.Object, java.lang.Object, java.lang.Object, java.lang.Object, java.lang.Object, java.lang.Object, java.lang.Object, java.lang.Object)'> (0x0000000084f1f550) 
thrown [s\src\hotspot\share\interpreter\linkResolver.cpp, line 771]
Event: 3.307 Thread 0x00000154011b0520 Exception <a 'java/lang/NoSuchMethodError'{0x0000000084f5a5f0}: 'java.lang.Object java.lang.invoke.DirectMethodHandle$Holder.newInvokeSpecial(java.lang.Object, java.lang.Object, java.lang.Object, java.lang.Object, java.lang.Object, java.lang.Object, java.lang.Object, java.lang.Object, java.lang.Object, java.lang.Object)'> (0x0000000084f5a5f0) 
thrown [s\src\hotspot\share\interpreter\linkResolver.cpp, line 771]
Event: 3.307 Thread 0x00000154011b0520 Exception <a 'java/lang/NoSuchMethodError'{0x0000000084f5f780}: 'java.lang.Object java.lang.invoke.Invokers$Holder.linkToTargetMethod(java.lang.Object, java.lang.Object, java.lang.Object, java.lang.Object, java.lang.Object, java.lang.Object, java.lang.Object, java.lang.Object, java.lang.Object, java.lang.Object)'> (0x0000000084f5f780) 
thrown [s\src\hotspot\share\interpreter\linkResolver.cpp, line 771]
Event: 3.323 Thread 0x00000154011b0520 Exception <a 'java/lang/NoSuchMethodError'{0x0000000084fc2d98}: 'java.lang.Object java.lang.invoke.DirectMethodHandle$Holder.invokeStaticInit(java.lang.Object, java.lang.Object, java.lang.Object, java.lang.Object)'> (0x0000000084fc2d98) 
thrown [s\src\hotspot\share\interpreter\linkResolver.cpp, line 771]
Event: 3.546 Thread 0x00000154011b0520 Exception <a 'java/lang/NoSuchMethodError'{0x00000000843d3ad0}: 'java.lang.Object java.lang.invoke.DirectMethodHandle$Holder.newInvokeSpecial(java.lang.Object, java.lang.Object, java.lang.Object, java.lang.Object, java.lang.Object, java.lang.Object, java.lang.Object, java.lang.Object)'> (0x00000000843d3ad0) 
thrown [s\src\hotspot\share\interpreter\linkResolver.cpp, line 771]
Event: 3.547 Thread 0x00000154011b0520 Exception <a 'java/lang/NoSuchMethodError'{0x00000000843d97f0}: 'java.lang.Object java.lang.invoke.Invokers$Holder.linkToTargetMethod(java.lang.Object, java.lang.Object, java.lang.Object, java.lang.Object, java.lang.Object, java.lang.Object, java.lang.Object, java.lang.Object)'> (0x00000000843d97f0) 
thrown [s\src\hotspot\share\interpreter\linkResolver.cpp, line 771]
Event: 3.554 Thread 0x00000154011b0520 Exception <a 'java/lang/IncompatibleClassChangeError'{0x000000008424d770}: Found class java.lang.Object, but interface was expected> (0x000000008424d770) 
thrown [s\src\hotspot\share\interpreter\linkResolver.cpp, line 838]
Event: 3.639 Thread 0x00000154011b0520 Exception <a 'java/lang/NoSuchMethodError'{0x0000000083c349a0}: 'java.lang.Object java.lang.invoke.DirectMethodHandle$Holder.newInvokeSpecial(java.lang.Object, java.lang.Object, int, int)'> (0x0000000083c349a0) 
thrown [s\src\hotspot\share\interpreter\linkResolver.cpp, line 771]
Event: 3.747 Thread 0x00000154011b0520 Exception <a 'java/lang/NoSuchMethodError'{0x0000000084db21a8}: 'void java.lang.invoke.DirectMethodHandle$Holder.invokeStaticInit(java.lang.Object, java.lang.Object, java.lang.Object)'> (0x0000000084db21a8) 
thrown [s\src\hotspot\share\interpreter\linkResolver.cpp, line 771]
Event: 3.748 Thread 0x00000154011b0520 Exception <a 'java/lang/NoSuchMethodError'{0x0000000084db98f0}: 'void java.lang.invoke.DirectMethodHandle$Holder.invokeStaticInit(java.lang.Object, java.lang.Object, java.lang.Object, java.lang.Object)'> (0x0000000084db98f0) 
thrown [s\src\hotspot\share\interpreter\linkResolver.cpp, line 771]
Event: 3.750 Thread 0x00000154011b0520 Exception <a 'java/lang/NoSuchMethodError'{0x0000000084ddbab8}: 'void java.lang.invoke.DirectMethodHandle$Holder.invokeStaticInit(java.lang.Object, java.lang.Object, java.lang.Object, java.lang.Object, java.lang.Object)'> (0x0000000084ddbab8) 
thrown [s\src\hotspot\share\interpreter\linkResolver.cpp, line 771]
Event: 3.762 Thread 0x00000154011b0520 Exception <a 'java/lang/NoSuchMethodError'{0x0000000084c365e8}: 'int java.lang.invoke.DirectMethodHandle$Holder.invokeStaticInit(java.lang.Object, java.lang.Object, java.lang.Object, java.lang.Object)'> (0x0000000084c365e8) 
thrown [s\src\hotspot\share\interpreter\linkResolver.cpp, line 771]

VM Operations (20 events):
Event: 2.977 Executing VM operation: G1CollectForAllocation
Event: 2.983 Executing VM operation: G1CollectForAllocation done
Event: 3.034 Executing VM operation: HandshakeAllThreads
Event: 3.034 Executing VM operation: HandshakeAllThreads done
Event: 3.249 Executing VM operation: HandshakeAllThreads
Event: 3.250 Executing VM operation: HandshakeAllThreads done
Event: 3.279 Executing VM operation: G1CollectForAllocation
Event: 3.284 Executing VM operation: G1CollectForAllocation done
Event: 3.538 Executing VM operation: HandshakeAllThreads
Event: 3.538 Executing VM operation: HandshakeAllThreads done
Event: 3.680 Executing VM operation: CollectForMetadataAllocation
Event: 3.684 Executing VM operation: CollectForMetadataAllocation done
Event: 3.710 Executing VM operation: G1Concurrent
Event: 3.712 Executing VM operation: G1Concurrent done
Event: 3.716 Executing VM operation: HandshakeAllThreads
Event: 3.716 Executing VM operation: HandshakeAllThreads done
Event: 3.716 Executing VM operation: HandshakeAllThreads
Event: 3.716 Executing VM operation: HandshakeAllThreads done
Event: 3.726 Executing VM operation: G1Concurrent
Event: 3.726 Executing VM operation: G1Concurrent done

Events (20 events):
Event: 3.724 loading class java/lang/invoke/MethodHandleImpl$BindCaller
Event: 3.725 loading class java/lang/invoke/MethodHandleImpl$BindCaller done
Event: 3.725 loading class java/lang/invoke/MethodHandleImpl$BindCaller$1
Event: 3.725 loading class java/lang/invoke/MethodHandleImpl$BindCaller$1 done
Event: 3.726 loading class java/util/Collections$CopiesList
Event: 3.727 loading class java/util/Collections$CopiesList done
Event: 3.741 loading class java/lang/reflect/MalformedParameterizedTypeException
Event: 3.741 loading class java/lang/reflect/MalformedParameterizedTypeException done
Event: 3.744 loading class java/lang/IllegalCallerException
Event: 3.744 loading class java/lang/IllegalCallerException done
Event: 3.764 loading class java/util/HashMap$KeySpliterator
Event: 3.764 loading class java/util/HashMap$KeySpliterator done
Event: 3.779 loading class java/lang/ProcessHandle$Info
Event: 3.779 loading class java/lang/ProcessHandle$Info done
Event: 3.779 loading class java/lang/ProcessHandle
Event: 3.779 loading class java/lang/ProcessHandle done
Event: 3.779 loading class java/util/concurrent/CompletableFuture
Event: 3.780 loading class java/util/concurrent/CompletionStage
Event: 3.780 loading class java/util/concurrent/CompletionStage done
Event: 3.780 loading class java/util/concurrent/CompletableFuture done


Dynamic libraries:
0x00007ff74da90000 - 0x00007ff74da9a000 	C:\Users\Admin\AppData\Local\Programs\Android Studio\jbr\bin\java.exe
0x00007ff998a30000 - 0x00007ff998c28000 	C:\WINDOWS\SYSTEM32\ntdll.dll
0x00007ff996bd0000 - 0x00007ff996c8d000 	C:\WINDOWS\System32\KERNEL32.DLL
0x00007ff9966d0000 - 0x00007ff9969c6000 	C:\WINDOWS\System32\KERNELBASE.dll
0x00007ff9965d0000 - 0x00007ff9966d0000 	C:\WINDOWS\System32\ucrtbase.dll
0x00007ff964520000 - 0x00007ff964537000 	C:\Users\Admin\AppData\Local\Programs\Android Studio\jbr\bin\jli.dll
0x00007ff98dd60000 - 0x00007ff98dd7b000 	C:\Users\Admin\AppData\Local\Programs\Android Studio\jbr\bin\VCRUNTIME140.dll
0x00007ff997be0000 - 0x00007ff997d7e000 	C:\WINDOWS\System32\USER32.dll
0x00007ff9954d0000 - 0x00007ff99576a000 	C:\WINDOWS\WinSxS\amd64_microsoft.windows.common-controls_6595b64144ccf1df_6.0.19041.3636_none_60b6a03d71f818d5\COMCTL32.dll
0x00007ff996520000 - 0x00007ff996542000 	C:\WINDOWS\System32\win32u.dll
0x00007ff9977d0000 - 0x00007ff99786e000 	C:\WINDOWS\System32\msvcrt.dll
0x00007ff9987b0000 - 0x00007ff9987dc000 	C:\WINDOWS\System32\GDI32.dll
0x00007ff996200000 - 0x00007ff99631a000 	C:\WINDOWS\System32\gdi32full.dll
0x00007ff996480000 - 0x00007ff99651d000 	C:\WINDOWS\System32\msvcp_win.dll
0x00007ff997f20000 - 0x00007ff997f50000 	C:\WINDOWS\System32\IMM32.DLL
0x00007ff991f10000 - 0x00007ff991f1c000 	C:\Users\Admin\AppData\Local\Programs\Android Studio\jbr\bin\vcruntime140_1.dll
0x00007ff959230000 - 0x00007ff9592bd000 	C:\Users\Admin\AppData\Local\Programs\Android Studio\jbr\bin\msvcp140.dll
0x00007ff93aa90000 - 0x00007ff93b710000 	C:\Users\Admin\AppData\Local\Programs\Android Studio\jbr\bin\server\jvm.dll
0x00007ff9987e0000 - 0x00007ff998893000 	C:\WINDOWS\System32\ADVAPI32.dll
0x00007ff998500000 - 0x00007ff99859f000 	C:\WINDOWS\System32\sechost.dll
0x00007ff998680000 - 0x00007ff9987a6000 	C:\WINDOWS\System32\RPCRT4.dll
0x00007ff9965a0000 - 0x00007ff9965c7000 	C:\WINDOWS\System32\bcrypt.dll
0x00007ff983080000 - 0x00007ff9830a7000 	C:\WINDOWS\SYSTEM32\WINMM.dll
0x00007ff993b40000 - 0x00007ff993b4a000 	C:\WINDOWS\SYSTEM32\VERSION.dll
0x00007ff98dd50000 - 0x00007ff98dd59000 	C:\WINDOWS\SYSTEM32\WSOCK32.dll
0x00007ff9988a0000 - 0x00007ff99890b000 	C:\WINDOWS\System32\WS2_32.dll
0x00007ff993200000 - 0x00007ff993212000 	C:\WINDOWS\SYSTEM32\kernel.appcore.dll
0x00007ff98e0c0000 - 0x00007ff98e0ca000 	C:\Users\Admin\AppData\Local\Programs\Android Studio\jbr\bin\jimage.dll
0x00007ff995a90000 - 0x00007ff995c74000 	C:\WINDOWS\SYSTEM32\DBGHELP.DLL
0x00007ff995a50000 - 0x00007ff995a84000 	C:\WINDOWS\SYSTEM32\dbgcore.DLL
0x00007ff996170000 - 0x00007ff9961f2000 	C:\WINDOWS\System32\bcryptPrimitives.dll
0x00007ff98fd30000 - 0x00007ff98fd3e000 	C:\Users\Admin\AppData\Local\Programs\Android Studio\jbr\bin\instrument.dll
0x00007ff974020000 - 0x00007ff974045000 	C:\Users\Admin\AppData\Local\Programs\Android Studio\jbr\bin\java.dll
0x00007ff97f630000 - 0x00007ff97f648000 	C:\Users\Admin\AppData\Local\Programs\Android Studio\jbr\bin\zip.dll
0x00007ff996d50000 - 0x00007ff997495000 	C:\WINDOWS\System32\SHELL32.dll
0x00007ff993390000 - 0x00007ff993b2b000 	C:\WINDOWS\SYSTEM32\windows.storage.dll
0x00007ff997870000 - 0x00007ff997bc4000 	C:\WINDOWS\System32\combase.dll
0x00007ff995430000 - 0x00007ff99545d000 	C:\WINDOWS\SYSTEM32\Wldp.dll
0x00007ff996c90000 - 0x00007ff996d3d000 	C:\WINDOWS\System32\SHCORE.dll
0x00007ff998620000 - 0x00007ff998675000 	C:\WINDOWS\System32\shlwapi.dll
0x00007ff996030000 - 0x00007ff996055000 	C:\WINDOWS\SYSTEM32\profapi.dll
0x00007ff97f5f0000 - 0x00007ff97f609000 	C:\Users\Admin\AppData\Local\Programs\Android Studio\jbr\bin\net.dll
0x00007ff98f530000 - 0x00007ff98f63a000 	C:\WINDOWS\SYSTEM32\WINHTTP.dll
0x00007ff9952d0000 - 0x00007ff99533a000 	C:\WINDOWS\system32\mswsock.dll
0x00007ff97f500000 - 0x00007ff97f516000 	C:\Users\Admin\AppData\Local\Programs\Android Studio\jbr\bin\nio.dll
0x00007ff981a50000 - 0x00007ff981a60000 	C:\Users\Admin\AppData\Local\Programs\Android Studio\jbr\bin\verify.dll
0x00007ff97ff40000 - 0x00007ff97ff67000 	C:\Users\Admin\.gradle\native\68d5fa5c4cc2d200863cafc0d521ce42e7d3e7ee720ec0a83991735586a16f82\windows-amd64\native-platform.dll
0x00007ff9582e0000 - 0x00007ff958424000 	C:\Users\Admin\.gradle\native\e376f236ea51e6404a007f0833ffe2c6e607c4080706a723a18a27aeea778392\windows-amd64\native-platform-file-events.dll
0x00007ff980a60000 - 0x00007ff980a69000 	C:\Users\Admin\AppData\Local\Programs\Android Studio\jbr\bin\management.dll
0x00007ff97f810000 - 0x00007ff97f81b000 	C:\Users\Admin\AppData\Local\Programs\Android Studio\jbr\bin\management_ext.dll
0x00007ff996d40000 - 0x00007ff996d48000 	C:\WINDOWS\System32\PSAPI.DLL
0x00007ff995e70000 - 0x00007ff995e88000 	C:\WINDOWS\SYSTEM32\CRYPTSP.dll
0x00007ff994ac0000 - 0x00007ff994af4000 	C:\WINDOWS\system32\rsaenh.dll
0x00007ff995fb0000 - 0x00007ff995fde000 	C:\WINDOWS\SYSTEM32\USERENV.dll
0x00007ff9953f0000 - 0x00007ff9953fc000 	C:\WINDOWS\SYSTEM32\CRYPTBASE.dll
0x00007ff994e80000 - 0x00007ff994ebb000 	C:\WINDOWS\SYSTEM32\IPHLPAPI.DLL
0x00007ff9989e0000 - 0x00007ff9989e8000 	C:\WINDOWS\System32\NSI.dll
0x00007ff98bfe0000 - 0x00007ff98bff7000 	C:\WINDOWS\SYSTEM32\dhcpcsvc6.DLL
0x00007ff98bfc0000 - 0x00007ff98bfdd000 	C:\WINDOWS\SYSTEM32\dhcpcsvc.DLL
0x00007ff994ec0000 - 0x00007ff994f8a000 	C:\WINDOWS\SYSTEM32\DNSAPI.dll
0x00007ff972cb0000 - 0x00007ff972cb7000 	C:\WINDOWS\system32\wshunix.dll

dbghelp: loaded successfully - version: 4.0.5 - missing functions: none
symbol engine: initialized successfully - sym options: 0x614 - pdb path: .;C:\Users\Admin\AppData\Local\Programs\Android Studio\jbr\bin;C:\WINDOWS\SYSTEM32;C:\WINDOWS\WinSxS\amd64_microsoft.windows.common-controls_6595b64144ccf1df_6.0.19041.3636_none_60b6a03d71f818d5;C:\Users\Admin\AppData\Local\Programs\Android Studio\jbr\bin\server;C:\Users\Admin\.gradle\native\68d5fa5c4cc2d200863cafc0d521ce42e7d3e7ee720ec0a83991735586a16f82\windows-amd64;C:\Users\Admin\.gradle\native\e376f236ea51e6404a007f0833ffe2c6e607c4080706a723a18a27aeea778392\windows-amd64

VM Arguments:
jvm_args: --add-opens=java.base/java.util=ALL-UNNAMED --add-opens=java.base/java.lang=ALL-UNNAMED --add-opens=java.base/java.lang.invoke=ALL-UNNAMED --add-opens=java.prefs/java.util.prefs=ALL-UNNAMED --add-opens=java.base/java.nio.charset=ALL-UNNAMED --add-opens=java.base/java.net=ALL-UNNAMED --add-opens=java.base/java.util.concurrent.atomic=ALL-UNNAMED -Xmx2048m -Dfile.encoding=UTF-8 -Duser.country=US -Duser.language=en -Duser.variant -javaagent:C:\Users\Admin\.gradle\wrapper\dists\gradle-8.2-bin\bbg7u40eoinfdyxsxr3z4i7ta\gradle-8.2\lib\agents\gradle-instrumentation-agent-8.2.jar 
java_command: org.gradle.launcher.daemon.bootstrap.GradleDaemon 8.2
java_class_path (initial): C:\Users\Admin\.gradle\wrapper\dists\gradle-8.2-bin\bbg7u40eoinfdyxsxr3z4i7ta\gradle-8.2\lib\gradle-launcher-8.2.jar
Launcher Type: SUN_STANDARD

[Global flags]
     intx CICompilerCount                          = 4                                         {product} {ergonomic}
     uint ConcGCThreads                            = 2                                         {product} {ergonomic}
     uint G1ConcRefinementThreads                  = 8                                         {product} {ergonomic}
   size_t G1HeapRegionSize                         = 1048576                                   {product} {ergonomic}
    uintx GCDrainStackTargetSize                   = 64                                        {product} {ergonomic}
   size_t InitialHeapSize                          = 132120576                                 {product} {ergonomic}
   size_t MarkStackSize                            = 4194304                                   {product} {ergonomic}
   size_t MaxHeapSize                              = 2147483648                                {product} {command line}
   size_t MaxNewSize                               = 1287651328                                {product} {ergonomic}
   size_t MinHeapDeltaBytes                        = 1048576                                   {product} {ergonomic}
   size_t MinHeapSize                              = 8388608                                   {product} {ergonomic}
    uintx NonNMethodCodeHeapSize                   = 5839372                                {pd product} {ergonomic}
    uintx NonProfiledCodeHeapSize                  = 122909434                              {pd product} {ergonomic}
    uintx ProfiledCodeHeapSize                     = 122909434                              {pd product} {ergonomic}
    uintx ReservedCodeCacheSize                    = 251658240                              {pd product} {ergonomic}
     bool SegmentedCodeCache                       = true                                      {product} {ergonomic}
   size_t SoftMaxHeapSize                          = 2147483648                             {manageable} {ergonomic}
     bool UseCompressedClassPointers               = true                           {product lp64_product} {ergonomic}
     bool UseCompressedOops                        = true                           {product lp64_product} {ergonomic}
     bool UseG1GC                                  = true                                      {product} {ergonomic}
     bool UseLargePagesIndividualAllocation        = false                                  {pd product} {ergonomic}

Logging:
Log output configuration:
 #0: stdout all=warning uptime,level,tags
 #1: stderr all=off uptime,level,tags

Environment Variables:
PATH=C:\Program Files\Microsoft\jdk-11.0.16.101-hotspot\bin;C:\Program Files (x86)\Common Files\Oracle\Java\javapath;C:\Program Files\Microsoft MPI\Bin\;C:\Program Files (x86)\VMWare1\bin\;C:\ProgramData\Oracle\Java\javapath;C:\WINDOWS\system32;C:\WINDOWS;C:\WINDOWS\System32\Wbem;C:\WINDOWS\System32\WindowsPowerShell\v1.0\;C:\WINDOWS\System32\OpenSSH\;C:\Program Files\Cloudflare\Cloudflare WARP;C:\Program Files (x86)\Microsoft SQL Server\150\Tools\Binn\;C:\Program Files\Microsoft SQL Server\150\Tools\Binn\;C:\Program Files (x86)\Microsoft SQL Server\150\DTS\Binn\;C:\Program Files\Microsoft SQL Server\150\DTS\Binn\;C:\Program Files\Microsoft SQL Server\Client SDK\ODBC\170\Tools\Binn\;C:\Program Files\Azure Data Studio\bin;C:\Program Files\dotnet\;C:\Program Files\Git\cmd;C:\Program Files\MySQL\MySQL Shell 8.0\bin\;C:\Users\Admin\AppData\Local\Microsoft\WindowsApps;C:\Program Files\Azure Data Studio\bin;C:\Users\Admin\AppData\Local\Programs\Microsoft VS Code\bin;C:\Users\Admin\.dotnet\tools;C:\Users\Admin\AppData\Local\JetBrains\Toolbox\scripts;;%USERPROFILE%\AppData\Local\Microsoft\WindowsApps
USERNAME=Admin
OS=Windows_NT
PROCESSOR_IDENTIFIER=Intel64 Family 6 Model 142 Stepping 11, GenuineIntel
TMP=C:\Users\Admin\AppData\Local\Temp
TEMP=C:\Users\Admin\AppData\Local\Temp


JNI global refs:
JNI global refs: 25, weak refs: 2

JNI global refs memory usage: 843, weak refs: 841

OOME stack traces (most recent first):
Classloader memory used:
