#
# There is insufficient memory for the Java Runtime Environment to continue.
# Native memory allocation (mmap) failed to map 2097152 bytes for G1 virtual space
# Possible reasons:
#   The system is out of physical RAM or swap space
#   The process is running with CompressedOops enabled, and the Java Heap may be blocking the growth of the native heap
# Possible solutions:
#   Reduce memory load on the system
#   Increase physical memory or swap space
#   Check if swap backing store is full
#   Decrease Java heap size (-Xmx/-Xms)
#   Decrease number of Java threads
#   Decrease Java thread stack sizes (-Xss)
#   Set larger code cache with -XX:ReservedCodeCacheSize=
#   JVM is running with Unscaled Compressed Oops mode in which the Java heap is
#     placed in the first 4GB address space. The Java Heap base address is the
#     maximum limit for the native heap growth. Please use -XX:HeapBaseMinAddress
#     to set the Java Heap base and to place the Java Heap above 4GB virtual address.
# This output file may be truncated or incomplete.
#
#  Out of Memory Error (os_windows.cpp:3771), pid=6668, tid=18492
#
# JRE version: OpenJDK Runtime Environment (17.0.7) (build 17.0.7+0-b2043.56-10550314)
# Java VM: OpenJDK 64-Bit Server VM (17.0.7+0-b2043.56-10550314, mixed mode, tiered, compressed oops, compressed class ptrs, g1 gc, windows-amd64)
# No core dump will be written. Minidumps are not enabled by default on client versions of Windows
#

---------------  S U M M A R Y ------------

Command Line: --add-opens=java.base/java.util=ALL-UNNAMED --add-opens=java.base/java.lang=ALL-UNNAMED --add-opens=java.base/java.lang.invoke=ALL-UNNAMED --add-opens=java.prefs/java.util.prefs=ALL-UNNAMED --add-opens=java.base/java.nio.charset=ALL-UNNAMED --add-opens=java.base/java.net=ALL-UNNAMED --add-opens=java.base/java.util.concurrent.atomic=ALL-UNNAMED -Xmx2048m -Dfile.encoding=UTF-8 -Duser.country=US -Duser.language=en -Duser.variant -javaagent:C:\Users\Admin\.gradle\wrapper\dists\gradle-8.2-bin\bbg7u40eoinfdyxsxr3z4i7ta\gradle-8.2\lib\agents\gradle-instrumentation-agent-8.2.jar org.gradle.launcher.daemon.bootstrap.GradleDaemon 8.2

Host: Intel(R) Core(TM) i5-8265U CPU @ 1.60GHz, 8 cores, 7G,  Windows 10 , 64 bit Build 19041 (10.0.19041.3636)
Time: Sun Mar 10 17:24:34 2024 SE Asia Standard Time elapsed time: 12.227077 seconds (0d 0h 0m 12s)

---------------  T H R E A D  ---------------

Current thread (0x000002287b296a20):  VMThread "VM Thread" [stack: 0x0000005265700000,0x0000005265800000] [id=18492]

Stack: [0x0000005265700000,0x0000005265800000]
Native frames: (J=compiled Java code, j=interpreted, Vv=VM code, C=native code)
V  [jvm.dll+0x683bfa]
V  [jvm.dll+0x8430a4]
V  [jvm.dll+0x8449be]
V  [jvm.dll+0x845023]
V  [jvm.dll+0x24ad2f]
V  [jvm.dll+0x680ac9]
V  [jvm.dll+0x67519a]
V  [jvm.dll+0x30b3cb]
V  [jvm.dll+0x312876]
V  [jvm.dll+0x36221e]
V  [jvm.dll+0x36244f]
V  [jvm.dll+0x2e14a8]
V  [jvm.dll+0x2e4596]
V  [jvm.dll+0x2eed58]
V  [jvm.dll+0x323a40]
V  [jvm.dll+0x8496eb]
V  [jvm.dll+0x84a424]
V  [jvm.dll+0x84a93d]
V  [jvm.dll+0x84ad14]
V  [jvm.dll+0x84ade0]
V  [jvm.dll+0x7f2aea]
V  [jvm.dll+0x682a35]
C  [ucrtbase.dll+0x21bb2]
C  [KERNEL32.DLL+0x17344]
C  [ntdll.dll+0x526b1]

VM_Operation (0x00000052653ff7b0): G1Concurrent, mode: safepoint, requested by thread 0x0000022861490c40


---------------  P R O C E S S  ---------------

Threads class SMR info:
_java_thread_list=0x00000228047f4800, length=52, elements={
0x0000022861426070, 0x000002287b2b9260, 0x000002287b2ba4c0, 0x000002287b2a6080,
0x0000022804023260, 0x0000022804024130, 0x0000022804026a00, 0x00000228040276a0,
0x0000022804028e00, 0x0000022804029ea0, 0x000002287b2228b0, 0x0000022804282680,
0x000002280469b270, 0x000002280469bc10, 0x000002280469b740, 0x000002280469c0e0,
0x000002280469a8d0, 0x000002280469ada0, 0x0000022806b27090, 0x0000022806b27f00,
0x0000022806b2b8c0, 0x0000022806b283d0, 0x0000022806b2d5a0, 0x0000022806b2bd90,
0x0000022806b2b3f0, 0x0000022806b2aa50, 0x0000022806b2e410, 0x0000022806b29710,
0x0000022806b2cc00, 0x0000022806b2a0b0, 0x0000022806b2c260, 0x0000022806b288a0,
0x0000022806b2af20, 0x0000022806b2c730, 0x0000022806b2d0d0, 0x0000022806b2da70,
0x0000022806b28d70, 0x0000022806b2df40, 0x0000022806b29240, 0x0000022806b29be0,
0x0000022806b27a30, 0x0000022806b2a580, 0x00000228087060a0, 0x00000228087013a0,
0x0000022808700ed0, 0x00000228087078b0, 0x0000022808701870, 0x0000022808703080,
0x0000022808703a20, 0x0000022808703550, 0x0000022808703ef0, 0x0000022804bf28c0
}

Java Threads: ( => current thread )
  0x0000022861426070 JavaThread "main" [_thread_blocked, id=15612, stack(0x0000005265100000,0x0000005265200000)]
  0x000002287b2b9260 JavaThread "Reference Handler" daemon [_thread_blocked, id=13728, stack(0x0000005265800000,0x0000005265900000)]
  0x000002287b2ba4c0 JavaThread "Finalizer" daemon [_thread_blocked, id=19776, stack(0x0000005265900000,0x0000005265a00000)]
  0x000002287b2a6080 JavaThread "Signal Dispatcher" daemon [_thread_blocked, id=19656, stack(0x0000005265a00000,0x0000005265b00000)]
  0x0000022804023260 JavaThread "Attach Listener" daemon [_thread_blocked, id=15184, stack(0x0000005265b00000,0x0000005265c00000)]
  0x0000022804024130 JavaThread "Service Thread" daemon [_thread_blocked, id=3792, stack(0x0000005265c00000,0x0000005265d00000)]
  0x0000022804026a00 JavaThread "Monitor Deflation Thread" daemon [_thread_blocked, id=15808, stack(0x0000005265d00000,0x0000005265e00000)]
  0x00000228040276a0 JavaThread "C2 CompilerThread0" daemon [_thread_blocked, id=4488, stack(0x0000005265e00000,0x0000005265f00000)]
  0x0000022804028e00 JavaThread "C1 CompilerThread0" daemon [_thread_blocked, id=18452, stack(0x0000005265f00000,0x0000005266000000)]
  0x0000022804029ea0 JavaThread "Sweeper thread" daemon [_thread_blocked, id=15148, stack(0x0000005266000000,0x0000005266100000)]
  0x000002287b2228b0 JavaThread "Common-Cleaner" daemon [_thread_blocked, id=18172, stack(0x0000005266100000,0x0000005266200000)]
  0x0000022804282680 JavaThread "Notification Thread" daemon [_thread_blocked, id=18408, stack(0x0000005266200000,0x0000005266300000)]
  0x000002280469b270 JavaThread "Daemon health stats" [_thread_blocked, id=18532, stack(0x0000005266900000,0x0000005266a00000)]
  0x000002280469bc10 JavaThread "Incoming local TCP Connector on port 58735" [_thread_in_native, id=7292, stack(0x0000005266a00000,0x0000005266b00000)]
  0x000002280469b740 JavaThread "Daemon periodic checks" [_thread_blocked, id=14708, stack(0x0000005266b00000,0x0000005266c00000)]
  0x000002280469c0e0 JavaThread "Daemon" [_thread_blocked, id=5060, stack(0x0000005266c00000,0x0000005266d00000)]
  0x000002280469a8d0 JavaThread "Handler for socket connection from /127.0.0.1:58735 to /127.0.0.1:58736" [_thread_in_native, id=8124, stack(0x0000005266d00000,0x0000005266e00000)]
  0x000002280469ada0 JavaThread "Cancel handler" [_thread_blocked, id=15328, stack(0x0000005266e00000,0x0000005266f00000)]
  0x0000022806b27090 JavaThread "Daemon worker" [_thread_blocked, id=16804, stack(0x0000005266f00000,0x0000005267000000)]
  0x0000022806b27f00 JavaThread "Asynchronous log dispatcher for DefaultDaemonConnection: socket connection from /127.0.0.1:58735 to /127.0.0.1:58736" [_thread_blocked, id=2912, stack(0x0000005267000000,0x0000005267100000)]
  0x0000022806b2b8c0 JavaThread "Stdin handler" [_thread_blocked, id=19632, stack(0x0000005267100000,0x0000005267200000)]
  0x0000022806b283d0 JavaThread "Daemon client event forwarder" [_thread_blocked, id=10660, stack(0x0000005267200000,0x0000005267300000)]
  0x0000022806b2d5a0 JavaThread "Cache worker for journal cache (C:\Users\Admin\.gradle\caches\journal-1)" [_thread_blocked, id=7160, stack(0x0000005267700000,0x0000005267800000)]
  0x0000022806b2bd90 JavaThread "File lock request listener" [_thread_in_native, id=7832, stack(0x0000005267800000,0x0000005267900000)]
  0x0000022806b2b3f0 JavaThread "Cache worker for file hash cache (C:\Users\Admin\.gradle\caches\8.2\fileHashes)" [_thread_blocked, id=13352, stack(0x0000005267900000,0x0000005267a00000)]
  0x0000022806b2aa50 JavaThread "File watcher server" daemon [_thread_in_native, id=10684, stack(0x0000005267a00000,0x0000005267b00000)]
  0x0000022806b2e410 JavaThread "File watcher consumer" daemon [_thread_blocked, id=2824, stack(0x0000005267b00000,0x0000005267c00000)]
  0x0000022806b29710 JavaThread "jar transforms" [_thread_blocked, id=19036, stack(0x0000005267c00000,0x0000005267d00000)]
  0x0000022806b2cc00 JavaThread "jar transforms Thread 2" [_thread_blocked, id=18428, stack(0x0000005267d00000,0x0000005267e00000)]
  0x0000022806b2a0b0 JavaThread "jar transforms Thread 3" [_thread_blocked, id=1428, stack(0x0000005267e00000,0x0000005267f00000)]
  0x0000022806b2c260 JavaThread "jar transforms Thread 4" [_thread_blocked, id=9092, stack(0x0000005267f00000,0x0000005268000000)]
  0x0000022806b288a0 JavaThread "jar transforms Thread 5" [_thread_blocked, id=7592, stack(0x0000005268000000,0x0000005268100000)]
  0x0000022806b2af20 JavaThread "jar transforms Thread 6" [_thread_blocked, id=1580, stack(0x0000005268100000,0x0000005268200000)]
  0x0000022806b2c730 JavaThread "Cache worker for checksums cache (D:\Ki_7\PRM392\EasyLicence\.gradle\8.2\checksums)" [_thread_blocked, id=6704, stack(0x0000005268200000,0x0000005268300000)]
  0x0000022806b2d0d0 JavaThread "Cache worker for cache directory md-rule (C:\Users\Admin\.gradle\caches\8.2\md-rule)" [_thread_blocked, id=16288, stack(0x0000005268300000,0x0000005268400000)]
  0x0000022806b2da70 JavaThread "Cache worker for file content cache (C:\Users\Admin\.gradle\caches\8.2\fileContent)" [_thread_blocked, id=5924, stack(0x0000005268400000,0x0000005268500000)]
  0x0000022806b28d70 JavaThread "Cache worker for file hash cache (D:\Ki_7\PRM392\EasyLicence\.gradle\8.2\fileHashes)" [_thread_blocked, id=1020, stack(0x0000005268500000,0x0000005268600000)]
  0x0000022806b2df40 JavaThread "Cache worker for cache directory md-supplier (C:\Users\Admin\.gradle\caches\8.2\md-supplier)" [_thread_blocked, id=14552, stack(0x0000005268600000,0x0000005268700000)]
  0x0000022806b29240 JavaThread "Cache worker for execution history cache (C:\Users\Admin\.gradle\caches\8.2\executionHistory)" [_thread_blocked, id=10868, stack(0x0000005268700000,0x0000005268800000)]
  0x0000022806b29be0 JavaThread "Cache worker for kotlin-dsl (C:\Users\Admin\.gradle\caches\8.2\kotlin-dsl)" [_thread_blocked, id=4564, stack(0x0000005268800000,0x0000005268900000)]
  0x0000022806b27a30 JavaThread "jar transforms Thread 7" [_thread_blocked, id=832, stack(0x0000005268900000,0x0000005268a00000)]
  0x0000022806b2a580 JavaThread "jar transforms Thread 8" [_thread_blocked, id=17820, stack(0x0000005268a00000,0x0000005268b00000)]
  0x00000228087060a0 JavaThread "Cache worker for dependencies-accessors (D:\Ki_7\PRM392\EasyLicence\.gradle\8.2\dependencies-accessors)" [_thread_blocked, id=3236, stack(0x0000005268b00000,0x0000005268c00000)]
  0x00000228087013a0 JavaThread "Cache worker for Build Output Cleanup Cache (D:\Ki_7\PRM392\EasyLicence\.gradle\buildOutputCleanup)" [_thread_blocked, id=17140, stack(0x0000005268c00000,0x0000005268d00000)]
  0x0000022808700ed0 JavaThread "Unconstrained build operations" [_thread_blocked, id=18816, stack(0x0000005268e00000,0x0000005268f00000)]
  0x00000228087078b0 JavaThread "Unconstrained build operations Thread 2" [_thread_blocked, id=10712, stack(0x0000005268f00000,0x0000005269000000)]
  0x0000022808701870 JavaThread "Unconstrained build operations Thread 3" [_thread_blocked, id=13568, stack(0x0000005269000000,0x0000005269100000)]
  0x0000022808703080 JavaThread "Unconstrained build operations Thread 4" [_thread_blocked, id=1484, stack(0x0000005269100000,0x0000005269200000)]
  0x0000022808703a20 JavaThread "Unconstrained build operations Thread 5" [_thread_blocked, id=19460, stack(0x0000005269200000,0x0000005269300000)]
  0x0000022808703550 JavaThread "Unconstrained build operations Thread 6" [_thread_blocked, id=9524, stack(0x0000005269300000,0x0000005269400000)]
  0x0000022808703ef0 JavaThread "Unconstrained build operations Thread 7" [_thread_blocked, id=13836, stack(0x0000005269400000,0x0000005269500000)]
  0x0000022804bf28c0 JavaThread "C2 CompilerThread1" daemon [_thread_blocked, id=14868, stack(0x0000005266400000,0x0000005266500000)]

Other Threads:
=>0x000002287b296a20 VMThread "VM Thread" [stack: 0x0000005265700000,0x0000005265800000] [id=18492]
  0x0000022861499f90 WatcherThread [stack: 0x0000005266300000,0x0000005266400000] [id=7636]
  0x000002286147fdf0 GCTaskThread "GC Thread#0" [stack: 0x0000005265200000,0x0000005265300000] [id=13460]
  0x0000022804affe10 GCTaskThread "GC Thread#1" [stack: 0x0000005266500000,0x0000005266600000] [id=8436]
  0x0000022804b004d0 GCTaskThread "GC Thread#2" [stack: 0x0000005266600000,0x0000005266700000] [id=15268]
  0x00000228049c8620 GCTaskThread "GC Thread#3" [stack: 0x0000005266700000,0x0000005266800000] [id=9684]
  0x0000022804ff30b0 GCTaskThread "GC Thread#4" [stack: 0x0000005266800000,0x0000005266900000] [id=16004]
  0x0000022805c04430 GCTaskThread "GC Thread#5" [stack: 0x0000005267300000,0x0000005267400000] [id=18412]
  0x00000228061bad40 GCTaskThread "GC Thread#6" [stack: 0x0000005267400000,0x0000005267500000] [id=15416]
  0x00000228055d9180 GCTaskThread "GC Thread#7" [stack: 0x0000005267500000,0x0000005267600000] [id=19452]
  0x0000022861490c40 ConcurrentGCThread "G1 Main Marker" [stack: 0x0000005265300000,0x0000005265400000] [id=11296]
  0x0000022861491560 ConcurrentGCThread "G1 Conc#0" [stack: 0x0000005265400000,0x0000005265500000] [id=20180]
  0x00000228059a8330 ConcurrentGCThread "G1 Conc#1" [stack: 0x0000005267600000,0x0000005267700000] [id=12920]
  0x000002287b0f30d0 ConcurrentGCThread "G1 Refine#0" [stack: 0x0000005265500000,0x0000005265600000] [id=8144]
  0x000002287b0f38a0 ConcurrentGCThread "G1 Service" [stack: 0x0000005265600000,0x0000005265700000] [id=3376]

Threads with active compile tasks:

VM state: at safepoint (normal execution)

VM Mutex/Monitor currently owned by a thread:  ([mutex/lock_event])
[0x000002286141fc40] Threads_lock - owner thread: 0x000002287b296a20
[0x0000022861421500] Heap_lock - owner thread: 0x0000022861490c40

Heap address: 0x0000000080000000, size: 2048 MB, Compressed Oops mode: 32-bit

CDS archive(s) not mapped
Compressed class space mapped at: 0x0000000100000000-0x0000000140000000, reserved size: 1073741824
Narrow klass base: 0x0000000000000000, Narrow klass shift: 3, Narrow klass range: 0x140000000

GC Precious Log:
 CPUs: 8 total, 8 available
 Memory: 7967M
 Large Page Support: Disabled
 NUMA Support: Disabled
 Compressed Oops: Enabled (32-bit)
 Heap Region Size: 1M
 Heap Min Capacity: 8M
 Heap Initial Capacity: 126M
 Heap Max Capacity: 2G
 Pre-touch: Disabled
 Parallel Workers: 8
 Concurrent Workers: 2
 Concurrent Refinement Workers: 8
 Periodic GC: Disabled

Heap:
 garbage-first heap   total 99328K, used 57827K [0x0000000080000000, 0x0000000100000000)
  region size 1024K, 4 young (4096K), 2 survivors (2048K)
 Metaspace       used 59803K, committed 60288K, reserved 1114112K
  class space    used 8053K, committed 8256K, reserved 1048576K

Heap Regions: E=young(eden), S=young(survivor), O=old, HS=humongous(starts), HC=humongous(continues), CS=collection set, F=free, OA=open archive, CA=closed archive, TAMS=top-at-mark-start (previous, next)
|   0|0x0000000080000000, 0x0000000080100000, 0x0000000080100000|100%|HS|  |TAMS 0x0000000080100000, 0x0000000080000000| Complete 
|   1|0x0000000080100000, 0x0000000080200000, 0x0000000080200000|100%|HC|  |TAMS 0x0000000080200000, 0x0000000080100000| Complete 
|   2|0x0000000080200000, 0x0000000080300000, 0x0000000080300000|100%|HC|  |TAMS 0x0000000080300000, 0x0000000080200000| Complete 
|   3|0x0000000080300000, 0x0000000080400000, 0x0000000080400000|100%|HC|  |TAMS 0x0000000080400000, 0x0000000080300000| Complete 
|   4|0x0000000080400000, 0x0000000080500000, 0x0000000080500000|100%| O|  |TAMS 0x0000000080500000, 0x0000000080400000| Untracked 
|   5|0x0000000080500000, 0x0000000080600000, 0x0000000080600000|100%| O|  |TAMS 0x0000000080600000, 0x0000000080500000| Untracked 
|   6|0x0000000080600000, 0x0000000080700000, 0x0000000080700000|100%| O|  |TAMS 0x0000000080700000, 0x0000000080600000| Untracked 
|   7|0x0000000080700000, 0x0000000080800000, 0x0000000080800000|100%| O|  |TAMS 0x0000000080800000, 0x0000000080700000| Untracked 
|   8|0x0000000080800000, 0x0000000080900000, 0x0000000080900000|100%| O|  |TAMS 0x0000000080900000, 0x0000000080800000| Untracked 
|   9|0x0000000080900000, 0x0000000080a00000, 0x0000000080a00000|100%| O|  |TAMS 0x0000000080a00000, 0x0000000080900000| Updating 
|  10|0x0000000080a00000, 0x0000000080b00000, 0x0000000080b00000|100%| O|  |TAMS 0x0000000080b00000, 0x0000000080a00000| Untracked 
|  11|0x0000000080b00000, 0x0000000080b52800, 0x0000000080c00000| 32%| O|  |TAMS 0x0000000080b52800, 0x0000000080b00000| Updating 
|  12|0x0000000080c00000, 0x0000000080d00000, 0x0000000080d00000|100%| O|  |TAMS 0x0000000080d00000, 0x0000000080c00000| Untracked 
|  13|0x0000000080d00000, 0x0000000080e00000, 0x0000000080e00000|100%| O|  |TAMS 0x0000000080e00000, 0x0000000080d00000| Untracked 
|  14|0x0000000080e00000, 0x0000000080f00000, 0x0000000080f00000|100%| O|  |TAMS 0x0000000080f00000, 0x0000000080e00000| Untracked 
|  15|0x0000000080f00000, 0x0000000081000000, 0x0000000081000000|100%| O|  |TAMS 0x0000000081000000, 0x0000000080f00000| Untracked 
|  16|0x0000000081000000, 0x0000000081100000, 0x0000000081100000|100%| O|  |TAMS 0x0000000081100000, 0x0000000081000000| Untracked 
|  17|0x0000000081100000, 0x0000000081200000, 0x0000000081200000|100%| O|  |TAMS 0x0000000081200000, 0x0000000081100000| Untracked 
|  18|0x0000000081200000, 0x0000000081300000, 0x0000000081300000|100%| O|  |TAMS 0x0000000081300000, 0x0000000081200000| Updating 
|  19|0x0000000081300000, 0x0000000081400000, 0x0000000081400000|100%|HS|  |TAMS 0x0000000081400000, 0x0000000081300000| Complete 
|  20|0x0000000081400000, 0x0000000081500000, 0x0000000081500000|100%|HC|  |TAMS 0x0000000081500000, 0x0000000081400000| Complete 
|  21|0x0000000081500000, 0x0000000081600000, 0x0000000081600000|100%|HS|  |TAMS 0x0000000081600000, 0x0000000081500000| Complete 
|  22|0x0000000081600000, 0x0000000081700000, 0x0000000081700000|100%|HC|  |TAMS 0x0000000081700000, 0x0000000081600000| Complete 
|  23|0x0000000081700000, 0x0000000081800000, 0x0000000081800000|100%|HC|  |TAMS 0x0000000081800000, 0x0000000081700000| Complete 
|  24|0x0000000081800000, 0x0000000081900000, 0x0000000081900000|100%| O|  |TAMS 0x0000000081900000, 0x0000000081800000| Untracked 
|  25|0x0000000081900000, 0x0000000081a00000, 0x0000000081a00000|100%| O|  |TAMS 0x0000000081a00000, 0x0000000081900000| Untracked 
|  26|0x0000000081a00000, 0x0000000081b00000, 0x0000000081b00000|100%| O|  |TAMS 0x0000000081b00000, 0x0000000081a00000| Untracked 
|  27|0x0000000081b00000, 0x0000000081c00000, 0x0000000081c00000|100%|HS|  |TAMS 0x0000000081c00000, 0x0000000081b00000| Complete 
|  28|0x0000000081c00000, 0x0000000081d00000, 0x0000000081d00000|100%|HC|  |TAMS 0x0000000081d00000, 0x0000000081c00000| Complete 
|  29|0x0000000081d00000, 0x0000000081e00000, 0x0000000081e00000|100%| O|  |TAMS 0x0000000081e00000, 0x0000000081d00000| Updating 
|  30|0x0000000081e00000, 0x0000000081f00000, 0x0000000081f00000|100%| O|  |TAMS 0x0000000081f00000, 0x0000000081e00000| Updating 
|  31|0x0000000081f00000, 0x0000000082000000, 0x0000000082000000|100%| O|  |TAMS 0x0000000082000000, 0x0000000081f00000| Untracked 
|  32|0x0000000082000000, 0x0000000082100000, 0x0000000082100000|100%| O|  |TAMS 0x0000000082100000, 0x0000000082000000| Untracked 
|  33|0x0000000082100000, 0x0000000082200000, 0x0000000082200000|100%| O|  |TAMS 0x0000000082200000, 0x0000000082100000| Untracked 
|  34|0x0000000082200000, 0x0000000082300000, 0x0000000082300000|100%| O|  |TAMS 0x0000000082300000, 0x0000000082200000| Untracked 
|  35|0x0000000082300000, 0x0000000082400000, 0x0000000082400000|100%| O|  |TAMS 0x0000000082400000, 0x0000000082300000| Untracked 
|  36|0x0000000082400000, 0x0000000082500000, 0x0000000082500000|100%| O|  |TAMS 0x0000000082500000, 0x0000000082400000| Updating 
|  37|0x0000000082500000, 0x0000000082600000, 0x0000000082600000|100%| O|  |TAMS 0x0000000082600000, 0x0000000082500000| Untracked 
|  38|0x0000000082600000, 0x0000000082700000, 0x0000000082700000|100%| O|  |TAMS 0x0000000082700000, 0x0000000082600000| Untracked 
|  39|0x0000000082700000, 0x0000000082800000, 0x0000000082800000|100%| O|  |TAMS 0x0000000082800000, 0x0000000082700000| Untracked 
|  40|0x0000000082800000, 0x0000000082900000, 0x0000000082900000|100%| O|  |TAMS 0x0000000082900000, 0x0000000082800000| Untracked 
|  41|0x0000000082900000, 0x0000000082a00000, 0x0000000082a00000|100%| O|  |TAMS 0x0000000082a00000, 0x0000000082900000| Untracked 
|  42|0x0000000082a00000, 0x0000000082b00000, 0x0000000082b00000|100%| O|  |TAMS 0x0000000082b00000, 0x0000000082a00000| Untracked 
|  43|0x0000000082b00000, 0x0000000082c00000, 0x0000000082c00000|100%| O|  |TAMS 0x0000000082c00000, 0x0000000082b00000| Untracked 
|  44|0x0000000082c00000, 0x0000000082d00000, 0x0000000082d00000|100%| O|  |TAMS 0x0000000082d00000, 0x0000000082c00000| Untracked 
|  45|0x0000000082d00000, 0x0000000082e00000, 0x0000000082e00000|100%|HS|  |TAMS 0x0000000082e00000, 0x0000000082d00000| Complete 
|  46|0x0000000082e00000, 0x0000000082f00000, 0x0000000082f00000|100%| O|  |TAMS 0x0000000082f00000, 0x0000000082e00000| Untracked 
|  47|0x0000000082f00000, 0x0000000083000000, 0x0000000083000000|100%| O|  |TAMS 0x0000000083000000, 0x0000000082f00000| Updating 
|  48|0x0000000083000000, 0x0000000083100000, 0x0000000083100000|100%|HS|  |TAMS 0x0000000083100000, 0x0000000083000000| Complete 
|  49|0x0000000083100000, 0x0000000083200000, 0x0000000083200000|100%|HS|  |TAMS 0x0000000083200000, 0x0000000083100000| Complete 
|  50|0x0000000083200000, 0x0000000083300000, 0x0000000083300000|100%| O|  |TAMS 0x0000000083300000, 0x0000000083200000| Updating 
|  51|0x0000000083300000, 0x0000000083400000, 0x0000000083400000|100%| O|  |TAMS 0x0000000083319a00, 0x0000000083300000| Untracked 
|  52|0x0000000083400000, 0x0000000083500000, 0x0000000083500000|100%|HS|  |TAMS 0x0000000083400000, 0x0000000083400000| Complete 
|  53|0x0000000083500000, 0x0000000083600000, 0x0000000083600000|100%| O|  |TAMS 0x0000000083500000, 0x0000000083500000| Untracked 
|  54|0x0000000083600000, 0x00000000836f0600, 0x0000000083700000| 93%| O|  |TAMS 0x0000000083600000, 0x0000000083600000| Untracked 
|  55|0x0000000083700000, 0x0000000083700000, 0x0000000083800000|  0%| F|  |TAMS 0x0000000083700000, 0x0000000083700000| Untracked 
|  56|0x0000000083800000, 0x0000000083800000, 0x0000000083900000|  0%| F|  |TAMS 0x0000000083800000, 0x0000000083800000| Untracked 
|  57|0x0000000083900000, 0x0000000083900000, 0x0000000083a00000|  0%| F|  |TAMS 0x0000000083900000, 0x0000000083900000| Untracked 
|  58|0x0000000083a00000, 0x0000000083a00000, 0x0000000083b00000|  0%| F|  |TAMS 0x0000000083a00000, 0x0000000083a00000| Untracked 
|  59|0x0000000083b00000, 0x0000000083b00000, 0x0000000083c00000|  0%| F|  |TAMS 0x0000000083b00000, 0x0000000083b00000| Untracked 
|  60|0x0000000083c00000, 0x0000000083c00000, 0x0000000083d00000|  0%| F|  |TAMS 0x0000000083c00000, 0x0000000083c00000| Untracked 
|  61|0x0000000083d00000, 0x0000000083d00000, 0x0000000083e00000|  0%| F|  |TAMS 0x0000000083d00000, 0x0000000083d00000| Untracked 
|  62|0x0000000083e00000, 0x0000000083e00000, 0x0000000083f00000|  0%| F|  |TAMS 0x0000000083e00000, 0x0000000083e00000| Untracked 
|  63|0x0000000083f00000, 0x0000000083f00000, 0x0000000084000000|  0%| F|  |TAMS 0x0000000083f00000, 0x0000000083f00000| Untracked 
|  64|0x0000000084000000, 0x0000000084000000, 0x0000000084100000|  0%| F|  |TAMS 0x0000000084000000, 0x0000000084000000| Untracked 
|  65|0x0000000084100000, 0x0000000084100000, 0x0000000084200000|  0%| F|  |TAMS 0x0000000084100000, 0x0000000084100000| Untracked 
|  66|0x0000000084200000, 0x0000000084200000, 0x0000000084300000|  0%| F|  |TAMS 0x0000000084200000, 0x0000000084200000| Untracked 
|  67|0x0000000084300000, 0x0000000084300000, 0x0000000084400000|  0%| F|  |TAMS 0x0000000084300000, 0x0000000084300000| Untracked 
|  68|0x0000000084400000, 0x0000000084400000, 0x0000000084500000|  0%| F|  |TAMS 0x0000000084400000, 0x0000000084400000| Untracked 
|  69|0x0000000084500000, 0x0000000084500000, 0x0000000084600000|  0%| F|  |TAMS 0x0000000084500000, 0x0000000084500000| Untracked 
|  70|0x0000000084600000, 0x0000000084600000, 0x0000000084700000|  0%| F|  |TAMS 0x0000000084600000, 0x0000000084600000| Untracked 
|  71|0x0000000084700000, 0x0000000084700000, 0x0000000084800000|  0%| F|  |TAMS 0x0000000084700000, 0x0000000084700000| Untracked 
|  72|0x0000000084800000, 0x0000000084800000, 0x0000000084900000|  0%| F|  |TAMS 0x0000000084800000, 0x0000000084800000| Untracked 
|  73|0x0000000084900000, 0x0000000084900000, 0x0000000084a00000|  0%| F|  |TAMS 0x0000000084900000, 0x0000000084900000| Untracked 
|  74|0x0000000084a00000, 0x0000000084a00000, 0x0000000084b00000|  0%| F|  |TAMS 0x0000000084a00000, 0x0000000084a00000| Untracked 
|  75|0x0000000084b00000, 0x0000000084b00000, 0x0000000084c00000|  0%| F|  |TAMS 0x0000000084b00000, 0x0000000084b00000| Untracked 
|  76|0x0000000084c00000, 0x0000000084c00000, 0x0000000084d00000|  0%| F|  |TAMS 0x0000000084c00000, 0x0000000084c00000| Untracked 
|  77|0x0000000084d00000, 0x0000000084d00000, 0x0000000084e00000|  0%| F|  |TAMS 0x0000000084d00000, 0x0000000084d00000| Untracked 
|  78|0x0000000084e00000, 0x0000000084e00000, 0x0000000084f00000|  0%| F|  |TAMS 0x0000000084e00000, 0x0000000084e00000| Untracked 
|  79|0x0000000084f00000, 0x0000000084f00000, 0x0000000085000000|  0%| F|  |TAMS 0x0000000084f00000, 0x0000000084f00000| Untracked 
|  80|0x0000000085000000, 0x0000000085000000, 0x0000000085100000|  0%| F|  |TAMS 0x0000000085000000, 0x0000000085000000| Untracked 
|  81|0x0000000085100000, 0x0000000085100000, 0x0000000085200000|  0%| F|  |TAMS 0x0000000085100000, 0x0000000085100000| Untracked 
|  82|0x0000000085200000, 0x0000000085200000, 0x0000000085300000|  0%| F|  |TAMS 0x0000000085200000, 0x0000000085200000| Untracked 
|  83|0x0000000085300000, 0x0000000085300000, 0x0000000085400000|  0%| F|  |TAMS 0x0000000085300000, 0x0000000085300000| Untracked 
|  84|0x0000000085400000, 0x0000000085400000, 0x0000000085500000|  0%| F|  |TAMS 0x0000000085400000, 0x0000000085400000| Untracked 
|  85|0x0000000085500000, 0x0000000085500000, 0x0000000085600000|  0%| F|  |TAMS 0x0000000085500000, 0x0000000085500000| Untracked 
|  86|0x0000000085600000, 0x0000000085600000, 0x0000000085700000|  0%| F|  |TAMS 0x0000000085600000, 0x0000000085600000| Untracked 
|  87|0x0000000085700000, 0x0000000085700000, 0x0000000085800000|  0%| F|  |TAMS 0x0000000085700000, 0x0000000085700000| Untracked 
|  88|0x0000000085800000, 0x0000000085800000, 0x0000000085900000|  0%| F|  |TAMS 0x0000000085800000, 0x0000000085800000| Untracked 
|  89|0x0000000085900000, 0x0000000085900000, 0x0000000085a00000|  0%| F|  |TAMS 0x0000000085900000, 0x0000000085900000| Untracked 
|  90|0x0000000085a00000, 0x0000000085a00000, 0x0000000085b00000|  0%| F|  |TAMS 0x0000000085a00000, 0x0000000085a00000| Untracked 
|  91|0x0000000085b00000, 0x0000000085b00000, 0x0000000085c00000|  0%| F|  |TAMS 0x0000000085b00000, 0x0000000085b00000| Untracked 
|  92|0x0000000085c00000, 0x0000000085c00000, 0x0000000085d00000|  0%| F|  |TAMS 0x0000000085c00000, 0x0000000085c00000| Untracked 
|  93|0x0000000085d00000, 0x0000000085d361c8, 0x0000000085e00000| 21%| S|CS|TAMS 0x0000000085d00000, 0x0000000085d00000| Complete 
|  94|0x0000000085e00000, 0x0000000085f00000, 0x0000000085f00000|100%| S|CS|TAMS 0x0000000085e00000, 0x0000000085e00000| Complete 
|  95|0x0000000085f00000, 0x0000000085f3b6b0, 0x0000000086000000| 23%| E|  |TAMS 0x0000000085f00000, 0x0000000085f00000| Complete 
| 125|0x0000000087d00000, 0x0000000087e00000, 0x0000000087e00000|100%| E|CS|TAMS 0x0000000087d00000, 0x0000000087d00000| Complete 

Card table byte_map: [0x0000022874030000,0x0000022874430000] _byte_map_base: 0x0000022873c30000

Marking Bits (Prev, Next): (CMBitMap*) 0x0000022861480350, (CMBitMap*) 0x0000022861480310
 Prev Bits: [0x0000022876830000, 0x0000022878830000)
 Next Bits: [0x0000022874830000, 0x0000022876830000)

Polling page: 0x0000022860bf0000

Metaspace:

Usage:
  Non-class:     50.54 MB used.
      Class:      7.87 MB used.
       Both:     58.40 MB used.

Virtual space:
  Non-class space:       64.00 MB reserved,      50.81 MB ( 79%) committed,  1 nodes.
      Class space:        1.00 GB reserved,       8.06 MB ( <1%) committed,  1 nodes.
             Both:        1.06 GB reserved,      58.88 MB (  5%) committed. 

Chunk freelists:
   Non-Class:  12.36 MB
       Class:  7.94 MB
        Both:  20.30 MB

MaxMetaspaceSize: unlimited
CompressedClassSpaceSize: 1.00 GB
Initial GC threshold: 21.00 MB
Current GC threshold: 97.75 MB
CDS: off
MetaspaceReclaimPolicy: balanced
 - commit_granule_bytes: 65536.
 - commit_granule_words: 8192.
 - virtual_space_node_default_size: 8388608.
 - enlarge_chunks_in_place: 1.
 - new_chunks_are_fully_committed: 0.
 - uncommit_free_chunks: 1.
 - use_allocation_guard: 0.
 - handle_deallocations: 1.


Internal statistics:

num_allocs_failed_limit: 3.
num_arena_births: 620.
num_arena_deaths: 0.
num_vsnodes_births: 2.
num_vsnodes_deaths: 0.
num_space_committed: 942.
num_space_uncommitted: 0.
num_chunks_returned_to_freelist: 3.
num_chunks_taken_from_freelist: 2437.
num_chunk_merges: 3.
num_chunk_splits: 1606.
num_chunks_enlarged: 1092.
num_inconsistent_stats: 0.

CodeHeap 'non-profiled nmethods': size=120000Kb used=2596Kb max_used=3123Kb free=117403Kb
 bounds [0x000002286c3d0000, 0x000002286c6e0000, 0x0000022873900000]
CodeHeap 'profiled nmethods': size=120000Kb used=9618Kb max_used=9772Kb free=110381Kb
 bounds [0x0000022864900000, 0x0000022865290000, 0x000002286be30000]
CodeHeap 'non-nmethods': size=5760Kb used=1660Kb max_used=1725Kb free=4099Kb
 bounds [0x000002286be30000, 0x000002286c0a0000, 0x000002286c3d0000]
 total_blobs=5918 nmethods=5182 adapters=648
 compilation: enabled
              stopped_count=0, restarted_count=0
 full_count=0

Compilation events (20 events):
Event: 12.129 Thread 0x0000022804bf28c0 5921       4       jdk.internal.loader.URLClassPath$JarLoader::findResource (18 bytes)
Event: 12.129 Thread 0x0000022804028e00 5922       3       java.io.FilterInputStream::read (11 bytes)
Event: 12.130 Thread 0x0000022804028e00 nmethod 5922 0x00000228649d1b10 code [0x00000228649d1cc0, 0x00000228649d1e88]
Event: 12.149 Thread 0x0000022804028e00 5923       3       java.util.Arrays::sort (37 bytes)
Event: 12.150 Thread 0x0000022804028e00 nmethod 5923 0x00000228649d1690 code [0x00000228649d1840, 0x00000228649d1a38]
Event: 12.150 Thread 0x0000022804028e00 5924       3       java.util.concurrent.atomic.AtomicLong::incrementAndGet (14 bytes)
Event: 12.150 Thread 0x0000022804028e00 nmethod 5924 0x00000228649d1310 code [0x00000228649d14a0, 0x00000228649d15b8]
Event: 12.150 Thread 0x0000022804028e00 5925       1       com.google.common.collect.MapMakerInternalMap$AbstractStrongKeyEntry::getHash (5 bytes)
Event: 12.150 Thread 0x0000022804028e00 nmethod 5925 0x000002286c461b90 code [0x000002286c461d20, 0x000002286c461df8]
Event: 12.164 Thread 0x0000022804028e00 5926       3       org.gradle.internal.instantiation.generator.AbstractClassGenerator$ClassGenerationHandler::startType (1 bytes)
Event: 12.165 Thread 0x0000022804028e00 nmethod 5926 0x00000228649d0d10 code [0x00000228649d0ea0, 0x00000228649d0fb8]
Event: 12.165 Thread 0x0000022804028e00 5927   !   3       org.gradle.internal.classloader.FilteringClassLoader::loadClass (62 bytes)
Event: 12.166 Thread 0x0000022804028e00 nmethod 5927 0x0000022864934690 code [0x0000022864934940, 0x0000022864935568]
Event: 12.166 Thread 0x0000022804028e00 5928       1       com.google.common.collect.MapMakerInternalMap$AbstractStrongKeyEntry::getNext (5 bytes)
Event: 12.166 Thread 0x0000022804028e00 nmethod 5928 0x000002286c420810 code [0x000002286c4209a0, 0x000002286c420a78]
Event: 12.181 Thread 0x0000022804bf28c0 nmethod 5921 0x000002286c589c10 code [0x000002286c589fa0, 0x000002286c58be18]
Event: 12.182 Thread 0x0000022804028e00 5929       3       com.google.common.collect.MapMakerInternalMap$Segment::getEntry (80 bytes)
Event: 12.183 Thread 0x0000022804028e00 nmethod 5929 0x0000022864932f10 code [0x00000228649331c0, 0x0000022864934208]
Event: 12.183 Thread 0x0000022804028e00 5930       3       com.google.common.collect.MapMakerInternalMap::segmentFor (17 bytes)
Event: 12.183 Thread 0x0000022804028e00 nmethod 5930 0x0000022864932b90 code [0x0000022864932d20, 0x0000022864932e58]

GC Heap History (20 events):
Event: 6.808 GC heap before
{Heap before GC invocations=10 (full 0):
 garbage-first heap   total 68608K, used 51966K [0x0000000080000000, 0x0000000100000000)
  region size 1024K, 21 young (21504K), 3 survivors (3072K)
 Metaspace       used 41331K, committed 41792K, reserved 1114112K
  class space    used 5484K, committed 5696K, reserved 1048576K
}
Event: 6.814 GC heap after
{Heap after GC invocations=11 (full 0):
 garbage-first heap   total 82944K, used 37201K [0x0000000080000000, 0x0000000100000000)
  region size 1024K, 3 young (3072K), 3 survivors (3072K)
 Metaspace       used 41331K, committed 41792K, reserved 1114112K
  class space    used 5484K, committed 5696K, reserved 1048576K
}
Event: 7.463 GC heap before
{Heap before GC invocations=12 (full 0):
 garbage-first heap   total 82944K, used 60753K [0x0000000080000000, 0x0000000100000000)
  region size 1024K, 27 young (27648K), 3 survivors (3072K)
 Metaspace       used 42437K, committed 42880K, reserved 1114112K
  class space    used 5649K, committed 5888K, reserved 1048576K
}
Event: 7.466 GC heap after
{Heap after GC invocations=13 (full 0):
 garbage-first heap   total 82944K, used 38309K [0x0000000080000000, 0x0000000100000000)
  region size 1024K, 2 young (2048K), 2 survivors (2048K)
 Metaspace       used 42437K, committed 42880K, reserved 1114112K
  class space    used 5649K, committed 5888K, reserved 1048576K
}
Event: 8.146 GC heap before
{Heap before GC invocations=14 (full 0):
 garbage-first heap   total 82944K, used 65957K [0x0000000080000000, 0x0000000100000000)
  region size 1024K, 28 young (28672K), 2 survivors (2048K)
 Metaspace       used 46092K, committed 46592K, reserved 1114112K
  class space    used 6178K, committed 6400K, reserved 1048576K
}
Event: 8.150 GC heap after
{Heap after GC invocations=15 (full 0):
 garbage-first heap   total 82944K, used 38889K [0x0000000080000000, 0x0000000100000000)
  region size 1024K, 3 young (3072K), 3 survivors (3072K)
 Metaspace       used 46092K, committed 46592K, reserved 1114112K
  class space    used 6178K, committed 6400K, reserved 1048576K
}
Event: 8.674 GC heap before
{Heap before GC invocations=15 (full 0):
 garbage-first heap   total 82944K, used 64489K [0x0000000080000000, 0x0000000100000000)
  region size 1024K, 29 young (29696K), 3 survivors (3072K)
 Metaspace       used 49554K, committed 50048K, reserved 1114112K
  class space    used 6738K, committed 6976K, reserved 1048576K
}
Event: 8.679 GC heap after
{Heap after GC invocations=16 (full 0):
 garbage-first heap   total 82944K, used 40527K [0x0000000080000000, 0x0000000100000000)
  region size 1024K, 4 young (4096K), 4 survivors (4096K)
 Metaspace       used 49554K, committed 50048K, reserved 1114112K
  class space    used 6738K, committed 6976K, reserved 1048576K
}
Event: 9.837 GC heap before
{Heap before GC invocations=16 (full 0):
 garbage-first heap   total 82944K, used 65103K [0x0000000080000000, 0x0000000100000000)
  region size 1024K, 29 young (29696K), 4 survivors (4096K)
 Metaspace       used 52267K, committed 52800K, reserved 1114112K
  class space    used 7140K, committed 7424K, reserved 1048576K
}
Event: 9.842 GC heap after
{Heap after GC invocations=17 (full 0):
 garbage-first heap   total 82944K, used 42023K [0x0000000080000000, 0x0000000100000000)
  region size 1024K, 4 young (4096K), 4 survivors (4096K)
 Metaspace       used 52267K, committed 52800K, reserved 1114112K
  class space    used 7140K, committed 7424K, reserved 1048576K
}
Event: 10.978 GC heap before
{Heap before GC invocations=18 (full 0):
 garbage-first heap   total 82944K, used 64551K [0x0000000080000000, 0x0000000100000000)
  region size 1024K, 27 young (27648K), 4 survivors (4096K)
 Metaspace       used 56503K, committed 57024K, reserved 1114112K
  class space    used 7632K, committed 7872K, reserved 1048576K
}
Event: 10.985 GC heap after
{Heap after GC invocations=19 (full 0):
 garbage-first heap   total 82944K, used 44733K [0x0000000080000000, 0x0000000100000000)
  region size 1024K, 4 young (4096K), 4 survivors (4096K)
 Metaspace       used 56503K, committed 57024K, reserved 1114112K
  class space    used 7632K, committed 7872K, reserved 1048576K
}
Event: 11.859 GC heap before
{Heap before GC invocations=19 (full 0):
 garbage-first heap   total 82944K, used 65213K [0x0000000080000000, 0x0000000100000000)
  region size 1024K, 25 young (25600K), 4 survivors (4096K)
 Metaspace       used 59515K, committed 60032K, reserved 1114112K
  class space    used 8030K, committed 8256K, reserved 1048576K
}
Event: 11.865 GC heap after
{Heap after GC invocations=20 (full 0):
 garbage-first heap   total 82944K, used 47140K [0x0000000080000000, 0x0000000100000000)
  region size 1024K, 3 young (3072K), 3 survivors (3072K)
 Metaspace       used 59515K, committed 60032K, reserved 1114112K
  class space    used 8030K, committed 8256K, reserved 1048576K
}
Event: 11.946 GC heap before
{Heap before GC invocations=21 (full 0):
 garbage-first heap   total 87040K, used 50212K [0x0000000080000000, 0x0000000100000000)
  region size 1024K, 6 young (6144K), 3 survivors (3072K)
 Metaspace       used 59570K, committed 60032K, reserved 1114112K
  class space    used 8032K, committed 8256K, reserved 1048576K
}
Event: 11.949 GC heap after
{Heap after GC invocations=22 (full 0):
 garbage-first heap   total 87040K, used 48746K [0x0000000080000000, 0x0000000100000000)
  region size 1024K, 1 young (1024K), 1 survivors (1024K)
 Metaspace       used 59570K, committed 60032K, reserved 1114112K
  class space    used 8032K, committed 8256K, reserved 1048576K
}
Event: 12.066 GC heap before
{Heap before GC invocations=23 (full 0):
 garbage-first heap   total 87040K, used 54890K [0x0000000080000000, 0x0000000100000000)
  region size 1024K, 7 young (7168K), 1 survivors (1024K)
 Metaspace       used 59687K, committed 60160K, reserved 1114112K
  class space    used 8042K, committed 8256K, reserved 1048576K
}
Event: 12.068 GC heap after
{Heap after GC invocations=24 (full 0):
 garbage-first heap   total 87040K, used 54704K [0x0000000080000000, 0x0000000100000000)
  region size 1024K, 3 young (3072K), 3 survivors (3072K)
 Metaspace       used 59687K, committed 60160K, reserved 1114112K
  class space    used 8042K, committed 8256K, reserved 1048576K
}
Event: 12.141 GC heap before
{Heap before GC invocations=25 (full 0):
 garbage-first heap   total 99328K, used 57776K [0x0000000080000000, 0x0000000100000000)
  region size 1024K, 6 young (6144K), 3 survivors (3072K)
 Metaspace       used 59719K, committed 60160K, reserved 1114112K
  class space    used 8045K, committed 8256K, reserved 1048576K
}
Event: 12.144 GC heap after
{Heap after GC invocations=26 (full 0):
 garbage-first heap   total 99328K, used 55779K [0x0000000080000000, 0x0000000100000000)
  region size 1024K, 2 young (2048K), 2 survivors (2048K)
 Metaspace       used 59719K, committed 60160K, reserved 1114112K
  class space    used 8045K, committed 8256K, reserved 1048576K
}

Dll operation events (3 events):
Event: 0.005 Loaded shared library C:\Users\Admin\AppData\Local\Programs\Android Studio\jbr\bin\java.dll
Event: 0.172 Loaded shared library C:\Users\Admin\AppData\Local\Programs\Android Studio\jbr\bin\zip.dll
Event: 0.412 Loaded shared library C:\Users\Admin\AppData\Local\Programs\Android Studio\jbr\bin\verify.dll

Deoptimization events (20 events):
Event: 11.997 Thread 0x000002287b2ba4c0 DEOPT PACKING pc=0x000002286c690260 sp=0x00000052659feb60
Event: 11.997 Thread 0x000002287b2ba4c0 DEOPT UNPACKING pc=0x000002286be869a3 sp=0x00000052659feb00 mode 2
Event: 12.022 Thread 0x0000022806b27090 Uncommon trap: trap_request=0xffffff45 fr.pc=0x000002286c427b3c relative=0x000000000000021c
Event: 12.022 Thread 0x0000022806b27090 Uncommon trap: reason=unstable_if action=reinterpret pc=0x000002286c427b3c method=java.util.jar.JarFile.checkForSpecialAttributes()V @ 53 c2
Event: 12.022 Thread 0x0000022806b27090 DEOPT PACKING pc=0x000002286c427b3c sp=0x0000005266ff6930
Event: 12.022 Thread 0x0000022806b27090 DEOPT UNPACKING pc=0x000002286be869a3 sp=0x0000005266ff68d0 mode 2
Event: 12.078 Thread 0x0000022806b27090 DEOPT PACKING pc=0x00000228649d0934 sp=0x0000005266ff67d0
Event: 12.078 Thread 0x0000022806b27090 DEOPT UNPACKING pc=0x000002286be87143 sp=0x0000005266ff5c40 mode 0
Event: 12.094 Thread 0x0000022806b27090 Uncommon trap: trap_request=0xffffff45 fr.pc=0x000002286c423d54 relative=0x0000000000002ef4
Event: 12.094 Thread 0x0000022806b27090 Uncommon trap: reason=unstable_if action=reinterpret pc=0x000002286c423d54 method=java.util.zip.ZipFile$Source.isMetaName([BII)Z @ 43 c2
Event: 12.094 Thread 0x0000022806b27090 DEOPT PACKING pc=0x000002286c423d54 sp=0x0000005266ff64e0
Event: 12.094 Thread 0x0000022806b27090 DEOPT UNPACKING pc=0x000002286be869a3 sp=0x0000005266ff6460 mode 2
Event: 12.126 Thread 0x0000022806b27090 Uncommon trap: trap_request=0xffffffc6 fr.pc=0x000002286c3ed47c relative=0x000000000000087c
Event: 12.126 Thread 0x0000022806b27090 Uncommon trap: reason=bimorphic_or_optimized_type_check action=maybe_recompile pc=0x000002286c3ed47c method=java.util.regex.Pattern$Start.match(Ljava/util/regex/Matcher;ILjava/lang/CharSequence;)Z @ 44 c2
Event: 12.126 Thread 0x0000022806b27090 DEOPT PACKING pc=0x000002286c3ed47c sp=0x0000005266ff7950
Event: 12.126 Thread 0x0000022806b27090 DEOPT UNPACKING pc=0x000002286be869a3 sp=0x0000005266ff7838 mode 2
Event: 12.150 Thread 0x0000022806b27090 Uncommon trap: trap_request=0xffffffde fr.pc=0x000002286c678294 relative=0x0000000000006714
Event: 12.150 Thread 0x0000022806b27090 Uncommon trap: reason=class_check action=maybe_recompile pc=0x000002286c678294 method=java.util.jar.JarFile.getManifestFromReference()Ljava/util/jar/Manifest; @ 152 c2
Event: 12.150 Thread 0x0000022806b27090 DEOPT PACKING pc=0x000002286c678294 sp=0x0000005266ff6350
Event: 12.150 Thread 0x0000022806b27090 DEOPT UNPACKING pc=0x000002286be869a3 sp=0x0000005266ff61a8 mode 2

Classes unloaded (0 events):
No events

Classes redefined (0 events):
No events

Internal exceptions (20 events):
Event: 8.107 Thread 0x0000022806b27090 Exception <a 'java/lang/NoSuchMethodError'{0x0000000083937738}: 'java.lang.Object java.lang.invoke.DirectMethodHandle$Holder.newInvokeSpecial(java.lang.Object, int, java.lang.Object)'> (0x0000000083937738) 
thrown [s\src\hotspot\share\interpreter\linkResolver.cpp, line 771]
Event: 8.355 Thread 0x0000022806b27090 Exception <a 'java/lang/NoSuchMethodError'{0x0000000084bde4a8}: 'java.lang.Object java.lang.invoke.DirectMethodHandle$Holder.invokeSpecial(java.lang.Object, java.lang.Object, java.lang.Object, int, java.lang.Object, java.lang.Object)'> (0x0000000084bde4a8) 
thrown [s\src\hotspot\share\interpreter\linkResolver.cpp, line 771]
Event: 8.588 Thread 0x0000022806b27090 Exception <a 'java/lang/NoSuchMethodError'{0x0000000083cd5b90}: 'long java.lang.invoke.DirectMethodHandle$Holder.invokeStatic(java.lang.Object, long)'> (0x0000000083cd5b90) 
thrown [s\src\hotspot\share\interpreter\linkResolver.cpp, line 771]
Event: 8.733 Thread 0x0000022806b27090 Exception <a 'java/lang/NoSuchMethodError'{0x0000000084f555d8}: 'java.lang.Object java.lang.invoke.DelegatingMethodHandle$Holder.reinvoke_L(java.lang.Object, java.lang.Object, java.lang.Object, java.lang.Object, java.lang.Object, java.lang.Object, java.lang.Object, java.lang.Object, java.lang.Object, java.lang.Object, java.lang.Object, java.lang.Object, java.lang.Object, java.lang.Object, java.lang.Object, java.lang.Object, java.lang.Object, java.lang.Object, java.lang.Object, java.lang.Object, java.lang.O
Event: 8.734 Thread 0x0000022806b27090 Exception <a 'java/lang/NoSuchMethodError'{0x0000000084f60db0}: 'java.lang.Object java.lang.invoke.DirectMethodHandle$Holder.invokeSpecial(java.lang.Object, java.lang.Object, java.lang.Object, java.lang.Object, java.lang.Object, java.lang.Object, java.lang.Object, java.lang.Object, java.lang.Object, java.lang.Object, java.lang.Object, java.lang.Object, java.lang.Object, java.lang.Object, java.lang.Object, java.lang.Object, java.lang.Object, java.lang.Object, java.lang.Object, java.lang.Object, java.lang.Ob
Event: 8.734 Thread 0x0000022806b27090 Exception <a 'java/lang/NoSuchMethodError'{0x0000000084f669f8}: 'java.lang.Object java.lang.invoke.Invokers$Holder.invoker(java.lang.Object, java.lang.Object, java.lang.Object, java.lang.Object, java.lang.Object, java.lang.Object, java.lang.Object, java.lang.Object, java.lang.Object, java.lang.Object, java.lang.Object, java.lang.Object, java.lang.Object, java.lang.Object, java.lang.Object, java.lang.Object, java.lang.Object, java.lang.Object, java.lang.Object, java.lang.Object, java.lang.Object)'> (0x00000
Event: 8.735 Thread 0x0000022806b27090 Exception <a 'java/lang/NoSuchMethodError'{0x0000000084f6d058}: 'java.lang.Object java.lang.invoke.DelegatingMethodHandle$Holder.delegate(java.lang.Object, java.lang.Object, java.lang.Object, java.lang.Object, java.lang.Object, java.lang.Object, java.lang.Object, java.lang.Object, java.lang.Object, java.lang.Object, java.lang.Object, java.lang.Object, java.lang.Object, java.lang.Object, java.lang.Object, java.lang.Object, java.lang.Object, java.lang.Object, java.lang.Object, java.lang.Object, java.lang.Obj
Event: 9.016 Thread 0x0000022806b27090 Exception <a 'java/lang/NoSuchMethodError'{0x00000000842da6a8}: 'int java.lang.invoke.DirectMethodHandle$Holder.invokeSpecialIFC(java.lang.Object, java.lang.Object, java.lang.Object)'> (0x00000000842da6a8) 
thrown [s\src\hotspot\share\interpreter\linkResolver.cpp, line 771]
Event: 9.067 Thread 0x0000022806b27090 Exception <a 'java/lang/NoSuchMethodError'{0x0000000083e0c2f0}: 'int java.lang.invoke.DirectMethodHandle$Holder.invokeStatic(java.lang.Object)'> (0x0000000083e0c2f0) 
thrown [s\src\hotspot\share\interpreter\linkResolver.cpp, line 771]
Event: 9.068 Thread 0x0000022806b27090 Exception <a 'java/lang/NoSuchMethodError'{0x0000000083e10988}: 'int java.lang.invoke.DirectMethodHandle$Holder.invokeStaticInit(java.lang.Object)'> (0x0000000083e10988) 
thrown [s\src\hotspot\share\interpreter\linkResolver.cpp, line 771]
Event: 9.078 Thread 0x0000022806b27090 Exception <a 'java/lang/NoSuchMethodError'{0x0000000083ea5568}: 'java.lang.Object java.lang.invoke.DirectMethodHandle$Holder.newInvokeSpecial(java.lang.Object, java.lang.Object, java.lang.Object, java.lang.Object, java.lang.Object, int)'> (0x0000000083ea5568) 
thrown [s\src\hotspot\share\interpreter\linkResolver.cpp, line 771]
Event: 9.079 Thread 0x0000022806b27090 Exception <a 'java/lang/NoSuchMethodError'{0x0000000083eaabc0}: 'java.lang.Object java.lang.invoke.DirectMethodHandle$Holder.invokeSpecial(java.lang.Object, java.lang.Object, java.lang.Object, java.lang.Object, java.lang.Object, java.lang.Object, int)'> (0x0000000083eaabc0) 
thrown [s\src\hotspot\share\interpreter\linkResolver.cpp, line 771]
Event: 9.093 Thread 0x0000022806b27090 Exception <a 'java/lang/NoSuchMethodError'{0x0000000083d98d80}: 'void java.lang.invoke.DirectMethodHandle$Holder.invokeStatic(java.lang.Object, java.lang.Object, java.lang.Object, int, java.lang.Object)'> (0x0000000083d98d80) 
thrown [s\src\hotspot\share\interpreter\linkResolver.cpp, line 771]
Event: 10.615 Thread 0x0000022806b27090 Implicit null exception at 0x000002286c42a252 to 0x000002286c42a828
Event: 10.651 Thread 0x0000022806b27090 Exception <a 'sun/nio/fs/WindowsException'{0x00000000849fa170}> (0x00000000849fa170) 
thrown [s\src\hotspot\share\prims\jni.cpp, line 517]
Event: 11.934 Thread 0x0000022806b27090 Implicit null exception at 0x000002286c6ba392 to 0x000002286c6baa30
Event: 11.997 Thread 0x000002287b2ba4c0 Implicit null exception at 0x000002286c6900e0 to 0x000002286c69024c
Event: 12.125 Thread 0x0000022806b27090 Exception <a 'java/lang/ClassNotFoundException'{0x0000000085f072f0}: sun/misc/SharedSecrets> (0x0000000085f072f0) 
thrown [s\src\hotspot\share\classfile\systemDictionary.cpp, line 256]
Event: 12.125 Thread 0x0000022806b27090 Exception <a 'java/lang/ClassNotFoundException'{0x0000000085f088c8}: org/gradle/api/internal/plugins/DefaultObjectConfigurationActionBeanInfo> (0x0000000085f088c8) 
thrown [s\src\hotspot\share\classfile\systemDictionary.cpp, line 256]
Event: 12.126 Thread 0x0000022806b27090 Exception <a 'java/lang/ClassNotFoundException'{0x0000000085f1d3e0}: org/gradle/api/internal/plugins/DefaultObjectConfigurationActionCustomizer> (0x0000000085f1d3e0) 
thrown [s\src\hotspot\share\classfile\systemDictionary.cpp, line 256]

VM Operations (20 events):
Event: 11.865 Executing VM operation: G1CollectForAllocation done
Event: 11.908 Executing VM operation: G1Concurrent
Event: 11.910 Executing VM operation: G1Concurrent done
Event: 11.938 Executing VM operation: G1Concurrent
Event: 11.938 Executing VM operation: G1Concurrent done
Event: 11.946 Executing VM operation: G1TryInitiateConcMark
Event: 11.949 Executing VM operation: G1TryInitiateConcMark done
Event: 11.993 Executing VM operation: G1Concurrent
Event: 11.995 Executing VM operation: G1Concurrent done
Event: 12.024 Executing VM operation: G1Concurrent
Event: 12.024 Executing VM operation: G1Concurrent done
Event: 12.066 Executing VM operation: G1TryInitiateConcMark
Event: 12.068 Executing VM operation: G1TryInitiateConcMark done
Event: 12.107 Executing VM operation: G1Concurrent
Event: 12.110 Executing VM operation: G1Concurrent done
Event: 12.137 Executing VM operation: G1Concurrent
Event: 12.138 Executing VM operation: G1Concurrent done
Event: 12.141 Executing VM operation: G1TryInitiateConcMark
Event: 12.144 Executing VM operation: G1TryInitiateConcMark done
Event: 12.184 Executing VM operation: G1Concurrent

Events (20 events):
Event: 11.390 loading class sun/security/ssl/NewSessionTicket$T13NewSessionTicketMessage done
Event: 11.405 loading class java/nio/charset/UnsupportedCharsetException
Event: 11.405 loading class java/nio/charset/UnsupportedCharsetException done
Event: 11.424 Thread 0x0000022808700ed0 Thread added: 0x0000022808700ed0
Event: 11.425 Thread 0x00000228087078b0 Thread added: 0x00000228087078b0
Event: 11.425 Thread 0x0000022808701870 Thread added: 0x0000022808701870
Event: 11.425 Thread 0x0000022808703080 Thread added: 0x0000022808703080
Event: 11.425 Thread 0x0000022808703a20 Thread added: 0x0000022808703a20
Event: 11.425 Thread 0x0000022808703550 Thread added: 0x0000022808703550
Event: 11.425 Thread 0x0000022808703ef0 Thread added: 0x0000022808703ef0
Event: 11.685 Thread 0x0000022804600b40 Thread exited: 0x0000022804600b40
Event: 11.698 Thread 0x0000022804bf28c0 Thread added: 0x0000022804bf28c0
Event: 11.996 loading class sun/security/ssl/Alert
Event: 11.996 loading class sun/security/ssl/Alert done
Event: 11.996 loading class sun/security/ssl/Alert$AlertConsumer
Event: 11.997 loading class sun/security/ssl/Alert$AlertConsumer done
Event: 11.997 loading class sun/security/ssl/Alert$Level
Event: 11.997 loading class sun/security/ssl/Alert$Level done
Event: 12.125 loading class sun/misc/SharedSecrets
Event: 12.125 loading class sun/misc/SharedSecrets done


Dynamic libraries:
0x00007ff74da90000 - 0x00007ff74da9a000 	C:\Users\Admin\AppData\Local\Programs\Android Studio\jbr\bin\java.exe
0x00007ff998a30000 - 0x00007ff998c28000 	C:\WINDOWS\SYSTEM32\ntdll.dll
0x00007ff996bd0000 - 0x00007ff996c8d000 	C:\WINDOWS\System32\KERNEL32.DLL
0x00007ff9966d0000 - 0x00007ff9969c6000 	C:\WINDOWS\System32\KERNELBASE.dll
0x00007ff9965d0000 - 0x00007ff9966d0000 	C:\WINDOWS\System32\ucrtbase.dll
0x00007ff964520000 - 0x00007ff964537000 	C:\Users\Admin\AppData\Local\Programs\Android Studio\jbr\bin\jli.dll
0x00007ff98dd60000 - 0x00007ff98dd7b000 	C:\Users\Admin\AppData\Local\Programs\Android Studio\jbr\bin\VCRUNTIME140.dll
0x00007ff997be0000 - 0x00007ff997d7e000 	C:\WINDOWS\System32\USER32.dll
0x00007ff9954d0000 - 0x00007ff99576a000 	C:\WINDOWS\WinSxS\amd64_microsoft.windows.common-controls_6595b64144ccf1df_6.0.19041.3636_none_60b6a03d71f818d5\COMCTL32.dll
0x00007ff996520000 - 0x00007ff996542000 	C:\WINDOWS\System32\win32u.dll
0x00007ff9977d0000 - 0x00007ff99786e000 	C:\WINDOWS\System32\msvcrt.dll
0x00007ff9987b0000 - 0x00007ff9987dc000 	C:\WINDOWS\System32\GDI32.dll
0x00007ff996200000 - 0x00007ff99631a000 	C:\WINDOWS\System32\gdi32full.dll
0x00007ff996480000 - 0x00007ff99651d000 	C:\WINDOWS\System32\msvcp_win.dll
0x00007ff997f20000 - 0x00007ff997f50000 	C:\WINDOWS\System32\IMM32.DLL
0x00007ff991f10000 - 0x00007ff991f1c000 	C:\Users\Admin\AppData\Local\Programs\Android Studio\jbr\bin\vcruntime140_1.dll
0x00007ff959230000 - 0x00007ff9592bd000 	C:\Users\Admin\AppData\Local\Programs\Android Studio\jbr\bin\msvcp140.dll
0x00007ff93aa90000 - 0x00007ff93b710000 	C:\Users\Admin\AppData\Local\Programs\Android Studio\jbr\bin\server\jvm.dll
0x00007ff9987e0000 - 0x00007ff998893000 	C:\WINDOWS\System32\ADVAPI32.dll
0x00007ff998500000 - 0x00007ff99859f000 	C:\WINDOWS\System32\sechost.dll
0x00007ff998680000 - 0x00007ff9987a6000 	C:\WINDOWS\System32\RPCRT4.dll
0x00007ff9965a0000 - 0x00007ff9965c7000 	C:\WINDOWS\System32\bcrypt.dll
0x00007ff98dd50000 - 0x00007ff98dd59000 	C:\WINDOWS\SYSTEM32\WSOCK32.dll
0x00007ff9988a0000 - 0x00007ff99890b000 	C:\WINDOWS\System32\WS2_32.dll
0x00007ff993b40000 - 0x00007ff993b4a000 	C:\WINDOWS\SYSTEM32\VERSION.dll
0x00007ff983080000 - 0x00007ff9830a7000 	C:\WINDOWS\SYSTEM32\WINMM.dll
0x00007ff993200000 - 0x00007ff993212000 	C:\WINDOWS\SYSTEM32\kernel.appcore.dll
0x00007ff98e0c0000 - 0x00007ff98e0ca000 	C:\Users\Admin\AppData\Local\Programs\Android Studio\jbr\bin\jimage.dll
0x00007ff995a90000 - 0x00007ff995c74000 	C:\WINDOWS\SYSTEM32\DBGHELP.DLL
0x00007ff995a50000 - 0x00007ff995a84000 	C:\WINDOWS\SYSTEM32\dbgcore.DLL
0x00007ff996170000 - 0x00007ff9961f2000 	C:\WINDOWS\System32\bcryptPrimitives.dll
0x00007ff98fd30000 - 0x00007ff98fd3e000 	C:\Users\Admin\AppData\Local\Programs\Android Studio\jbr\bin\instrument.dll
0x00007ff974020000 - 0x00007ff974045000 	C:\Users\Admin\AppData\Local\Programs\Android Studio\jbr\bin\java.dll
0x00007ff97f630000 - 0x00007ff97f648000 	C:\Users\Admin\AppData\Local\Programs\Android Studio\jbr\bin\zip.dll
0x00007ff996d50000 - 0x00007ff997495000 	C:\WINDOWS\System32\SHELL32.dll
0x00007ff993390000 - 0x00007ff993b2b000 	C:\WINDOWS\SYSTEM32\windows.storage.dll
0x00007ff997870000 - 0x00007ff997bc4000 	C:\WINDOWS\System32\combase.dll
0x00007ff995430000 - 0x00007ff99545d000 	C:\WINDOWS\SYSTEM32\Wldp.dll
0x00007ff996c90000 - 0x00007ff996d3d000 	C:\WINDOWS\System32\SHCORE.dll
0x00007ff998620000 - 0x00007ff998675000 	C:\WINDOWS\System32\shlwapi.dll
0x00007ff996030000 - 0x00007ff996055000 	C:\WINDOWS\SYSTEM32\profapi.dll
0x00007ff97f5f0000 - 0x00007ff97f609000 	C:\Users\Admin\AppData\Local\Programs\Android Studio\jbr\bin\net.dll
0x00007ff98f530000 - 0x00007ff98f63a000 	C:\WINDOWS\SYSTEM32\WINHTTP.dll
0x00007ff9952d0000 - 0x00007ff99533a000 	C:\WINDOWS\system32\mswsock.dll
0x00007ff97f500000 - 0x00007ff97f516000 	C:\Users\Admin\AppData\Local\Programs\Android Studio\jbr\bin\nio.dll
0x00007ff981a50000 - 0x00007ff981a60000 	C:\Users\Admin\AppData\Local\Programs\Android Studio\jbr\bin\verify.dll
0x00007ff97ff40000 - 0x00007ff97ff67000 	C:\Users\Admin\.gradle\native\68d5fa5c4cc2d200863cafc0d521ce42e7d3e7ee720ec0a83991735586a16f82\windows-amd64\native-platform.dll
0x00007ff9582e0000 - 0x00007ff958424000 	C:\Users\Admin\.gradle\native\e376f236ea51e6404a007f0833ffe2c6e607c4080706a723a18a27aeea778392\windows-amd64\native-platform-file-events.dll
0x00007ff980a60000 - 0x00007ff980a69000 	C:\Users\Admin\AppData\Local\Programs\Android Studio\jbr\bin\management.dll
0x00007ff97f810000 - 0x00007ff97f81b000 	C:\Users\Admin\AppData\Local\Programs\Android Studio\jbr\bin\management_ext.dll
0x00007ff996d40000 - 0x00007ff996d48000 	C:\WINDOWS\System32\PSAPI.DLL
0x00007ff995e70000 - 0x00007ff995e88000 	C:\WINDOWS\SYSTEM32\CRYPTSP.dll
0x00007ff994ac0000 - 0x00007ff994af4000 	C:\WINDOWS\system32\rsaenh.dll
0x00007ff995fb0000 - 0x00007ff995fde000 	C:\WINDOWS\SYSTEM32\USERENV.dll
0x00007ff9953f0000 - 0x00007ff9953fc000 	C:\WINDOWS\SYSTEM32\CRYPTBASE.dll
0x00007ff994e80000 - 0x00007ff994ebb000 	C:\WINDOWS\SYSTEM32\IPHLPAPI.DLL
0x00007ff9989e0000 - 0x00007ff9989e8000 	C:\WINDOWS\System32\NSI.dll
0x00007ff98bfe0000 - 0x00007ff98bff7000 	C:\WINDOWS\SYSTEM32\dhcpcsvc6.DLL
0x00007ff98bfc0000 - 0x00007ff98bfdd000 	C:\WINDOWS\SYSTEM32\dhcpcsvc.DLL
0x00007ff994ec0000 - 0x00007ff994f8a000 	C:\WINDOWS\SYSTEM32\DNSAPI.dll
0x00007ff972cb0000 - 0x00007ff972cb7000 	C:\WINDOWS\system32\wshunix.dll
0x00007ff98bde0000 - 0x00007ff98bdea000 	C:\Windows\System32\rasadhlp.dll
0x00007ff983be0000 - 0x00007ff983c60000 	C:\WINDOWS\System32\fwpuclnt.dll

dbghelp: loaded successfully - version: 4.0.5 - missing functions: none
symbol engine: initialized successfully - sym options: 0x614 - pdb path: .;C:\Users\Admin\AppData\Local\Programs\Android Studio\jbr\bin;C:\WINDOWS\SYSTEM32;C:\WINDOWS\WinSxS\amd64_microsoft.windows.common-controls_6595b64144ccf1df_6.0.19041.3636_none_60b6a03d71f818d5;C:\Users\Admin\AppData\Local\Programs\Android Studio\jbr\bin\server;C:\Users\Admin\.gradle\native\68d5fa5c4cc2d200863cafc0d521ce42e7d3e7ee720ec0a83991735586a16f82\windows-amd64;C:\Users\Admin\.gradle\native\e376f236ea51e6404a007f0833ffe2c6e607c4080706a723a18a27aeea778392\windows-amd64

VM Arguments:
jvm_args: --add-opens=java.base/java.util=ALL-UNNAMED --add-opens=java.base/java.lang=ALL-UNNAMED --add-opens=java.base/java.lang.invoke=ALL-UNNAMED --add-opens=java.prefs/java.util.prefs=ALL-UNNAMED --add-opens=java.base/java.nio.charset=ALL-UNNAMED --add-opens=java.base/java.net=ALL-UNNAMED --add-opens=java.base/java.util.concurrent.atomic=ALL-UNNAMED -Xmx2048m -Dfile.encoding=UTF-8 -Duser.country=US -Duser.language=en -Duser.variant -javaagent:C:\Users\Admin\.gradle\wrapper\dists\gradle-8.2-bin\bbg7u40eoinfdyxsxr3z4i7ta\gradle-8.2\lib\agents\gradle-instrumentation-agent-8.2.jar 
java_command: org.gradle.launcher.daemon.bootstrap.GradleDaemon 8.2
java_class_path (initial): C:\Users\Admin\.gradle\wrapper\dists\gradle-8.2-bin\bbg7u40eoinfdyxsxr3z4i7ta\gradle-8.2\lib\gradle-launcher-8.2.jar
Launcher Type: SUN_STANDARD

[Global flags]
     intx CICompilerCount                          = 4                                         {product} {ergonomic}
     uint ConcGCThreads                            = 2                                         {product} {ergonomic}
     uint G1ConcRefinementThreads                  = 8                                         {product} {ergonomic}
   size_t G1HeapRegionSize                         = 1048576                                   {product} {ergonomic}
    uintx GCDrainStackTargetSize                   = 64                                        {product} {ergonomic}
   size_t InitialHeapSize                          = 132120576                                 {product} {ergonomic}
   size_t MarkStackSize                            = 4194304                                   {product} {ergonomic}
   size_t MaxHeapSize                              = 2147483648                                {product} {command line}
   size_t MaxNewSize                               = 1287651328                                {product} {ergonomic}
   size_t MinHeapDeltaBytes                        = 1048576                                   {product} {ergonomic}
   size_t MinHeapSize                              = 8388608                                   {product} {ergonomic}
    uintx NonNMethodCodeHeapSize                   = 5839372                                {pd product} {ergonomic}
    uintx NonProfiledCodeHeapSize                  = 122909434                              {pd product} {ergonomic}
    uintx ProfiledCodeHeapSize                     = 122909434                              {pd product} {ergonomic}
    uintx ReservedCodeCacheSize                    = 251658240                              {pd product} {ergonomic}
     bool SegmentedCodeCache                       = true                                      {product} {ergonomic}
   size_t SoftMaxHeapSize                          = 2147483648                             {manageable} {ergonomic}
     bool UseCompressedClassPointers               = true                           {product lp64_product} {ergonomic}
     bool UseCompressedOops                        = true                           {product lp64_product} {ergonomic}
     bool UseG1GC                                  = true                                      {product} {ergonomic}
     bool UseLargePagesIndividualAllocation        = false                                  {pd product} {ergonomic}

Logging:
Log output configuration:
 #0: stdout all=warning uptime,level,tags
 #1: stderr all=off uptime,level,tags

Environment Variables:
PATH=C:\Program Files\Microsoft\jdk-11.0.16.101-hotspot\bin;C:\Program Files (x86)\Common Files\Oracle\Java\javapath;C:\Program Files\Microsoft MPI\Bin\;C:\Program Files (x86)\VMWare1\bin\;C:\ProgramData\Oracle\Java\javapath;C:\WINDOWS\system32;C:\WINDOWS;C:\WINDOWS\System32\Wbem;C:\WINDOWS\System32\WindowsPowerShell\v1.0\;C:\WINDOWS\System32\OpenSSH\;C:\Program Files\Cloudflare\Cloudflare WARP;C:\Program Files (x86)\Microsoft SQL Server\150\Tools\Binn\;C:\Program Files\Microsoft SQL Server\150\Tools\Binn\;C:\Program Files (x86)\Microsoft SQL Server\150\DTS\Binn\;C:\Program Files\Microsoft SQL Server\150\DTS\Binn\;C:\Program Files\Microsoft SQL Server\Client SDK\ODBC\170\Tools\Binn\;C:\Program Files\Azure Data Studio\bin;C:\Program Files\dotnet\;C:\Program Files\Git\cmd;C:\Program Files\MySQL\MySQL Shell 8.0\bin\;C:\Users\Admin\AppData\Local\Microsoft\WindowsApps;C:\Program Files\Azure Data Studio\bin;C:\Users\Admin\AppData\Local\Programs\Microsoft VS Code\bin;C:\Users\Admin\.dotnet\tools;C:\Users\Admin\AppData\Local\JetBrains\Toolbox\scripts;;%USERPROFILE%\AppData\Local\Microsoft\WindowsApps
USERNAME=Admin
OS=Windows_NT
PROCESSOR_IDENTIFIER=Intel64 Family 6 Model 142 Stepping 11, GenuineIntel
TMP=C:\Users\Admin\AppData\Local\Temp
TEMP=C:\Users\Admin\AppData\Local\Temp


JNI global refs:
JNI global refs: 26, weak refs: 0

JNI global refs memory usage: 843, weak refs: 841

OOME stack traces (most recent first):
Classloader memory used:
Loader org.gradle.internal.classloader.VisitableURLClassLoader                         : 3103K
Loader bootstrap                                                                       : 3006K
Loader org.gradle.initialization.MixInLegacyTypesClassLoader                           : 1130K
Loader jdk.internal.loader.ClassLoaders$PlatformClassLoader                            : 98496B
Loader org.gradle.internal.classloader.VisitableURLClassLoader                         : 80455B
Loader jdk.internal.loader.ClassLoaders$AppClassLoader                                 : 28075B
Loader jdk.internal.reflect.DelegatingClassLoader                                      : 18806B
Loader org.gradle.internal.classloader.VisitableURLClassLoader$InstrumentingVisitableURLClassLoader: 14606B

Classes loaded by more than one classloader:
Class Program                                                                         : loaded 4 times (x 72B)
Class org.gradle.api.GradleException                                                  : loaded 3 times (x 80B)
Class org.gradle.internal.Cast                                                        : loaded 3 times (x 69B)
Class org.gradle.api.internal.classpath.DefaultModuleRegistry                         : loaded 2 times (x 84B)
Class Settings_gradle$1$1                                                             : loaded 2 times (x 72B)
Class kotlin.io.FilesKt__FilePathComponentsKt                                         : loaded 2 times (x 69B)
Class kotlin.text.StringsKt__RegexExtensionsJVMKt                                     : loaded 2 times (x 69B)
Class org.gradle.api.Action                                                           : loaded 2 times (x 68B)
Class kotlin.text.StringsKt__AppendableKt                                             : loaded 2 times (x 69B)
Class com.google.common.base.CharMatcher                                              : loaded 2 times (x 109B)
Class com.google.common.base.Splitter                                                 : loaded 2 times (x 70B)
Class org.gradle.api.internal.DefaultClassPathProvider                                : loaded 2 times (x 74B)
Class org.gradle.internal.installation.GradleInstallation$1                           : loaded 2 times (x 73B)
Class org.gradle.internal.exceptions.DefaultMultiCauseException                       : loaded 2 times (x 85B)
Class org.gradle.tooling.model.UnsupportedMethodException                             : loaded 2 times (x 80B)
Class kotlin.io.FilesKt                                                               : loaded 2 times (x 69B)
Class kotlin.io.FileSystemException                                                   : loaded 2 times (x 80B)
Class org.gradle.internal.time.MonotonicClock                                         : loaded 2 times (x 75B)
Class com.google.common.base.Predicate                                                : loaded 2 times (x 68B)
Class kotlin.text.StringsKt                                                           : loaded 2 times (x 69B)
Class org.gradle.internal.classloader.FilteringClassLoader                            : loaded 2 times (x 102B)
Class org.gradle.tooling.model.Model                                                  : loaded 2 times (x 68B)
Class org.gradle.internal.classpath.DefaultClassPath$ImmutableUniqueList$Builder      : loaded 2 times (x 73B)
Class kotlin.UninitializedPropertyAccessException                                     : loaded 2 times (x 80B)
Class org.gradle.internal.classloader.ClassLoaderVisitor                              : loaded 2 times (x 74B)
Class org.gradle.internal.time.DefaultCountdownTimer                                  : loaded 2 times (x 86B)
Class kotlin.text.StringsKt__RegexExtensionsKt                                        : loaded 2 times (x 69B)
Class org.gradle.internal.service.DefaultServiceLocator                               : loaded 2 times (x 81B)
Class kotlin.text.StringsKt__StringBuilderJVMKt                                       : loaded 2 times (x 69B)
Class org.gradle.internal.service.UnknownServiceException                             : loaded 2 times (x 81B)
Class kotlin.text.StringsKt__StringsJVMKt                                             : loaded 2 times (x 69B)
Class org.gradle.internal.classloader.DefaultClassLoaderFactory                       : loaded 2 times (x 80B)
Class com.google.common.base.JdkPattern                                               : loaded 2 times (x 73B)
Class kotlin.text.StringsKt__StringNumberConversionsKt                                : loaded 2 times (x 69B)
Class org.gradle.internal.classpath.ClassPath                                         : loaded 2 times (x 68B)
Class org.gradle.tooling.model.ProjectModel                                           : loaded 2 times (x 68B)
Class org.gradle.util.GradleVersion                                                   : loaded 2 times (x 81B)
Class org.gradle.tooling.internal.gradle.DefaultProjectIdentifier                     : loaded 2 times (x 84B)
Class org.gradle.api.internal.classpath.ModuleRegistry                                : loaded 2 times (x 68B)
Class org.gradle.api.internal.ClassPathProvider                                       : loaded 2 times (x 68B)
Class org.gradle.internal.classloader.ClasspathUtil$1                                 : loaded 2 times (x 74B)
Class org.gradle.internal.classloader.ClassLoaderFactory                              : loaded 2 times (x 68B)
Class org.gradle.api.internal.classpath.ManifestUtil                                  : loaded 2 times (x 69B)
Class org.gradle.api.specs.Spec                                                       : loaded 2 times (x 68B)
Class kotlin.jvm.internal.Intrinsics                                                  : loaded 2 times (x 69B)
Class org.gradle.tooling.internal.gradle.GradleBuildIdentity                          : loaded 2 times (x 68B)
Class kotlin.text.StringsKt___StringsJvmKt                                            : loaded 2 times (x 69B)
Class org.gradle.internal.IoActions                                                   : loaded 2 times (x 69B)
Class org.gradle.api.internal.classpath.EffectiveClassPath                            : loaded 2 times (x 88B)
Class com.google.common.base.Splitter$Strategy                                        : loaded 2 times (x 68B)
Class org.gradle.internal.installation.CurrentGradleInstallation                      : loaded 2 times (x 71B)
Class org.gradle.internal.agents.InstrumentingClassLoader                             : loaded 2 times (x 68B)
Class org.gradle.internal.installation.CurrentGradleInstallationLocator               : loaded 2 times (x 69B)
Class org.gradle.api.internal.classpath.Module                                        : loaded 2 times (x 68B)
Class org.gradle.internal.service.CachingServiceLocator                               : loaded 2 times (x 80B)
Class org.gradle.internal.time.Timer                                                  : loaded 2 times (x 68B)
Class kotlin.text.StringsKt__StringBuilderKt                                          : loaded 2 times (x 69B)
Class org.gradle.internal.classpath.DefaultClassPath                                  : loaded 2 times (x 88B)
Class org.gradle.internal.time.Time                                                   : loaded 2 times (x 69B)
Class org.gradle.internal.time.TimeSource$1                                           : loaded 2 times (x 75B)
Class kotlin.KotlinNullPointerException                                               : loaded 2 times (x 81B)
Class kotlin.io.NoSuchFileException                                                   : loaded 2 times (x 80B)
Class org.gradle.internal.classloader.SystemClassLoaderSpec                           : loaded 2 times (x 69B)
Class kotlin.io.FileAlreadyExistsException                                            : loaded 2 times (x 80B)
Class org.gradle.api.UncheckedIOException                                             : loaded 2 times (x 80B)
Class com.google.common.base.CharMatcher$And                                          : loaded 2 times (x 110B)
Class kotlin.io.FilesKt__FileReadWriteKt                                              : loaded 2 times (x 69B)
Class org.gradle.internal.classloader.VisitableURLClassLoader$Spec                    : loaded 2 times (x 72B)
Class org.gradle.tooling.internal.gradle.GradleProjectIdentity                        : loaded 2 times (x 68B)
Class org.gradle.internal.time.Clock                                                  : loaded 2 times (x 68B)
Class org.gradle.internal.time.CountdownTimer                                         : loaded 2 times (x 68B)
Class org.gradle.internal.classloader.ClasspathUtil                                   : loaded 2 times (x 69B)
Class kotlin.NotImplementedError                                                      : loaded 2 times (x 80B)
Class org.gradle.tooling.model.BuildIdentifier                                        : loaded 2 times (x 68B)
Class org.gradle.api.internal.DefaultClassPathRegistry                                : loaded 2 times (x 74B)
Class org.gradle.api.internal.classpath.DefaultModuleRegistry$DefaultModule           : loaded 2 times (x 84B)
Class com.google.common.base.CharMatcher$Or                                           : loaded 2 times (x 110B)
Class kotlin.text.StringsKt__StringsKt                                                : loaded 2 times (x 69B)
Class org.gradle.internal.time.TimeSource                                             : loaded 2 times (x 68B)
Class org.gradle.api.internal.classpath.UnknownModuleException                        : loaded 2 times (x 80B)
Class kotlin.text.StringsKt__StringNumberConversionsJVMKt                             : loaded 2 times (x 69B)
Class com.google.common.base.CommonPattern                                            : loaded 2 times (x 72B)
Class kotlin.text.StringsKt__IndentKt                                                 : loaded 2 times (x 69B)
Class org.gradle.internal.service.ServiceLookupException                              : loaded 2 times (x 80B)
Class org.gradle.cache.GlobalCache                                                    : loaded 2 times (x 68B)
Class org.gradle.tooling.model.ProjectIdentifier                                      : loaded 2 times (x 68B)
Class [Lorg.gradle.api.internal.ClassPathProvider;                                    : loaded 2 times (x 67B)
Class org.gradle.internal.operations.MultipleBuildOperationFailures                   : loaded 2 times (x 85B)
Class org.gradle.util.internal.GUtil                                                  : loaded 2 times (x 69B)
Class org.gradle.internal.classloader.ClassLoaderSpec                                 : loaded 2 times (x 69B)
Class com.google.common.base.CharMatcher$Negated                                      : loaded 2 times (x 111B)
Class kotlin.io.FilesKt__UtilsKt                                                      : loaded 2 times (x 69B)
Class org.gradle.internal.classloader.VisitableURLClassLoader                         : loaded 2 times (x 114B)
Class kotlin.io.FilesKt__FileTreeWalkKt                                               : loaded 2 times (x 69B)
Class org.gradle.internal.installation.GradleInstallation                             : loaded 2 times (x 73B)
Class org.gradle.api.internal.ClassPathRegistry                                       : loaded 2 times (x 68B)
Class org.gradle.internal.classloader.VisitableURLClassLoader$InstrumentingVisitableURLClassLoader: loaded 2 times (x 120B)
Class org.gradle.internal.classloader.ClassLoaderHierarchy                            : loaded 2 times (x 68B)
Class org.gradle.internal.exceptions.MultiCauseException                              : loaded 2 times (x 68B)
Class org.gradle.internal.InternalTransformer                                         : loaded 2 times (x 68B)
Class org.gradle.tooling.internal.gradle.DefaultBuildIdentifier                       : loaded 2 times (x 77B)
Class org.gradle.internal.service.ServiceLocator                                      : loaded 2 times (x 68B)
Class Settings_gradle$1                                                               : loaded 2 times (x 72B)
Class kotlin.io.TerminateException                                                    : loaded 2 times (x 80B)
Class org.gradle.internal.classpath.DefaultClassPath$ImmutableUniqueList              : loaded 2 times (x 159B)
Class org.gradle.internal.time.DefaultTimer                                           : loaded 2 times (x 78B)
Class org.gradle.internal.classpath.TransformedClassPath                              : loaded 2 times (x 94B)
Class Settings_gradle                                                                 : loaded 2 times (x 126B)
Class kotlin.text.StringsKt___StringsKt                                               : loaded 2 times (x 69B)


---------------  S Y S T E M  ---------------

OS:
 Windows 10 , 64 bit Build 19041 (10.0.19041.3636)
OS uptime: 3 days 9:36 hours

CPU: total 8 (initial active 8) (4 cores per cpu, 2 threads per core) family 6 model 142 stepping 11 microcode 0xae, cx8, cmov, fxsr, ht, mmx, 3dnowpref, sse, sse2, sse3, ssse3, sse4.1, sse4.2, popcnt, lzcnt, tsc, tscinvbit, avx, avx2, aes, erms, clmul, bmi1, bmi2, adx, fma, vzeroupper, clflush, clflushopt

Memory: 4k page, system-wide physical 7967M (386M free)
TotalPageFile size 24351M (AvailPageFile size 8M)
current process WorkingSet (physical memory assigned to process): 260M, peak: 260M
current process commit charge ("private bytes"): 304M, peak: 307M

vm_info: OpenJDK 64-Bit Server VM (17.0.7+0-b2043.56-10550314) for windows-amd64 JRE (17.0.7+0-b2043.56-10550314), built on Jul 24 2023 18:27:45 by "androidbuild" with MS VC++ 16.10 / 16.11 (VS2019)

END.
